/* -*- Mode: c -*- */
####################################################################################################
Core 0
####################################################################################################
Cumulative:        Cycles: 20026321              Instructions: 4031                  IPC: 0.00020

Periodic:          Cycles: 10006014              Instructions: 1612                  IPC: 0.00016

MISS_WAIT_TIME                                       0                       29960075              

ICACHE_STAGE_MISS                                    2                            150              

ICACHE_CYCLE                                  10006014                       20026321              

TCACHE_CYCLE                                         0                              0              

ICACHE_SERVING_CYCLE_ON_PATH                       218                            761              

ICACHE_SERVING_CYCLE_OFF_PATH                      875                           4964              

UCACHE_SERVING_CYCLE_ON_PATH                   9999609                       19998383              

UCACHE_SERVING_CYCLE_OFF_PATH                     5118                          12508              

ICACHE_CYCLE_ONPATH                            9999827       99.938%         20006419       99.901%
ICACHE_CYCLE_OFFPATH                              6187        0.062%            19902        0.099%
                                              10006014      100.000%         20026321      100.000%
                                                  0.00         0.02              0.00         0.03

FETCH_ON_PATH                                  9999861       99.939%         20006594       99.901%
FETCH_OFF_PATH                                    6153        0.061%            19727        0.099%
                                              10006014      100.000%         20026321      100.000%
                                                  0.00         0.02              0.00         0.03

FETCHED_OPS_ON_PATH                                  0         -nan%                0         -nan%
FETCHED_OPS_OFF_PATH                                 0         -nan%                0         -nan%
                                                     0         -nan%                0         -nan%
                                                  -nan         -nan              -nan         -nan

INST_LOST_FETCH                               39995800       66.649%         79989926       66.622%
INST_LOST_OFF_PATH                                6811        0.011%            25748        0.021%
INST_LOST_FULL_WINDOW                                0        0.000%                0        0.000%
INST_LOST_ROB_STALL_OTHER                           72        0.000%              162        0.000%
INST_LOST_ROB_STALL_WAIT_FOR_RECOVERY                0        0.000%                0        0.000%
INST_LOST_ROB_STALL_WAIT_FOR_REDIRECT                0        0.000%                0        0.000%
INST_LOST_ROB_STALL_WAIT_FOR_GAP_FILL                0        0.000%                0        0.000%
INST_LOST_ROB_STALL_WAIT_FOR_L1_MISS                 0        0.000%                0        0.000%
INST_LOST_ROB_STALL_WAIT_FOR_MEMORY                  0        0.000%                0        0.000%
INST_LOST_ROB_STALL_WAIT_FOR_DC_MISS              5688        0.009%            10578        0.009%
INST_LOST_ROB_BLOCK_ISSUE_FULL                       0        0.000%                0        0.000%
INST_LOST_ROB_BLOCK_ISSUE_GAP_TOO_LARGE              0        0.000%                0        0.000%
INST_LOST_BREAK_DONT                                 0        0.000%                0        0.000%
INST_LOST_BREAK_FT_UNAVAILABLE                     136        0.000%              700        0.001%
INST_LOST_BREAK_ICACHE_STAGE_RESTEER                 0        0.000%                4        0.000%
INST_LOST_BREAK_ICACHE_MISS_REQ_SUCCESS              4        0.000%              409        0.000%
INST_LOST_BREAK_ICACHE_MISS_REQ_FAILURE              0        0.000%                0        0.000%
INST_LOST_BREAK_ICACHE_WAIT_FOR_MISS               640        0.001%            37960        0.032%
INST_LOST_BREAK_ICACHE_STALLED                       0        0.000%                0        0.000%
INST_LOST_BREAK_ICACHE_TO_UOP_CACHE_SWITCH            86        0.000%              239        0.000%
INST_LOST_BREAK_ICACHE_READ_LIMIT                   36        0.000%              114        0.000%
INST_LOST_BREAK_ICACHE_ISSUE_WIDTH                   0        0.000%                0        0.000%
INST_LOST_BREAK_UOP_CACHE_STALLED                 2431        0.004%             5867        0.005%
INST_LOST_BREAK_UOP_CACHE_TO_ICACHE_SWITCH           110        0.000%              272        0.000%
INST_LOST_BREAK_UOP_CACHE_READ_LIMIT          19997603       33.324%         39994174       33.310%
INST_LOST_BREAK_UOP_CACHE_ISSUE_WIDTH                0        0.000%                0        0.000%
                                              60009417      100.000%        120066153      100.000%
                                                  8.00         9.24              8.00         9.24

INST_LOST_TOTAL                               60033550                      120127110              

INST_LOST_WAIT_FOR_ICACHE_MISS_NOT_PREFETCHED             0         -nan%            10072       34.765%
INST_LOST_WAIT_FOR_ICACHE_MISS_PREFETCHED_AND_EVICTED_BY_IFETCH             0         -nan%                0        0.000%
INST_LOST_WAIT_FOR_ICACHE_MISS_PREFETCHED_AND_EVICTED_BY_FDIP             0         -nan%                0        0.000%
INST_LOST_WAIT_FOR_ICACHE_MISS_MSHR_HIT_PREF_OFFPATH             0         -nan%                0        0.000%
INST_LOST_WAIT_FOR_ICACHE_MISS_MSHR_HIT_PREF_ONPATH             0         -nan%            18900       65.235%
                                                     0         -nan%            28972      100.000%
                                                  -nan         -nan              2.61         2.39

FETCH_0_OPS                                        194        0.002%             9705        0.048%
FETCH_1_OPS                                         26        0.000%              126        0.001%
FETCH_2_OPS                                        286        0.003%              941        0.005%
FETCH_3_OPS                                         38        0.000%              128        0.001%
FETCH_4_OPS                                   10000423       99.944%         20003334       99.885%
FETCH_5_OPS                                        182        0.002%              879        0.004%
FETCH_6_OPS                                       4865        0.049%            11208        0.056%
FETCH_7_OPS                                          0        0.000%                0        0.000%
FETCH_8_OPS                                          0        0.000%                0        0.000%
FETCH_9_OPS                                          0        0.000%                0        0.000%
FETCH_10_OPS                                         0        0.000%                0        0.000%
FETCH_11_OPS                                         0        0.000%                0        0.000%
FETCH_12_OPS                                         0        0.000%                0        0.000%
FETCH_13_OPS                                         0        0.000%                0        0.000%
FETCH_14_OPS                                         0        0.000%                0        0.000%
FETCH_15_OPS                                         0        0.000%                0        0.000%
FETCH_16_OPS                                         0        0.000%                0        0.000%
                                              10006014      100.000%         20026321      100.000%
                                                  4.00         0.05              4.00         0.05

ST_BREAK_DONT                                        0        0.000%                0        0.000%
ST_BREAK_FT_UNAVAILABLE                             34        0.000%              175        0.001%
ST_BREAK_ICACHE_STAGE_RESTEER                        0        0.000%                1        0.000%
ST_BREAK_ICACHE_MISS_REQ_SUCCESS                     2        0.000%              150        0.001%
ST_BREAK_ICACHE_MISS_REQ_FAILURE                     0        0.000%                0        0.000%
ST_BREAK_ICACHE_WAIT_FOR_MISS                      160        0.002%             9490        0.047%
ST_BREAK_ICACHE_STALLED                            494        0.005%             2096        0.010%
ST_BREAK_ICACHE_TO_UOP_CACHE_SWITCH                 42        0.000%              117        0.001%
ST_BREAK_ICACHE_READ_LIMIT                          18        0.000%               62        0.000%
ST_BREAK_ICACHE_ISSUE_WIDTH                        517        0.005%             3318        0.017%
ST_BREAK_UOP_CACHE_STALLED                        5058        0.051%            11530        0.058%
ST_BREAK_UOP_CACHE_TO_ICACHE_SWITCH                 36        0.000%               90        0.000%
ST_BREAK_UOP_CACHE_READ_LIMIT                  9998671       99.927%         19996722       99.852%
ST_BREAK_UOP_CACHE_ISSUE_WIDTH                     982        0.010%             2570        0.013%
                                              10006014      100.000%         20026321      100.000%
                                                 12.00         0.14             11.99         0.23

ORACLE_ON_PATH_INST                           39995800       99.983%         79989926       99.968%
ORACLE_OFF_PATH_INST                              6811        0.017%            25748        0.032%
                                              40002611      100.000%         80015674      100.000%
                                                  0.00         0.01              0.00         0.02

ORACLE_ON_PATH_INST_MEM                        9999053       24.996%         19997739       24.992%
ORACLE_ON_PATH_INST_NOTMEM                    29996747       74.987%         59992187       74.976%
ORACLE_OFF_PATH_INST_MEM                          1851        0.005%             4991        0.006%
ORACLE_OFF_PATH_INST_NOTMEM                       4960        0.012%            20757        0.026%
                                              40002611      100.000%         80015674      100.000%
                                                  0.75         0.22              0.75         0.22

ICACHE_CYCLE_NONRA_ONPATH                            0         -nan%                0         -nan%
ICACHE_CYCLE_NONRA_OFFPATH                           0         -nan%                0         -nan%
ICACHE_CYCLE_RA_ONPATH                               0         -nan%                0         -nan%
ICACHE_CYCLE_RA_OFFPATH                              0         -nan%                0         -nan%
                                                     0         -nan%                0         -nan%
                                                  -nan         -nan              -nan         -nan

ICACHE_CYCLE_ONPATH_NONRA                            0         -nan%                0         -nan%
ICACHE_CYCLE_OFFPATH_NONRA                           0         -nan%                0         -nan%
                                                     0         -nan%                0         -nan%
                                                  -nan         -nan              -nan         -nan

ICACHE_CYCLE_ONPATH_RA                               0         -nan%                0         -nan%
ICACHE_CYCLE_OFFPATH_RA                              0         -nan%                0         -nan%
                                                     0         -nan%                0         -nan%
                                                  -nan         -nan              -nan         -nan

INACCURATE_OFFPATH_CYCLES                            0        0.0000                0        0.0000

FETCH_ALL_INST                                40002611                       80015674              

EXEC_ALL_INST                                 39997700                       79998320              

RET_ALL_INST                                  39995812                       79989530              

EXEC_ON_PATH_INST                             39995809       99.995%         79989627       99.989%
EXEC_OFF_PATH_INST                                1891        0.005%             8693        0.011%
                                              39997700      100.000%         79998320      100.000%
                                                  0.00         0.01              0.00         0.01

EXEC_ON_PATH_INST_MEM                          9999056       24.999%         19997643       24.998%
EXEC_ON_PATH_INST_NOTMEM                      29996753       74.996%         59991984       74.992%
EXEC_OFF_PATH_INST_MEM                             466        0.001%             1482        0.002%
EXEC_OFF_PATH_INST_NOTMEM                         1425        0.004%             7211        0.009%
                                              39997700      100.000%         79998320      100.000%
                                                  0.75         0.22              0.75         0.22

EXEC_RA_INST                                         0         -nan%                0         -nan%
EXEC_NONRA_INST                                      0         -nan%                0         -nan%
                                                     0         -nan%                0         -nan%
                                                  -nan         -nan              -nan         -nan

EXEC_ON_PATH_INST_RA                                 0         -nan%                0         -nan%
EXEC_OFF_PATH_INST_RA                                0         -nan%                0         -nan%
                                                     0         -nan%                0         -nan%
                                                  -nan         -nan              -nan         -nan

EXEC_ON_PATH_INST_NONRA                              0         -nan%                0         -nan%
EXEC_OFF_PATH_INST_NONRA                             0         -nan%                0         -nan%
                                                     0         -nan%                0         -nan%
                                                  -nan         -nan              -nan         -nan

EXEC_RA_ON_PATH_INST                                 0         -nan%                0         -nan%
EXEC_RA_OFF_PATH_INST                                0         -nan%                0         -nan%
EXEC_NONRA_ON_PATH_INST                              0         -nan%                0         -nan%
EXEC_NONRA_OFF_PATH_INST                             0         -nan%                0         -nan%
                                                     0         -nan%                0         -nan%
                                                  -nan         -nan              -nan         -nan

ICACHE_THROTTLE_CYCLE                                0                              0              

FETCH_ENABLE_THROTTLE_OFF_PATH                       0         -nan%                0         -nan%
FETCH_ENABLE_THROTTLE_ON_PATH                        0         -nan%                0         -nan%
                                                     0         -nan%                0         -nan%
                                                  -nan         -nan              -nan         -nan

FETCH_DISABLE_THROTTLE_OFF_PATH                      0         -nan%                0         -nan%
FETCH_DISABLE_THROTTLE_ON_PATH                       0         -nan%                0         -nan%
                                                     0         -nan%                0         -nan%
                                                  -nan         -nan              -nan         -nan

FETCH_TH_ADJUST__0                                   0         -nan%                0         -nan%
FETCH_TH_ADJUST__1                                   0         -nan%                0         -nan%
FETCH_TH_ADJUST__2                                   0         -nan%                0         -nan%
FETCH_TH_ADJUST__3                                   0         -nan%                0         -nan%
FETCH_TH_ADJUST__4                                   0         -nan%                0         -nan%
FETCH_TH_ADJUST__5                                   0         -nan%                0         -nan%
FETCH_TH_ADJUST__6                                   0         -nan%                0         -nan%
FETCH_TH_ADJUST__7                                   0         -nan%                0         -nan%
FETCH_TH_ADJUST__8                                   0         -nan%                0         -nan%
FETCH_TH_ADJUST__9                                   0         -nan%                0         -nan%
FETCH_TH_ADJUST__MAX                                 0         -nan%                0         -nan%
                                                     0         -nan%                0         -nan%
                                                  -nan         -nan              -nan         -nan

FETCH_TH_ADJUST_UP                                   0         -nan%                0         -nan%
FETCH_TH_ADJUST_DOWN                                 0         -nan%                0         -nan%
FETCH_TH_ADJUST_SAME                                 0         -nan%                0         -nan%
                                                     0         -nan%                0         -nan%
                                                  -nan         -nan              -nan         -nan

THROTTLE_ADJUST_CACHE_MISS_INFO                      0                              0              

LOW_CONF_COUNT_BP_MIS_0                              0         -nan%                0         -nan%
LOW_CONF_COUNT_BP_MIS_1                              0         -nan%                0         -nan%
LOW_CONF_COUNT_BP_MIS_2                              0         -nan%                0         -nan%
LOW_CONF_COUNT_BP_MIS_3                              0         -nan%                0         -nan%
LOW_CONF_COUNT_BP_MIS_4                              0         -nan%                0         -nan%
LOW_CONF_COUNT_BP_MIS_5                              0         -nan%                0         -nan%
LOW_CONF_COUNT_BP_MIS_6                              0         -nan%                0         -nan%
LOW_CONF_COUNT_BP_MIS_7                              0         -nan%                0         -nan%
LOW_CONF_COUNT_BP_MIS_8                              0         -nan%                0         -nan%
LOW_CONF_COUNT_BP_MIS_9                              0         -nan%                0         -nan%
LOW_CONF_COUNT_BP_MIS_10                             0         -nan%                0         -nan%
LOW_CONF_COUNT_BP_MIS_11                             0         -nan%                0         -nan%
LOW_CONF_COUNT_BP_MIS_12                             0         -nan%                0         -nan%
LOW_CONF_COUNT_BP_MIS_13                             0         -nan%                0         -nan%
LOW_CONF_COUNT_BP_MIS_14                             0         -nan%                0         -nan%
LOW_CONF_COUNT_BP_MIS_15                             0         -nan%                0         -nan%
LOW_CONF_COUNT_BP_MIS_16                             0         -nan%                0         -nan%
LOW_CONF_COUNT_BP_MIS_17                             0         -nan%                0         -nan%
LOW_CONF_COUNT_BP_MIS_18                             0         -nan%                0         -nan%
LOW_CONF_COUNT_BP_MIS_19                             0         -nan%                0         -nan%
LOW_CONF_COUNT_BP_MIS_20                             0         -nan%                0         -nan%
                                                     0         -nan%                0         -nan%
                                                  -nan         -nan              -nan         -nan

LOW_CONF_COUNT_RET_0                                 0         -nan%                0         -nan%
LOW_CONF_COUNT_RET_1                                 0         -nan%                0         -nan%
LOW_CONF_COUNT_RET_2                                 0         -nan%                0         -nan%
LOW_CONF_COUNT_RET_3                                 0         -nan%                0         -nan%
LOW_CONF_COUNT_RET_4                                 0         -nan%                0         -nan%
LOW_CONF_COUNT_RET_5                                 0         -nan%                0         -nan%
LOW_CONF_COUNT_RET_6                                 0         -nan%                0         -nan%
LOW_CONF_COUNT_RET_7                                 0         -nan%                0         -nan%
LOW_CONF_COUNT_RET_8                                 0         -nan%                0         -nan%
LOW_CONF_COUNT_RET_9                                 0         -nan%                0         -nan%
LOW_CONF_COUNT_RET_10                                0         -nan%                0         -nan%
LOW_CONF_COUNT_RET_11                                0         -nan%                0         -nan%
LOW_CONF_COUNT_RET_12                                0         -nan%                0         -nan%
LOW_CONF_COUNT_RET_13                                0         -nan%                0         -nan%
LOW_CONF_COUNT_RET_14                                0         -nan%                0         -nan%
LOW_CONF_COUNT_RET_15                                0         -nan%                0         -nan%
LOW_CONF_COUNT_RET_16                                0         -nan%                0         -nan%
LOW_CONF_COUNT_RET_17                                0         -nan%                0         -nan%
LOW_CONF_COUNT_RET_18                                0         -nan%                0         -nan%
LOW_CONF_COUNT_RET_19                                0         -nan%                0         -nan%
LOW_CONF_COUNT_RET_20                                0         -nan%                0         -nan%
                                                     0         -nan%                0         -nan%
                                                  -nan         -nan              -nan         -nan

CYCLES_RESTEER_MISPRED                               0         -nan%                0         -nan%
CYCLES_RESTEER_MISFETCH                              0         -nan%                0         -nan%
CYCLES_RESTEER_BTB_MISS                              0         -nan%                0         -nan%
                                                     0         -nan%                0         -nan%
                                                  -nan         -nan              -nan         -nan

CYCLES_RESTEER_MISPRED_SAVED_UC_FETCH                0         -nan%                0         -nan%
CYCLES_RESTEER_MISPRED_COULD_BE_SAVED_UC_FETCH             0         -nan%                0         -nan%
CYCLES_RESTEER_MISFETCH_SAVED_UC_FETCH               0         -nan%                0         -nan%
CYCLES_RESTEER_MISFETCH_COULD_BE_SAVED_UC_FETCH             0         -nan%                0         -nan%
CYCLES_RESTEER_BTB_MISS_SAVED_UC_FETCH               0         -nan%                0         -nan%
CYCLES_RESTEER_BTB_MISS_COULD_BE_SAVED_UC_FETCH             0         -nan%                0         -nan%
                                                     0         -nan%                0         -nan%
                                                  -nan         -nan              -nan         -nan

CYCLES_UOC_IC_SWITCH                                 0                              0              



