               ramulator.active_cycles_0             4827449                                      # Total active cycles for level _0
                 ramulator.busy_cycles_0             4827449                                      # (All-bank refresh only. busy cycles only include refresh time in rank level) The sum of cycles that the DRAM part is active or under refresh for level _0
            ramulator.serving_requests_0             6789203                                      # The sum of read and write requests that are served in this DRAM element per memory cycle for level _0
    ramulator.average_serving_requests_0            0.904037                                      # The average of read and write requests that are served in this DRAM element per memory cycle for level _0
             ramulator.active_cycles_0_0             4827449                                      # Total active cycles for level _0_0
               ramulator.busy_cycles_0_0             5148329                                      # (All-bank refresh only. busy cycles only include refresh time in rank level) The sum of cycles that the DRAM part is active or under refresh for level _0_0
          ramulator.serving_requests_0_0             6789203                                      # The sum of read and write requests that are served in this DRAM element per memory cycle for level _0_0
  ramulator.average_serving_requests_0_0            0.904037                                      # The average of read and write requests that are served in this DRAM element per memory cycle for level _0_0
           ramulator.active_cycles_0_0_0             1290672                                      # Total active cycles for level _0_0_0
             ramulator.busy_cycles_0_0_0             1290672                                      # (All-bank refresh only. busy cycles only include refresh time in rank level) The sum of cycles that the DRAM part is active or under refresh for level _0_0_0
        ramulator.serving_requests_0_0_0             1788584                                      # The sum of read and write requests that are served in this DRAM element per memory cycle for level _0_0_0
ramulator.average_serving_requests_0_0_0            0.238164                                      # The average of read and write requests that are served in this DRAM element per memory cycle for level _0_0_0
         ramulator.active_cycles_0_0_0_0              318984                                      # Total active cycles for level _0_0_0_0
           ramulator.busy_cycles_0_0_0_0              318984                                      # (All-bank refresh only. busy cycles only include refresh time in rank level) The sum of cycles that the DRAM part is active or under refresh for level _0_0_0_0
      ramulator.serving_requests_0_0_0_0              436354                                      # The sum of read and write requests that are served in this DRAM element per memory cycle for level _0_0_0_0
ramulator.average_serving_requests_0_0_0_0            0.058104                                      # The average of read and write requests that are served in this DRAM element per memory cycle for level _0_0_0_0
         ramulator.active_cycles_0_0_0_1              312358                                      # Total active cycles for level _0_0_0_1
           ramulator.busy_cycles_0_0_0_1              312358                                      # (All-bank refresh only. busy cycles only include refresh time in rank level) The sum of cycles that the DRAM part is active or under refresh for level _0_0_0_1
      ramulator.serving_requests_0_0_0_1              433993                                      # The sum of read and write requests that are served in this DRAM element per memory cycle for level _0_0_0_1
ramulator.average_serving_requests_0_0_0_1            0.057790                                      # The average of read and write requests that are served in this DRAM element per memory cycle for level _0_0_0_1
         ramulator.active_cycles_0_0_0_2              346392                                      # Total active cycles for level _0_0_0_2
           ramulator.busy_cycles_0_0_0_2              346392                                      # (All-bank refresh only. busy cycles only include refresh time in rank level) The sum of cycles that the DRAM part is active or under refresh for level _0_0_0_2
      ramulator.serving_requests_0_0_0_2              474543                                      # The sum of read and write requests that are served in this DRAM element per memory cycle for level _0_0_0_2
ramulator.average_serving_requests_0_0_0_2            0.063189                                      # The average of read and write requests that are served in this DRAM element per memory cycle for level _0_0_0_2
         ramulator.active_cycles_0_0_0_3              322549                                      # Total active cycles for level _0_0_0_3
           ramulator.busy_cycles_0_0_0_3              322549                                      # (All-bank refresh only. busy cycles only include refresh time in rank level) The sum of cycles that the DRAM part is active or under refresh for level _0_0_0_3
      ramulator.serving_requests_0_0_0_3              443694                                      # The sum of read and write requests that are served in this DRAM element per memory cycle for level _0_0_0_3
ramulator.average_serving_requests_0_0_0_3            0.059081                                      # The average of read and write requests that are served in this DRAM element per memory cycle for level _0_0_0_3
           ramulator.active_cycles_0_0_1             1237308                                      # Total active cycles for level _0_0_1
             ramulator.busy_cycles_0_0_1             1237308                                      # (All-bank refresh only. busy cycles only include refresh time in rank level) The sum of cycles that the DRAM part is active or under refresh for level _0_0_1
        ramulator.serving_requests_0_0_1             1687861                                      # The sum of read and write requests that are served in this DRAM element per memory cycle for level _0_0_1
ramulator.average_serving_requests_0_0_1            0.224752                                      # The average of read and write requests that are served in this DRAM element per memory cycle for level _0_0_1
         ramulator.active_cycles_0_0_1_0              284511                                      # Total active cycles for level _0_0_1_0
           ramulator.busy_cycles_0_0_1_0              284511                                      # (All-bank refresh only. busy cycles only include refresh time in rank level) The sum of cycles that the DRAM part is active or under refresh for level _0_0_1_0
      ramulator.serving_requests_0_0_1_0              384495                                      # The sum of read and write requests that are served in this DRAM element per memory cycle for level _0_0_1_0
ramulator.average_serving_requests_0_0_1_0            0.051199                                      # The average of read and write requests that are served in this DRAM element per memory cycle for level _0_0_1_0
         ramulator.active_cycles_0_0_1_1              329073                                      # Total active cycles for level _0_0_1_1
           ramulator.busy_cycles_0_0_1_1              329073                                      # (All-bank refresh only. busy cycles only include refresh time in rank level) The sum of cycles that the DRAM part is active or under refresh for level _0_0_1_1
      ramulator.serving_requests_0_0_1_1              446526                                      # The sum of read and write requests that are served in this DRAM element per memory cycle for level _0_0_1_1
ramulator.average_serving_requests_0_0_1_1            0.059459                                      # The average of read and write requests that are served in this DRAM element per memory cycle for level _0_0_1_1
         ramulator.active_cycles_0_0_1_2              308484                                      # Total active cycles for level _0_0_1_2
           ramulator.busy_cycles_0_0_1_2              308484                                      # (All-bank refresh only. busy cycles only include refresh time in rank level) The sum of cycles that the DRAM part is active or under refresh for level _0_0_1_2
      ramulator.serving_requests_0_0_1_2              416359                                      # The sum of read and write requests that are served in this DRAM element per memory cycle for level _0_0_1_2
ramulator.average_serving_requests_0_0_1_2            0.055442                                      # The average of read and write requests that are served in this DRAM element per memory cycle for level _0_0_1_2
         ramulator.active_cycles_0_0_1_3              323289                                      # Total active cycles for level _0_0_1_3
           ramulator.busy_cycles_0_0_1_3              323289                                      # (All-bank refresh only. busy cycles only include refresh time in rank level) The sum of cycles that the DRAM part is active or under refresh for level _0_0_1_3
      ramulator.serving_requests_0_0_1_3              440481                                      # The sum of read and write requests that are served in this DRAM element per memory cycle for level _0_0_1_3
ramulator.average_serving_requests_0_0_1_3            0.058654                                      # The average of read and write requests that are served in this DRAM element per memory cycle for level _0_0_1_3
           ramulator.active_cycles_0_0_2             1229638                                      # Total active cycles for level _0_0_2
             ramulator.busy_cycles_0_0_2             1229638                                      # (All-bank refresh only. busy cycles only include refresh time in rank level) The sum of cycles that the DRAM part is active or under refresh for level _0_0_2
        ramulator.serving_requests_0_0_2             1674881                                      # The sum of read and write requests that are served in this DRAM element per memory cycle for level _0_0_2
ramulator.average_serving_requests_0_0_2            0.223024                                      # The average of read and write requests that are served in this DRAM element per memory cycle for level _0_0_2
         ramulator.active_cycles_0_0_2_0              284988                                      # Total active cycles for level _0_0_2_0
           ramulator.busy_cycles_0_0_2_0              284988                                      # (All-bank refresh only. busy cycles only include refresh time in rank level) The sum of cycles that the DRAM part is active or under refresh for level _0_0_2_0
      ramulator.serving_requests_0_0_2_0              389802                                      # The sum of read and write requests that are served in this DRAM element per memory cycle for level _0_0_2_0
ramulator.average_serving_requests_0_0_2_0            0.051905                                      # The average of read and write requests that are served in this DRAM element per memory cycle for level _0_0_2_0
         ramulator.active_cycles_0_0_2_1              320846                                      # Total active cycles for level _0_0_2_1
           ramulator.busy_cycles_0_0_2_1              320846                                      # (All-bank refresh only. busy cycles only include refresh time in rank level) The sum of cycles that the DRAM part is active or under refresh for level _0_0_2_1
      ramulator.serving_requests_0_0_2_1              432678                                      # The sum of read and write requests that are served in this DRAM element per memory cycle for level _0_0_2_1
ramulator.average_serving_requests_0_0_2_1            0.057615                                      # The average of read and write requests that are served in this DRAM element per memory cycle for level _0_0_2_1
         ramulator.active_cycles_0_0_2_2              315997                                      # Total active cycles for level _0_0_2_2
           ramulator.busy_cycles_0_0_2_2              315997                                      # (All-bank refresh only. busy cycles only include refresh time in rank level) The sum of cycles that the DRAM part is active or under refresh for level _0_0_2_2
      ramulator.serving_requests_0_0_2_2              429749                                      # The sum of read and write requests that are served in this DRAM element per memory cycle for level _0_0_2_2
ramulator.average_serving_requests_0_0_2_2            0.057225                                      # The average of read and write requests that are served in this DRAM element per memory cycle for level _0_0_2_2
         ramulator.active_cycles_0_0_2_3              315194                                      # Total active cycles for level _0_0_2_3
           ramulator.busy_cycles_0_0_2_3              315194                                      # (All-bank refresh only. busy cycles only include refresh time in rank level) The sum of cycles that the DRAM part is active or under refresh for level _0_0_2_3
      ramulator.serving_requests_0_0_2_3              422652                                      # The sum of read and write requests that are served in this DRAM element per memory cycle for level _0_0_2_3
ramulator.average_serving_requests_0_0_2_3            0.056280                                      # The average of read and write requests that are served in this DRAM element per memory cycle for level _0_0_2_3
           ramulator.active_cycles_0_0_3             1195728                                      # Total active cycles for level _0_0_3
             ramulator.busy_cycles_0_0_3             1195728                                      # (All-bank refresh only. busy cycles only include refresh time in rank level) The sum of cycles that the DRAM part is active or under refresh for level _0_0_3
        ramulator.serving_requests_0_0_3             1637877                                      # The sum of read and write requests that are served in this DRAM element per memory cycle for level _0_0_3
ramulator.average_serving_requests_0_0_3            0.218096                                      # The average of read and write requests that are served in this DRAM element per memory cycle for level _0_0_3
         ramulator.active_cycles_0_0_3_0              279063                                      # Total active cycles for level _0_0_3_0
           ramulator.busy_cycles_0_0_3_0              279063                                      # (All-bank refresh only. busy cycles only include refresh time in rank level) The sum of cycles that the DRAM part is active or under refresh for level _0_0_3_0
      ramulator.serving_requests_0_0_3_0              379569                                      # The sum of read and write requests that are served in this DRAM element per memory cycle for level _0_0_3_0
ramulator.average_serving_requests_0_0_3_0            0.050543                                      # The average of read and write requests that are served in this DRAM element per memory cycle for level _0_0_3_0
         ramulator.active_cycles_0_0_3_1              276033                                      # Total active cycles for level _0_0_3_1
           ramulator.busy_cycles_0_0_3_1              276033                                      # (All-bank refresh only. busy cycles only include refresh time in rank level) The sum of cycles that the DRAM part is active or under refresh for level _0_0_3_1
      ramulator.serving_requests_0_0_3_1              375702                                      # The sum of read and write requests that are served in this DRAM element per memory cycle for level _0_0_3_1
ramulator.average_serving_requests_0_0_3_1            0.050028                                      # The average of read and write requests that are served in this DRAM element per memory cycle for level _0_0_3_1
         ramulator.active_cycles_0_0_3_2              296575                                      # Total active cycles for level _0_0_3_2
           ramulator.busy_cycles_0_0_3_2              296575                                      # (All-bank refresh only. busy cycles only include refresh time in rank level) The sum of cycles that the DRAM part is active or under refresh for level _0_0_3_2
      ramulator.serving_requests_0_0_3_2              402948                                      # The sum of read and write requests that are served in this DRAM element per memory cycle for level _0_0_3_2
ramulator.average_serving_requests_0_0_3_2            0.053656                                      # The average of read and write requests that are served in this DRAM element per memory cycle for level _0_0_3_2
         ramulator.active_cycles_0_0_3_3              352382                                      # Total active cycles for level _0_0_3_3
           ramulator.busy_cycles_0_0_3_3              352382                                      # (All-bank refresh only. busy cycles only include refresh time in rank level) The sum of cycles that the DRAM part is active or under refresh for level _0_0_3_3
      ramulator.serving_requests_0_0_3_3              479658                                      # The sum of read and write requests that are served in this DRAM element per memory cycle for level _0_0_3_3
ramulator.average_serving_requests_0_0_3_3            0.063870                                      # The average of read and write requests that are served in this DRAM element per memory cycle for level _0_0_3_3
      ramulator.read_transaction_bytes_0            20083072                                      # The total byte of read transaction per channel
     ramulator.write_transaction_bytes_0            18952768                                      # The total byte of write transaction per channel
       ramulator.row_hits_channel_0_core              594718                                      # Number of row hits per channel per core
     ramulator.row_misses_channel_0_core                8199                                      # Number of row misses per channel per core
  ramulator.row_conflicts_channel_0_core                7018                                      # Number of row conflicts per channel per core
  ramulator.read_row_hits_channel_0_core              306586                                      # Number of row hits for read requests per channel per core
                                     [0]            306586.0                                      # 
ramulator.read_row_misses_channel_0_core                3897                                      # Number of row misses for read requests per channel per core
                                     [0]              3897.0                                      # 
ramulator.read_row_conflicts_channel_0_core                3315                                      # Number of row conflicts for read requests per channel per core
                                     [0]              3315.0                                      # 
 ramulator.write_row_hits_channel_0_core              288132                                      # Number of row hits for write requests per channel per core
                                     [0]            288132.0                                      # 
ramulator.write_row_misses_channel_0_core                4302                                      # Number of row misses for write requests per channel per core
                                     [0]              4302.0                                      # 
ramulator.write_row_conflicts_channel_0_core                3703                                      # Number of row conflicts for write requests per channel per core
                                     [0]              3703.0                                      # 
      ramulator.useless_activates_0_core                   5                                      # Number of useless activations. E.g, ACT -> PRE w/o RD or WR
            ramulator.read_latency_avg_0           72.507910                                      # The average memory latency cycles (in memory time domain) per request for all read requests in this channel
            ramulator.read_latency_sum_0            22752837                                      # The memory latency cycles (in memory time domain) sum for all read requests in this channel
        ramulator.req_queue_length_avg_0           18.477412                                      # Average of read and write queue length per memory cycle per channel.
        ramulator.req_queue_length_sum_0           138763019                                      # Sum of read and write queue length per memory cycle per channel.
   ramulator.read_req_queue_length_avg_0            3.014044                                      # Read queue length average per memory cycle per channel.
   ramulator.read_req_queue_length_sum_0            22635086                                      # Read queue length sum per memory cycle per channel.
  ramulator.write_req_queue_length_avg_0           15.463368                                      # Write queue length average per memory cycle per channel.
  ramulator.write_req_queue_length_sum_0           116127933                                      # Write queue length sum per memory cycle per channel.
              ramulator.record_read_hits                 0.0                                      # record read hit count for this core when it reaches request limit or to the end
                                     [0]                 0.0                                      # 
            ramulator.record_read_misses                 0.0                                      # record_read_miss count for this core when it reaches request limit or to the end
                                     [0]                 0.0                                      # 
         ramulator.record_read_conflicts                 0.0                                      # record read conflict count for this core when it reaches request limit or to the end
                                     [0]                 0.0                                      # 
             ramulator.record_write_hits                 0.0                                      # record write hit count for this core when it reaches request limit or to the end
                                     [0]                 0.0                                      # 
           ramulator.record_write_misses                 0.0                                      # record write miss count for this core when it reaches request limit or to the end
                                     [0]                 0.0                                      # 
        ramulator.record_write_conflicts                 0.0                                      # record write conflict for this core when it reaches request limit or to the end
                                     [0]                 0.0                                      # 
                 ramulator.dram_capacity          8589934592                                      # Number of bytes in simulated DRAM
                   ramulator.dram_cycles             7509873                                      # Number of DRAM cycles simulated
             ramulator.incoming_requests              609957                                      # Number of incoming requests to DRAM
                 ramulator.read_requests              313798                                      # Number of incoming read requests to DRAM per core
                                     [0]            313798.0                                      # 
                ramulator.write_requests              296159                                      # Number of incoming write requests to DRAM per core
                                     [0]            296159.0                                      # 
       ramulator.ramulator_active_cycles             4827457                                      # The total number of cycles that the DRAM part is active (serving R/W)
 ramulator.incoming_requests_per_channel            609957.0                                      # Number of incoming requests to each DRAM channel
                                     [0]            609957.0                                      # 
ramulator.incoming_read_reqs_per_channel            313798.0                                      # Number of incoming read requests to each DRAM channel
                                     [0]            313798.0                                      # 
     ramulator.physical_page_replacement                   0                                      # The number of times that physical page replacement happens.
             ramulator.maximum_bandwidth         19200000000                                      # The theoretical maximum bandwidth (Bps)
          ramulator.in_queue_req_num_sum           138763019                                      # Sum of read/write queue length
     ramulator.in_queue_read_req_num_sum            22635086                                      # Sum of read queue length
    ramulator.in_queue_write_req_num_sum           116127933                                      # Sum of write queue length
          ramulator.in_queue_req_num_avg           18.477412                                      # Average of read/write queue length per memory cycle
     ramulator.in_queue_read_req_num_avg            3.014044                                      # Average of read queue length per memory cycle
    ramulator.in_queue_write_req_num_avg           15.463368                                      # Average of write queue length per memory cycle
          ramulator.record_read_requests                 0.0                                      # record read requests for this core when it reaches request limit or to the end
                                     [0]                 0.0                                      # 
         ramulator.record_write_requests                 0.0                                      # record write requests for this core when it reaches request limit or to the end
                                     [0]                 0.0                                      # 
