               ramulator.active_cycles_0             6170618                                      # Total active cycles for level _0
                 ramulator.busy_cycles_0             6170618                                      # (All-bank refresh only. busy cycles only include refresh time in rank level) The sum of cycles that the DRAM part is active or under refresh for level _0
            ramulator.serving_requests_0             9856558                                      # The sum of read and write requests that are served in this DRAM element per memory cycle for level _0
    ramulator.average_serving_requests_0            0.527584                                      # The average of read and write requests that are served in this DRAM element per memory cycle for level _0
             ramulator.active_cycles_0_0             6170618                                      # Total active cycles for level _0_0
               ramulator.busy_cycles_0_0             6955178                                      # (All-bank refresh only. busy cycles only include refresh time in rank level) The sum of cycles that the DRAM part is active or under refresh for level _0_0
          ramulator.serving_requests_0_0             9856558                                      # The sum of read and write requests that are served in this DRAM element per memory cycle for level _0_0
  ramulator.average_serving_requests_0_0            0.527584                                      # The average of read and write requests that are served in this DRAM element per memory cycle for level _0_0
           ramulator.active_cycles_0_0_0             1864586                                      # Total active cycles for level _0_0_0
             ramulator.busy_cycles_0_0_0             1864586                                      # (All-bank refresh only. busy cycles only include refresh time in rank level) The sum of cycles that the DRAM part is active or under refresh for level _0_0_0
        ramulator.serving_requests_0_0_0             2500872                                      # The sum of read and write requests that are served in this DRAM element per memory cycle for level _0_0_0
ramulator.average_serving_requests_0_0_0            0.133862                                      # The average of read and write requests that are served in this DRAM element per memory cycle for level _0_0_0
         ramulator.active_cycles_0_0_0_0              543920                                      # Total active cycles for level _0_0_0_0
           ramulator.busy_cycles_0_0_0_0              543920                                      # (All-bank refresh only. busy cycles only include refresh time in rank level) The sum of cycles that the DRAM part is active or under refresh for level _0_0_0_0
      ramulator.serving_requests_0_0_0_0              654222                                      # The sum of read and write requests that are served in this DRAM element per memory cycle for level _0_0_0_0
ramulator.average_serving_requests_0_0_0_0            0.035018                                      # The average of read and write requests that are served in this DRAM element per memory cycle for level _0_0_0_0
         ramulator.active_cycles_0_0_0_1              498231                                      # Total active cycles for level _0_0_0_1
           ramulator.busy_cycles_0_0_0_1              498231                                      # (All-bank refresh only. busy cycles only include refresh time in rank level) The sum of cycles that the DRAM part is active or under refresh for level _0_0_0_1
      ramulator.serving_requests_0_0_0_1              621481                                      # The sum of read and write requests that are served in this DRAM element per memory cycle for level _0_0_0_1
ramulator.average_serving_requests_0_0_0_1            0.033266                                      # The average of read and write requests that are served in this DRAM element per memory cycle for level _0_0_0_1
         ramulator.active_cycles_0_0_0_2              503139                                      # Total active cycles for level _0_0_0_2
           ramulator.busy_cycles_0_0_0_2              503139                                      # (All-bank refresh only. busy cycles only include refresh time in rank level) The sum of cycles that the DRAM part is active or under refresh for level _0_0_0_2
      ramulator.serving_requests_0_0_0_2              617914                                      # The sum of read and write requests that are served in this DRAM element per memory cycle for level _0_0_0_2
ramulator.average_serving_requests_0_0_0_2            0.033075                                      # The average of read and write requests that are served in this DRAM element per memory cycle for level _0_0_0_2
         ramulator.active_cycles_0_0_0_3              496830                                      # Total active cycles for level _0_0_0_3
           ramulator.busy_cycles_0_0_0_3              496830                                      # (All-bank refresh only. busy cycles only include refresh time in rank level) The sum of cycles that the DRAM part is active or under refresh for level _0_0_0_3
      ramulator.serving_requests_0_0_0_3              607255                                      # The sum of read and write requests that are served in this DRAM element per memory cycle for level _0_0_0_3
ramulator.average_serving_requests_0_0_0_3            0.032504                                      # The average of read and write requests that are served in this DRAM element per memory cycle for level _0_0_0_3
           ramulator.active_cycles_0_0_1             1749662                                      # Total active cycles for level _0_0_1
             ramulator.busy_cycles_0_0_1             1749662                                      # (All-bank refresh only. busy cycles only include refresh time in rank level) The sum of cycles that the DRAM part is active or under refresh for level _0_0_1
        ramulator.serving_requests_0_0_1             2339286                                      # The sum of read and write requests that are served in this DRAM element per memory cycle for level _0_0_1
ramulator.average_serving_requests_0_0_1            0.125213                                      # The average of read and write requests that are served in this DRAM element per memory cycle for level _0_0_1
         ramulator.active_cycles_0_0_1_0              449912                                      # Total active cycles for level _0_0_1_0
           ramulator.busy_cycles_0_0_1_0              449912                                      # (All-bank refresh only. busy cycles only include refresh time in rank level) The sum of cycles that the DRAM part is active or under refresh for level _0_0_1_0
      ramulator.serving_requests_0_0_1_0              549704                                      # The sum of read and write requests that are served in this DRAM element per memory cycle for level _0_0_1_0
ramulator.average_serving_requests_0_0_1_0            0.029424                                      # The average of read and write requests that are served in this DRAM element per memory cycle for level _0_0_1_0
         ramulator.active_cycles_0_0_1_1              433963                                      # Total active cycles for level _0_0_1_1
           ramulator.busy_cycles_0_0_1_1              433963                                      # (All-bank refresh only. busy cycles only include refresh time in rank level) The sum of cycles that the DRAM part is active or under refresh for level _0_0_1_1
      ramulator.serving_requests_0_0_1_1              535470                                      # The sum of read and write requests that are served in this DRAM element per memory cycle for level _0_0_1_1
ramulator.average_serving_requests_0_0_1_1            0.028662                                      # The average of read and write requests that are served in this DRAM element per memory cycle for level _0_0_1_1
         ramulator.active_cycles_0_0_1_2              500409                                      # Total active cycles for level _0_0_1_2
           ramulator.busy_cycles_0_0_1_2              500409                                      # (All-bank refresh only. busy cycles only include refresh time in rank level) The sum of cycles that the DRAM part is active or under refresh for level _0_0_1_2
      ramulator.serving_requests_0_0_1_2              606508                                      # The sum of read and write requests that are served in this DRAM element per memory cycle for level _0_0_1_2
ramulator.average_serving_requests_0_0_1_2            0.032464                                      # The average of read and write requests that are served in this DRAM element per memory cycle for level _0_0_1_2
         ramulator.active_cycles_0_0_1_3              511055                                      # Total active cycles for level _0_0_1_3
           ramulator.busy_cycles_0_0_1_3              511055                                      # (All-bank refresh only. busy cycles only include refresh time in rank level) The sum of cycles that the DRAM part is active or under refresh for level _0_0_1_3
      ramulator.serving_requests_0_0_1_3              647604                                      # The sum of read and write requests that are served in this DRAM element per memory cycle for level _0_0_1_3
ramulator.average_serving_requests_0_0_1_3            0.034664                                      # The average of read and write requests that are served in this DRAM element per memory cycle for level _0_0_1_3
           ramulator.active_cycles_0_0_2             1797619                                      # Total active cycles for level _0_0_2
             ramulator.busy_cycles_0_0_2             1797619                                      # (All-bank refresh only. busy cycles only include refresh time in rank level) The sum of cycles that the DRAM part is active or under refresh for level _0_0_2
        ramulator.serving_requests_0_0_2             2378302                                      # The sum of read and write requests that are served in this DRAM element per memory cycle for level _0_0_2
ramulator.average_serving_requests_0_0_2            0.127301                                      # The average of read and write requests that are served in this DRAM element per memory cycle for level _0_0_2
         ramulator.active_cycles_0_0_2_0              491823                                      # Total active cycles for level _0_0_2_0
           ramulator.busy_cycles_0_0_2_0              491823                                      # (All-bank refresh only. busy cycles only include refresh time in rank level) The sum of cycles that the DRAM part is active or under refresh for level _0_0_2_0
      ramulator.serving_requests_0_0_2_0              612612                                      # The sum of read and write requests that are served in this DRAM element per memory cycle for level _0_0_2_0
ramulator.average_serving_requests_0_0_2_0            0.032791                                      # The average of read and write requests that are served in this DRAM element per memory cycle for level _0_0_2_0
         ramulator.active_cycles_0_0_2_1              413345                                      # Total active cycles for level _0_0_2_1
           ramulator.busy_cycles_0_0_2_1              413345                                      # (All-bank refresh only. busy cycles only include refresh time in rank level) The sum of cycles that the DRAM part is active or under refresh for level _0_0_2_1
      ramulator.serving_requests_0_0_2_1              508601                                      # The sum of read and write requests that are served in this DRAM element per memory cycle for level _0_0_2_1
ramulator.average_serving_requests_0_0_2_1            0.027223                                      # The average of read and write requests that are served in this DRAM element per memory cycle for level _0_0_2_1
         ramulator.active_cycles_0_0_2_2              501096                                      # Total active cycles for level _0_0_2_2
           ramulator.busy_cycles_0_0_2_2              501096                                      # (All-bank refresh only. busy cycles only include refresh time in rank level) The sum of cycles that the DRAM part is active or under refresh for level _0_0_2_2
      ramulator.serving_requests_0_0_2_2              614689                                      # The sum of read and write requests that are served in this DRAM element per memory cycle for level _0_0_2_2
ramulator.average_serving_requests_0_0_2_2            0.032902                                      # The average of read and write requests that are served in this DRAM element per memory cycle for level _0_0_2_2
         ramulator.active_cycles_0_0_2_3              539828                                      # Total active cycles for level _0_0_2_3
           ramulator.busy_cycles_0_0_2_3              539828                                      # (All-bank refresh only. busy cycles only include refresh time in rank level) The sum of cycles that the DRAM part is active or under refresh for level _0_0_2_3
      ramulator.serving_requests_0_0_2_3              642400                                      # The sum of read and write requests that are served in this DRAM element per memory cycle for level _0_0_2_3
ramulator.average_serving_requests_0_0_2_3            0.034385                                      # The average of read and write requests that are served in this DRAM element per memory cycle for level _0_0_2_3
           ramulator.active_cycles_0_0_3             1958654                                      # Total active cycles for level _0_0_3
             ramulator.busy_cycles_0_0_3             1958654                                      # (All-bank refresh only. busy cycles only include refresh time in rank level) The sum of cycles that the DRAM part is active or under refresh for level _0_0_3
        ramulator.serving_requests_0_0_3             2638098                                      # The sum of read and write requests that are served in this DRAM element per memory cycle for level _0_0_3
ramulator.average_serving_requests_0_0_3            0.141207                                      # The average of read and write requests that are served in this DRAM element per memory cycle for level _0_0_3
         ramulator.active_cycles_0_0_3_0              497833                                      # Total active cycles for level _0_0_3_0
           ramulator.busy_cycles_0_0_3_0              497833                                      # (All-bank refresh only. busy cycles only include refresh time in rank level) The sum of cycles that the DRAM part is active or under refresh for level _0_0_3_0
      ramulator.serving_requests_0_0_3_0              609676                                      # The sum of read and write requests that are served in this DRAM element per memory cycle for level _0_0_3_0
ramulator.average_serving_requests_0_0_3_0            0.032634                                      # The average of read and write requests that are served in this DRAM element per memory cycle for level _0_0_3_0
         ramulator.active_cycles_0_0_3_1              558910                                      # Total active cycles for level _0_0_3_1
           ramulator.busy_cycles_0_0_3_1              558910                                      # (All-bank refresh only. busy cycles only include refresh time in rank level) The sum of cycles that the DRAM part is active or under refresh for level _0_0_3_1
      ramulator.serving_requests_0_0_3_1              675704                                      # The sum of read and write requests that are served in this DRAM element per memory cycle for level _0_0_3_1
ramulator.average_serving_requests_0_0_3_1            0.036168                                      # The average of read and write requests that are served in this DRAM element per memory cycle for level _0_0_3_1
         ramulator.active_cycles_0_0_3_2              543041                                      # Total active cycles for level _0_0_3_2
           ramulator.busy_cycles_0_0_3_2              543041                                      # (All-bank refresh only. busy cycles only include refresh time in rank level) The sum of cycles that the DRAM part is active or under refresh for level _0_0_3_2
      ramulator.serving_requests_0_0_3_2              681250                                      # The sum of read and write requests that are served in this DRAM element per memory cycle for level _0_0_3_2
ramulator.average_serving_requests_0_0_3_2            0.036465                                      # The average of read and write requests that are served in this DRAM element per memory cycle for level _0_0_3_2
         ramulator.active_cycles_0_0_3_3              541210                                      # Total active cycles for level _0_0_3_3
           ramulator.busy_cycles_0_0_3_3              541210                                      # (All-bank refresh only. busy cycles only include refresh time in rank level) The sum of cycles that the DRAM part is active or under refresh for level _0_0_3_3
      ramulator.serving_requests_0_0_3_3              671468                                      # The sum of read and write requests that are served in this DRAM element per memory cycle for level _0_0_3_3
ramulator.average_serving_requests_0_0_3_3            0.035941                                      # The average of read and write requests that are served in this DRAM element per memory cycle for level _0_0_3_3
      ramulator.read_transaction_bytes_0            22453824                                      # The total byte of read transaction per channel
     ramulator.write_transaction_bytes_0            18424384                                      # The total byte of write transaction per channel
       ramulator.row_hits_channel_0_core              579352                                      # Number of row hits per channel per core
     ramulator.row_misses_channel_0_core               18070                                      # Number of row misses per channel per core
  ramulator.row_conflicts_channel_0_core               41300                                      # Number of row conflicts per channel per core
  ramulator.read_row_hits_channel_0_core              328803                                      # Number of row hits for read requests per channel per core
                                     [0]            328803.0                                      # 
ramulator.read_row_misses_channel_0_core                5725                                      # Number of row misses for read requests per channel per core
                                     [0]              5725.0                                      # 
ramulator.read_row_conflicts_channel_0_core               16313                                      # Number of row conflicts for read requests per channel per core
                                     [0]             16313.0                                      # 
 ramulator.write_row_hits_channel_0_core              250549                                      # Number of row hits for write requests per channel per core
                                     [0]            250549.0                                      # 
ramulator.write_row_misses_channel_0_core               12345                                      # Number of row misses for write requests per channel per core
                                     [0]             12345.0                                      # 
ramulator.write_row_conflicts_channel_0_core               24987                                      # Number of row conflicts for write requests per channel per core
                                     [0]             24987.0                                      # 
      ramulator.useless_activates_0_core                 208                                      # Number of useless activations. E.g, ACT -> PRE w/o RD or WR
            ramulator.read_latency_avg_0           77.774598                                      # The average memory latency cycles (in memory time domain) per request for all read requests in this channel
            ramulator.read_latency_sum_0            27289240                                      # The memory latency cycles (in memory time domain) sum for all read requests in this channel
        ramulator.req_queue_length_avg_0           15.164967                                      # Average of read and write queue length per memory cycle per channel.
        ramulator.req_queue_length_sum_0           283318597                                      # Sum of read and write queue length per memory cycle per channel.
   ramulator.read_req_queue_length_avg_0            1.439862                                      # Read queue length average per memory cycle per channel.
   ramulator.read_req_queue_length_sum_0            26900131                                      # Read queue length sum per memory cycle per channel.
  ramulator.write_req_queue_length_avg_0           13.725105                                      # Write queue length average per memory cycle per channel.
  ramulator.write_req_queue_length_sum_0           256418466                                      # Write queue length sum per memory cycle per channel.
              ramulator.record_read_hits                 0.0                                      # record read hit count for this core when it reaches request limit or to the end
                                     [0]                 0.0                                      # 
            ramulator.record_read_misses                 0.0                                      # record_read_miss count for this core when it reaches request limit or to the end
                                     [0]                 0.0                                      # 
         ramulator.record_read_conflicts                 0.0                                      # record read conflict count for this core when it reaches request limit or to the end
                                     [0]                 0.0                                      # 
             ramulator.record_write_hits                 0.0                                      # record write hit count for this core when it reaches request limit or to the end
                                     [0]                 0.0                                      # 
           ramulator.record_write_misses                 0.0                                      # record write miss count for this core when it reaches request limit or to the end
                                     [0]                 0.0                                      # 
        ramulator.record_write_conflicts                 0.0                                      # record write conflict for this core when it reaches request limit or to the end
                                     [0]                 0.0                                      # 
                 ramulator.dram_capacity          8589934592                                      # Number of bytes in simulated DRAM
                   ramulator.dram_cycles            18682441                                      # Number of DRAM cycles simulated
             ramulator.incoming_requests              638762                                      # Number of incoming requests to DRAM
                 ramulator.read_requests              350876                                      # Number of incoming read requests to DRAM per core
                                     [0]            350876.0                                      # 
                ramulator.write_requests              287886                                      # Number of incoming write requests to DRAM per core
                                     [0]            287886.0                                      # 
       ramulator.ramulator_active_cycles             6170618                                      # The total number of cycles that the DRAM part is active (serving R/W)
 ramulator.incoming_requests_per_channel            638762.0                                      # Number of incoming requests to each DRAM channel
                                     [0]            638762.0                                      # 
ramulator.incoming_read_reqs_per_channel            350876.0                                      # Number of incoming read requests to each DRAM channel
                                     [0]            350876.0                                      # 
     ramulator.physical_page_replacement                   0                                      # The number of times that physical page replacement happens.
             ramulator.maximum_bandwidth         19200000000                                      # The theoretical maximum bandwidth (Bps)
          ramulator.in_queue_req_num_sum           283318597                                      # Sum of read/write queue length
     ramulator.in_queue_read_req_num_sum            26900131                                      # Sum of read queue length
    ramulator.in_queue_write_req_num_sum           256418466                                      # Sum of write queue length
          ramulator.in_queue_req_num_avg           15.164967                                      # Average of read/write queue length per memory cycle
     ramulator.in_queue_read_req_num_avg            1.439862                                      # Average of read queue length per memory cycle
    ramulator.in_queue_write_req_num_avg           13.725105                                      # Average of write queue length per memory cycle
          ramulator.record_read_requests                 0.0                                      # record read requests for this core when it reaches request limit or to the end
                                     [0]                 0.0                                      # 
         ramulator.record_write_requests                 0.0                                      # record write requests for this core when it reaches request limit or to the end
                                     [0]                 0.0                                      # 
