/* -*- Mode: c -*- */
####################################################################################################
Core 0
####################################################################################################
Cumulative:        Cycles: 49819824              Instructions: 761055                IPC: 0.01528

Periodic:          Cycles: 38887954              Instructions: 463508                IPC: 0.01192

DCACHE_PREF_HIT                                      0                              0              

IFETCH_WB_FIRST_SCHEDULE                             0         -nan%                0         -nan%
PREFETCH_LAST_SCHEDULE                               0         -nan%                0         -nan%
DEMAND_PASS_PREF_SCHEDULE                            0         -nan%                0         -nan%
DEMAND_PASS_LOW_OP_SCHEDULE                          0         -nan%                0         -nan%
DEMAND_LAST_SCHEDULE                                 0         -nan%                0         -nan%
                                                     0         -nan%                0         -nan%
                                                  -nan         -nan              -nan         -nan

SEND_MISS_REQ_QUEUE                             172975                         350876              

L1_DATA_EVICT                                   173000                         334535              

STREAM_BUFFER_REQ                                    0                              0              

PREF_SEND_TO_MEM_REQ                                 0         -nan%                0         -nan%
PREF_SEND_TO_MEM_REQ_FAIL                            0         -nan%                0         -nan%
                                                     0         -nan%                0         -nan%
                                                  -nan         -nan              -nan         -nan

HIT_TRAIN_STREAM                                149259       97.237%           301002       97.372%
MISS_TRAIN_STREAM                                 4241        2.763%             8125        2.628%
                                                153500      100.000%           309127      100.000%
                                                  0.03         0.16              0.03         0.16

STREAM_TRAIN_CREATE                               2803                           5395              

MEM_REQ_MISS_HWP_PREF_Q                              0         -nan%                0         -nan%
MEM_REQ_MISS_SW_PREF_Q                               0         -nan%                0         -nan%
MEM_REQ_MISS_IFETCH_Q                                0         -nan%                0         -nan%
MEM_REQ_MISS_DFETCH_Q                                0         -nan%                0         -nan%
MEM_REQ_MISS_DSTORE_Q                                0         -nan%                0         -nan%
MEM_REQ_MISS_DPRF_Q                                  0         -nan%                0         -nan%
MEM_REQ_MISS_WB_Q                                    0         -nan%                0         -nan%
                                                     0         -nan%                0         -nan%
                                                  -nan         -nan              -nan         -nan

PREF_HIT_BY_DEMAND_IFETCH                            0         -nan%                0         -nan%
PREF_HIT_BY_DEMAND_DFETCH                            0         -nan%                0         -nan%
PREF_HIT_BY_DEMAND_DSTORE                            0         -nan%                0         -nan%
PREF_HIT_BY_DEMAND_IPREF                             0         -nan%                0         -nan%
PREF_HIT_BY_DEMAND_DPRF                              0         -nan%                0         -nan%
PREF_HIT_BY_DEMAND_WB                                0         -nan%                0         -nan%
PREF_HIT_BY_PREF                                     0         -nan%                0         -nan%
                                                     0         -nan%                0         -nan%
                                                  -nan         -nan              -nan         -nan

PREF_HIT_DEMAND_IFETCH                               0         -nan%                0         -nan%
PREF_HIT_DEMAND_DFETCH                               0         -nan%                0         -nan%
PREF_HIT_DEMAND_DSTORE                               0         -nan%                0         -nan%
PREF_HIT_DEMAND_IPREF                                0         -nan%                0         -nan%
PREF_HIT_DEMAND_DPRF                                 0         -nan%                0         -nan%
PREF_HIT_DEMAND_WB                                   0         -nan%                0         -nan%
                                                     0         -nan%                0         -nan%
                                                  -nan         -nan              -nan         -nan

PREF_L1_FILL                                         0         -nan%                0         -nan%
DEMAND_L1_FILL                                       0         -nan%                0         -nan%
                                                     0         -nan%                0         -nan%
                                                  -nan         -nan              -nan         -nan

TOUCH_L1_REPLACE                                     0        0.000%                0        0.000%
NO_TOUCH_L1_REPLACE                             173000      100.000%           334535      100.000%
                                                173000      100.000%           334535      100.000%
                                                  1.00         1.00              1.00         1.00

PREF_REQ_QUE_FULL                                    0                              0              

STREAM_REQ_QUEUE_HIT_BY_DEMAND                       0                              0              

L2HIT_STREAM_PREF_REQ_QUE_FULL                       0                              0              

L2HIT_HIT_TRAIN_STREAM                               0         -nan%                0         -nan%
L2HIT_MISS_TRAIN_STREAM                              0         -nan%                0         -nan%
                                                     0         -nan%                0         -nan%
                                                  -nan         -nan              -nan         -nan

L2HIT_STREAM_TRAIN_CREATE                            0                              0              

L2HIT_STREAM_BUFFER_REQ                              0                              0              

L2HIT_STREAM_PREF_DCACHE_HIT                         0         -nan%                0         -nan%
L2HIT_STREAM_PREF_DCACHE_INSERT                      0         -nan%                0         -nan%
L2HIT_STREAM_L2_MISS                                 0         -nan%                0         -nan%
                                                     0         -nan%                0         -nan%
                                                  -nan         -nan              -nan         -nan

L2HIT_STREAM_DCACHE_PORT_FULL                        0                              0              

L2HIT_STREAM_PREF_L1_PORT_FULL                       0                              0              

L2HIT_TRAIN_HIT_DEMAND                               0         -nan%                0         -nan%
L2HIT_TRAIN_MISS_REQ                                 0         -nan%                0         -nan%
                                                     0         -nan%                0         -nan%
                                                  -nan         -nan              -nan         -nan

L2HIT_TRAIN_FILTER_MISS                              0         -nan%                0         -nan%
L2HIT_TRAIN_FILTER_HIT                               0         -nan%                0         -nan%
                                                     0         -nan%                0         -nan%
                                                  -nan         -nan              -nan         -nan

L2HIT_PREF_REQ_DCACHE_HIT                            0         -nan%                0         -nan%
L2HIT_PREF_REQ_DCACHE_MISS                           0         -nan%                0         -nan%
                                                     0         -nan%                0         -nan%
                                                  -nan         -nan              -nan         -nan

L2HIT_L2SEND_Q_FULL                                  0         -nan%                0         -nan%
L2HIT_L2SEND_Q_ENTER                                 0         -nan%                0         -nan%
                                                     0         -nan%                0         -nan%
                                                  -nan         -nan              -nan         -nan

L2HIT_MEM_REQ                                        0                              0              

REMOVE_REDUNDANT_STREAM_STAT                         0                              0              

REPLACE_OLD_STREAM                                2803                           5379              

REQ_SEND_QUEUE_STALL                                 0                              0              

STREAM_ENTER_RA                                      0                              0              

CORE_STREAM_LENGTH_0                                23       16.197%               42       16.279%
CORE_STREAM_LENGTH_10                               50       35.211%               90       34.884%
CORE_STREAM_LENGTH_20                               21       14.789%               37       14.341%
CORE_STREAM_LENGTH_30                                5        3.521%                9        3.488%
CORE_STREAM_LENGTH_40                                5        3.521%               12        4.651%
CORE_STREAM_LENGTH_50                                3        2.113%                5        1.938%
CORE_STREAM_LENGTH_60                                3        2.113%                4        1.550%
CORE_STREAM_LENGTH_70                                3        2.113%                9        3.488%
CORE_STREAM_LENGTH_80                                2        1.408%                3        1.163%
CORE_STREAM_LENGTH_90                               11        7.746%               19        7.364%
CORE_STREAM_LENGTH_100_P                            16       11.268%               28       10.853%
                                                   142      100.000%              258      100.000%
                                                  3.21         3.44              3.20         3.40

CORE_CUM_STREAM_LENGTH_0                           189        0.123%              339        0.110%
CORE_CUM_STREAM_LENGTH_10                          734        0.478%             1267        0.411%
CORE_CUM_STREAM_LENGTH_20                          510        0.332%              892        0.290%
CORE_CUM_STREAM_LENGTH_30                          160        0.104%              294        0.095%
CORE_CUM_STREAM_LENGTH_40                          226        0.147%              553        0.180%
CORE_CUM_STREAM_LENGTH_50                          164        0.107%              270        0.088%
CORE_CUM_STREAM_LENGTH_60                          190        0.124%              252        0.082%
CORE_CUM_STREAM_LENGTH_70                          230        0.150%              678        0.220%
CORE_CUM_STREAM_LENGTH_80                          165        0.107%              251        0.081%
CORE_CUM_STREAM_LENGTH_90                         1051        0.684%             1812        0.588%
CORE_CUM_STREAM_LENGTH_100_P                    149989       97.644%           301442       97.855%
                                                153608      100.000%           308050      100.000%
                                                  9.88         9.80              9.89         9.82

CORE_STREAM_TRAIN_HITS_0                            93       65.493%              166       64.341%
CORE_STREAM_TRAIN_HITS_10                           17       11.972%               32       12.403%
CORE_STREAM_TRAIN_HITS_20                            7        4.930%               15        5.814%
CORE_STREAM_TRAIN_HITS_30                           10        7.042%               18        6.977%
CORE_STREAM_TRAIN_HITS_40                            3        2.113%                3        1.163%
CORE_STREAM_TRAIN_HITS_50                            0        0.000%                0        0.000%
CORE_STREAM_TRAIN_HITS_60                            0        0.000%                0        0.000%
CORE_STREAM_TRAIN_HITS_70                            0        0.000%                0        0.000%
CORE_STREAM_TRAIN_HITS_80                            0        0.000%                0        0.000%
CORE_STREAM_TRAIN_HITS_90                            0        0.000%                0        0.000%
CORE_STREAM_TRAIN_HITS_100_P                        12        8.451%               24        9.302%
                                                   142      100.000%              258      100.000%
                                                  1.36         2.62              1.43         2.71

CORE_CUM_STREAM_TRAIN_HITS_0                       536        0.357%              959        0.318%
CORE_CUM_STREAM_TRAIN_HITS_10                      224        0.149%              428        0.142%
CORE_CUM_STREAM_TRAIN_HITS_20                      166        0.111%              349        0.116%
CORE_CUM_STREAM_TRAIN_HITS_30                      327        0.218%              589        0.195%
CORE_CUM_STREAM_TRAIN_HITS_40                      138        0.092%              138        0.046%
CORE_CUM_STREAM_TRAIN_HITS_50                        0        0.000%                0        0.000%
CORE_CUM_STREAM_TRAIN_HITS_60                        0        0.000%                0        0.000%
CORE_CUM_STREAM_TRAIN_HITS_70                        0        0.000%                0        0.000%
CORE_CUM_STREAM_TRAIN_HITS_80                        0        0.000%                0        0.000%
CORE_CUM_STREAM_TRAIN_HITS_90                        0        0.000%                0        0.000%
CORE_CUM_STREAM_TRAIN_HITS_100_P                148790       99.074%           299571       99.185%
                                                150181      100.000%           302034      100.000%
                                                  9.92         9.89              9.93         9.90

CORE_STREAM_TRAIN_CREATE                          2803                           5395              



