/* -*- Mode: c -*- */
####################################################################################################
Core 0
####################################################################################################
Cumulative:        Cycles: 33360073              Instructions: 11712088              IPC: 0.35108

Periodic:          Cycles: 17951849              Instructions: 5653250               IPC: 0.31491

PREF_DL0REQ_QUEUE_HIT_BY_DEMAND                      0                              0              

PREF_UMLC_REQ_QUEUE_HIT_BY_DEMAND                    0                              0              

PREF_UL1REQ_QUEUE_HIT_BY_DEMAND                      0                              0              

PREF_DL0REQ_QUEUE_FULL                               0                              0              

PREF_UMLC_REQ_QUEUE_FULL                             0                              0              

PREF_UL1REQ_QUEUE_FULL                               0                              0              

PREF_DC_HIT_NOSEND                                   0                              0              

PREF_WBQDC_HIT_NOSEND                                0                              0              

PREF_MLCQ_STALL                                      0                              0              

PREF_L1Q_STALL                                       0                              0              

PREF_UMLC_REQ_SEND_QUEUE_STALL                       0                              0              

PREF_UL1REQ_SEND_QUEUE_STALL                    127473                         237441              

PREF_UMLC_REQ_QUEUE_SENTREQ                          0                              0              

PREF_UL1REQ_QUEUE_SENTREQ                        78510                         153643              

PREF_NEWREQ_MATCHED                                182                            418              

PREF_UMLC_REQ_QUEUE_MATCHED_REQ                      0                              0              

PREF_UL1REQ_QUEUE_MATCHED_REQ                       27                            130              

PREF_DL0REQ_QUEUE_MATCHED_REQ                        0                              0              

L1_PREF_HIT                                      84438                         165810              

L1_PREF_UNIQUE_HIT                               69397                         136100              

L1_PREF_LATE                                       377                           1109              

L1_LATE_PREF_CYCLES                             180058                         745812              

L1_LATE_PREF_CYCLES_DIST_0                          97       25.729%              195       17.583%
L1_LATE_PREF_CYCLES_DIST_100                        42       11.141%               53        4.779%
L1_LATE_PREF_CYCLES_DIST_200                        40       10.610%               77        6.943%
L1_LATE_PREF_CYCLES_DIST_300                        23        6.101%               42        3.787%
L1_LATE_PREF_CYCLES_DIST_400                        16        4.244%               41        3.697%
L1_LATE_PREF_CYCLES_DIST_500                        23        6.101%               48        4.328%
L1_LATE_PREF_CYCLES_DIST_600                        31        8.223%               49        4.418%
L1_LATE_PREF_CYCLES_DIST_700                        22        5.836%               35        3.156%
L1_LATE_PREF_CYCLES_DIST_800                        23        6.101%               38        3.427%
L1_LATE_PREF_CYCLES_DIST_900                         9        2.387%              412       37.151%
L1_LATE_PREF_CYCLES_DIST_1000                       14        3.714%               27        2.435%
L1_LATE_PREF_CYCLES_DIST_1100                       10        2.653%               23        2.074%
L1_LATE_PREF_CYCLES_DIST_1200                        7        1.857%               22        1.984%
L1_LATE_PREF_CYCLES_DIST_1300                        7        1.857%               13        1.172%
L1_LATE_PREF_CYCLES_DIST_1400                        6        1.592%               10        0.902%
L1_LATE_PREF_CYCLES_DIST_1500                        0        0.000%                6        0.541%
L1_LATE_PREF_CYCLES_DIST_1600                        1        0.265%                1        0.090%
L1_LATE_PREF_CYCLES_DIST_1700                        0        0.000%                1        0.090%
L1_LATE_PREF_CYCLES_DIST_1800                        5        1.326%                8        0.721%
L1_LATE_PREF_CYCLES_DIST_1900                        1        0.265%                3        0.271%
L1_LATE_PREF_CYCLES_DIST_2000                        0        0.000%                5        0.451%
                                                   377      100.000%             1109      100.000%
                                                  4.27         3.72              6.14         3.46

MLC_PREF_HIT                                      2048                           5305              

MLC_PREF_UNIQUE_HIT                                937                           2532              

MLC_PREF_LATE                                        0                              0              

PREF_HYBRID_SEL_0                                    0         -nan%                0         -nan%
PREF_HYBRID_SEL_1                                    0         -nan%                0         -nan%
PREF_HYBRID_SEL_2                                    0         -nan%                0         -nan%
PREF_HYBRID_SEL_3                                    0         -nan%                0         -nan%
PREF_HYBRID_SEL_4                                    0         -nan%                0         -nan%
PREF_HYBRID_SEL_5                                    0         -nan%                0         -nan%
PREF_HYBRID_SEL_6                                    0         -nan%                0         -nan%
                                                     0         -nan%                0         -nan%
                                                  -nan         -nan              -nan         -nan

PREF_DISTANCE_1                                      0        0.000%                0        0.000%
PREF_DISTANCE_2                                      0        0.000%                0        0.000%
PREF_DISTANCE_3                                      0        0.000%                0        0.000%
PREF_DISTANCE_4                                      0        0.000%                1        5.556%
PREF_DISTANCE_5                                     10      100.000%               17       94.444%
PREF_DISTANCE_6                                      0        0.000%                0        0.000%
PREF_DISTANCE_7                                      0        0.000%                0        0.000%
PREF_DISTANCE_8                                      0        0.000%                0        0.000%
PREF_DISTANCE_9                                      0        0.000%                0        0.000%
PREF_DISTANCE_10                                     0        0.000%                0        0.000%
                                                    10      100.000%               18      100.000%
                                                  4.00         0.00              3.94         0.24

PREF_REPL_MRU                                        0         -nan%                0         -nan%
PREF_REPL_MID                                        0         -nan%                0         -nan%
PREF_REPL_LOWQTR                                     0         -nan%                0         -nan%
PREF_REPL_LRU                                        0         -nan%                0         -nan%
                                                     0         -nan%                0         -nan%
                                                  -nan         -nan              -nan         -nan

PREF_REPL_MOVEDOWN                                   0         -nan%                0         -nan%
PREF_REPL_MOVEUP                                     0         -nan%                0         -nan%
                                                     0         -nan%                0         -nan%
                                                  -nan         -nan              -nan         -nan

PREF_COV_1                                           0         -nan%                0         -nan%
PREF_COV_2                                           0         -nan%                0         -nan%
PREF_COV_3                                           0         -nan%                0         -nan%
PREF_COV_4                                           0         -nan%                0         -nan%
PREF_COV_5                                           0         -nan%                0         -nan%
PREF_COV_6                                           0         -nan%                0         -nan%
PREF_COV_7                                           0         -nan%                0         -nan%
PREF_COV_8                                           0         -nan%                0         -nan%
PREF_COV_9                                           0         -nan%                0         -nan%
PREF_COV_10                                          0         -nan%                0         -nan%
                                                     0         -nan%                0         -nan%
                                                  -nan         -nan              -nan         -nan

PREF_POL_1                                           0        0.000%                0        0.000%
PREF_POL_2                                           0        0.000%                0        0.000%
PREF_POL_3                                           0        0.000%                0        0.000%
PREF_POL_4                                           0        0.000%                0        0.000%
PREF_POL_5                                           0        0.000%                0        0.000%
PREF_POL_6                                           0        0.000%                0        0.000%
PREF_POL_7                                           0        0.000%                0        0.000%
PREF_POL_8                                           0        0.000%                0        0.000%
PREF_POL_9                                           0        0.000%                0        0.000%
PREF_POL_10                                         10      100.000%               18      100.000%
                                                    10      100.000%               18      100.000%
                                                  9.00         9.49              9.00         9.26

PREF_ACC_1                                           8       80.000%               15       83.333%
PREF_ACC_2                                           2       20.000%                3       16.667%
PREF_ACC_3                                           0        0.000%                0        0.000%
PREF_ACC_4                                           0        0.000%                0        0.000%
PREF_ACC_5                                           0        0.000%                0        0.000%
PREF_ACC_6                                           0        0.000%                0        0.000%
PREF_ACC_7                                           0        0.000%                0        0.000%
PREF_ACC_8                                           0        0.000%                0        0.000%
PREF_ACC_9                                           0        0.000%                0        0.000%
PREF_ACC_10                                          0        0.000%                0        0.000%
                                                    10      100.000%               18      100.000%
                                                  0.20         0.38              0.17         0.35

PREF_TIMELY_1                                        0        0.000%                0        0.000%
PREF_TIMELY_2                                        0        0.000%                0        0.000%
PREF_TIMELY_3                                        0        0.000%                0        0.000%
PREF_TIMELY_4                                        0        0.000%                0        0.000%
PREF_TIMELY_5                                        0        0.000%                0        0.000%
PREF_TIMELY_6                                        0        0.000%                0        0.000%
PREF_TIMELY_7                                        0        0.000%                0        0.000%
PREF_TIMELY_8                                        0        0.000%                0        0.000%
PREF_TIMELY_9                                        0        0.000%                0        0.000%
PREF_TIMELY_10                                      10      100.000%               18      100.000%
                                                    10      100.000%               18      100.000%
                                                  9.00         9.49              9.00         9.26

PREF_UNUSED_EVICT                                 7444                          16200              

PREF_REGION_SENT                                     0                              0              

PREF_REGION_USEFUL                                   0                              0              

PREF_REGION_EVICT                                    0                              0              

PREF_PFPOL                                           0                              0              

PREF_PHASE_NEWPHASE_DET                              0                              0              

PREF_PHASE_NEWPHASE_NOTVALID                         0                              0              

PREF_PHASE_SENTPREF                                  0                              0              

PREF_PHASE_OVERWRITE_PAGE                            0                              0              

PREF_UPDATE_COUNT                                   10                             18              

PREF_ACC1_HT_HP                                      0        0.000%                0        0.000%
PREF_ACC1_HT_LP                                      8       80.000%               13       72.222%
PREF_ACC1_LT_HP                                      0        0.000%                0        0.000%
PREF_ACC1_LT_LP                                      2       20.000%                5       27.778%
PREF_ACC2_HT_HP                                      0        0.000%                0        0.000%
PREF_ACC2_HT_LP                                      0        0.000%                0        0.000%
PREF_ACC2_LT_HP                                      0        0.000%                0        0.000%
PREF_ACC2_LT_LP                                      0        0.000%                0        0.000%
PREF_ACC3_HT_HP                                      0        0.000%                0        0.000%
PREF_ACC3_HT_LP                                      0        0.000%                0        0.000%
PREF_ACC3_LT_HP                                      0        0.000%                0        0.000%
PREF_ACC3_LT_LP                                      0        0.000%                0        0.000%
PREF_ACC4_HT_HP                                      0        0.000%                0        0.000%
PREF_ACC4_HT_LP                                      0        0.000%                0        0.000%
PREF_ACC4_LT_HP                                      0        0.000%                0        0.000%
PREF_ACC4_LT_LP                                      0        0.000%                0        0.000%
                                                    10      100.000%               18      100.000%
                                                  1.40         0.84              1.56         0.92

FDIP_DECIDE_PREF_ONPATH0                       1901699                        3625758              

FDIP_DECIDE_PREF_OFFPATH0                     11241989                       20527568              

FDIP_NEW_PREFETCHES_ONPATH0                        823                           1751              

FDIP_NEW_PREFETCHES_OFFPATH0                      3736                          11874              

FDIP_PREF_ICACHE_PROBE_HIT_ONPATH0             1899958                        3622319              

FDIP_PREF_ICACHE_PROBE_HIT_OFFPATH0           11233631                       20502917              

FDIP_PREF_MSHR_PROBE_HIT_ONPATH0                   886                           1576              

FDIP_PREF_MSHR_PROBE_HIT_OFFPATH0                 4582                          12626              

FDIP_PREF_FAILED_ONPATH0                            32                            112              

FDIP_PREF_FAILED_OFFPATH0                           40                            151              

FDIP_ATTEMPTED_PREF_ONPATH0                    1903795                        3628463              

FDIP_ATTEMPTED_PREF_OFFPATH0                  11251617                       20610915              

FDIP_DECIDE_PREF_ONPATH1                             0                              0              

FDIP_DECIDE_PREF_OFFPATH1                            0                              0              

FDIP_NEW_PREFETCHES_ONPATH1                          0                              0              

FDIP_NEW_PREFETCHES_OFFPATH1                         0                              0              

FDIP_PREF_ICACHE_PROBE_HIT_ONPATH1                   0                              0              

FDIP_PREF_ICACHE_PROBE_HIT_OFFPATH1                  0                              0              

FDIP_PREF_MSHR_PROBE_HIT_ONPATH1                     0                              0              

FDIP_PREF_MSHR_PROBE_HIT_OFFPATH1                    0                              0              

FDIP_PREF_FAILED_ONPATH1                             0                              0              

FDIP_PREF_FAILED_OFFPATH1                            0                              0              

FDIP_ATTEMPTED_PREF_ONPATH1                          0                              0              

FDIP_ATTEMPTED_PREF_OFFPATH1                         0                              0              

FDIP_DECIDE_PREF_ONPATH2                             0                              0              

FDIP_DECIDE_PREF_OFFPATH2                            0                              0              

FDIP_NEW_PREFETCHES_ONPATH2                          0                              0              

FDIP_NEW_PREFETCHES_OFFPATH2                         0                              0              

FDIP_PREF_ICACHE_PROBE_HIT_ONPATH2                   0                              0              

FDIP_PREF_ICACHE_PROBE_HIT_OFFPATH2                  0                              0              

FDIP_PREF_MSHR_PROBE_HIT_ONPATH2                     0                              0              

FDIP_PREF_MSHR_PROBE_HIT_OFFPATH2                    0                              0              

FDIP_PREF_FAILED_ONPATH2                             0                              0              

FDIP_PREF_FAILED_OFFPATH2                            0                              0              

FDIP_ATTEMPTED_PREF_ONPATH2                          0                              0              

FDIP_ATTEMPTED_PREF_OFFPATH2                         0                              0              

FDIP_DECIDE_PREF_ONPATH3                             0                              0              

FDIP_DECIDE_PREF_OFFPATH3                            0                              0              

FDIP_NEW_PREFETCHES_ONPATH3                          0                              0              

FDIP_NEW_PREFETCHES_OFFPATH3                         0                              0              

FDIP_PREF_ICACHE_PROBE_HIT_ONPATH3                   0                              0              

FDIP_PREF_ICACHE_PROBE_HIT_OFFPATH3                  0                              0              

FDIP_PREF_MSHR_PROBE_HIT_ONPATH3                     0                              0              

FDIP_PREF_MSHR_PROBE_HIT_OFFPATH3                    0                              0              

FDIP_PREF_FAILED_ONPATH3                             0                              0              

FDIP_PREF_FAILED_OFFPATH3                            0                              0              

FDIP_ATTEMPTED_PREF_ONPATH3                          0                              0              

FDIP_ATTEMPTED_PREF_OFFPATH3                         0                              0              

FDIP_DECIDE_PREF_ONPATH4                             0                              0              

FDIP_DECIDE_PREF_OFFPATH4                            0                              0              

FDIP_NEW_PREFETCHES_ONPATH4                          0                              0              

FDIP_NEW_PREFETCHES_OFFPATH4                         0                              0              

FDIP_PREF_ICACHE_PROBE_HIT_ONPATH4                   0                              0              

FDIP_PREF_ICACHE_PROBE_HIT_OFFPATH4                  0                              0              

FDIP_PREF_MSHR_PROBE_HIT_ONPATH4                     0                              0              

FDIP_PREF_MSHR_PROBE_HIT_OFFPATH4                    0                              0              

FDIP_PREF_FAILED_ONPATH4                             0                              0              

FDIP_PREF_FAILED_OFFPATH4                            0                              0              

FDIP_ATTEMPTED_PREF_ONPATH4                          0                              0              

FDIP_ATTEMPTED_PREF_OFFPATH4                         0                              0              

FDIP_ALT_PATH_PREFETCHES_IC_EMITTED                  0                              0              

FDIP_ALT_PATH_PREFETCHES_IC_TRIGGERED                0                              0              

FDIP_ALT_PATH_PREFETCHES_UOC_EMITTED_OFF_PATH             0         -nan%                0         -nan%
FDIP_ALT_PATH_PREFETCHES_UOC_EMITTED_ON_PATH             0         -nan%                0         -nan%
                                                     0         -nan%                0         -nan%
                                                  -nan         -nan              -nan         -nan

FDIP_ALT_PATH_PREFETCHES_UOC_TRIGGERED               0                              0              

FDIP_BREAK_REACH_FTQ_END0                     17939806       99.933%         33273384       99.740%
FDIP_BREAK_FTQ_EMPTY0                                0        0.000%                0        0.000%
FDIP_BREAK_MAX_FTQ_ENTRY_CYC0                      319        0.002%              637        0.002%
FDIP_BREAK_FULL_MEM_REQ_BUF0                     11724        0.065%            86052        0.258%
                                              17951849      100.000%         33360073      100.000%
                                                  0.00         0.08              0.01         0.15

FDIP_BREAK_REACH_FTQ_END1                            0         -nan%                0         -nan%
FDIP_BREAK_FTQ_EMPTY1                                0         -nan%                0         -nan%
FDIP_BREAK_MAX_FTQ_ENTRY_CYC1                        0         -nan%                0         -nan%
FDIP_BREAK_FULL_MEM_REQ_BUF1                         0         -nan%                0         -nan%
                                                     0         -nan%                0         -nan%
                                                  -nan         -nan              -nan         -nan

FDIP_BREAK_REACH_FTQ_END2                            0         -nan%                0         -nan%
FDIP_BREAK_FTQ_EMPTY2                                0         -nan%                0         -nan%
FDIP_BREAK_MAX_FTQ_ENTRY_CYC2                        0         -nan%                0         -nan%
FDIP_BREAK_FULL_MEM_REQ_BUF2                         0         -nan%                0         -nan%
                                                     0         -nan%                0         -nan%
                                                  -nan         -nan              -nan         -nan

FDIP_BREAK_REACH_FTQ_END3                            0         -nan%                0         -nan%
FDIP_BREAK_FTQ_EMPTY3                                0         -nan%                0         -nan%
FDIP_BREAK_MAX_FTQ_ENTRY_CYC3                        0         -nan%                0         -nan%
FDIP_BREAK_FULL_MEM_REQ_BUF3                         0         -nan%                0         -nan%
                                                     0         -nan%                0         -nan%
                                                  -nan         -nan              -nan         -nan

FDIP_BREAK_REACH_FTQ_END4                            0         -nan%                0         -nan%
FDIP_BREAK_FTQ_EMPTY4                                0         -nan%                0         -nan%
FDIP_BREAK_MAX_FTQ_ENTRY_CYC4                        0         -nan%                0         -nan%
FDIP_BREAK_FULL_MEM_REQ_BUF4                         0         -nan%                0         -nan%
                                                     0         -nan%                0         -nan%
                                                  -nan         -nan              -nan         -nan

FDIP_CYCLE_COUNT                                     0                              0              

ICACHE_USEFUL_FETCHES                              105                            789              

USEFUL_CACHELINES_RETIRED                            0                              0              

ICACHE_UNUSEFUL_FETCHES                             81                           4482              

UNIQUE_MISSED_LINES                                105                            789              

UNIQUE_HIT_LINES                                     0                              0              

UNIQUE_PREFETCHED_LINES                              0                              0              

FDIP_BTB_MISS_NT_RESTEER_ONPATH                    250                           2914              

FDIP_BTB_MISS_NT_RESTEER_OFFPATH                  1273                           2559              

FDIP_UTILITY_HASH_HIT                                0         -nan%                0         -nan%
FDIP_UTILITY_HASH_MISS                               0         -nan%                0         -nan%
                                                     0         -nan%                0         -nan%
                                                  -nan         -nan              -nan         -nan

FDIP_UC_HIT                                          0         -nan%                0         -nan%
FDIP_UC_MISS                                         0         -nan%                0         -nan%
                                                     0         -nan%                0         -nan%
                                                  -nan         -nan              -nan         -nan

FDIP_UC_USEFUL_LINES                                 0                              0              

FDIP_UC_REPLACEMENT                                  0                              0              

FDIP_BLOOM_HIT                                       0         -nan%                0         -nan%
FDIP_BLOOM_MISS                                      0         -nan%                0         -nan%
                                                     0         -nan%                0         -nan%
                                                  -nan         -nan              -nan         -nan

FDIP_BLOOM_INSERTED                                  0                              0              

FDIP_BLOOM_CLEAR1                                    0                              0              

FDIP_BLOOM_CLEAR2                                    0                              0              

FDIP_BLOOM_CLEAR4                                    0                              0              

FDIP_BLOOM_1STREAM                                   0                              0              

FDIP_BLOOM_2STREAM                                   0                              0              

FDIP_BLOOM_3STREAM                                   0                              0              

FDIP_BLOOM_4STREAM                                   0                              0              

FDIP_BLOOM_5STREAM                                   0                              0              

FDIP_BLOOM_6STREAM                                   0                              0              

FDIP_BLOOM_7STREAM                                   0                              0              

FDIP_BLOOM_8STREAM                                   0                              0              

FDIP_BLOOM_1INSERT                                   0                              0              

FDIP_BLOOM_2INSERT                                   0                              0              

FDIP_BLOOM_4INSERT                                   0                              0              

FDIP_BLOOM_NOSTREAM                                  0                              0              

FDIP_AVG_FTQ_OCCUPANCY_OPS                          33                             33              

FDIP_AVG_FTQ_OCCUPANCY                               4                              4              

FDIP_AVG_FTQ_OCCUPANCY_OPS1                          0                              0              

FDIP_AVG_FTQ_OCCUPANCY1                              0                              0              

FDIP_AVG_FTQ_OCCUPANCY_OPS2                          0                              0              

FDIP_AVG_FTQ_OCCUPANCY2                              0                              0              

FDIP_AVG_FTQ_OCCUPANCY_OPS3                          0                              0              

FDIP_AVG_FTQ_OCCUPANCY3                              0                              0              

FDIP_AVG_FTQ_OCCUPANCY_OPS4                          0                              0              

FDIP_AVG_FTQ_OCCUPANCY4                              0                              0              

FDIP_FTQ_OCCUPANCY_OPS_ACCUMULATED0          521857773                     1115658945              

FDIP_FTQ_OCCUPANCY_BLOCKS_ACCUMULATED0        72485890                      146384567              

FDIP_FTQ_OCCUPANCY_OPS_ACCUMULATED1                  0                              0              

FDIP_FTQ_OCCUPANCY_BLOCKS_ACCUMULATED1               0                              0              

FDIP_FTQ_OCCUPANCY_OPS_ACCUMULATED2                  0                              0              

FDIP_FTQ_OCCUPANCY_BLOCKS_ACCUMULATED2               0                              0              

FDIP_FTQ_OCCUPANCY_OPS_ACCUMULATED3                  0                              0              

FDIP_FTQ_OCCUPANCY_BLOCKS_ACCUMULATED3               0                              0              

FDIP_FTQ_OCCUPANCY_OPS_ACCUMULATED4                  0                              0              

FDIP_FTQ_OCCUPANCY_BLOCKS_ACCUMULATED4               0                              0              

FDIP_TRAINING_SAMPLE                                 0                              0              

FDIP_SENIORITY_FTQ_ACCUMULATED                       0                              0              

FDIP_SENIORITY_FTQ_HIT                               0                              0              

FDIP_SENIORITY_FTQ_MISS                              0                              0              

FDIP_UFTQ_STAY_SAME_FTQ_NUM                          0         -nan%                0         -nan%
FDIP_UFTQ_DEC_FTQ_NUM                                0         -nan%                0         -nan%
FDIP_UFTQ_INC_FTQ_NUM                                0         -nan%                0         -nan%
                                                     0         -nan%                0         -nan%
                                                  -nan         -nan              -nan         -nan

FDIP_OFF_CONF_ON_PREF_CANDIDATES                     0         -nan%                0         -nan%
FDIP_OFF_CONF_OFF_PREF_CANDIDATES                    0         -nan%                0         -nan%
FDIP_ON_CONF_ON_PREF_CANDIDATES                      0         -nan%                0         -nan%
FDIP_ON_CONF_OFF_PREF_CANDIDATES                     0         -nan%                0         -nan%
                                                     0         -nan%                0         -nan%
                                                  -nan         -nan              -nan         -nan

FDIP_ON_CONF_ON_EMITTED                              0         -nan%                0         -nan%
FDIP_ON_CONF_OFF_EMITTED                             0         -nan%                0         -nan%
FDIP_OFF_CONF_ON_EMITTED                             0         -nan%                0         -nan%
FDIP_OFF_CONF_OFF_EMITTED                            0         -nan%                0         -nan%
                                                     0         -nan%                0         -nan%
                                                  -nan         -nan              -nan         -nan

FDIP_OFF_CONF_ON_NOT_IDENTIFIED_PREF_CANDIDATES             0         -nan%                0         -nan%
FDIP_OFF_CONF_ON_IBTB_MISS_PREF_CANDIDATES             0         -nan%                0         -nan%
FDIP_OFF_CONF_ON_BTB_MISS_PREF_CANDIDATES             0         -nan%                0         -nan%
FDIP_OFF_CONF_ON_BTB_MISS_MISPRED_PREF_CANDIDATES             0         -nan%                0         -nan%
FDIP_OFF_CONF_ON_MISPRED_PREF_CANDIDATES             0         -nan%                0         -nan%
FDIP_OFF_CONF_ON_MISFETCH_PREF_CANDIDATES             0         -nan%                0         -nan%
                                                     0         -nan%                0         -nan%
                                                  -nan         -nan              -nan         -nan

FDIP_OFF_CONF_ON_NOT_IDENTIFIED_EMITTED              0         -nan%                0         -nan%
FDIP_OFF_CONF_ON_IBTB_MISS_EMITTED                   0         -nan%                0         -nan%
FDIP_OFF_CONF_ON_BTB_MISS_EMITTED                    0         -nan%                0         -nan%
FDIP_OFF_CONF_ON_BTB_MISS_MISPRED_EMITTED             0         -nan%                0         -nan%
FDIP_OFF_CONF_ON_MISPRED_EMITTED                     0         -nan%                0         -nan%
FDIP_OFF_CONF_ON_MISFETCH_EMITTED                    0         -nan%                0         -nan%
                                                     0         -nan%                0         -nan%
                                                  -nan         -nan              -nan         -nan

FDIP_ON_CONF_OFF_IBTB_MISS_BP_TAKEN_PREF_CANDIDATES             0         -nan%                0         -nan%
FDIP_ON_CONF_OFF_BTB_MISS_BP_TAKEN_CONF_0_PREF_CANDIDATES             0         -nan%                0         -nan%
FDIP_ON_CONF_OFF_BTB_MISS_BP_TAKEN_CONF_1_PREF_CANDIDATES             0         -nan%                0         -nan%
FDIP_ON_CONF_OFF_BTB_MISS_BP_TAKEN_CONF_2_PREF_CANDIDATES             0         -nan%                0         -nan%
FDIP_ON_CONF_OFF_BTB_MISS_BP_TAKEN_CONF_3_PREF_CANDIDATES             0         -nan%                0         -nan%
FDIP_ON_CONF_OFF_BTB_MISS_RATE_PREF_CANDIDATES             0         -nan%                0         -nan%
FDIP_ON_CONF_OFF_IBTB_MISS_RATE_PREF_CANDIDATES             0         -nan%                0         -nan%
FDIP_ON_CONF_OFF_MISFETCH_RATE_PREF_CANDIDATES             0         -nan%                0         -nan%
FDIP_ON_CONF_OFF_MISPRED_RATE_PREF_CANDIDATES             0         -nan%                0         -nan%
FDIP_ON_CONF_OFF_INV_CONF_INC_PREF_CANDIDATES             0         -nan%                0         -nan%
FDIP_ON_CONF_OFF_PERFECT_CONF_PREF_CANDIDATES             0         -nan%                0         -nan%
                                                     0         -nan%                0         -nan%
                                                  -nan         -nan              -nan         -nan

FDIP_ON_CONF_OFF_IBTB_MISS_BP_TAKEN_EMITTED             0         -nan%                0         -nan%
FDIP_ON_CONF_OFF_BTB_MISS_BP_TAKEN_CONF_0_EMITTED             0         -nan%                0         -nan%
FDIP_ON_CONF_OFF_BTB_MISS_BP_TAKEN_CONF_1_EMITTED             0         -nan%                0         -nan%
FDIP_ON_CONF_OFF_BTB_MISS_BP_TAKEN_CONF_2_EMITTED             0         -nan%                0         -nan%
FDIP_ON_CONF_OFF_BTB_MISS_BP_TAKEN_CONF_3_EMITTED             0         -nan%                0         -nan%
FDIP_ON_CONF_OFF_BTB_MISS_RATE_EMITTED               0         -nan%                0         -nan%
FDIP_ON_CONF_OFF_IBTB_MISS_RATE_EMITTED              0         -nan%                0         -nan%
FDIP_ON_CONF_OFF_MISFETCH_RATE_EMITTED               0         -nan%                0         -nan%
FDIP_ON_CONF_OFF_MISPRED_RATE_EMITTED                0         -nan%                0         -nan%
FDIP_ON_CONF_OFF_INV_CONF_INC_EMITTED                0         -nan%                0         -nan%
FDIP_ON_CONF_OFF_PERFECT_CONF_EMITTED                0         -nan%                0         -nan%
                                                     0         -nan%                0         -nan%
                                                  -nan         -nan              -nan         -nan

ICACHE_FIRST_MISS_AFTER_WARMUP_SEEN_DURING_WARMUP           105      100.000%              105      100.000%
ICACHE_FIRST_MISS_AFTER_WARMUP_NOT_SEEN_DURING_WARMUP             0        0.000%                0        0.000%
                                                   105      100.000%              105      100.000%
                                                  0.00         0.00              0.00         0.00

ICACHE_FIRST_MISS_AFTER_WARMUP_NO_PREF_DURING_WARMUP             0        0.000%                0        0.000%
ICACHE_FIRST_MISS_AFTER_WARMUP_TRAINED_UNUSEFUL_DURING_WARMUP             0        0.000%                0        0.000%
ICACHE_FIRST_MISS_AFTER_WARMUP_TRAINED_USEFUL_DURING_WARMUP             4      100.000%                4      100.000%
                                                     4      100.000%                4      100.000%
                                                  2.00         2.31              2.00         2.31

FDIP_PREFETCH_EVICT_NO_HIT_ONLY_ONCE                 0                              0              

FDIP_PREFETCH_HIT_ICACHE0                     13133589       99.834%         24125236       99.529%
FDIP_PREFETCH_HIT_MLC0                            1655        0.013%             5594        0.023%
FDIP_PREFETCH_HIT_L10                               94        0.001%              912        0.004%
FDIP_PREFETCH_HIT_DRAM0                          20074        0.153%           107636        0.444%
                                              13155412      100.000%         24239378      100.000%
                                                  0.00         0.12              0.01         0.20

FDIP_PREFETCH_HIT_ICACHE1                            0         -nan%                0         -nan%
FDIP_PREFETCH_HIT_MLC1                               0         -nan%                0         -nan%
FDIP_PREFETCH_HIT_L11                                0         -nan%                0         -nan%
FDIP_PREFETCH_HIT_DRAM1                              0         -nan%                0         -nan%
                                                     0         -nan%                0         -nan%
                                                  -nan         -nan              -nan         -nan

FDIP_PREFETCH_HIT_ICACHE2                            0         -nan%                0         -nan%
FDIP_PREFETCH_HIT_MLC2                               0         -nan%                0         -nan%
FDIP_PREFETCH_HIT_L12                                0         -nan%                0         -nan%
FDIP_PREFETCH_HIT_DRAM2                              0         -nan%                0         -nan%
                                                     0         -nan%                0         -nan%
                                                  -nan         -nan              -nan         -nan

FDIP_PREFETCH_HIT_ICACHE3                            0         -nan%                0         -nan%
FDIP_PREFETCH_HIT_MLC3                               0         -nan%                0         -nan%
FDIP_PREFETCH_HIT_L13                                0         -nan%                0         -nan%
FDIP_PREFETCH_HIT_DRAM3                              0         -nan%                0         -nan%
                                                     0         -nan%                0         -nan%
                                                  -nan         -nan              -nan         -nan

FDIP_PREFETCH_HIT_ICACHE4                            0         -nan%                0         -nan%
FDIP_PREFETCH_HIT_MLC4                               0         -nan%                0         -nan%
FDIP_PREFETCH_HIT_L14                                0         -nan%                0         -nan%
FDIP_PREFETCH_HIT_DRAM4                              0         -nan%                0         -nan%
                                                     0         -nan%                0         -nan%
                                                  -nan         -nan              -nan         -nan

FDIP_MEM_BUF_MISS0                                   0         -nan%                0         -nan%
FDIP_MEM_BUF_FOUND0                                  0         -nan%                0         -nan%
                                                     0         -nan%                0         -nan%
                                                  -nan         -nan              -nan         -nan

FDIP_MEM_BUF_MISS1                                   0         -nan%                0         -nan%
FDIP_MEM_BUF_FOUND1                                  0         -nan%                0         -nan%
                                                     0         -nan%                0         -nan%
                                                  -nan         -nan              -nan         -nan

FDIP_MEM_BUF_MISS2                                   0         -nan%                0         -nan%
FDIP_MEM_BUF_FOUND2                                  0         -nan%                0         -nan%
                                                     0         -nan%                0         -nan%
                                                  -nan         -nan              -nan         -nan

FDIP_MEM_BUF_MISS3                                   0         -nan%                0         -nan%
FDIP_MEM_BUF_FOUND3                                  0         -nan%                0         -nan%
                                                     0         -nan%                0         -nan%
                                                  -nan         -nan              -nan         -nan

FDIP_MEM_BUF_MISS4                                   0         -nan%                0         -nan%
FDIP_MEM_BUF_FOUND4                                  0         -nan%                0         -nan%
                                                     0         -nan%                0         -nan%
                                                  -nan         -nan              -nan         -nan

DJOLT_PREFETCH_ENTRY                                 0                              0              

DJOLT_PREFETCH_INITIAL                               0                              0              

DJOLT_PREFETCH_SIG                                   0                              0              

FNLMMA_PREFETCH_TYPE0                                0         -nan%                0         -nan%
FNLMMA_PREFETCH_TYPE1                                0         -nan%                0         -nan%
FNLMMA_PREFETCH_TYPE2                                0         -nan%                0         -nan%
FNLMMA_PREFETCH_TYPE3                                0         -nan%                0         -nan%
FNLMMA_PREFETCH_TYPE4                                0         -nan%                0         -nan%
                                                     0         -nan%                0         -nan%
                                                  -nan         -nan              -nan         -nan



