               ramulator.active_cycles_0             3420652                                      # Total active cycles for level _0
                 ramulator.busy_cycles_0             3420652                                      # (All-bank refresh only. busy cycles only include refresh time in rank level) The sum of cycles that the DRAM part is active or under refresh for level _0
            ramulator.serving_requests_0             5368712                                      # The sum of read and write requests that are served in this DRAM element per memory cycle for level _0
    ramulator.average_serving_requests_0            0.429153                                      # The average of read and write requests that are served in this DRAM element per memory cycle for level _0
             ramulator.active_cycles_0_0             3420652                                      # Total active cycles for level _0_0
               ramulator.busy_cycles_0_0             3929272                                      # (All-bank refresh only. busy cycles only include refresh time in rank level) The sum of cycles that the DRAM part is active or under refresh for level _0_0
          ramulator.serving_requests_0_0             5368712                                      # The sum of read and write requests that are served in this DRAM element per memory cycle for level _0_0
  ramulator.average_serving_requests_0_0            0.429153                                      # The average of read and write requests that are served in this DRAM element per memory cycle for level _0_0
           ramulator.active_cycles_0_0_0             1048315                                      # Total active cycles for level _0_0_0
             ramulator.busy_cycles_0_0_0             1048315                                      # (All-bank refresh only. busy cycles only include refresh time in rank level) The sum of cycles that the DRAM part is active or under refresh for level _0_0_0
        ramulator.serving_requests_0_0_0             1354199                                      # The sum of read and write requests that are served in this DRAM element per memory cycle for level _0_0_0
ramulator.average_serving_requests_0_0_0            0.108249                                      # The average of read and write requests that are served in this DRAM element per memory cycle for level _0_0_0
         ramulator.active_cycles_0_0_0_0              284279                                      # Total active cycles for level _0_0_0_0
           ramulator.busy_cycles_0_0_0_0              284279                                      # (All-bank refresh only. busy cycles only include refresh time in rank level) The sum of cycles that the DRAM part is active or under refresh for level _0_0_0_0
      ramulator.serving_requests_0_0_0_0              336766                                      # The sum of read and write requests that are served in this DRAM element per memory cycle for level _0_0_0_0
ramulator.average_serving_requests_0_0_0_0            0.026920                                      # The average of read and write requests that are served in this DRAM element per memory cycle for level _0_0_0_0
         ramulator.active_cycles_0_0_0_1              255254                                      # Total active cycles for level _0_0_0_1
           ramulator.busy_cycles_0_0_0_1              255254                                      # (All-bank refresh only. busy cycles only include refresh time in rank level) The sum of cycles that the DRAM part is active or under refresh for level _0_0_0_1
      ramulator.serving_requests_0_0_0_1              302368                                      # The sum of read and write requests that are served in this DRAM element per memory cycle for level _0_0_0_1
ramulator.average_serving_requests_0_0_0_1            0.024170                                      # The average of read and write requests that are served in this DRAM element per memory cycle for level _0_0_0_1
         ramulator.active_cycles_0_0_0_2              357386                                      # Total active cycles for level _0_0_0_2
           ramulator.busy_cycles_0_0_0_2              357386                                      # (All-bank refresh only. busy cycles only include refresh time in rank level) The sum of cycles that the DRAM part is active or under refresh for level _0_0_0_2
      ramulator.serving_requests_0_0_0_2              423271                                      # The sum of read and write requests that are served in this DRAM element per memory cycle for level _0_0_0_2
ramulator.average_serving_requests_0_0_0_2            0.033835                                      # The average of read and write requests that are served in this DRAM element per memory cycle for level _0_0_0_2
         ramulator.active_cycles_0_0_0_3              244445                                      # Total active cycles for level _0_0_0_3
           ramulator.busy_cycles_0_0_0_3              244445                                      # (All-bank refresh only. busy cycles only include refresh time in rank level) The sum of cycles that the DRAM part is active or under refresh for level _0_0_0_3
      ramulator.serving_requests_0_0_0_3              291794                                      # The sum of read and write requests that are served in this DRAM element per memory cycle for level _0_0_0_3
ramulator.average_serving_requests_0_0_0_3            0.023325                                      # The average of read and write requests that are served in this DRAM element per memory cycle for level _0_0_0_3
           ramulator.active_cycles_0_0_1             1086650                                      # Total active cycles for level _0_0_1
             ramulator.busy_cycles_0_0_1             1086650                                      # (All-bank refresh only. busy cycles only include refresh time in rank level) The sum of cycles that the DRAM part is active or under refresh for level _0_0_1
        ramulator.serving_requests_0_0_1             1399420                                      # The sum of read and write requests that are served in this DRAM element per memory cycle for level _0_0_1
ramulator.average_serving_requests_0_0_1            0.111864                                      # The average of read and write requests that are served in this DRAM element per memory cycle for level _0_0_1
         ramulator.active_cycles_0_0_1_0              214880                                      # Total active cycles for level _0_0_1_0
           ramulator.busy_cycles_0_0_1_0              214880                                      # (All-bank refresh only. busy cycles only include refresh time in rank level) The sum of cycles that the DRAM part is active or under refresh for level _0_0_1_0
      ramulator.serving_requests_0_0_1_0              257272                                      # The sum of read and write requests that are served in this DRAM element per memory cycle for level _0_0_1_0
ramulator.average_serving_requests_0_0_1_0            0.020565                                      # The average of read and write requests that are served in this DRAM element per memory cycle for level _0_0_1_0
         ramulator.active_cycles_0_0_1_1              300809                                      # Total active cycles for level _0_0_1_1
           ramulator.busy_cycles_0_0_1_1              300809                                      # (All-bank refresh only. busy cycles only include refresh time in rank level) The sum of cycles that the DRAM part is active or under refresh for level _0_0_1_1
      ramulator.serving_requests_0_0_1_1              365624                                      # The sum of read and write requests that are served in this DRAM element per memory cycle for level _0_0_1_1
ramulator.average_serving_requests_0_0_1_1            0.029226                                      # The average of read and write requests that are served in this DRAM element per memory cycle for level _0_0_1_1
         ramulator.active_cycles_0_0_1_2              368633                                      # Total active cycles for level _0_0_1_2
           ramulator.busy_cycles_0_0_1_2              368633                                      # (All-bank refresh only. busy cycles only include refresh time in rank level) The sum of cycles that the DRAM part is active or under refresh for level _0_0_1_2
      ramulator.serving_requests_0_0_1_2              424615                                      # The sum of read and write requests that are served in this DRAM element per memory cycle for level _0_0_1_2
ramulator.average_serving_requests_0_0_1_2            0.033942                                      # The average of read and write requests that are served in this DRAM element per memory cycle for level _0_0_1_2
         ramulator.active_cycles_0_0_1_3              299860                                      # Total active cycles for level _0_0_1_3
           ramulator.busy_cycles_0_0_1_3              299860                                      # (All-bank refresh only. busy cycles only include refresh time in rank level) The sum of cycles that the DRAM part is active or under refresh for level _0_0_1_3
      ramulator.serving_requests_0_0_1_3              351909                                      # The sum of read and write requests that are served in this DRAM element per memory cycle for level _0_0_1_3
ramulator.average_serving_requests_0_0_1_3            0.028130                                      # The average of read and write requests that are served in this DRAM element per memory cycle for level _0_0_1_3
           ramulator.active_cycles_0_0_2              989659                                      # Total active cycles for level _0_0_2
             ramulator.busy_cycles_0_0_2              989659                                      # (All-bank refresh only. busy cycles only include refresh time in rank level) The sum of cycles that the DRAM part is active or under refresh for level _0_0_2
        ramulator.serving_requests_0_0_2             1247090                                      # The sum of read and write requests that are served in this DRAM element per memory cycle for level _0_0_2
ramulator.average_serving_requests_0_0_2            0.099687                                      # The average of read and write requests that are served in this DRAM element per memory cycle for level _0_0_2
         ramulator.active_cycles_0_0_2_0              317451                                      # Total active cycles for level _0_0_2_0
           ramulator.busy_cycles_0_0_2_0              317451                                      # (All-bank refresh only. busy cycles only include refresh time in rank level) The sum of cycles that the DRAM part is active or under refresh for level _0_0_2_0
      ramulator.serving_requests_0_0_2_0              374871                                      # The sum of read and write requests that are served in this DRAM element per memory cycle for level _0_0_2_0
ramulator.average_serving_requests_0_0_2_0            0.029966                                      # The average of read and write requests that are served in this DRAM element per memory cycle for level _0_0_2_0
         ramulator.active_cycles_0_0_2_1              217112                                      # Total active cycles for level _0_0_2_1
           ramulator.busy_cycles_0_0_2_1              217112                                      # (All-bank refresh only. busy cycles only include refresh time in rank level) The sum of cycles that the DRAM part is active or under refresh for level _0_0_2_1
      ramulator.serving_requests_0_0_2_1              255095                                      # The sum of read and write requests that are served in this DRAM element per memory cycle for level _0_0_2_1
ramulator.average_serving_requests_0_0_2_1            0.020391                                      # The average of read and write requests that are served in this DRAM element per memory cycle for level _0_0_2_1
         ramulator.active_cycles_0_0_2_2              339139                                      # Total active cycles for level _0_0_2_2
           ramulator.busy_cycles_0_0_2_2              339139                                      # (All-bank refresh only. busy cycles only include refresh time in rank level) The sum of cycles that the DRAM part is active or under refresh for level _0_0_2_2
      ramulator.serving_requests_0_0_2_2              388073                                      # The sum of read and write requests that are served in this DRAM element per memory cycle for level _0_0_2_2
ramulator.average_serving_requests_0_0_2_2            0.031021                                      # The average of read and write requests that are served in this DRAM element per memory cycle for level _0_0_2_2
         ramulator.active_cycles_0_0_2_3              194579                                      # Total active cycles for level _0_0_2_3
           ramulator.busy_cycles_0_0_2_3              194579                                      # (All-bank refresh only. busy cycles only include refresh time in rank level) The sum of cycles that the DRAM part is active or under refresh for level _0_0_2_3
      ramulator.serving_requests_0_0_2_3              229051                                      # The sum of read and write requests that are served in this DRAM element per memory cycle for level _0_0_2_3
ramulator.average_serving_requests_0_0_2_3            0.018309                                      # The average of read and write requests that are served in this DRAM element per memory cycle for level _0_0_2_3
           ramulator.active_cycles_0_0_3             1063718                                      # Total active cycles for level _0_0_3
             ramulator.busy_cycles_0_0_3             1063718                                      # (All-bank refresh only. busy cycles only include refresh time in rank level) The sum of cycles that the DRAM part is active or under refresh for level _0_0_3
        ramulator.serving_requests_0_0_3             1367011                                      # The sum of read and write requests that are served in this DRAM element per memory cycle for level _0_0_3
ramulator.average_serving_requests_0_0_3            0.109273                                      # The average of read and write requests that are served in this DRAM element per memory cycle for level _0_0_3
         ramulator.active_cycles_0_0_3_0              214001                                      # Total active cycles for level _0_0_3_0
           ramulator.busy_cycles_0_0_3_0              214001                                      # (All-bank refresh only. busy cycles only include refresh time in rank level) The sum of cycles that the DRAM part is active or under refresh for level _0_0_3_0
      ramulator.serving_requests_0_0_3_0              248978                                      # The sum of read and write requests that are served in this DRAM element per memory cycle for level _0_0_3_0
ramulator.average_serving_requests_0_0_3_0            0.019902                                      # The average of read and write requests that are served in this DRAM element per memory cycle for level _0_0_3_0
         ramulator.active_cycles_0_0_3_1              306740                                      # Total active cycles for level _0_0_3_1
           ramulator.busy_cycles_0_0_3_1              306740                                      # (All-bank refresh only. busy cycles only include refresh time in rank level) The sum of cycles that the DRAM part is active or under refresh for level _0_0_3_1
      ramulator.serving_requests_0_0_3_1              369642                                      # The sum of read and write requests that are served in this DRAM element per memory cycle for level _0_0_3_1
ramulator.average_serving_requests_0_0_3_1            0.029548                                      # The average of read and write requests that are served in this DRAM element per memory cycle for level _0_0_3_1
         ramulator.active_cycles_0_0_3_2              318829                                      # Total active cycles for level _0_0_3_2
           ramulator.busy_cycles_0_0_3_2              318829                                      # (All-bank refresh only. busy cycles only include refresh time in rank level) The sum of cycles that the DRAM part is active or under refresh for level _0_0_3_2
      ramulator.serving_requests_0_0_3_2              381374                                      # The sum of read and write requests that are served in this DRAM element per memory cycle for level _0_0_3_2
ramulator.average_serving_requests_0_0_3_2            0.030485                                      # The average of read and write requests that are served in this DRAM element per memory cycle for level _0_0_3_2
         ramulator.active_cycles_0_0_3_3              313511                                      # Total active cycles for level _0_0_3_3
           ramulator.busy_cycles_0_0_3_3              313511                                      # (All-bank refresh only. busy cycles only include refresh time in rank level) The sum of cycles that the DRAM part is active or under refresh for level _0_0_3_3
      ramulator.serving_requests_0_0_3_3              366905                                      # The sum of read and write requests that are served in this DRAM element per memory cycle for level _0_0_3_3
ramulator.average_serving_requests_0_0_3_3            0.029329                                      # The average of read and write requests that are served in this DRAM element per memory cycle for level _0_0_3_3
      ramulator.read_transaction_bytes_0            10634688                                      # The total byte of read transaction per channel
     ramulator.write_transaction_bytes_0             7579712                                      # The total byte of write transaction per channel
       ramulator.row_hits_channel_0_core              250825                                      # Number of row hits per channel per core
     ramulator.row_misses_channel_0_core               11178                                      # Number of row misses per channel per core
  ramulator.row_conflicts_channel_0_core               22597                                      # Number of row conflicts per channel per core
  ramulator.read_row_hits_channel_0_core              153798                                      # Number of row hits for read requests per channel per core
                                     [0]            153798.0                                      # 
ramulator.read_row_misses_channel_0_core                3692                                      # Number of row misses for read requests per channel per core
                                     [0]              3692.0                                      # 
ramulator.read_row_conflicts_channel_0_core                8677                                      # Number of row conflicts for read requests per channel per core
                                     [0]              8677.0                                      # 
 ramulator.write_row_hits_channel_0_core               97027                                      # Number of row hits for write requests per channel per core
                                     [0]             97027.0                                      # 
ramulator.write_row_misses_channel_0_core                7486                                      # Number of row misses for write requests per channel per core
                                     [0]              7486.0                                      # 
ramulator.write_row_conflicts_channel_0_core               13920                                      # Number of row conflicts for write requests per channel per core
                                     [0]             13920.0                                      # 
      ramulator.useless_activates_0_core                  77                                      # Number of useless activations. E.g, ACT -> PRE w/o RD or WR
            ramulator.read_latency_avg_0           78.638207                                      # The average memory latency cycles (in memory time domain) per request for all read requests in this channel
            ramulator.read_latency_sum_0            13067704                                      # The memory latency cycles (in memory time domain) sum for all read requests in this channel
        ramulator.req_queue_length_avg_0           14.264150                                      # Average of read and write queue length per memory cycle per channel.
        ramulator.req_queue_length_sum_0           178444970                                      # Sum of read and write queue length per memory cycle per channel.
   ramulator.read_req_queue_length_avg_0            1.027682                                      # Read queue length average per memory cycle per channel.
   ramulator.read_req_queue_length_sum_0            12856329                                      # Read queue length sum per memory cycle per channel.
  ramulator.write_req_queue_length_avg_0           13.236468                                      # Write queue length average per memory cycle per channel.
  ramulator.write_req_queue_length_sum_0           165588641                                      # Write queue length sum per memory cycle per channel.
              ramulator.record_read_hits                 0.0                                      # record read hit count for this core when it reaches request limit or to the end
                                     [0]                 0.0                                      # 
            ramulator.record_read_misses                 0.0                                      # record_read_miss count for this core when it reaches request limit or to the end
                                     [0]                 0.0                                      # 
         ramulator.record_read_conflicts                 0.0                                      # record read conflict count for this core when it reaches request limit or to the end
                                     [0]                 0.0                                      # 
             ramulator.record_write_hits                 0.0                                      # record write hit count for this core when it reaches request limit or to the end
                                     [0]                 0.0                                      # 
           ramulator.record_write_misses                 0.0                                      # record write miss count for this core when it reaches request limit or to the end
                                     [0]                 0.0                                      # 
        ramulator.record_write_conflicts                 0.0                                      # record write conflict for this core when it reaches request limit or to the end
                                     [0]                 0.0                                      # 
                 ramulator.dram_capacity          8589934592                                      # Number of bytes in simulated DRAM
                   ramulator.dram_cycles            12510032                                      # Number of DRAM cycles simulated
             ramulator.incoming_requests              284626                                      # Number of incoming requests to DRAM
                 ramulator.read_requests              166175                                      # Number of incoming read requests to DRAM per core
                                     [0]            166175.0                                      # 
                ramulator.write_requests              118451                                      # Number of incoming write requests to DRAM per core
                                     [0]            118451.0                                      # 
       ramulator.ramulator_active_cycles             3421492                                      # The total number of cycles that the DRAM part is active (serving R/W)
 ramulator.incoming_requests_per_channel            284626.0                                      # Number of incoming requests to each DRAM channel
                                     [0]            284626.0                                      # 
ramulator.incoming_read_reqs_per_channel            166175.0                                      # Number of incoming read requests to each DRAM channel
                                     [0]            166175.0                                      # 
     ramulator.physical_page_replacement                   0                                      # The number of times that physical page replacement happens.
             ramulator.maximum_bandwidth         19200000000                                      # The theoretical maximum bandwidth (Bps)
          ramulator.in_queue_req_num_sum           178444970                                      # Sum of read/write queue length
     ramulator.in_queue_read_req_num_sum            12856329                                      # Sum of read queue length
    ramulator.in_queue_write_req_num_sum           165588641                                      # Sum of write queue length
          ramulator.in_queue_req_num_avg           14.264150                                      # Average of read/write queue length per memory cycle
     ramulator.in_queue_read_req_num_avg            1.027682                                      # Average of read queue length per memory cycle
    ramulator.in_queue_write_req_num_avg           13.236468                                      # Average of write queue length per memory cycle
          ramulator.record_read_requests                 0.0                                      # record read requests for this core when it reaches request limit or to the end
                                     [0]                 0.0                                      # 
         ramulator.record_write_requests                 0.0                                      # record write requests for this core when it reaches request limit or to the end
                                     [0]                 0.0                                      # 
