/* -*- Mode: c -*- */
####################################################################################################
Core 0
####################################################################################################
Cumulative:        Cycles: 16999338              Instructions: 19999999              IPC: 1.17652

Periodic:          Cycles: 8420370               Instructions: 9999998               IPC: 1.18760

MISS_WAIT_TIME                            143840901361                   195120172025              

ICACHE_STAGE_MISS                                12127                          25254              

ICACHE_CYCLE                                   8420370                       16999338              

TCACHE_CYCLE                                         0                              0              

ICACHE_SERVING_CYCLE_ON_PATH                    705116                        1413100              

ICACHE_SERVING_CYCLE_OFF_PATH                  1093946                        2236461              

UCACHE_SERVING_CYCLE_ON_PATH                   2010779                        4020605              

UCACHE_SERVING_CYCLE_OFF_PATH                  4224914                        8520238              

ICACHE_CYCLE_ONPATH                            2834545       33.663%          5695567       33.505%
ICACHE_CYCLE_OFFPATH                           5585825       66.337%         11303771       66.495%
                                               8420370      100.000%         16999338      100.000%
                                                  0.66         0.61              0.66         0.61

FETCH_ON_PATH                                  3066113       36.413%          6162493       36.251%
FETCH_OFF_PATH                                 5354257       63.587%         10836845       63.749%
                                               8420370      100.000%         16999338      100.000%
                                                  0.64         0.58              0.64         0.59

FETCHED_OPS_ON_PATH                                  0         -nan%                0         -nan%
FETCHED_OPS_OFF_PATH                                 0         -nan%                0         -nan%
                                                     0         -nan%                0         -nan%
                                                  -nan         -nan              -nan         -nan

INST_LOST_FETCH                               12931080       28.222%         25864364       28.076%
INST_LOST_OFF_PATH                            26954183       58.827%         54227560       58.865%
INST_LOST_FULL_WINDOW                                0        0.000%               28        0.000%
INST_LOST_ROB_STALL_OTHER                        30014        0.066%            47564        0.052%
INST_LOST_ROB_STALL_WAIT_FOR_RECOVERY                0        0.000%                0        0.000%
INST_LOST_ROB_STALL_WAIT_FOR_REDIRECT                0        0.000%                0        0.000%
INST_LOST_ROB_STALL_WAIT_FOR_GAP_FILL                0        0.000%                0        0.000%
INST_LOST_ROB_STALL_WAIT_FOR_L1_MISS                 0        0.000%                0        0.000%
INST_LOST_ROB_STALL_WAIT_FOR_MEMORY                  0        0.000%                0        0.000%
INST_LOST_ROB_STALL_WAIT_FOR_DC_MISS             16436        0.036%            30792        0.033%
INST_LOST_ROB_BLOCK_ISSUE_FULL                       0        0.000%                0        0.000%
INST_LOST_ROB_BLOCK_ISSUE_GAP_TOO_LARGE              0        0.000%                0        0.000%
INST_LOST_BREAK_DONT                                 0        0.000%                0        0.000%
INST_LOST_BREAK_FT_UNAVAILABLE                  939552        2.051%          1894452        2.056%
INST_LOST_BREAK_ICACHE_STAGE_RESTEER             12635        0.028%            25870        0.028%
INST_LOST_BREAK_ICACHE_MISS_REQ_SUCCESS          35579        0.078%            73952        0.080%
INST_LOST_BREAK_ICACHE_MISS_REQ_FAILURE              0        0.000%                0        0.000%
INST_LOST_BREAK_ICACHE_WAIT_FOR_MISS            580500        1.267%          1295260        1.406%
INST_LOST_BREAK_ICACHE_STALLED                     865        0.002%             1827        0.002%
INST_LOST_BREAK_ICACHE_TO_UOP_CACHE_SWITCH        499971        1.091%          1000069        1.086%
INST_LOST_BREAK_ICACHE_READ_LIMIT               187467        0.409%           376457        0.409%
INST_LOST_BREAK_ICACHE_ISSUE_WIDTH                   0        0.000%                0        0.000%
INST_LOST_BREAK_UOP_CACHE_STALLED                10649        0.023%            36801        0.040%
INST_LOST_BREAK_UOP_CACHE_TO_ICACHE_SWITCH        533432        1.164%          1078729        1.171%
INST_LOST_BREAK_UOP_CACHE_READ_LIMIT           3086925        6.737%          6168503        6.696%
INST_LOST_BREAK_UOP_CACHE_ISSUE_WIDTH                0        0.000%                0        0.000%
                                              45819288      100.000%         92122228      100.000%
                                                  3.27         6.70              3.29         6.71

INST_LOST_TOTAL                               46153990                       93082312              

INST_LOST_WAIT_FOR_ICACHE_MISS_NOT_PREFETCHED             0        0.000%            25800        2.617%
INST_LOST_WAIT_FOR_ICACHE_MISS_PREFETCHED_AND_EVICTED_BY_IFETCH             0        0.000%                0        0.000%
INST_LOST_WAIT_FOR_ICACHE_MISS_PREFETCHED_AND_EVICTED_BY_FDIP             0        0.000%                0        0.000%
INST_LOST_WAIT_FOR_ICACHE_MISS_MSHR_HIT_PREF_OFFPATH         14364        3.234%            28328        2.873%
INST_LOST_WAIT_FOR_ICACHE_MISS_MSHR_HIT_PREF_ONPATH        429752       96.766%           931776       94.510%
                                                444116      100.000%           985904      100.000%
                                                  3.97         3.91              3.87         3.76

FETCH_0_OPS                                     385615        4.580%           808934        4.759%
FETCH_1_OPS                                     213126        2.531%           427489        2.515%
FETCH_2_OPS                                     296312        3.519%           598326        3.520%
FETCH_3_OPS                                     482698        5.733%           963438        5.668%
FETCH_4_OPS                                    1880145       22.329%          3812395       22.427%
FETCH_5_OPS                                     482853        5.734%           966179        5.684%
FETCH_6_OPS                                    4679621       55.575%          9422577       55.429%
FETCH_7_OPS                                          0        0.000%                0        0.000%
FETCH_8_OPS                                          0        0.000%                0        0.000%
FETCH_9_OPS                                          0        0.000%                0        0.000%
FETCH_10_OPS                                         0        0.000%                0        0.000%
FETCH_11_OPS                                         0        0.000%                0        0.000%
FETCH_12_OPS                                         0        0.000%                0        0.000%
FETCH_13_OPS                                         0        0.000%                0        0.000%
FETCH_14_OPS                                         0        0.000%                0        0.000%
FETCH_15_OPS                                         0        0.000%                0        0.000%
FETCH_16_OPS                                         0        0.000%                0        0.000%
                                               8420370      100.000%         16999338      100.000%
                                                  4.78         1.33              4.77         1.33

ST_BREAK_DONT                                        0        0.000%                0        0.000%
ST_BREAK_FT_UNAVAILABLE                         234888        2.790%           473613        2.786%
ST_BREAK_ICACHE_STAGE_RESTEER                     4472        0.053%             9073        0.053%
ST_BREAK_ICACHE_MISS_REQ_SUCCESS                 12127        0.144%            25254        0.149%
ST_BREAK_ICACHE_MISS_REQ_FAILURE                     0        0.000%                0        0.000%
ST_BREAK_ICACHE_WAIT_FOR_MISS                   145125        1.723%           323815        1.905%
ST_BREAK_ICACHE_STALLED                           9053        0.108%            29247        0.172%
ST_BREAK_ICACHE_TO_UOP_CACHE_SWITCH             216408        2.570%           434245        2.554%
ST_BREAK_ICACHE_READ_LIMIT                      115274        1.369%           231312        1.361%
ST_BREAK_ICACHE_ISSUE_WIDTH                    1450247       17.223%          2937589       17.281%
ST_BREAK_UOP_CACHE_STALLED                       59409        0.706%           160018        0.941%
ST_BREAK_UOP_CACHE_TO_ICACHE_SWITCH             165779        1.969%           336652        1.980%
ST_BREAK_UOP_CACHE_READ_LIMIT                  1382639       16.420%          2759805       16.235%
ST_BREAK_UOP_CACHE_ISSUE_WIDTH                 4624949       54.926%          9278715       54.583%
                                               8420370      100.000%         16999338      100.000%
                                                 11.36         8.83             11.34         8.79

ORACLE_ON_PATH_INST                           12931080       32.421%         25864364       32.293%
ORACLE_OFF_PATH_INST                          26954183       67.579%         54227560       67.707%
                                              39885263      100.000%         80091924      100.000%
                                                  0.68         0.62              0.68         0.62

ORACLE_ON_PATH_INST_MEM                        4997620       12.530%         10006077       12.493%
ORACLE_ON_PATH_INST_NOTMEM                     7933460       19.891%         15858287       19.800%
ORACLE_OFF_PATH_INST_MEM                       9733658       24.404%         19523722       24.377%
ORACLE_OFF_PATH_INST_NOTMEM                   17220525       43.175%         34703838       43.330%
                                              39885263      100.000%         80091924      100.000%
                                                  1.98         1.53              1.99         1.53

ICACHE_CYCLE_NONRA_ONPATH                            0         -nan%                0         -nan%
ICACHE_CYCLE_NONRA_OFFPATH                           0         -nan%                0         -nan%
ICACHE_CYCLE_RA_ONPATH                               0         -nan%                0         -nan%
ICACHE_CYCLE_RA_OFFPATH                              0         -nan%                0         -nan%
                                                     0         -nan%                0         -nan%
                                                  -nan         -nan              -nan         -nan

ICACHE_CYCLE_ONPATH_NONRA                            0         -nan%                0         -nan%
ICACHE_CYCLE_OFFPATH_NONRA                           0         -nan%                0         -nan%
                                                     0         -nan%                0         -nan%
                                                  -nan         -nan              -nan         -nan

ICACHE_CYCLE_ONPATH_RA                               0         -nan%                0         -nan%
ICACHE_CYCLE_OFFPATH_RA                              0         -nan%                0         -nan%
                                                     0         -nan%                0         -nan%
                                                  -nan         -nan              -nan         -nan

INACCURATE_OFFPATH_CYCLES                            0        0.0000                0        0.0000

FETCH_ALL_INST                                39885263                       80091924              

EXEC_ALL_INST                                 22512654                       45123781              

RET_ALL_INST                                  12931170                       25864364              

EXEC_ON_PATH_INST                             12931155       57.439%         25864364       57.319%
EXEC_OFF_PATH_INST                             9581499       42.561%         19259417       42.681%
                                              22512654      100.000%         45123781      100.000%
                                                  0.43         0.47              0.43         0.47

EXEC_ON_PATH_INST_MEM                          4997645       22.199%         10006077       22.175%
EXEC_ON_PATH_INST_NOTMEM                       7933510       35.240%         15858287       35.144%
EXEC_OFF_PATH_INST_MEM                         3799367       16.877%          7606106       16.856%
EXEC_OFF_PATH_INST_NOTMEM                      5782132       25.684%         11653311       25.825%
                                              22512654      100.000%         45123781      100.000%
                                                  1.46         1.13              1.46         1.13

EXEC_RA_INST                                         0         -nan%                0         -nan%
EXEC_NONRA_INST                                      0         -nan%                0         -nan%
                                                     0         -nan%                0         -nan%
                                                  -nan         -nan              -nan         -nan

EXEC_ON_PATH_INST_RA                                 0         -nan%                0         -nan%
EXEC_OFF_PATH_INST_RA                                0         -nan%                0         -nan%
                                                     0         -nan%                0         -nan%
                                                  -nan         -nan              -nan         -nan

EXEC_ON_PATH_INST_NONRA                              0         -nan%                0         -nan%
EXEC_OFF_PATH_INST_NONRA                             0         -nan%                0         -nan%
                                                     0         -nan%                0         -nan%
                                                  -nan         -nan              -nan         -nan

EXEC_RA_ON_PATH_INST                                 0         -nan%                0         -nan%
EXEC_RA_OFF_PATH_INST                                0         -nan%                0         -nan%
EXEC_NONRA_ON_PATH_INST                              0         -nan%                0         -nan%
EXEC_NONRA_OFF_PATH_INST                             0         -nan%                0         -nan%
                                                     0         -nan%                0         -nan%
                                                  -nan         -nan              -nan         -nan

ICACHE_THROTTLE_CYCLE                                0                              0              

FETCH_ENABLE_THROTTLE_OFF_PATH                       0         -nan%                0         -nan%
FETCH_ENABLE_THROTTLE_ON_PATH                        0         -nan%                0         -nan%
                                                     0         -nan%                0         -nan%
                                                  -nan         -nan              -nan         -nan

FETCH_DISABLE_THROTTLE_OFF_PATH                      0         -nan%                0         -nan%
FETCH_DISABLE_THROTTLE_ON_PATH                       0         -nan%                0         -nan%
                                                     0         -nan%                0         -nan%
                                                  -nan         -nan              -nan         -nan

FETCH_TH_ADJUST__0                                   0         -nan%                0         -nan%
FETCH_TH_ADJUST__1                                   0         -nan%                0         -nan%
FETCH_TH_ADJUST__2                                   0         -nan%                0         -nan%
FETCH_TH_ADJUST__3                                   0         -nan%                0         -nan%
FETCH_TH_ADJUST__4                                   0         -nan%                0         -nan%
FETCH_TH_ADJUST__5                                   0         -nan%                0         -nan%
FETCH_TH_ADJUST__6                                   0         -nan%                0         -nan%
FETCH_TH_ADJUST__7                                   0         -nan%                0         -nan%
FETCH_TH_ADJUST__8                                   0         -nan%                0         -nan%
FETCH_TH_ADJUST__9                                   0         -nan%                0         -nan%
FETCH_TH_ADJUST__MAX                                 0         -nan%                0         -nan%
                                                     0         -nan%                0         -nan%
                                                  -nan         -nan              -nan         -nan

FETCH_TH_ADJUST_UP                                   0         -nan%                0         -nan%
FETCH_TH_ADJUST_DOWN                                 0         -nan%                0         -nan%
FETCH_TH_ADJUST_SAME                                 0         -nan%                0         -nan%
                                                     0         -nan%                0         -nan%
                                                  -nan         -nan              -nan         -nan

THROTTLE_ADJUST_CACHE_MISS_INFO                      0                              0              

LOW_CONF_COUNT_BP_MIS_0                              0         -nan%                0         -nan%
LOW_CONF_COUNT_BP_MIS_1                              0         -nan%                0         -nan%
LOW_CONF_COUNT_BP_MIS_2                              0         -nan%                0         -nan%
LOW_CONF_COUNT_BP_MIS_3                              0         -nan%                0         -nan%
LOW_CONF_COUNT_BP_MIS_4                              0         -nan%                0         -nan%
LOW_CONF_COUNT_BP_MIS_5                              0         -nan%                0         -nan%
LOW_CONF_COUNT_BP_MIS_6                              0         -nan%                0         -nan%
LOW_CONF_COUNT_BP_MIS_7                              0         -nan%                0         -nan%
LOW_CONF_COUNT_BP_MIS_8                              0         -nan%                0         -nan%
LOW_CONF_COUNT_BP_MIS_9                              0         -nan%                0         -nan%
LOW_CONF_COUNT_BP_MIS_10                             0         -nan%                0         -nan%
LOW_CONF_COUNT_BP_MIS_11                             0         -nan%                0         -nan%
LOW_CONF_COUNT_BP_MIS_12                             0         -nan%                0         -nan%
LOW_CONF_COUNT_BP_MIS_13                             0         -nan%                0         -nan%
LOW_CONF_COUNT_BP_MIS_14                             0         -nan%                0         -nan%
LOW_CONF_COUNT_BP_MIS_15                             0         -nan%                0         -nan%
LOW_CONF_COUNT_BP_MIS_16                             0         -nan%                0         -nan%
LOW_CONF_COUNT_BP_MIS_17                             0         -nan%                0         -nan%
LOW_CONF_COUNT_BP_MIS_18                             0         -nan%                0         -nan%
LOW_CONF_COUNT_BP_MIS_19                             0         -nan%                0         -nan%
LOW_CONF_COUNT_BP_MIS_20                             0         -nan%                0         -nan%
                                                     0         -nan%                0         -nan%
                                                  -nan         -nan              -nan         -nan

LOW_CONF_COUNT_RET_0                                 0         -nan%                0         -nan%
LOW_CONF_COUNT_RET_1                                 0         -nan%                0         -nan%
LOW_CONF_COUNT_RET_2                                 0         -nan%                0         -nan%
LOW_CONF_COUNT_RET_3                                 0         -nan%                0         -nan%
LOW_CONF_COUNT_RET_4                                 0         -nan%                0         -nan%
LOW_CONF_COUNT_RET_5                                 0         -nan%                0         -nan%
LOW_CONF_COUNT_RET_6                                 0         -nan%                0         -nan%
LOW_CONF_COUNT_RET_7                                 0         -nan%                0         -nan%
LOW_CONF_COUNT_RET_8                                 0         -nan%                0         -nan%
LOW_CONF_COUNT_RET_9                                 0         -nan%                0         -nan%
LOW_CONF_COUNT_RET_10                                0         -nan%                0         -nan%
LOW_CONF_COUNT_RET_11                                0         -nan%                0         -nan%
LOW_CONF_COUNT_RET_12                                0         -nan%                0         -nan%
LOW_CONF_COUNT_RET_13                                0         -nan%                0         -nan%
LOW_CONF_COUNT_RET_14                                0         -nan%                0         -nan%
LOW_CONF_COUNT_RET_15                                0         -nan%                0         -nan%
LOW_CONF_COUNT_RET_16                                0         -nan%                0         -nan%
LOW_CONF_COUNT_RET_17                                0         -nan%                0         -nan%
LOW_CONF_COUNT_RET_18                                0         -nan%                0         -nan%
LOW_CONF_COUNT_RET_19                                0         -nan%                0         -nan%
LOW_CONF_COUNT_RET_20                                0         -nan%                0         -nan%
                                                     0         -nan%                0         -nan%
                                                  -nan         -nan              -nan         -nan

CYCLES_RESTEER_MISPRED                               0         -nan%                0         -nan%
CYCLES_RESTEER_MISFETCH                              0         -nan%                0         -nan%
CYCLES_RESTEER_BTB_MISS                              0         -nan%                0         -nan%
                                                     0         -nan%                0         -nan%
                                                  -nan         -nan              -nan         -nan

CYCLES_RESTEER_MISPRED_SAVED_UC_FETCH                0         -nan%                0         -nan%
CYCLES_RESTEER_MISPRED_COULD_BE_SAVED_UC_FETCH             0         -nan%                0         -nan%
CYCLES_RESTEER_MISFETCH_SAVED_UC_FETCH               0         -nan%                0         -nan%
CYCLES_RESTEER_MISFETCH_COULD_BE_SAVED_UC_FETCH             0         -nan%                0         -nan%
CYCLES_RESTEER_BTB_MISS_SAVED_UC_FETCH               0         -nan%                0         -nan%
CYCLES_RESTEER_BTB_MISS_COULD_BE_SAVED_UC_FETCH             0         -nan%                0         -nan%
                                                     0         -nan%                0         -nan%
                                                  -nan         -nan              -nan         -nan

CYCLES_UOC_IC_SWITCH                                 0                              0              



