/* -*- Mode: c -*- */
####################################################################################################
Core 0
####################################################################################################
Cumulative:        Cycles: 16999338              Instructions: 19999999              IPC: 1.17652

Periodic:          Cycles: 8420370               Instructions: 9999998               IPC: 1.18760

ST_OP_INV                                            0        0.000%                0        0.000%
ST_OP_NOP                                       264064        2.042%           528748        2.044%
ST_OP_CF                                       1772103       13.704%          3557624       13.755%
ST_OP_MOV                                      1276216        9.869%          2548714        9.854%
ST_OP_CMOV                                        2902        0.022%             5648        0.022%
ST_OP_LDA                                       143871        1.113%           282558        1.092%
ST_OP_ILD                                      2036844       15.752%          4089090       15.810%
ST_OP_IST                                      1115232        8.624%          2242916        8.672%
ST_OP_IADD                                     1636621       12.656%          3284511       12.699%
ST_OP_IMUL                                       27881        0.216%            55175        0.213%
ST_OP_IDIV                                           0        0.000%                0        0.000%
ST_OP_ICMP                                      484587        3.747%           971211        3.755%
ST_OP_LOGIC                                     987569        7.637%          1980202        7.656%
ST_OP_SHIFT                                      89701        0.694%           182199        0.704%
ST_OP_FLD                                      1537838       11.893%          3060099       11.831%
ST_OP_FST                                       307706        2.380%           613972        2.374%
ST_OP_FCVT                                       95643        0.740%           189424        0.732%
ST_OP_FADD                                      259829        2.009%           518561        2.005%
ST_OP_FMUL                                      300520        2.324%           596940        2.308%
ST_OP_FMA                                       548549        4.242%          1070370        4.138%
ST_OP_FDIV                                       28284        0.219%            56309        0.218%
ST_OP_FCMP                                       15116        0.117%            30093        0.116%
ST_OP_FCMOV                                          0        0.000%                0        0.000%
ST_OP_GATHER                                         0        0.000%                0        0.000%
ST_OP_SCATTER                                        0        0.000%                0        0.000%
ST_OP_PIPELINED_FAST                                 0        0.000%                0        0.000%
ST_OP_PIPELINED_MEDIUM                               0        0.000%                0        0.000%
ST_OP_PIPELINED_SLOW                                 0        0.000%                0        0.000%
ST_OP_NOTPIPELINED_MEDIUM                            0        0.000%                0        0.000%
ST_OP_NOTPIPELINED_SLOW                              0        0.000%                0        0.000%
ST_OP_NOTPIPELINED_VERY_SLOW                         0        0.000%                0        0.000%
                                              12931076      100.000%         25864364      100.000%
                                                  8.42         5.13              8.40         5.11

ST_NOT_CF                                     11158973       86.296%         22306740       86.245%
ST_CF_BR                                        118085        0.913%           235654        0.911%
ST_CF_CBR                                      1157204        8.949%          2325233        8.990%
ST_CF_REP                                            0        0.000%                0        0.000%
ST_CF_CALL                                      164674        1.273%           330155        1.276%
ST_CF_IBR                                         2354        0.018%             4148        0.016%
ST_CF_ICALL                                      82552        0.638%           166141        0.642%
ST_CF_ICO                                            0        0.000%                0        0.000%
ST_CF_RET                                       247234        1.912%           496293        1.919%
ST_CF_SYS                                            0        0.000%                0        0.000%
                                              12931076      100.000%         25864364      100.000%
                                                  0.43         1.30              0.43         1.30

REP_FIRST                                            0                              0              

ST_BAR_NONE                                   12931076      100.000%         25864364      100.000%
ST_BAR_FETCH                                         0        0.000%                0        0.000%
ST_BAR_ISSUE                                         0        0.000%                0        0.000%
ST_BAR_BOTH                                          0        0.000%                0        0.000%
                                              12931076      100.000%         25864364      100.000%
                                                  0.00         0.00              0.00         0.00

ST_NOT_MEM                                     7933456       61.352%         15858287       61.313%
ST_MEM_LD                                      3574682       27.644%          7149189       27.641%
ST_MEM_ST                                      1422938       11.004%          2856888       11.046%
ST_MEM_PF                                            0        0.000%                0        0.000%
ST_MEM_WH                                            0        0.000%                0        0.000%
ST_MEM_EVICT                                         0        0.000%                0        0.000%
                                              12931076      100.000%         25864364      100.000%
                                                  0.50         0.56              0.50         0.57

ST_NOT_MEM_OFFPATH                            37068983       66.408%         75090099       66.571%
ST_MEM_LD_OFFPATH                             14007342       25.094%         28122435       24.932%
ST_MEM_ST_OFFPATH                              4743331        8.498%          9585280        8.498%
ST_MEM_PF_OFFPATH                                    0        0.000%                0        0.000%
ST_MEM_WH_OFFPATH                                    0        0.000%                0        0.000%
ST_MEM_EVIC_OFFPATHT                                 0        0.000%                0        0.000%
                                              55819656      100.000%        112797814      100.000%
                                                  0.42         0.54              0.42         0.54

ST_OP_ONPATH                                  12931076                       25864364              

ST_OP_OFFPATH                                 55819656                      112797814              

ST_FAKE_OP_OFFPATH                             6311145       11.306%         13253948       11.750%
ST_NOT_FAKE_OP_OFFPATH                        49508511       88.694%         99543866       88.250%
                                              55819656      100.000%        112797814      100.000%
                                                  0.89         0.84              0.88         0.84

ST_FAKE_REASON_NOT_FAKE                       49508511       88.694%         99543866       88.250%
ST_FAKE_REASON_REDIRECT_TO_NOT_INSTRUMENTED       6311145       11.306%         13253948       11.750%
ST_FAKE_REASON_RETURN_TO_NOT_INSTRUMENTED             0        0.000%                0        0.000%
ST_FAKE_REASON_NONRET_CF_TO_NOT_INSTRUMENTED             0        0.000%                0        0.000%
ST_FAKE_REASON_NOT_TAKEN_TO_NOT_INSTRUMENTED             0        0.000%                0        0.000%
ST_FAKE_REASON_WRONG_PATH_STORE_TO_NEW_REGION             0        0.000%                0        0.000%
                                              55819656      100.000%        112797814      100.000%
                                                  0.11         0.30              0.12         0.30

ST_INST_ONPATH                                 9999914                       19999999              

ST_INST_OFFPATH                               45940824                       92978894              

STATIC_PIN_NOP                                       0                              0              

DYNAMIC_PIN_REP_GREATER_256                          0                              0              

INST_MAP_UPDATE_JITTED                               0        0.000%                0        0.000%
INST_MAP_UPDATE_ENCODING                          6911        0.356%             6997        0.180%
INST_MAP_UPDATE_NPC_INV                              0        0.000%                0        0.000%
INST_MAP_UPDATE_NPC_NOP                              0        0.000%                0        0.000%
INST_MAP_UPDATE_NPC_CF                               0        0.000%                0        0.000%
INST_MAP_UPDATE_NPC_MOV                              0        0.000%                0        0.000%
INST_MAP_UPDATE_NPC_CMOV                             0        0.000%                0        0.000%
INST_MAP_UPDATE_NPC_LDA                              0        0.000%                0        0.000%
INST_MAP_UPDATE_NPC_IMEM                             0        0.000%                0        0.000%
INST_MAP_UPDATE_NPC_IADD                             0        0.000%                0        0.000%
INST_MAP_UPDATE_NPC_IMUL                        211126       10.887%           424115       10.919%
INST_MAP_UPDATE_NPC_IDIV                             0        0.000%                0        0.000%
INST_MAP_UPDATE_NPC_ICMP                             0        0.000%                0        0.000%
INST_MAP_UPDATE_NPC_LOGIC                            0        0.000%                0        0.000%
INST_MAP_UPDATE_NPC_SHIFT                            0        0.000%                0        0.000%
INST_MAP_UPDATE_NPC_FMEM                             0        0.000%                0        0.000%
INST_MAP_UPDATE_NPC_FCVT                             0        0.000%                0        0.000%
INST_MAP_UPDATE_NPC_FADD                             0        0.000%                0        0.000%
INST_MAP_UPDATE_NPC_FMUL                             0        0.000%                0        0.000%
INST_MAP_UPDATE_NPC_FMA                              0        0.000%                0        0.000%
INST_MAP_UPDATE_NPC_FDIV                             0        0.000%                0        0.000%
INST_MAP_UPDATE_NPC_FCMP                             0        0.000%                0        0.000%
INST_MAP_UPDATE_NPC_FCMOV                            0        0.000%                0        0.000%
INST_MAP_UPDATE_NPC_GATHER                           0        0.000%                0        0.000%
INST_MAP_UPDATE_NPC_SCATTER                          0        0.000%                0        0.000%
INST_MAP_UPDATE_NPC_PIPELINED_FAST                   0        0.000%                0        0.000%
INST_MAP_UPDATE_NPC_PIPELINED_MEDIUM                 0        0.000%                0        0.000%
INST_MAP_UPDATE_NPC_PIPELINED_SLOW                   0        0.000%                0        0.000%
INST_MAP_UPDATE_NPC_NOTPIPELINED_MEDIUM              0        0.000%                0        0.000%
INST_MAP_UPDATE_NPC_NOTPIPELINED_SLOW                0        0.000%                0        0.000%
INST_MAP_UPDATE_NPC_NOTPIPELINED_VERY_SLOW             0        0.000%                0        0.000%
INST_MAP_UPDATE_MEM_INV                              0        0.000%                0        0.000%
INST_MAP_UPDATE_MEM_NOP                              0        0.000%                0        0.000%
INST_MAP_UPDATE_MEM_CF                               0        0.000%                0        0.000%
INST_MAP_UPDATE_MEM_MOV                        1060047       54.661%          2139756       55.089%
INST_MAP_UPDATE_MEM_CMOV                           322        0.017%              687        0.018%
INST_MAP_UPDATE_MEM_LDA                              0        0.000%                0        0.000%
INST_MAP_UPDATE_MEM_IMEM                             0        0.000%                0        0.000%
INST_MAP_UPDATE_MEM_IADD                             0        0.000%                0        0.000%
INST_MAP_UPDATE_MEM_IMUL                        257137       13.259%           522641       13.456%
INST_MAP_UPDATE_MEM_IDIV                             0        0.000%                0        0.000%
INST_MAP_UPDATE_MEM_ICMP                             0        0.000%                0        0.000%
INST_MAP_UPDATE_MEM_LOGIC                        52661        2.715%           105397        2.713%
INST_MAP_UPDATE_MEM_SHIFT                        22945        1.183%            47046        1.211%
INST_MAP_UPDATE_MEM_FMEM                             0        0.000%                0        0.000%
INST_MAP_UPDATE_MEM_FCVT                             0        0.000%                0        0.000%
INST_MAP_UPDATE_MEM_FADD                             0        0.000%                0        0.000%
INST_MAP_UPDATE_MEM_FMUL                         41458        2.138%            83562        2.151%
INST_MAP_UPDATE_MEM_FMA                          57028        2.941%           114862        2.957%
INST_MAP_UPDATE_MEM_FDIV                         35687        1.840%            71641        1.844%
INST_MAP_UPDATE_MEM_FCMP                        157086        8.100%           290105        7.469%
INST_MAP_UPDATE_MEM_FCMOV                           28        0.001%               81        0.002%
INST_MAP_UPDATE_MEM_GATHER                        1890        0.097%             3932        0.101%
INST_MAP_UPDATE_MEM_SCATTER                          0        0.000%                0        0.000%
INST_MAP_UPDATE_MEM_PIPELINED_FAST                   0        0.000%                0        0.000%
INST_MAP_UPDATE_MEM_PIPELINED_MEDIUM                 0        0.000%                0        0.000%
INST_MAP_UPDATE_MEM_PIPELINED_SLOW               34994        1.804%            73356        1.889%
INST_MAP_UPDATE_MEM_NOTPIPELINED_MEDIUM              0        0.000%                0        0.000%
INST_MAP_UPDATE_MEM_NOTPIPELINED_SLOW                0        0.000%                0        0.000%
INST_MAP_UPDATE_MEM_NOTPIPELINED_VERY_SLOW             0        0.000%                0        0.000%
                                               1939320      100.000%          3884178      100.000%
                                                 34.93        10.73             34.92        10.60



