Scarab gitrev: 4a1223f
Warning: Scarab expects the trace file type to include OFFLINE_FILE_TYPE_ARCH_REGDEPS (0x20000), but got type: 0xe40
Scarab started at Tue Jun  2 01:27:17 2026

Initialized Ramulator. 
** Heartbeat:   5% -- { 1000004 } -- 0.00 KIPS (45.45 KIPS)
** Heartbeat:  10% -- { 2000004 } -- 62.50 KIPS (52.63 KIPS)
** Heartbeat:  15% -- { 3000009 } -- 66.67 KIPS (56.60 KIPS)
** Heartbeat:  20% -- { 4000013 } -- 62.50 KIPS (57.97 KIPS)
** Heartbeat:  25% -- { 5000014 } -- 50.00 KIPS (56.18 KIPS)
** Heartbeat:  30% -- { 6000017 } -- 62.50 KIPS (57.14 KIPS)
** Heartbeat:  35% -- { 7000019 } -- 71.43 KIPS (58.82 KIPS)
** Heartbeat:  40% -- { 8000019 } -- 100.00 KIPS (62.02 KIPS)
** Heartbeat:  45% -- { 9000019 } -- 83.33 KIPS (63.83 KIPS)
** Heartbeat:  50% -- { 10000020 } -- 111.11 KIPS (66.67 KIPS)
** Heartbeat:  55% -- { 11000022 } -- 111.11 KIPS (69.18 KIPS)
** Heartbeat:  60% -- { 12000024 } -- 142.86 KIPS (72.29 KIPS)
** Heartbeat:  65% -- { 13000024 } -- 125.00 KIPS (74.71 KIPS)
** Heartbeat:  70% -- { 14000024 } -- 142.86 KIPS (77.35 KIPS)
** Heartbeat:  75% -- { 15000024 } -- 125.00 KIPS (79.37 KIPS)
** Heartbeat:  80% -- { 16000026 } -- 125.00 KIPS (81.22 KIPS)
** Heartbeat:  85% -- { 17000030 } -- 142.86 KIPS (83.33 KIPS)
** Heartbeat:  90% -- { 18000032 } -- 200.00 KIPS (86.12 KIPS)
** Heartbeat:  95% -- { 19000033 } -- 166.67 KIPS (88.37 KIPS)
Reached end of trace (last_inst) pc=0x7ffff3504caf
** Core 0 Finished:    insts:19999999    cycles:16999338    time:5312293125000       -- 1.18 IPC (1.18 IPC) --  N/A  KIPS (90.91 KIPS)
Scarab finished at Tue Jun  2 01:30:57 2026

