               ramulator.active_cycles_0             8569580                                      # Total active cycles for level _0
                 ramulator.busy_cycles_0             8569580                                      # (All-bank refresh only. busy cycles only include refresh time in rank level) The sum of cycles that the DRAM part is active or under refresh for level _0
            ramulator.serving_requests_0            16154058                                      # The sum of read and write requests that are served in this DRAM element per memory cycle for level _0
    ramulator.average_serving_requests_0            1.386263                                      # The average of read and write requests that are served in this DRAM element per memory cycle for level _0
             ramulator.active_cycles_0_0             8569580                                      # Total active cycles for level _0_0
               ramulator.busy_cycles_0_0             8782520                                      # (All-bank refresh only. busy cycles only include refresh time in rank level) The sum of cycles that the DRAM part is active or under refresh for level _0_0
          ramulator.serving_requests_0_0            16154058                                      # The sum of read and write requests that are served in this DRAM element per memory cycle for level _0_0
  ramulator.average_serving_requests_0_0            1.386263                                      # The average of read and write requests that are served in this DRAM element per memory cycle for level _0_0
           ramulator.active_cycles_0_0_0             2106285                                      # Total active cycles for level _0_0_0
             ramulator.busy_cycles_0_0_0             2106285                                      # (All-bank refresh only. busy cycles only include refresh time in rank level) The sum of cycles that the DRAM part is active or under refresh for level _0_0_0
        ramulator.serving_requests_0_0_0             3032795                                      # The sum of read and write requests that are served in this DRAM element per memory cycle for level _0_0_0
ramulator.average_serving_requests_0_0_0            0.260260                                      # The average of read and write requests that are served in this DRAM element per memory cycle for level _0_0_0
         ramulator.active_cycles_0_0_0_0              624413                                      # Total active cycles for level _0_0_0_0
           ramulator.busy_cycles_0_0_0_0              624413                                      # (All-bank refresh only. busy cycles only include refresh time in rank level) The sum of cycles that the DRAM part is active or under refresh for level _0_0_0_0
      ramulator.serving_requests_0_0_0_0              707738                                      # The sum of read and write requests that are served in this DRAM element per memory cycle for level _0_0_0_0
ramulator.average_serving_requests_0_0_0_0            0.060735                                      # The average of read and write requests that are served in this DRAM element per memory cycle for level _0_0_0_0
         ramulator.active_cycles_0_0_0_1              645908                                      # Total active cycles for level _0_0_0_1
           ramulator.busy_cycles_0_0_0_1              645908                                      # (All-bank refresh only. busy cycles only include refresh time in rank level) The sum of cycles that the DRAM part is active or under refresh for level _0_0_0_1
      ramulator.serving_requests_0_0_0_1              740714                                      # The sum of read and write requests that are served in this DRAM element per memory cycle for level _0_0_0_1
ramulator.average_serving_requests_0_0_0_1            0.063564                                      # The average of read and write requests that are served in this DRAM element per memory cycle for level _0_0_0_1
         ramulator.active_cycles_0_0_0_2              648612                                      # Total active cycles for level _0_0_0_2
           ramulator.busy_cycles_0_0_0_2              648612                                      # (All-bank refresh only. busy cycles only include refresh time in rank level) The sum of cycles that the DRAM part is active or under refresh for level _0_0_0_2
      ramulator.serving_requests_0_0_0_2              734764                                      # The sum of read and write requests that are served in this DRAM element per memory cycle for level _0_0_0_2
ramulator.average_serving_requests_0_0_0_2            0.063054                                      # The average of read and write requests that are served in this DRAM element per memory cycle for level _0_0_0_2
         ramulator.active_cycles_0_0_0_3              752155                                      # Total active cycles for level _0_0_0_3
           ramulator.busy_cycles_0_0_0_3              752155                                      # (All-bank refresh only. busy cycles only include refresh time in rank level) The sum of cycles that the DRAM part is active or under refresh for level _0_0_0_3
      ramulator.serving_requests_0_0_0_3              849579                                      # The sum of read and write requests that are served in this DRAM element per memory cycle for level _0_0_0_3
ramulator.average_serving_requests_0_0_0_3            0.072907                                      # The average of read and write requests that are served in this DRAM element per memory cycle for level _0_0_0_3
           ramulator.active_cycles_0_0_1             3150952                                      # Total active cycles for level _0_0_1
             ramulator.busy_cycles_0_0_1             3150952                                      # (All-bank refresh only. busy cycles only include refresh time in rank level) The sum of cycles that the DRAM part is active or under refresh for level _0_0_1
        ramulator.serving_requests_0_0_1             4302538                                      # The sum of read and write requests that are served in this DRAM element per memory cycle for level _0_0_1
ramulator.average_serving_requests_0_0_1            0.369223                                      # The average of read and write requests that are served in this DRAM element per memory cycle for level _0_0_1
         ramulator.active_cycles_0_0_1_0             1504721                                      # Total active cycles for level _0_0_1_0
           ramulator.busy_cycles_0_0_1_0             1504721                                      # (All-bank refresh only. busy cycles only include refresh time in rank level) The sum of cycles that the DRAM part is active or under refresh for level _0_0_1_0
      ramulator.serving_requests_0_0_1_0             1604325                                      # The sum of read and write requests that are served in this DRAM element per memory cycle for level _0_0_1_0
ramulator.average_serving_requests_0_0_1_0            0.137675                                      # The average of read and write requests that are served in this DRAM element per memory cycle for level _0_0_1_0
         ramulator.active_cycles_0_0_1_1              592581                                      # Total active cycles for level _0_0_1_1
           ramulator.busy_cycles_0_0_1_1              592581                                      # (All-bank refresh only. busy cycles only include refresh time in rank level) The sum of cycles that the DRAM part is active or under refresh for level _0_0_1_1
      ramulator.serving_requests_0_0_1_1              673036                                      # The sum of read and write requests that are served in this DRAM element per memory cycle for level _0_0_1_1
ramulator.average_serving_requests_0_0_1_1            0.057757                                      # The average of read and write requests that are served in this DRAM element per memory cycle for level _0_0_1_1
         ramulator.active_cycles_0_0_1_2              889635                                      # Total active cycles for level _0_0_1_2
           ramulator.busy_cycles_0_0_1_2              889635                                      # (All-bank refresh only. busy cycles only include refresh time in rank level) The sum of cycles that the DRAM part is active or under refresh for level _0_0_1_2
      ramulator.serving_requests_0_0_1_2              991940                                      # The sum of read and write requests that are served in this DRAM element per memory cycle for level _0_0_1_2
ramulator.average_serving_requests_0_0_1_2            0.085124                                      # The average of read and write requests that are served in this DRAM element per memory cycle for level _0_0_1_2
         ramulator.active_cycles_0_0_1_3              915076                                      # Total active cycles for level _0_0_1_3
           ramulator.busy_cycles_0_0_1_3              915076                                      # (All-bank refresh only. busy cycles only include refresh time in rank level) The sum of cycles that the DRAM part is active or under refresh for level _0_0_1_3
      ramulator.serving_requests_0_0_1_3             1033237                                      # The sum of read and write requests that are served in this DRAM element per memory cycle for level _0_0_1_3
ramulator.average_serving_requests_0_0_1_3            0.088667                                      # The average of read and write requests that are served in this DRAM element per memory cycle for level _0_0_1_3
           ramulator.active_cycles_0_0_2             4553971                                      # Total active cycles for level _0_0_2
             ramulator.busy_cycles_0_0_2             4553971                                      # (All-bank refresh only. busy cycles only include refresh time in rank level) The sum of cycles that the DRAM part is active or under refresh for level _0_0_2
        ramulator.serving_requests_0_0_2             6017639                                      # The sum of read and write requests that are served in this DRAM element per memory cycle for level _0_0_2
ramulator.average_serving_requests_0_0_2            0.516405                                      # The average of read and write requests that are served in this DRAM element per memory cycle for level _0_0_2
         ramulator.active_cycles_0_0_2_0              762270                                      # Total active cycles for level _0_0_2_0
           ramulator.busy_cycles_0_0_2_0              762270                                      # (All-bank refresh only. busy cycles only include refresh time in rank level) The sum of cycles that the DRAM part is active or under refresh for level _0_0_2_0
      ramulator.serving_requests_0_0_2_0              854446                                      # The sum of read and write requests that are served in this DRAM element per memory cycle for level _0_0_2_0
ramulator.average_serving_requests_0_0_2_0            0.073324                                      # The average of read and write requests that are served in this DRAM element per memory cycle for level _0_0_2_0
         ramulator.active_cycles_0_0_2_1             2060586                                      # Total active cycles for level _0_0_2_1
           ramulator.busy_cycles_0_0_2_1             2060586                                      # (All-bank refresh only. busy cycles only include refresh time in rank level) The sum of cycles that the DRAM part is active or under refresh for level _0_0_2_1
      ramulator.serving_requests_0_0_2_1             2181757                                      # The sum of read and write requests that are served in this DRAM element per memory cycle for level _0_0_2_1
ramulator.average_serving_requests_0_0_2_1            0.187228                                      # The average of read and write requests that are served in this DRAM element per memory cycle for level _0_0_2_1
         ramulator.active_cycles_0_0_2_2             1750792                                      # Total active cycles for level _0_0_2_2
           ramulator.busy_cycles_0_0_2_2             1750792                                      # (All-bank refresh only. busy cycles only include refresh time in rank level) The sum of cycles that the DRAM part is active or under refresh for level _0_0_2_2
      ramulator.serving_requests_0_0_2_2             1859588                                      # The sum of read and write requests that are served in this DRAM element per memory cycle for level _0_0_2_2
ramulator.average_serving_requests_0_0_2_2            0.159581                                      # The average of read and write requests that are served in this DRAM element per memory cycle for level _0_0_2_2
         ramulator.active_cycles_0_0_2_3             1033433                                      # Total active cycles for level _0_0_2_3
           ramulator.busy_cycles_0_0_2_3             1033433                                      # (All-bank refresh only. busy cycles only include refresh time in rank level) The sum of cycles that the DRAM part is active or under refresh for level _0_0_2_3
      ramulator.serving_requests_0_0_2_3             1121848                                      # The sum of read and write requests that are served in this DRAM element per memory cycle for level _0_0_2_3
ramulator.average_serving_requests_0_0_2_3            0.096272                                      # The average of read and write requests that are served in this DRAM element per memory cycle for level _0_0_2_3
           ramulator.active_cycles_0_0_3             2143396                                      # Total active cycles for level _0_0_3
             ramulator.busy_cycles_0_0_3             2143396                                      # (All-bank refresh only. busy cycles only include refresh time in rank level) The sum of cycles that the DRAM part is active or under refresh for level _0_0_3
        ramulator.serving_requests_0_0_3             2761478                                      # The sum of read and write requests that are served in this DRAM element per memory cycle for level _0_0_3
ramulator.average_serving_requests_0_0_3            0.236977                                      # The average of read and write requests that are served in this DRAM element per memory cycle for level _0_0_3
         ramulator.active_cycles_0_0_3_0              742178                                      # Total active cycles for level _0_0_3_0
           ramulator.busy_cycles_0_0_3_0              742178                                      # (All-bank refresh only. busy cycles only include refresh time in rank level) The sum of cycles that the DRAM part is active or under refresh for level _0_0_3_0
      ramulator.serving_requests_0_0_3_0              840247                                      # The sum of read and write requests that are served in this DRAM element per memory cycle for level _0_0_3_0
ramulator.average_serving_requests_0_0_3_0            0.072106                                      # The average of read and write requests that are served in this DRAM element per memory cycle for level _0_0_3_0
         ramulator.active_cycles_0_0_3_1              708820                                      # Total active cycles for level _0_0_3_1
           ramulator.busy_cycles_0_0_3_1              708820                                      # (All-bank refresh only. busy cycles only include refresh time in rank level) The sum of cycles that the DRAM part is active or under refresh for level _0_0_3_1
      ramulator.serving_requests_0_0_3_1              792191                                      # The sum of read and write requests that are served in this DRAM element per memory cycle for level _0_0_3_1
ramulator.average_serving_requests_0_0_3_1            0.067982                                      # The average of read and write requests that are served in this DRAM element per memory cycle for level _0_0_3_1
         ramulator.active_cycles_0_0_3_2              331533                                      # Total active cycles for level _0_0_3_2
           ramulator.busy_cycles_0_0_3_2              331533                                      # (All-bank refresh only. busy cycles only include refresh time in rank level) The sum of cycles that the DRAM part is active or under refresh for level _0_0_3_2
      ramulator.serving_requests_0_0_3_2              413228                                      # The sum of read and write requests that are served in this DRAM element per memory cycle for level _0_0_3_2
ramulator.average_serving_requests_0_0_3_2            0.035461                                      # The average of read and write requests that are served in this DRAM element per memory cycle for level _0_0_3_2
         ramulator.active_cycles_0_0_3_3              633101                                      # Total active cycles for level _0_0_3_3
           ramulator.busy_cycles_0_0_3_3              633101                                      # (All-bank refresh only. busy cycles only include refresh time in rank level) The sum of cycles that the DRAM part is active or under refresh for level _0_0_3_3
      ramulator.serving_requests_0_0_3_3              715812                                      # The sum of read and write requests that are served in this DRAM element per memory cycle for level _0_0_3_3
ramulator.average_serving_requests_0_0_3_3            0.061428                                      # The average of read and write requests that are served in this DRAM element per memory cycle for level _0_0_3_3
      ramulator.read_transaction_bytes_0            12530752                                      # The total byte of read transaction per channel
     ramulator.write_transaction_bytes_0              231552                                      # The total byte of write transaction per channel
       ramulator.row_hits_channel_0_core              129823                                      # Number of row hits per channel per core
     ramulator.row_misses_channel_0_core                7816                                      # Number of row misses per channel per core
  ramulator.row_conflicts_channel_0_core               61772                                      # Number of row conflicts per channel per core
  ramulator.read_row_hits_channel_0_core              129352                                      # Number of row hits for read requests per channel per core
                                     [0]            129352.0                                      # 
ramulator.read_row_misses_channel_0_core                7572                                      # Number of row misses for read requests per channel per core
                                     [0]              7572.0                                      # 
ramulator.read_row_conflicts_channel_0_core               58869                                      # Number of row conflicts for read requests per channel per core
                                     [0]             58869.0                                      # 
 ramulator.write_row_hits_channel_0_core                 471                                      # Number of row hits for write requests per channel per core
                                     [0]               471.0                                      # 
ramulator.write_row_misses_channel_0_core                 244                                      # Number of row misses for write requests per channel per core
                                     [0]               244.0                                      # 
ramulator.write_row_conflicts_channel_0_core                2903                                      # Number of row conflicts for write requests per channel per core
                                     [0]              2903.0                                      # 
      ramulator.useless_activates_0_core                   5                                      # Number of useless activations. E.g, ACT -> PRE w/o RD or WR
            ramulator.read_latency_avg_0           52.494304                                      # The average memory latency cycles (in memory time domain) per request for all read requests in this channel
            ramulator.read_latency_sum_0            10299330                                      # The memory latency cycles (in memory time domain) sum for all read requests in this channel
        ramulator.req_queue_length_avg_0           14.350481                                      # Average of read and write queue length per memory cycle per channel.
        ramulator.req_queue_length_sum_0           167225450                                      # Sum of read and write queue length per memory cycle per channel.
   ramulator.read_req_queue_length_avg_0            0.790431                                      # Read queue length average per memory cycle per channel.
   ramulator.read_req_queue_length_sum_0             9210853                                      # Read queue length sum per memory cycle per channel.
  ramulator.write_req_queue_length_avg_0           13.560050                                      # Write queue length average per memory cycle per channel.
  ramulator.write_req_queue_length_sum_0           158014597                                      # Write queue length sum per memory cycle per channel.
              ramulator.record_read_hits                 0.0                                      # record read hit count for this core when it reaches request limit or to the end
                                     [0]                 0.0                                      # 
            ramulator.record_read_misses                 0.0                                      # record_read_miss count for this core when it reaches request limit or to the end
                                     [0]                 0.0                                      # 
         ramulator.record_read_conflicts                 0.0                                      # record read conflict count for this core when it reaches request limit or to the end
                                     [0]                 0.0                                      # 
             ramulator.record_write_hits                 0.0                                      # record write hit count for this core when it reaches request limit or to the end
                                     [0]                 0.0                                      # 
           ramulator.record_write_misses                 0.0                                      # record write miss count for this core when it reaches request limit or to the end
                                     [0]                 0.0                                      # 
        ramulator.record_write_conflicts                 0.0                                      # record write conflict for this core when it reaches request limit or to the end
                                     [0]                 0.0                                      # 
                 ramulator.dram_capacity          8589934592                                      # Number of bytes in simulated DRAM
                   ramulator.dram_cycles            11652951                                      # Number of DRAM cycles simulated
             ramulator.incoming_requests              199832                                      # Number of incoming requests to DRAM
                 ramulator.read_requests              196199                                      # Number of incoming read requests to DRAM per core
                                     [0]            196199.0                                      # 
                ramulator.write_requests                3633                                      # Number of incoming write requests to DRAM per core
                                     [0]              3633.0                                      # 
       ramulator.ramulator_active_cycles             8603572                                      # The total number of cycles that the DRAM part is active (serving R/W)
 ramulator.incoming_requests_per_channel            199832.0                                      # Number of incoming requests to each DRAM channel
                                     [0]            199832.0                                      # 
ramulator.incoming_read_reqs_per_channel            196199.0                                      # Number of incoming read requests to each DRAM channel
                                     [0]            196199.0                                      # 
     ramulator.physical_page_replacement                   0                                      # The number of times that physical page replacement happens.
             ramulator.maximum_bandwidth         19200000000                                      # The theoretical maximum bandwidth (Bps)
          ramulator.in_queue_req_num_sum           167225450                                      # Sum of read/write queue length
     ramulator.in_queue_read_req_num_sum             9210853                                      # Sum of read queue length
    ramulator.in_queue_write_req_num_sum           158014597                                      # Sum of write queue length
          ramulator.in_queue_req_num_avg           14.350481                                      # Average of read/write queue length per memory cycle
     ramulator.in_queue_read_req_num_avg            0.790431                                      # Average of read queue length per memory cycle
    ramulator.in_queue_write_req_num_avg           13.560050                                      # Average of write queue length per memory cycle
          ramulator.record_read_requests                 0.0                                      # record read requests for this core when it reaches request limit or to the end
                                     [0]                 0.0                                      # 
         ramulator.record_write_requests                 0.0                                      # record write requests for this core when it reaches request limit or to the end
                                     [0]                 0.0                                      # 
