Scarab gitrev: 4a1223f
Warning: Scarab expects the trace file type to include OFFLINE_FILE_TYPE_ARCH_REGDEPS (0x20000), but got type: 0xe40
Scarab started at Tue Jun  2 01:23:48 2026

Initialized Ramulator. 
** Heartbeat:   5% -- { 1000000 } -- 0.00 KIPS (58.82 KIPS)
** Heartbeat:  10% -- { 2000000 } -- 47.62 KIPS (52.63 KIPS)
** Heartbeat:  15% -- { 3000000 } -- 50.00 KIPS (51.72 KIPS)
** Heartbeat:  20% -- { 4000000 } -- 62.50 KIPS (54.05 KIPS)
** Heartbeat:  25% -- { 5000000 } -- 55.56 KIPS (54.35 KIPS)
** Heartbeat:  30% -- { 6000003 } -- 55.56 KIPS (54.55 KIPS)
** Heartbeat:  35% -- { 7000003 } -- 58.82 KIPS (55.12 KIPS)
** Heartbeat:  40% -- { 8000003 } -- 52.63 KIPS (54.79 KIPS)
** Heartbeat:  45% -- { 9000004 } -- 58.82 KIPS (55.21 KIPS)
** Heartbeat:  50% -- { 10000004 } -- 52.63 KIPS (54.95 KIPS)
** Heartbeat:  55% -- { 11000005 } -- 52.63 KIPS (54.73 KIPS)
** Heartbeat:  60% -- { 12000006 } -- 52.63 KIPS (54.55 KIPS)
** Heartbeat:  65% -- { 13000006 } -- 58.82 KIPS (54.85 KIPS)
** Heartbeat:  70% -- { 14000007 } -- 66.67 KIPS (55.56 KIPS)
** Heartbeat:  75% -- { 15000007 } -- 66.67 KIPS (56.18 KIPS)
** Heartbeat:  80% -- { 16000007 } -- 52.63 KIPS (55.94 KIPS)
** Heartbeat:  85% -- { 17000007 } -- 58.82 KIPS (56.11 KIPS)
** Heartbeat:  90% -- { 18000007 } -- 71.43 KIPS (56.78 KIPS)
** Heartbeat:  95% -- { 19000007 } -- 66.67 KIPS (57.23 KIPS)
Reached end of trace (last_inst) pc=0x7ffff3dac11f
** Core 0 Finished:    insts:19999999    cycles:31074524    time:9710788750000       -- 0.64 IPC (0.64 IPC) --  N/A  KIPS (57.47 KIPS)
Scarab finished at Tue Jun  2 01:29:36 2026

 01:27:32 2026

