/* -*- Mode: c -*- */
####################################################################################################
Core 0
####################################################################################################
Cumulative:        Cycles: 31074524              Instructions: 19999999              IPC: 0.64361

Periodic:          Cycles: 15456094              Instructions: 9999995               IPC: 0.64699

DCACHE_PREF_HIT                                      0                              0              

IFETCH_WB_FIRST_SCHEDULE                             0         -nan%                0         -nan%
PREFETCH_LAST_SCHEDULE                               0         -nan%                0         -nan%
DEMAND_PASS_PREF_SCHEDULE                            0         -nan%                0         -nan%
DEMAND_PASS_LOW_OP_SCHEDULE                          0         -nan%                0         -nan%
DEMAND_LAST_SCHEDULE                                 0         -nan%                0         -nan%
                                                     0         -nan%                0         -nan%
                                                  -nan         -nan              -nan         -nan

SEND_MISS_REQ_QUEUE                              97771                         196199              

L1_DATA_EVICT                                    97816                         179904              

STREAM_BUFFER_REQ                                    0                              0              

PREF_SEND_TO_MEM_REQ                                 0         -nan%                0         -nan%
PREF_SEND_TO_MEM_REQ_FAIL                            0         -nan%                0         -nan%
                                                     0         -nan%                0         -nan%
                                                  -nan         -nan              -nan         -nan

HIT_TRAIN_STREAM                                 63232       66.494%           121979       64.067%
MISS_TRAIN_STREAM                                31863       33.506%            68413       35.933%
                                                 95095      100.000%           190392      100.000%
                                                  0.34         0.43              0.36         0.44

STREAM_TRAIN_CREATE                              29055                          62180              

MEM_REQ_MISS_HWP_PREF_Q                              0         -nan%                0         -nan%
MEM_REQ_MISS_SW_PREF_Q                               0         -nan%                0         -nan%
MEM_REQ_MISS_IFETCH_Q                                0         -nan%                0         -nan%
MEM_REQ_MISS_DFETCH_Q                                0         -nan%                0         -nan%
MEM_REQ_MISS_DSTORE_Q                                0         -nan%                0         -nan%
MEM_REQ_MISS_DPRF_Q                                  0         -nan%                0         -nan%
MEM_REQ_MISS_WB_Q                                    0         -nan%                0         -nan%
                                                     0         -nan%                0         -nan%
                                                  -nan         -nan              -nan         -nan

PREF_HIT_BY_DEMAND_IFETCH                            0         -nan%                0         -nan%
PREF_HIT_BY_DEMAND_DFETCH                            0         -nan%                0         -nan%
PREF_HIT_BY_DEMAND_DSTORE                            0         -nan%                0         -nan%
PREF_HIT_BY_DEMAND_IPREF                             0         -nan%                0         -nan%
PREF_HIT_BY_DEMAND_DPRF                              0         -nan%                0         -nan%
PREF_HIT_BY_DEMAND_WB                                0         -nan%                0         -nan%
PREF_HIT_BY_PREF                                     0         -nan%                0         -nan%
                                                     0         -nan%                0         -nan%
                                                  -nan         -nan              -nan         -nan

PREF_HIT_DEMAND_IFETCH                               0         -nan%                0         -nan%
PREF_HIT_DEMAND_DFETCH                               0         -nan%                0         -nan%
PREF_HIT_DEMAND_DSTORE                               0         -nan%                0         -nan%
PREF_HIT_DEMAND_IPREF                                0         -nan%                0         -nan%
PREF_HIT_DEMAND_DPRF                                 0         -nan%                0         -nan%
PREF_HIT_DEMAND_WB                                   0         -nan%                0         -nan%
                                                     0         -nan%                0         -nan%
                                                  -nan         -nan              -nan         -nan

PREF_L1_FILL                                         0         -nan%                0         -nan%
DEMAND_L1_FILL                                       0         -nan%                0         -nan%
                                                     0         -nan%                0         -nan%
                                                  -nan         -nan              -nan         -nan

TOUCH_L1_REPLACE                                     0        0.000%                0        0.000%
NO_TOUCH_L1_REPLACE                              97816      100.000%           179904      100.000%
                                                 97816      100.000%           179904      100.000%
                                                  1.00         1.00              1.00         1.00

PREF_REQ_QUE_FULL                                    0                              0              

STREAM_REQ_QUEUE_HIT_BY_DEMAND                       0                              0              

L2HIT_STREAM_PREF_REQ_QUE_FULL                       0                              0              

L2HIT_HIT_TRAIN_STREAM                               0         -nan%                0         -nan%
L2HIT_MISS_TRAIN_STREAM                              0         -nan%                0         -nan%
                                                     0         -nan%                0         -nan%
                                                  -nan         -nan              -nan         -nan

L2HIT_STREAM_TRAIN_CREATE                            0                              0              

L2HIT_STREAM_BUFFER_REQ                              0                              0              

L2HIT_STREAM_PREF_DCACHE_HIT                         0         -nan%                0         -nan%
L2HIT_STREAM_PREF_DCACHE_INSERT                      0         -nan%                0         -nan%
L2HIT_STREAM_L2_MISS                                 0         -nan%                0         -nan%
                                                     0         -nan%                0         -nan%
                                                  -nan         -nan              -nan         -nan

L2HIT_STREAM_DCACHE_PORT_FULL                        0                              0              

L2HIT_STREAM_PREF_L1_PORT_FULL                       0                              0              

L2HIT_TRAIN_HIT_DEMAND                               0         -nan%                0         -nan%
L2HIT_TRAIN_MISS_REQ                                 0         -nan%                0         -nan%
                                                     0         -nan%                0         -nan%
                                                  -nan         -nan              -nan         -nan

L2HIT_TRAIN_FILTER_MISS                              0         -nan%                0         -nan%
L2HIT_TRAIN_FILTER_HIT                               0         -nan%                0         -nan%
                                                     0         -nan%                0         -nan%
                                                  -nan         -nan              -nan         -nan

L2HIT_PREF_REQ_DCACHE_HIT                            0         -nan%                0         -nan%
L2HIT_PREF_REQ_DCACHE_MISS                           0         -nan%                0         -nan%
                                                     0         -nan%                0         -nan%
                                                  -nan         -nan              -nan         -nan

L2HIT_L2SEND_Q_FULL                                  0         -nan%                0         -nan%
L2HIT_L2SEND_Q_ENTER                                 0         -nan%                0         -nan%
                                                     0         -nan%                0         -nan%
                                                  -nan         -nan              -nan         -nan

L2HIT_MEM_REQ                                        0                              0              

REMOVE_REDUNDANT_STREAM_STAT                         0                              0              

REPLACE_OLD_STREAM                               29055                          62164              

REQ_SEND_QUEUE_STALL                                 0                              0              

STREAM_ENTER_RA                                      0                              0              

CORE_STREAM_LENGTH_0                                33       18.966%               63       19.091%
CORE_STREAM_LENGTH_10                               65       37.356%              119       36.061%
CORE_STREAM_LENGTH_20                               34       19.540%               74       22.424%
CORE_STREAM_LENGTH_30                               11        6.322%               18        5.455%
CORE_STREAM_LENGTH_40                                2        1.149%                3        0.909%
CORE_STREAM_LENGTH_50                                0        0.000%                0        0.000%
CORE_STREAM_LENGTH_60                                1        0.575%                2        0.606%
CORE_STREAM_LENGTH_70                                1        0.575%                1        0.303%
CORE_STREAM_LENGTH_80                                1        0.575%                2        0.606%
CORE_STREAM_LENGTH_90                                1        0.575%                2        0.606%
CORE_STREAM_LENGTH_100_P                            25       14.368%               46       13.939%
                                                   174      100.000%              330      100.000%
                                                  2.61         3.25              2.56         3.19

CORE_CUM_STREAM_LENGTH_0                           236        0.329%              456        0.330%
CORE_CUM_STREAM_LENGTH_10                          939        1.309%             1717        1.244%
CORE_CUM_STREAM_LENGTH_20                          798        1.113%             1715        1.242%
CORE_CUM_STREAM_LENGTH_30                          358        0.499%              577        0.418%
CORE_CUM_STREAM_LENGTH_40                           88        0.123%              132        0.096%
CORE_CUM_STREAM_LENGTH_50                            0        0.000%                0        0.000%
CORE_CUM_STREAM_LENGTH_60                           65        0.091%              125        0.091%
CORE_CUM_STREAM_LENGTH_70                           74        0.103%               74        0.054%
CORE_CUM_STREAM_LENGTH_80                           86        0.120%              171        0.124%
CORE_CUM_STREAM_LENGTH_90                           95        0.132%              192        0.139%
CORE_CUM_STREAM_LENGTH_100_P                     68976       96.181%           132918       96.264%
                                                 71715      100.000%           138077      100.000%
                                                  9.71         9.63              9.71         9.63

CORE_STREAM_TRAIN_HITS_0                           115       66.092%              226       68.485%
CORE_STREAM_TRAIN_HITS_10                           27       15.517%               46       13.939%
CORE_STREAM_TRAIN_HITS_20                            3        1.724%                5        1.515%
CORE_STREAM_TRAIN_HITS_30                            0        0.000%                1        0.303%
CORE_STREAM_TRAIN_HITS_40                            1        0.575%                1        0.303%
CORE_STREAM_TRAIN_HITS_50                            1        0.575%                1        0.303%
CORE_STREAM_TRAIN_HITS_60                            1        0.575%                2        0.606%
CORE_STREAM_TRAIN_HITS_70                            1        0.575%                2        0.606%
CORE_STREAM_TRAIN_HITS_80                            0        0.000%                0        0.000%
CORE_STREAM_TRAIN_HITS_90                            1        0.575%                2        0.606%
CORE_STREAM_TRAIN_HITS_100_P                        24       13.793%               44       13.333%
                                                   174      100.000%              330      100.000%
                                                  1.75         3.26              1.67         3.22

CORE_CUM_STREAM_TRAIN_HITS_0                       693        1.082%             1405        1.140%
CORE_CUM_STREAM_TRAIN_HITS_10                      335        0.523%              548        0.444%
CORE_CUM_STREAM_TRAIN_HITS_20                       73        0.114%              121        0.098%
CORE_CUM_STREAM_TRAIN_HITS_30                        0        0.000%               38        0.031%
CORE_CUM_STREAM_TRAIN_HITS_40                       44        0.069%               44        0.036%
CORE_CUM_STREAM_TRAIN_HITS_50                       51        0.080%               51        0.041%
CORE_CUM_STREAM_TRAIN_HITS_60                       64        0.100%              127        0.103%
CORE_CUM_STREAM_TRAIN_HITS_70                       73        0.114%              150        0.122%
CORE_CUM_STREAM_TRAIN_HITS_80                        0        0.000%                0        0.000%
CORE_CUM_STREAM_TRAIN_HITS_90                       90        0.141%              184        0.149%
CORE_CUM_STREAM_TRAIN_HITS_100_P                 62601       97.777%           120631       97.836%
                                                 64024      100.000%           123299      100.000%
                                                  9.82         9.74              9.82         9.74

CORE_STREAM_TRAIN_CREATE                         29055                          62180              



