/* -*- Mode: c -*- */
####################################################################################################
Core 0
####################################################################################################
Cumulative:        Cycles: 15146975              Instructions: 19999999              IPC: 1.32040

Periodic:          Cycles: 7518561               Instructions: 9999999               IPC: 1.33004

MISS_WAIT_TIME                             92057352475                   121901205488              

ICACHE_STAGE_MISS                                 8332                          16711              

ICACHE_CYCLE                                   7518561                       15146975              

TCACHE_CYCLE                                         0                              0              

ICACHE_SERVING_CYCLE_ON_PATH                    674278                        1356440              

ICACHE_SERVING_CYCLE_OFF_PATH                   540979                        1081860              

UCACHE_SERVING_CYCLE_ON_PATH                   2015501                        4029246              

UCACHE_SERVING_CYCLE_OFF_PATH                  3994029                        8066211              

ICACHE_CYCLE_ONPATH                            2791936       37.134%          5607209       37.019%
ICACHE_CYCLE_OFFPATH                           4726625       62.866%          9539766       62.981%
                                               7518561      100.000%         15146975      100.000%
                                                  0.63         0.58              0.63         0.58

FETCH_ON_PATH                                  2968550       39.483%          5962878       39.367%
FETCH_OFF_PATH                                 4550011       60.517%          9184097       60.633%
                                               7518561      100.000%         15146975      100.000%
                                                  0.61         0.56              0.61         0.56

FETCHED_OPS_ON_PATH                                  0         -nan%                0         -nan%
FETCHED_OPS_OFF_PATH                                 0         -nan%                0         -nan%
                                                     0         -nan%                0         -nan%
                                                  -nan         -nan              -nan         -nan

INST_LOST_FETCH                               12931060       30.928%         25864364       30.798%
INST_LOST_OFF_PATH                            23747471       56.797%         47695261       56.794%
INST_LOST_FULL_WINDOW                               30        0.000%               48        0.000%
INST_LOST_ROB_STALL_OTHER                       154766        0.370%           288498        0.344%
INST_LOST_ROB_STALL_WAIT_FOR_RECOVERY                0        0.000%                0        0.000%
INST_LOST_ROB_STALL_WAIT_FOR_REDIRECT                0        0.000%                0        0.000%
INST_LOST_ROB_STALL_WAIT_FOR_GAP_FILL                0        0.000%                0        0.000%
INST_LOST_ROB_STALL_WAIT_FOR_L1_MISS                 0        0.000%                0        0.000%
INST_LOST_ROB_STALL_WAIT_FOR_MEMORY                  0        0.000%                0        0.000%
INST_LOST_ROB_STALL_WAIT_FOR_DC_MISS             59070        0.141%           143578        0.171%
INST_LOST_ROB_BLOCK_ISSUE_FULL                       0        0.000%                0        0.000%
INST_LOST_ROB_BLOCK_ISSUE_GAP_TOO_LARGE              0        0.000%                0        0.000%
INST_LOST_BREAK_DONT                                 0        0.000%                0        0.000%
INST_LOST_BREAK_FT_UNAVAILABLE                  706460        1.690%          1422684        1.694%
INST_LOST_BREAK_ICACHE_STAGE_RESTEER                72        0.000%               76        0.000%
INST_LOST_BREAK_ICACHE_MISS_REQ_SUCCESS          25294        0.060%            50378        0.060%
INST_LOST_BREAK_ICACHE_MISS_REQ_FAILURE              0        0.000%                0        0.000%
INST_LOST_BREAK_ICACHE_WAIT_FOR_MISS            452736        1.083%           999180        1.190%
INST_LOST_BREAK_ICACHE_STALLED                    2145        0.005%             4152        0.005%
INST_LOST_BREAK_ICACHE_TO_UOP_CACHE_SWITCH        400964        0.959%           802085        0.955%
INST_LOST_BREAK_ICACHE_READ_LIMIT               164273        0.393%           328383        0.391%
INST_LOST_BREAK_ICACHE_ISSUE_WIDTH                   0        0.000%                0        0.000%
INST_LOST_BREAK_UOP_CACHE_STALLED                15880        0.038%            47681        0.057%
INST_LOST_BREAK_UOP_CACHE_TO_ICACHE_SWITCH        328378        0.785%           661712        0.788%
INST_LOST_BREAK_UOP_CACHE_READ_LIMIT           2822238        6.750%          5671821        6.754%
INST_LOST_BREAK_UOP_CACHE_ISSUE_WIDTH                0        0.000%                0        0.000%
                                              41810837      100.000%         83979901      100.000%
                                                  3.08         6.54              3.10         6.56

INST_LOST_TOTAL                               42092048                       84776830              

INST_LOST_WAIT_FOR_ICACHE_MISS_NOT_PREFETCHED             0        0.000%            23976        2.794%
INST_LOST_WAIT_FOR_ICACHE_MISS_PREFETCHED_AND_EVICTED_BY_IFETCH             0        0.000%                0        0.000%
INST_LOST_WAIT_FOR_ICACHE_MISS_PREFETCHED_AND_EVICTED_BY_FDIP             0        0.000%                0        0.000%
INST_LOST_WAIT_FOR_ICACHE_MISS_MSHR_HIT_PREF_OFFPATH         16704        4.236%            33980        3.960%
INST_LOST_WAIT_FOR_ICACHE_MISS_MSHR_HIT_PREF_ONPATH        377672       95.764%           800048       93.245%
                                                394376      100.000%           858004      100.000%
                                                  3.96         3.88              3.85         3.72

FETCH_0_OPS                                     293774        3.907%           613218        4.048%
FETCH_1_OPS                                     192625        2.562%           387080        2.555%
FETCH_2_OPS                                     262100        3.486%           527452        3.482%
FETCH_3_OPS                                     359266        4.778%           722281        4.768%
FETCH_4_OPS                                    1334112       17.744%          2679929       17.693%
FETCH_5_OPS                                     417567        5.554%           841955        5.559%
FETCH_6_OPS                                    4659117       61.968%          9375060       61.894%
FETCH_7_OPS                                          0        0.000%                0        0.000%
FETCH_8_OPS                                          0        0.000%                0        0.000%
FETCH_9_OPS                                          0        0.000%                0        0.000%
FETCH_10_OPS                                         0        0.000%                0        0.000%
FETCH_11_OPS                                         0        0.000%                0        0.000%
FETCH_12_OPS                                         0        0.000%                0        0.000%
FETCH_13_OPS                                         0        0.000%                0        0.000%
FETCH_14_OPS                                         0        0.000%                0        0.000%
FETCH_15_OPS                                         0        0.000%                0        0.000%
FETCH_16_OPS                                         0        0.000%                0        0.000%
                                               7518561      100.000%         15146975      100.000%
                                                  4.94         1.32              4.94         1.32

ST_BREAK_DONT                                        0        0.000%                0        0.000%
ST_BREAK_FT_UNAVAILABLE                         176615        2.349%           355671        2.348%
ST_BREAK_ICACHE_STAGE_RESTEER                       18        0.000%               19        0.000%
ST_BREAK_ICACHE_MISS_REQ_SUCCESS                  8332        0.111%            16711        0.110%
ST_BREAK_ICACHE_MISS_REQ_FAILURE                     0        0.000%                0        0.000%
ST_BREAK_ICACHE_WAIT_FOR_MISS                   113184        1.505%           249795        1.649%
ST_BREAK_ICACHE_STALLED                           6117        0.081%            19374        0.128%
ST_BREAK_ICACHE_TO_UOP_CACHE_SWITCH             163827        2.179%           328543        2.169%
ST_BREAK_ICACHE_READ_LIMIT                      100026        1.330%           199934        1.320%
ST_BREAK_ICACHE_ISSUE_WIDTH                     942335       12.533%          1884053       12.438%
ST_BREAK_UOP_CACHE_STALLED                       81439        1.083%           200565        1.324%
ST_BREAK_UOP_CACHE_TO_ICACHE_SWITCH             100192        1.333%           201799        1.332%
ST_BREAK_UOP_CACHE_READ_LIMIT                  1239768       16.489%          2491282       16.447%
ST_BREAK_UOP_CACHE_ISSUE_WIDTH                 4586708       61.005%          9199229       60.733%
                                               7518561      100.000%         15146975      100.000%
                                                 11.66         9.44             11.64         9.41

ORACLE_ON_PATH_INST                           12931060       35.255%         25864364       35.161%
ORACLE_OFF_PATH_INST                          23747471       64.745%         47695261       64.839%
                                              36678531      100.000%         73559625      100.000%
                                                  0.65         0.59              0.65         0.59

ORACLE_ON_PATH_INST_MEM                        4997614       13.625%         10006077       13.603%
ORACLE_ON_PATH_INST_NOTMEM                     7933446       21.630%         15858287       21.558%
ORACLE_OFF_PATH_INST_MEM                       9135295       24.906%         18334930       24.925%
ORACLE_OFF_PATH_INST_NOTMEM                   14612176       39.838%         29360331       39.914%
                                              36678531      100.000%         73559625      100.000%
                                                  1.91         1.45              1.91         1.45

ICACHE_CYCLE_NONRA_ONPATH                            0         -nan%                0         -nan%
ICACHE_CYCLE_NONRA_OFFPATH                           0         -nan%                0         -nan%
ICACHE_CYCLE_RA_ONPATH                               0         -nan%                0         -nan%
ICACHE_CYCLE_RA_OFFPATH                              0         -nan%                0         -nan%
                                                     0         -nan%                0         -nan%
                                                  -nan         -nan              -nan         -nan

ICACHE_CYCLE_ONPATH_NONRA                            0         -nan%                0         -nan%
ICACHE_CYCLE_OFFPATH_NONRA                           0         -nan%                0         -nan%
                                                     0         -nan%                0         -nan%
                                                  -nan         -nan              -nan         -nan

ICACHE_CYCLE_ONPATH_RA                               0         -nan%                0         -nan%
ICACHE_CYCLE_OFFPATH_RA                              0         -nan%                0         -nan%
                                                     0         -nan%                0         -nan%
                                                  -nan         -nan              -nan         -nan

INACCURATE_OFFPATH_CYCLES                            0        0.0000                0        0.0000

FETCH_ALL_INST                                36678531                       73559625              

EXEC_ALL_INST                                 20653980                       41351824              

RET_ALL_INST                                  12931171                       25864364              

EXEC_ON_PATH_INST                             12931147       62.608%         25864364       62.547%
EXEC_OFF_PATH_INST                             7722833       37.392%         15487460       37.453%
                                              20653980      100.000%         41351824      100.000%
                                                  0.37         0.45              0.37         0.45

EXEC_ON_PATH_INST_MEM                          4997641       24.197%         10006077       24.197%
EXEC_ON_PATH_INST_NOTMEM                       7933506       38.412%         15858287       38.350%
EXEC_OFF_PATH_INST_MEM                         3223350       15.606%          6460683       15.624%
EXEC_OFF_PATH_INST_NOTMEM                      4499483       21.785%          9026777       21.829%
                                              20653980      100.000%         41351824      100.000%
                                                  1.35         1.05              1.35         1.05

EXEC_RA_INST                                         0         -nan%                0         -nan%
EXEC_NONRA_INST                                      0         -nan%                0         -nan%
                                                     0         -nan%                0         -nan%
                                                  -nan         -nan              -nan         -nan

EXEC_ON_PATH_INST_RA                                 0         -nan%                0         -nan%
EXEC_OFF_PATH_INST_RA                                0         -nan%                0         -nan%
                                                     0         -nan%                0         -nan%
                                                  -nan         -nan              -nan         -nan

EXEC_ON_PATH_INST_NONRA                              0         -nan%                0         -nan%
EXEC_OFF_PATH_INST_NONRA                             0         -nan%                0         -nan%
                                                     0         -nan%                0         -nan%
                                                  -nan         -nan              -nan         -nan

EXEC_RA_ON_PATH_INST                                 0         -nan%                0         -nan%
EXEC_RA_OFF_PATH_INST                                0         -nan%                0         -nan%
EXEC_NONRA_ON_PATH_INST                              0         -nan%                0         -nan%
EXEC_NONRA_OFF_PATH_INST                             0         -nan%                0         -nan%
                                                     0         -nan%                0         -nan%
                                                  -nan         -nan              -nan         -nan

ICACHE_THROTTLE_CYCLE                                0                              0              

FETCH_ENABLE_THROTTLE_OFF_PATH                       0         -nan%                0         -nan%
FETCH_ENABLE_THROTTLE_ON_PATH                        0         -nan%                0         -nan%
                                                     0         -nan%                0         -nan%
                                                  -nan         -nan              -nan         -nan

FETCH_DISABLE_THROTTLE_OFF_PATH                      0         -nan%                0         -nan%
FETCH_DISABLE_THROTTLE_ON_PATH                       0         -nan%                0         -nan%
                                                     0         -nan%                0         -nan%
                                                  -nan         -nan              -nan         -nan

FETCH_TH_ADJUST__0                                   0         -nan%                0         -nan%
FETCH_TH_ADJUST__1                                   0         -nan%                0         -nan%
FETCH_TH_ADJUST__2                                   0         -nan%                0         -nan%
FETCH_TH_ADJUST__3                                   0         -nan%                0         -nan%
FETCH_TH_ADJUST__4                                   0         -nan%                0         -nan%
FETCH_TH_ADJUST__5                                   0         -nan%                0         -nan%
FETCH_TH_ADJUST__6                                   0         -nan%                0         -nan%
FETCH_TH_ADJUST__7                                   0         -nan%                0         -nan%
FETCH_TH_ADJUST__8                                   0         -nan%                0         -nan%
FETCH_TH_ADJUST__9                                   0         -nan%                0         -nan%
FETCH_TH_ADJUST__MAX                                 0         -nan%                0         -nan%
                                                     0         -nan%                0         -nan%
                                                  -nan         -nan              -nan         -nan

FETCH_TH_ADJUST_UP                                   0         -nan%                0         -nan%
FETCH_TH_ADJUST_DOWN                                 0         -nan%                0         -nan%
FETCH_TH_ADJUST_SAME                                 0         -nan%                0         -nan%
                                                     0         -nan%                0         -nan%
                                                  -nan         -nan              -nan         -nan

THROTTLE_ADJUST_CACHE_MISS_INFO                      0                              0              

LOW_CONF_COUNT_BP_MIS_0                              0         -nan%                0         -nan%
LOW_CONF_COUNT_BP_MIS_1                              0         -nan%                0         -nan%
LOW_CONF_COUNT_BP_MIS_2                              0         -nan%                0         -nan%
LOW_CONF_COUNT_BP_MIS_3                              0         -nan%                0         -nan%
LOW_CONF_COUNT_BP_MIS_4                              0         -nan%                0         -nan%
LOW_CONF_COUNT_BP_MIS_5                              0         -nan%                0         -nan%
LOW_CONF_COUNT_BP_MIS_6                              0         -nan%                0         -nan%
LOW_CONF_COUNT_BP_MIS_7                              0         -nan%                0         -nan%
LOW_CONF_COUNT_BP_MIS_8                              0         -nan%                0         -nan%
LOW_CONF_COUNT_BP_MIS_9                              0         -nan%                0         -nan%
LOW_CONF_COUNT_BP_MIS_10                             0         -nan%                0         -nan%
LOW_CONF_COUNT_BP_MIS_11                             0         -nan%                0         -nan%
LOW_CONF_COUNT_BP_MIS_12                             0         -nan%                0         -nan%
LOW_CONF_COUNT_BP_MIS_13                             0         -nan%                0         -nan%
LOW_CONF_COUNT_BP_MIS_14                             0         -nan%                0         -nan%
LOW_CONF_COUNT_BP_MIS_15                             0         -nan%                0         -nan%
LOW_CONF_COUNT_BP_MIS_16                             0         -nan%                0         -nan%
LOW_CONF_COUNT_BP_MIS_17                             0         -nan%                0         -nan%
LOW_CONF_COUNT_BP_MIS_18                             0         -nan%                0         -nan%
LOW_CONF_COUNT_BP_MIS_19                             0         -nan%                0         -nan%
LOW_CONF_COUNT_BP_MIS_20                             0         -nan%                0         -nan%
                                                     0         -nan%                0         -nan%
                                                  -nan         -nan              -nan         -nan

LOW_CONF_COUNT_RET_0                                 0         -nan%                0         -nan%
LOW_CONF_COUNT_RET_1                                 0         -nan%                0         -nan%
LOW_CONF_COUNT_RET_2                                 0         -nan%                0         -nan%
LOW_CONF_COUNT_RET_3                                 0         -nan%                0         -nan%
LOW_CONF_COUNT_RET_4                                 0         -nan%                0         -nan%
LOW_CONF_COUNT_RET_5                                 0         -nan%                0         -nan%
LOW_CONF_COUNT_RET_6                                 0         -nan%                0         -nan%
LOW_CONF_COUNT_RET_7                                 0         -nan%                0         -nan%
LOW_CONF_COUNT_RET_8                                 0         -nan%                0         -nan%
LOW_CONF_COUNT_RET_9                                 0         -nan%                0         -nan%
LOW_CONF_COUNT_RET_10                                0         -nan%                0         -nan%
LOW_CONF_COUNT_RET_11                                0         -nan%                0         -nan%
LOW_CONF_COUNT_RET_12                                0         -nan%                0         -nan%
LOW_CONF_COUNT_RET_13                                0         -nan%                0         -nan%
LOW_CONF_COUNT_RET_14                                0         -nan%                0         -nan%
LOW_CONF_COUNT_RET_15                                0         -nan%                0         -nan%
LOW_CONF_COUNT_RET_16                                0         -nan%                0         -nan%
LOW_CONF_COUNT_RET_17                                0         -nan%                0         -nan%
LOW_CONF_COUNT_RET_18                                0         -nan%                0         -nan%
LOW_CONF_COUNT_RET_19                                0         -nan%                0         -nan%
LOW_CONF_COUNT_RET_20                                0         -nan%                0         -nan%
                                                     0         -nan%                0         -nan%
                                                  -nan         -nan              -nan         -nan

CYCLES_RESTEER_MISPRED                               0         -nan%                0         -nan%
CYCLES_RESTEER_MISFETCH                              0         -nan%                0         -nan%
CYCLES_RESTEER_BTB_MISS                              0         -nan%                0         -nan%
                                                     0         -nan%                0         -nan%
                                                  -nan         -nan              -nan         -nan

CYCLES_RESTEER_MISPRED_SAVED_UC_FETCH                0         -nan%                0         -nan%
CYCLES_RESTEER_MISPRED_COULD_BE_SAVED_UC_FETCH             0         -nan%                0         -nan%
CYCLES_RESTEER_MISFETCH_SAVED_UC_FETCH               0         -nan%                0         -nan%
CYCLES_RESTEER_MISFETCH_COULD_BE_SAVED_UC_FETCH             0         -nan%                0         -nan%
CYCLES_RESTEER_BTB_MISS_SAVED_UC_FETCH               0         -nan%                0         -nan%
CYCLES_RESTEER_BTB_MISS_COULD_BE_SAVED_UC_FETCH             0         -nan%                0         -nan%
                                                     0         -nan%                0         -nan%
                                                  -nan         -nan              -nan         -nan

CYCLES_UOC_IC_SWITCH                                 0                              0              



