/* -*- Mode: c -*- */
####################################################################################################
Core 0
####################################################################################################
Cumulative:        Cycles: 16384264              Instructions: 19999999              IPC: 1.22068

Periodic:          Cycles: 8190880               Instructions: 9999995               IPC: 1.22087

ST_OP_INV                                            0        0.000%                0        0.000%
ST_OP_NOP                                       117085        0.812%           234172        0.812%
ST_OP_CF                                        601578        4.174%          1203172        4.174%
ST_OP_MOV                                       268715        1.865%           537443        1.865%
ST_OP_CMOV                                           0        0.000%                0        0.000%
ST_OP_LDA                                        67518        0.468%           135036        0.468%
ST_OP_ILD                                      1974588       13.701%          3949231       13.701%
ST_OP_IST                                       536431        3.722%          1072879        3.722%
ST_OP_IADD                                     1255079        8.709%          2510191        8.709%
ST_OP_IMUL                                       33690        0.234%            67380        0.234%
ST_OP_IDIV                                       33690        0.234%            67380        0.234%
ST_OP_ICMP                                      551457        3.826%          1102930        3.826%
ST_OP_LOGIC                                      84087        0.583%           168174        0.583%
ST_OP_SHIFT                                          0        0.000%                0        0.000%
ST_OP_FLD                                      5847282       40.573%         11694732       40.573%
ST_OP_FST                                       116946        0.811%           233896        0.811%
ST_OP_FCVT                                           0        0.000%                0        0.000%
ST_OP_FADD                                           0        0.000%                0        0.000%
ST_OP_FMUL                                           0        0.000%                0        0.000%
ST_OP_FMA                                      2923641       20.286%          5847366       20.286%
ST_OP_FDIV                                           0        0.000%                0        0.000%
ST_OP_FCMP                                           0        0.000%                0        0.000%
ST_OP_FCMOV                                          0        0.000%                0        0.000%
ST_OP_GATHER                                         0        0.000%                0        0.000%
ST_OP_SCATTER                                        0        0.000%                0        0.000%
ST_OP_PIPELINED_FAST                                 0        0.000%                0        0.000%
ST_OP_PIPELINED_MEDIUM                               0        0.000%                0        0.000%
ST_OP_PIPELINED_SLOW                                 0        0.000%                0        0.000%
ST_OP_NOTPIPELINED_MEDIUM                            0        0.000%                0        0.000%
ST_OP_NOTPIPELINED_SLOW                              0        0.000%                0        0.000%
ST_OP_NOTPIPELINED_VERY_SLOW                         0        0.000%                0        0.000%
                                              14411787      100.000%         28823982      100.000%
                                                 12.14         5.08             12.14         5.08

ST_NOT_CF                                     13810209       95.826%         27620810       95.826%
ST_CF_BR                                             0        0.000%                0        0.000%
ST_CF_CBR                                       551457        3.826%          1102930        3.826%
ST_CF_REP                                            0        0.000%                0        0.000%
ST_CF_CALL                                       16707        0.116%            33414        0.116%
ST_CF_IBR                                        16707        0.116%            33414        0.116%
ST_CF_ICALL                                          0        0.000%                0        0.000%
ST_CF_ICO                                            0        0.000%                0        0.000%
ST_CF_RET                                        16707        0.116%            33414        0.116%
ST_CF_SYS                                            0        0.000%                0        0.000%
                                              14411787      100.000%         28823982      100.000%
                                                  0.10         0.51              0.10         0.51

REP_FIRST                                            0                              0              

ST_BAR_NONE                                   14411787      100.000%         28823982      100.000%
ST_BAR_FETCH                                         0        0.000%                0        0.000%
ST_BAR_ISSUE                                         0        0.000%                0        0.000%
ST_BAR_BOTH                                          0        0.000%                0        0.000%
                                              14411787      100.000%         28823982      100.000%
                                                  0.00         0.00              0.00         0.00

ST_NOT_MEM                                     5936540       41.192%         11873244       41.192%
ST_MEM_LD                                      7821870       54.274%         15643963       54.274%
ST_MEM_ST                                       653377        4.534%          1306775        4.534%
ST_MEM_PF                                            0        0.000%                0        0.000%
ST_MEM_WH                                            0        0.000%                0        0.000%
ST_MEM_EVICT                                         0        0.000%                0        0.000%
                                              14411787      100.000%         28823982      100.000%
                                                  0.63         0.40              0.63         0.40

ST_NOT_MEM_OFFPATH                            22542843       40.588%         45159871       40.589%
ST_MEM_LD_OFFPATH                             32151581       57.889%         64398770       57.880%
ST_MEM_ST_OFFPATH                               846023        1.523%          1703455        1.531%
ST_MEM_PF_OFFPATH                                    0        0.000%                0        0.000%
ST_MEM_WH_OFFPATH                                    0        0.000%                0        0.000%
ST_MEM_EVIC_OFFPATHT                                 0        0.000%                0        0.000%
                                              55540447      100.000%        111262096      100.000%
                                                  0.61         0.34              0.61         0.34

ST_OP_ONPATH                                  14411787                       28823982              

ST_OP_OFFPATH                                 55540447                      111262096              

ST_FAKE_OP_OFFPATH                                   0        0.000%             4495        0.004%
ST_NOT_FAKE_OP_OFFPATH                        55540447      100.000%        111257601       99.996%
                                              55540447      100.000%        111262096      100.000%
                                                  1.00         1.00              1.00         1.00

ST_FAKE_REASON_NOT_FAKE                       55540447      100.000%        111257601       99.996%
ST_FAKE_REASON_REDIRECT_TO_NOT_INSTRUMENTED             0        0.000%             4495        0.004%
ST_FAKE_REASON_RETURN_TO_NOT_INSTRUMENTED             0        0.000%                0        0.000%
ST_FAKE_REASON_NONRET_CF_TO_NOT_INSTRUMENTED             0        0.000%                0        0.000%
ST_FAKE_REASON_NOT_TAKEN_TO_NOT_INSTRUMENTED             0        0.000%                0        0.000%
ST_FAKE_REASON_WRONG_PATH_STORE_TO_NEW_REGION             0        0.000%                0        0.000%
                                              55540447      100.000%        111262096      100.000%
                                                  0.00         0.00              0.00         0.01

ST_INST_ONPATH                                 9999858                       19999999              

ST_INST_OFFPATH                               37382404                       74895422              

STATIC_PIN_NOP                                       0                              0              

DYNAMIC_PIN_REP_GREATER_256                          0                              0              

INST_MAP_UPDATE_JITTED                               0        0.000%                0        0.000%
INST_MAP_UPDATE_ENCODING                           171        0.003%              203        0.002%
INST_MAP_UPDATE_NPC_INV                              0        0.000%                0        0.000%
INST_MAP_UPDATE_NPC_NOP                              0        0.000%                0        0.000%
INST_MAP_UPDATE_NPC_CF                               0        0.000%                0        0.000%
INST_MAP_UPDATE_NPC_MOV                              0        0.000%                0        0.000%
INST_MAP_UPDATE_NPC_CMOV                             0        0.000%                0        0.000%
INST_MAP_UPDATE_NPC_LDA                              0        0.000%                0        0.000%
INST_MAP_UPDATE_NPC_IMEM                             0        0.000%                0        0.000%
INST_MAP_UPDATE_NPC_IADD                             0        0.000%                0        0.000%
INST_MAP_UPDATE_NPC_IMUL                        200761        3.256%           401528        3.256%
INST_MAP_UPDATE_NPC_IDIV                             0        0.000%                0        0.000%
INST_MAP_UPDATE_NPC_ICMP                             0        0.000%                0        0.000%
INST_MAP_UPDATE_NPC_LOGIC                            0        0.000%                0        0.000%
INST_MAP_UPDATE_NPC_SHIFT                            0        0.000%                0        0.000%
INST_MAP_UPDATE_NPC_FMEM                             0        0.000%                0        0.000%
INST_MAP_UPDATE_NPC_FCVT                             0        0.000%                0        0.000%
INST_MAP_UPDATE_NPC_FADD                             0        0.000%                0        0.000%
INST_MAP_UPDATE_NPC_FMUL                             0        0.000%                0        0.000%
INST_MAP_UPDATE_NPC_FMA                              0        0.000%                0        0.000%
INST_MAP_UPDATE_NPC_FDIV                             0        0.000%                0        0.000%
INST_MAP_UPDATE_NPC_FCMP                             0        0.000%                0        0.000%
INST_MAP_UPDATE_NPC_FCMOV                            0        0.000%                0        0.000%
INST_MAP_UPDATE_NPC_GATHER                           0        0.000%                0        0.000%
INST_MAP_UPDATE_NPC_SCATTER                          0        0.000%                0        0.000%
INST_MAP_UPDATE_NPC_PIPELINED_FAST                   0        0.000%                0        0.000%
INST_MAP_UPDATE_NPC_PIPELINED_MEDIUM                 0        0.000%                0        0.000%
INST_MAP_UPDATE_NPC_PIPELINED_SLOW                   0        0.000%                0        0.000%
INST_MAP_UPDATE_NPC_NOTPIPELINED_MEDIUM              0        0.000%                0        0.000%
INST_MAP_UPDATE_NPC_NOTPIPELINED_SLOW                0        0.000%                0        0.000%
INST_MAP_UPDATE_NPC_NOTPIPELINED_VERY_SLOW             0        0.000%                0        0.000%
INST_MAP_UPDATE_MEM_INV                              0        0.000%                0        0.000%
INST_MAP_UPDATE_MEM_NOP                              0        0.000%                0        0.000%
INST_MAP_UPDATE_MEM_CF                               0        0.000%                0        0.000%
INST_MAP_UPDATE_MEM_MOV                        3040585       49.319%          6081242       49.319%
INST_MAP_UPDATE_MEM_CMOV                             0        0.000%                0        0.000%
INST_MAP_UPDATE_MEM_LDA                              0        0.000%                0        0.000%
INST_MAP_UPDATE_MEM_IMEM                             0        0.000%                0        0.000%
INST_MAP_UPDATE_MEM_IADD                             0        0.000%                0        0.000%
INST_MAP_UPDATE_MEM_IMUL                             0        0.000%                0        0.000%
INST_MAP_UPDATE_MEM_IDIV                             0        0.000%                0        0.000%
INST_MAP_UPDATE_MEM_ICMP                             0        0.000%                0        0.000%
INST_MAP_UPDATE_MEM_LOGIC                            0        0.000%                0        0.000%
INST_MAP_UPDATE_MEM_SHIFT                            0        0.000%                0        0.000%
INST_MAP_UPDATE_MEM_FMEM                             0        0.000%                0        0.000%
INST_MAP_UPDATE_MEM_FCVT                             0        0.000%                0        0.000%
INST_MAP_UPDATE_MEM_FADD                             0        0.000%                0        0.000%
INST_MAP_UPDATE_MEM_FMUL                             0        0.000%                0        0.000%
INST_MAP_UPDATE_MEM_FMA                              0        0.000%                0        0.000%
INST_MAP_UPDATE_MEM_FDIV                             0        0.000%                0        0.000%
INST_MAP_UPDATE_MEM_FCMP                       2923641       47.422%          5847352       47.423%
INST_MAP_UPDATE_MEM_FCMOV                            0        0.000%                0        0.000%
INST_MAP_UPDATE_MEM_GATHER                           0        0.000%                0        0.000%
INST_MAP_UPDATE_MEM_SCATTER                          0        0.000%                0        0.000%
INST_MAP_UPDATE_MEM_PIPELINED_FAST                   0        0.000%                0        0.000%
INST_MAP_UPDATE_MEM_PIPELINED_MEDIUM                 0        0.000%                0        0.000%
INST_MAP_UPDATE_MEM_PIPELINED_SLOW                   0        0.000%                0        0.000%
INST_MAP_UPDATE_MEM_NOTPIPELINED_MEDIUM              0        0.000%                0        0.000%
INST_MAP_UPDATE_MEM_NOTPIPELINED_SLOW                0        0.000%                0        0.000%
INST_MAP_UPDATE_MEM_NOTPIPELINED_VERY_SLOW             0        0.000%                0        0.000%
                                               6165158      100.000%         12330325      100.000%
                                                 40.81         9.69             40.81         9.69



