               ramulator.active_cycles_0             5578798                                      # Total active cycles for level _0
                 ramulator.busy_cycles_0             5578798                                      # (All-bank refresh only. busy cycles only include refresh time in rank level) The sum of cycles that the DRAM part is active or under refresh for level _0
            ramulator.serving_requests_0            22714904                                      # The sum of read and write requests that are served in this DRAM element per memory cycle for level _0
    ramulator.average_serving_requests_0            3.697026                                      # The average of read and write requests that are served in this DRAM element per memory cycle for level _0
             ramulator.active_cycles_0_0             5578798                                      # Total active cycles for level _0_0
               ramulator.busy_cycles_0_0             5733358                                      # (All-bank refresh only. busy cycles only include refresh time in rank level) The sum of cycles that the DRAM part is active or under refresh for level _0_0
          ramulator.serving_requests_0_0            22714904                                      # The sum of read and write requests that are served in this DRAM element per memory cycle for level _0_0
  ramulator.average_serving_requests_0_0            3.697026                                      # The average of read and write requests that are served in this DRAM element per memory cycle for level _0_0
           ramulator.active_cycles_0_0_0             3417650                                      # Total active cycles for level _0_0_0
             ramulator.busy_cycles_0_0_0             3417650                                      # (All-bank refresh only. busy cycles only include refresh time in rank level) The sum of cycles that the DRAM part is active or under refresh for level _0_0_0
        ramulator.serving_requests_0_0_0             5563845                                      # The sum of read and write requests that are served in this DRAM element per memory cycle for level _0_0_0
ramulator.average_serving_requests_0_0_0            0.905559                                      # The average of read and write requests that are served in this DRAM element per memory cycle for level _0_0_0
         ramulator.active_cycles_0_0_0_0             1205499                                      # Total active cycles for level _0_0_0_0
           ramulator.busy_cycles_0_0_0_0             1205499                                      # (All-bank refresh only. busy cycles only include refresh time in rank level) The sum of cycles that the DRAM part is active or under refresh for level _0_0_0_0
      ramulator.serving_requests_0_0_0_0             1433441                                      # The sum of read and write requests that are served in this DRAM element per memory cycle for level _0_0_0_0
ramulator.average_serving_requests_0_0_0_0            0.233304                                      # The average of read and write requests that are served in this DRAM element per memory cycle for level _0_0_0_0
         ramulator.active_cycles_0_0_0_1             1119063                                      # Total active cycles for level _0_0_0_1
           ramulator.busy_cycles_0_0_0_1             1119063                                      # (All-bank refresh only. busy cycles only include refresh time in rank level) The sum of cycles that the DRAM part is active or under refresh for level _0_0_0_1
      ramulator.serving_requests_0_0_0_1             1346415                                      # The sum of read and write requests that are served in this DRAM element per memory cycle for level _0_0_0_1
ramulator.average_serving_requests_0_0_0_1            0.219139                                      # The average of read and write requests that are served in this DRAM element per memory cycle for level _0_0_0_1
         ramulator.active_cycles_0_0_0_2             1152788                                      # Total active cycles for level _0_0_0_2
           ramulator.busy_cycles_0_0_0_2             1152788                                      # (All-bank refresh only. busy cycles only include refresh time in rank level) The sum of cycles that the DRAM part is active or under refresh for level _0_0_0_2
      ramulator.serving_requests_0_0_0_2             1386499                                      # The sum of read and write requests that are served in this DRAM element per memory cycle for level _0_0_0_2
ramulator.average_serving_requests_0_0_0_2            0.225663                                      # The average of read and write requests that are served in this DRAM element per memory cycle for level _0_0_0_2
         ramulator.active_cycles_0_0_0_3             1156857                                      # Total active cycles for level _0_0_0_3
           ramulator.busy_cycles_0_0_0_3             1156857                                      # (All-bank refresh only. busy cycles only include refresh time in rank level) The sum of cycles that the DRAM part is active or under refresh for level _0_0_0_3
      ramulator.serving_requests_0_0_0_3             1397457                                      # The sum of read and write requests that are served in this DRAM element per memory cycle for level _0_0_0_3
ramulator.average_serving_requests_0_0_0_3            0.227447                                      # The average of read and write requests that are served in this DRAM element per memory cycle for level _0_0_0_3
           ramulator.active_cycles_0_0_1             3403921                                      # Total active cycles for level _0_0_1
             ramulator.busy_cycles_0_0_1             3403921                                      # (All-bank refresh only. busy cycles only include refresh time in rank level) The sum of cycles that the DRAM part is active or under refresh for level _0_0_1
        ramulator.serving_requests_0_0_1             5700890                                      # The sum of read and write requests that are served in this DRAM element per memory cycle for level _0_0_1
ramulator.average_serving_requests_0_0_1            0.927864                                      # The average of read and write requests that are served in this DRAM element per memory cycle for level _0_0_1
         ramulator.active_cycles_0_0_1_0             1191852                                      # Total active cycles for level _0_0_1_0
           ramulator.busy_cycles_0_0_1_0             1191852                                      # (All-bank refresh only. busy cycles only include refresh time in rank level) The sum of cycles that the DRAM part is active or under refresh for level _0_0_1_0
      ramulator.serving_requests_0_0_1_0             1431071                                      # The sum of read and write requests that are served in this DRAM element per memory cycle for level _0_0_1_0
ramulator.average_serving_requests_0_0_1_0            0.232918                                      # The average of read and write requests that are served in this DRAM element per memory cycle for level _0_0_1_0
         ramulator.active_cycles_0_0_1_1             1262455                                      # Total active cycles for level _0_0_1_1
           ramulator.busy_cycles_0_0_1_1             1262455                                      # (All-bank refresh only. busy cycles only include refresh time in rank level) The sum of cycles that the DRAM part is active or under refresh for level _0_0_1_1
      ramulator.serving_requests_0_0_1_1             1536889                                      # The sum of read and write requests that are served in this DRAM element per memory cycle for level _0_0_1_1
ramulator.average_serving_requests_0_0_1_1            0.250141                                      # The average of read and write requests that are served in this DRAM element per memory cycle for level _0_0_1_1
         ramulator.active_cycles_0_0_1_2             1113336                                      # Total active cycles for level _0_0_1_2
           ramulator.busy_cycles_0_0_1_2             1113336                                      # (All-bank refresh only. busy cycles only include refresh time in rank level) The sum of cycles that the DRAM part is active or under refresh for level _0_0_1_2
      ramulator.serving_requests_0_0_1_2             1339000                                      # The sum of read and write requests that are served in this DRAM element per memory cycle for level _0_0_1_2
ramulator.average_serving_requests_0_0_1_2            0.217933                                      # The average of read and write requests that are served in this DRAM element per memory cycle for level _0_0_1_2
         ramulator.active_cycles_0_0_1_3             1160696                                      # Total active cycles for level _0_0_1_3
           ramulator.busy_cycles_0_0_1_3             1160696                                      # (All-bank refresh only. busy cycles only include refresh time in rank level) The sum of cycles that the DRAM part is active or under refresh for level _0_0_1_3
      ramulator.serving_requests_0_0_1_3             1393930                                      # The sum of read and write requests that are served in this DRAM element per memory cycle for level _0_0_1_3
ramulator.average_serving_requests_0_0_1_3            0.226873                                      # The average of read and write requests that are served in this DRAM element per memory cycle for level _0_0_1_3
           ramulator.active_cycles_0_0_2             3464656                                      # Total active cycles for level _0_0_2
             ramulator.busy_cycles_0_0_2             3464656                                      # (All-bank refresh only. busy cycles only include refresh time in rank level) The sum of cycles that the DRAM part is active or under refresh for level _0_0_2
        ramulator.serving_requests_0_0_2             5698258                                      # The sum of read and write requests that are served in this DRAM element per memory cycle for level _0_0_2
ramulator.average_serving_requests_0_0_2            0.927436                                      # The average of read and write requests that are served in this DRAM element per memory cycle for level _0_0_2
         ramulator.active_cycles_0_0_2_0             1191203                                      # Total active cycles for level _0_0_2_0
           ramulator.busy_cycles_0_0_2_0             1191203                                      # (All-bank refresh only. busy cycles only include refresh time in rank level) The sum of cycles that the DRAM part is active or under refresh for level _0_0_2_0
      ramulator.serving_requests_0_0_2_0             1430192                                      # The sum of read and write requests that are served in this DRAM element per memory cycle for level _0_0_2_0
ramulator.average_serving_requests_0_0_2_0            0.232775                                      # The average of read and write requests that are served in this DRAM element per memory cycle for level _0_0_2_0
         ramulator.active_cycles_0_0_2_1             1154250                                      # Total active cycles for level _0_0_2_1
           ramulator.busy_cycles_0_0_2_1             1154250                                      # (All-bank refresh only. busy cycles only include refresh time in rank level) The sum of cycles that the DRAM part is active or under refresh for level _0_0_2_1
      ramulator.serving_requests_0_0_2_1             1372942                                      # The sum of read and write requests that are served in this DRAM element per memory cycle for level _0_0_2_1
ramulator.average_serving_requests_0_0_2_1            0.223457                                      # The average of read and write requests that are served in this DRAM element per memory cycle for level _0_0_2_1
         ramulator.active_cycles_0_0_2_2             1207764                                      # Total active cycles for level _0_0_2_2
           ramulator.busy_cycles_0_0_2_2             1207764                                      # (All-bank refresh only. busy cycles only include refresh time in rank level) The sum of cycles that the DRAM part is active or under refresh for level _0_0_2_2
      ramulator.serving_requests_0_0_2_2             1459894                                      # The sum of read and write requests that are served in this DRAM element per memory cycle for level _0_0_2_2
ramulator.average_serving_requests_0_0_2_2            0.237609                                      # The average of read and write requests that are served in this DRAM element per memory cycle for level _0_0_2_2
         ramulator.active_cycles_0_0_2_3             1200771                                      # Total active cycles for level _0_0_2_3
           ramulator.busy_cycles_0_0_2_3             1200771                                      # (All-bank refresh only. busy cycles only include refresh time in rank level) The sum of cycles that the DRAM part is active or under refresh for level _0_0_2_3
      ramulator.serving_requests_0_0_2_3             1435230                                      # The sum of read and write requests that are served in this DRAM element per memory cycle for level _0_0_2_3
ramulator.average_serving_requests_0_0_2_3            0.233595                                      # The average of read and write requests that are served in this DRAM element per memory cycle for level _0_0_2_3
           ramulator.active_cycles_0_0_3             3482809                                      # Total active cycles for level _0_0_3
             ramulator.busy_cycles_0_0_3             3482809                                      # (All-bank refresh only. busy cycles only include refresh time in rank level) The sum of cycles that the DRAM part is active or under refresh for level _0_0_3
        ramulator.serving_requests_0_0_3             5751887                                      # The sum of read and write requests that are served in this DRAM element per memory cycle for level _0_0_3
ramulator.average_serving_requests_0_0_3            0.936164                                      # The average of read and write requests that are served in this DRAM element per memory cycle for level _0_0_3
         ramulator.active_cycles_0_0_3_0             1168364                                      # Total active cycles for level _0_0_3_0
           ramulator.busy_cycles_0_0_3_0             1168364                                      # (All-bank refresh only. busy cycles only include refresh time in rank level) The sum of cycles that the DRAM part is active or under refresh for level _0_0_3_0
      ramulator.serving_requests_0_0_3_0             1404237                                      # The sum of read and write requests that are served in this DRAM element per memory cycle for level _0_0_3_0
ramulator.average_serving_requests_0_0_3_0            0.228550                                      # The average of read and write requests that are served in this DRAM element per memory cycle for level _0_0_3_0
         ramulator.active_cycles_0_0_3_1             1247255                                      # Total active cycles for level _0_0_3_1
           ramulator.busy_cycles_0_0_3_1             1247255                                      # (All-bank refresh only. busy cycles only include refresh time in rank level) The sum of cycles that the DRAM part is active or under refresh for level _0_0_3_1
      ramulator.serving_requests_0_0_3_1             1512802                                      # The sum of read and write requests that are served in this DRAM element per memory cycle for level _0_0_3_1
ramulator.average_serving_requests_0_0_3_1            0.246220                                      # The average of read and write requests that are served in this DRAM element per memory cycle for level _0_0_3_1
         ramulator.active_cycles_0_0_3_2             1149834                                      # Total active cycles for level _0_0_3_2
           ramulator.busy_cycles_0_0_3_2             1149834                                      # (All-bank refresh only. busy cycles only include refresh time in rank level) The sum of cycles that the DRAM part is active or under refresh for level _0_0_3_2
      ramulator.serving_requests_0_0_3_2             1388014                                      # The sum of read and write requests that are served in this DRAM element per memory cycle for level _0_0_3_2
ramulator.average_serving_requests_0_0_3_2            0.225910                                      # The average of read and write requests that are served in this DRAM element per memory cycle for level _0_0_3_2
         ramulator.active_cycles_0_0_3_3             1199866                                      # Total active cycles for level _0_0_3_3
           ramulator.busy_cycles_0_0_3_3             1199866                                      # (All-bank refresh only. busy cycles only include refresh time in rank level) The sum of cycles that the DRAM part is active or under refresh for level _0_0_3_3
      ramulator.serving_requests_0_0_3_3             1446819                                      # The sum of read and write requests that are served in this DRAM element per memory cycle for level _0_0_3_3
ramulator.average_serving_requests_0_0_3_3            0.235481                                      # The average of read and write requests that are served in this DRAM element per memory cycle for level _0_0_3_3
      ramulator.read_transaction_bytes_0            52155776                                      # The total byte of read transaction per channel
     ramulator.write_transaction_bytes_0             1309824                                      # The total byte of write transaction per channel
       ramulator.row_hits_channel_0_core              663338                                      # Number of row hits per channel per core
     ramulator.row_misses_channel_0_core               20415                                      # Number of row misses per channel per core
  ramulator.row_conflicts_channel_0_core              151647                                      # Number of row conflicts per channel per core
  ramulator.read_row_hits_channel_0_core              644114                                      # Number of row hits for read requests per channel per core
                                     [0]            644114.0                                      # 
ramulator.read_row_misses_channel_0_core               20099                                      # Number of row misses for read requests per channel per core
                                     [0]             20099.0                                      # 
ramulator.read_row_conflicts_channel_0_core              150721                                      # Number of row conflicts for read requests per channel per core
                                     [0]            150721.0                                      # 
 ramulator.write_row_hits_channel_0_core               19224                                      # Number of row hits for write requests per channel per core
                                     [0]             19224.0                                      # 
ramulator.write_row_misses_channel_0_core                 316                                      # Number of row misses for write requests per channel per core
                                     [0]               316.0                                      # 
ramulator.write_row_conflicts_channel_0_core                 926                                      # Number of row conflicts for write requests per channel per core
                                     [0]               926.0                                      # 
      ramulator.useless_activates_0_core                  59                                      # Number of useless activations. E.g, ACT -> PRE w/o RD or WR
            ramulator.read_latency_avg_0           88.074724                                      # The average memory latency cycles (in memory time domain) per request for all read requests in this channel
            ramulator.read_latency_sum_0            71775175                                      # The memory latency cycles (in memory time domain) sum for all read requests in this channel
        ramulator.req_queue_length_avg_0           25.770894                                      # Average of read and write queue length per memory cycle per channel.
        ramulator.req_queue_length_sum_0           158338978                                      # Sum of read and write queue length per memory cycle per channel.
   ramulator.read_req_queue_length_avg_0           11.203829                                      # Read queue length average per memory cycle per channel.
   ramulator.read_req_queue_length_sum_0            68837455                                      # Read queue length sum per memory cycle per channel.
  ramulator.write_req_queue_length_avg_0           14.567066                                      # Write queue length average per memory cycle per channel.
  ramulator.write_req_queue_length_sum_0            89501523                                      # Write queue length sum per memory cycle per channel.
              ramulator.record_read_hits                 0.0                                      # record read hit count for this core when it reaches request limit or to the end
                                     [0]                 0.0                                      # 
            ramulator.record_read_misses                 0.0                                      # record_read_miss count for this core when it reaches request limit or to the end
                                     [0]                 0.0                                      # 
         ramulator.record_read_conflicts                 0.0                                      # record read conflict count for this core when it reaches request limit or to the end
                                     [0]                 0.0                                      # 
             ramulator.record_write_hits                 0.0                                      # record write hit count for this core when it reaches request limit or to the end
                                     [0]                 0.0                                      # 
           ramulator.record_write_misses                 0.0                                      # record write miss count for this core when it reaches request limit or to the end
                                     [0]                 0.0                                      # 
        ramulator.record_write_conflicts                 0.0                                      # record write conflict for this core when it reaches request limit or to the end
                                     [0]                 0.0                                      # 
                 ramulator.dram_capacity          8589934592                                      # Number of bytes in simulated DRAM
                   ramulator.dram_cycles             6144101                                      # Number of DRAM cycles simulated
             ramulator.incoming_requests              835421                                      # Number of incoming requests to DRAM
                 ramulator.read_requests              814935                                      # Number of incoming read requests to DRAM per core
                                     [0]            814935.0                                      # 
                ramulator.write_requests               20486                                      # Number of incoming write requests to DRAM per core
                                     [0]             20486.0                                      # 
       ramulator.ramulator_active_cycles             5578798                                      # The total number of cycles that the DRAM part is active (serving R/W)
 ramulator.incoming_requests_per_channel            835421.0                                      # Number of incoming requests to each DRAM channel
                                     [0]            835421.0                                      # 
ramulator.incoming_read_reqs_per_channel            814935.0                                      # Number of incoming read requests to each DRAM channel
                                     [0]            814935.0                                      # 
     ramulator.physical_page_replacement                   0                                      # The number of times that physical page replacement happens.
             ramulator.maximum_bandwidth         19200000000                                      # The theoretical maximum bandwidth (Bps)
          ramulator.in_queue_req_num_sum           158338978                                      # Sum of read/write queue length
     ramulator.in_queue_read_req_num_sum            68837455                                      # Sum of read queue length
    ramulator.in_queue_write_req_num_sum            89501523                                      # Sum of write queue length
          ramulator.in_queue_req_num_avg           25.770894                                      # Average of read/write queue length per memory cycle
     ramulator.in_queue_read_req_num_avg           11.203829                                      # Average of read queue length per memory cycle
    ramulator.in_queue_write_req_num_avg           14.567066                                      # Average of write queue length per memory cycle
          ramulator.record_read_requests                 0.0                                      # record read requests for this core when it reaches request limit or to the end
                                     [0]                 0.0                                      # 
         ramulator.record_write_requests                 0.0                                      # record write requests for this core when it reaches request limit or to the end
                                     [0]                 0.0                                      # 
