Scarab gitrev: 4a1223f
Warning: Scarab expects the trace file type to include OFFLINE_FILE_TYPE_ARCH_REGDEPS (0x20000), but got type: 0xe40
Scarab started at Tue Jun  2 01:23:48 2026

Initialized Ramulator. 
** Heartbeat:   5% -- { 1000003 } -- 0.00 KIPS (62.50 KIPS)
** Heartbeat:  10% -- { 2000006 } -- 71.43 KIPS (66.67 KIPS)
** Heartbeat:  15% -- { 3000009 } -- 66.67 KIPS (66.67 KIPS)
** Heartbeat:  20% -- { 4000009 } -- 50.00 KIPS (61.54 KIPS)
** Heartbeat:  25% -- { 5000011 } -- 66.67 KIPS (62.50 KIPS)
** Heartbeat:  30% -- { 6000011 } -- 71.43 KIPS (63.83 KIPS)
** Heartbeat:  35% -- { 7000011 } -- 76.92 KIPS (65.42 KIPS)
** Heartbeat:  40% -- { 8000013 } -- 71.43 KIPS (66.12 KIPS)
** Heartbeat:  45% -- { 9000015 } -- 71.43 KIPS (66.67 KIPS)
** Heartbeat:  50% -- { 10000015 } -- 62.50 KIPS (66.23 KIPS)
** Heartbeat:  55% -- { 11000015 } -- 71.43 KIPS (66.67 KIPS)
** Heartbeat:  60% -- { 12000015 } -- 62.50 KIPS (66.30 KIPS)
** Heartbeat:  65% -- { 13000016 } -- 66.67 KIPS (66.33 KIPS)
** Heartbeat:  70% -- { 14000020 } -- 66.67 KIPS (66.35 KIPS)
** Heartbeat:  75% -- { 15000021 } -- 76.92 KIPS (66.96 KIPS)
** Heartbeat:  80% -- { 16000021 } -- 71.43 KIPS (67.23 KIPS)
** Heartbeat:  85% -- { 17000023 } -- 90.91 KIPS (68.27 KIPS)
** Heartbeat:  90% -- { 18000023 } -- 76.92 KIPS (68.70 KIPS)
** Heartbeat:  95% -- { 19000025 } -- 83.33 KIPS (69.34 KIPS)
Reached end of trace (last_inst) pc=0x7ffff3dcd760
** Core 0 Finished:    insts:19999999    cycles:16384264    time:5120082500000       -- 1.22 IPC (1.22 IPC) --  N/A  KIPS (67.80 KIPS)
Scarab finished at Tue Jun  2 01:28:44 2026

 Tue Jun  2 01:26:05 2026

