/* -*- Mode: c -*- */
####################################################################################################
Core 0
####################################################################################################
Cumulative:        Cycles: 29694031              Instructions: 19999999              IPC: 0.67354

Periodic:          Cycles: 14870069              Instructions: 9999998               IPC: 0.67249

PREF_DL0REQ_QUEUE_HIT_BY_DEMAND                      0                              0              

PREF_UMLC_REQ_QUEUE_HIT_BY_DEMAND                    0                              0              

PREF_UL1REQ_QUEUE_HIT_BY_DEMAND                      0                              0              

PREF_DL0REQ_QUEUE_FULL                               0                              0              

PREF_UMLC_REQ_QUEUE_FULL                             0                              0              

PREF_UL1REQ_QUEUE_FULL                               0                              0              

PREF_DC_HIT_NOSEND                                   0                              0              

PREF_WBQDC_HIT_NOSEND                                0                              0              

PREF_MLCQ_STALL                                      0                              0              

PREF_L1Q_STALL                                       0                              0              

PREF_UMLC_REQ_SEND_QUEUE_STALL                       0                              0              

PREF_UL1REQ_SEND_QUEUE_STALL                        10                            700              

PREF_UMLC_REQ_QUEUE_SENTREQ                          0                              0              

PREF_UL1REQ_QUEUE_SENTREQ                        14671                          32170              

PREF_NEWREQ_MATCHED                               1864                           3651              

PREF_UMLC_REQ_QUEUE_MATCHED_REQ                      0                              0              

PREF_UL1REQ_QUEUE_MATCHED_REQ                      476                            884              

PREF_DL0REQ_QUEUE_MATCHED_REQ                        0                              0              

L1_PREF_HIT                                       2851                           6117              

L1_PREF_UNIQUE_HIT                                2694                           5838              

L1_PREF_LATE                                       361                            765              

L1_LATE_PREF_CYCLES                              43995                          89554              

L1_LATE_PREF_CYCLES_DIST_0                         214       59.280%              421       55.033%
L1_LATE_PREF_CYCLES_DIST_100                       119       32.964%              281       36.732%
L1_LATE_PREF_CYCLES_DIST_200                         3        0.831%               13        1.699%
L1_LATE_PREF_CYCLES_DIST_300                         3        0.831%                8        1.046%
L1_LATE_PREF_CYCLES_DIST_400                         3        0.831%                9        1.176%
L1_LATE_PREF_CYCLES_DIST_500                         2        0.554%               10        1.307%
L1_LATE_PREF_CYCLES_DIST_600                         6        1.662%                7        0.915%
L1_LATE_PREF_CYCLES_DIST_700                         2        0.554%                3        0.392%
L1_LATE_PREF_CYCLES_DIST_800                         1        0.277%                1        0.131%
L1_LATE_PREF_CYCLES_DIST_900                         0        0.000%                0        0.000%
L1_LATE_PREF_CYCLES_DIST_1000                        0        0.000%                0        0.000%
L1_LATE_PREF_CYCLES_DIST_1100                        1        0.277%                5        0.654%
L1_LATE_PREF_CYCLES_DIST_1200                        7        1.939%                7        0.915%
L1_LATE_PREF_CYCLES_DIST_1300                        0        0.000%                0        0.000%
L1_LATE_PREF_CYCLES_DIST_1400                        0        0.000%                0        0.000%
L1_LATE_PREF_CYCLES_DIST_1500                        0        0.000%                0        0.000%
L1_LATE_PREF_CYCLES_DIST_1600                        0        0.000%                0        0.000%
L1_LATE_PREF_CYCLES_DIST_1700                        0        0.000%                0        0.000%
L1_LATE_PREF_CYCLES_DIST_1800                        0        0.000%                0        0.000%
L1_LATE_PREF_CYCLES_DIST_1900                        0        0.000%                0        0.000%
L1_LATE_PREF_CYCLES_DIST_2000                        0        0.000%                0        0.000%
                                                   361      100.000%              765      100.000%
                                                  0.86         1.93              0.82         1.65

MLC_PREF_HIT                                      8907                          20783              

MLC_PREF_UNIQUE_HIT                               3097                           6675              

MLC_PREF_LATE                                        0                              0              

PREF_HYBRID_SEL_0                                    0         -nan%                0         -nan%
PREF_HYBRID_SEL_1                                    0         -nan%                0         -nan%
PREF_HYBRID_SEL_2                                    0         -nan%                0         -nan%
PREF_HYBRID_SEL_3                                    0         -nan%                0         -nan%
PREF_HYBRID_SEL_4                                    0         -nan%                0         -nan%
PREF_HYBRID_SEL_5                                    0         -nan%                0         -nan%
PREF_HYBRID_SEL_6                                    0         -nan%                0         -nan%
                                                     0         -nan%                0         -nan%
                                                  -nan         -nan              -nan         -nan

PREF_DISTANCE_1                                      9       69.231%               17       68.000%
PREF_DISTANCE_2                                      3       23.077%                6       24.000%
PREF_DISTANCE_3                                      1        7.692%                2        8.000%
PREF_DISTANCE_4                                      0        0.000%                0        0.000%
PREF_DISTANCE_5                                      0        0.000%                0        0.000%
PREF_DISTANCE_6                                      0        0.000%                0        0.000%
PREF_DISTANCE_7                                      0        0.000%                0        0.000%
PREF_DISTANCE_8                                      0        0.000%                0        0.000%
PREF_DISTANCE_9                                      0        0.000%                0        0.000%
PREF_DISTANCE_10                                     0        0.000%                0        0.000%
                                                    13      100.000%               25      100.000%
                                                  0.38         0.56              0.40         0.55

PREF_REPL_MRU                                        0         -nan%                0         -nan%
PREF_REPL_MID                                        0         -nan%                0         -nan%
PREF_REPL_LOWQTR                                     0         -nan%                0         -nan%
PREF_REPL_LRU                                        0         -nan%                0         -nan%
                                                     0         -nan%                0         -nan%
                                                  -nan         -nan              -nan         -nan

PREF_REPL_MOVEDOWN                                   0         -nan%                0         -nan%
PREF_REPL_MOVEUP                                     0         -nan%                0         -nan%
                                                     0         -nan%                0         -nan%
                                                  -nan         -nan              -nan         -nan

PREF_COV_1                                           0         -nan%                0         -nan%
PREF_COV_2                                           0         -nan%                0         -nan%
PREF_COV_3                                           0         -nan%                0         -nan%
PREF_COV_4                                           0         -nan%                0         -nan%
PREF_COV_5                                           0         -nan%                0         -nan%
PREF_COV_6                                           0         -nan%                0         -nan%
PREF_COV_7                                           0         -nan%                0         -nan%
PREF_COV_8                                           0         -nan%                0         -nan%
PREF_COV_9                                           0         -nan%                0         -nan%
PREF_COV_10                                          0         -nan%                0         -nan%
                                                     0         -nan%                0         -nan%
                                                  -nan         -nan              -nan         -nan

PREF_POL_1                                           0        0.000%                0        0.000%
PREF_POL_2                                           0        0.000%                0        0.000%
PREF_POL_3                                           0        0.000%                0        0.000%
PREF_POL_4                                           0        0.000%                0        0.000%
PREF_POL_5                                           0        0.000%                0        0.000%
PREF_POL_6                                           0        0.000%                0        0.000%
PREF_POL_7                                           0        0.000%                0        0.000%
PREF_POL_8                                           0        0.000%                0        0.000%
PREF_POL_9                                           0        0.000%                0        0.000%
PREF_POL_10                                         13      100.000%               25      100.000%
                                                    13      100.000%               25      100.000%
                                                  9.00         9.37              9.00         9.19

PREF_ACC_1                                           0        0.000%                0        0.000%
PREF_ACC_2                                           0        0.000%                0        0.000%
PREF_ACC_3                                           0        0.000%                0        0.000%
PREF_ACC_4                                           0        0.000%                0        0.000%
PREF_ACC_5                                           0        0.000%                0        0.000%
PREF_ACC_6                                           3       23.077%                5       20.000%
PREF_ACC_7                                           9       69.231%               16       64.000%
PREF_ACC_8                                           1        7.692%                4       16.000%
PREF_ACC_9                                           0        0.000%                0        0.000%
PREF_ACC_10                                          0        0.000%                0        0.000%
                                                    13      100.000%               25      100.000%
                                                  5.85         0.55              5.96         0.61

PREF_TIMELY_1                                        0        0.000%                0        0.000%
PREF_TIMELY_2                                        0        0.000%                0        0.000%
PREF_TIMELY_3                                        0        0.000%                0        0.000%
PREF_TIMELY_4                                        0        0.000%                0        0.000%
PREF_TIMELY_5                                        0        0.000%                0        0.000%
PREF_TIMELY_6                                        0        0.000%                0        0.000%
PREF_TIMELY_7                                        0        0.000%                0        0.000%
PREF_TIMELY_8                                        0        0.000%                0        0.000%
PREF_TIMELY_9                                       10       76.923%               17       68.000%
PREF_TIMELY_10                                       3       23.077%                8       32.000%
                                                    13      100.000%               25      100.000%
                                                  8.23         4.14              8.32         4.83

PREF_UNUSED_EVICT                                15845                          35064              

PREF_REGION_SENT                                     0                              0              

PREF_REGION_USEFUL                                   0                              0              

PREF_REGION_EVICT                                    0                              0              

PREF_PFPOL                                           0                              0              

PREF_PHASE_NEWPHASE_DET                              0                              0              

PREF_PHASE_NEWPHASE_NOTVALID                         0                              0              

PREF_PHASE_SENTPREF                                  0                              0              

PREF_PHASE_OVERWRITE_PAGE                            0                              0              

PREF_UPDATE_COUNT                                   13                             25              

PREF_ACC1_HT_HP                                      0        0.000%                0        0.000%
PREF_ACC1_HT_LP                                      0        0.000%                0        0.000%
PREF_ACC1_LT_HP                                      0        0.000%                0        0.000%
PREF_ACC1_LT_LP                                      0        0.000%                0        0.000%
PREF_ACC2_HT_HP                                      0        0.000%                0        0.000%
PREF_ACC2_HT_LP                                      0        0.000%                0        0.000%
PREF_ACC2_LT_HP                                      0        0.000%                0        0.000%
PREF_ACC2_LT_LP                                      3       23.077%                5       20.000%
PREF_ACC3_HT_HP                                      0        0.000%                0        0.000%
PREF_ACC3_HT_LP                                      0        0.000%                0        0.000%
PREF_ACC3_LT_HP                                      0        0.000%                0        0.000%
PREF_ACC3_LT_LP                                      0        0.000%                0        0.000%
PREF_ACC4_HT_HP                                      0        0.000%                0        0.000%
PREF_ACC4_HT_LP                                      0        0.000%                0        0.000%
PREF_ACC4_LT_HP                                      0        0.000%                0        0.000%
PREF_ACC4_LT_LP                                     10       76.923%               20       80.000%
                                                    13      100.000%               25      100.000%
                                                 13.15        12.51             13.40        12.66

FDIP_DECIDE_PREF_ONPATH0                       1646798                        3296279              

FDIP_DECIDE_PREF_OFFPATH0                      6729791                       13564077              

FDIP_NEW_PREFETCHES_ONPATH0                      18376                          37611              

FDIP_NEW_PREFETCHES_OFFPATH0                    116343                         247836              

FDIP_PREF_ICACHE_PROBE_HIT_ONPATH0             1625350                        3252179              

FDIP_PREF_ICACHE_PROBE_HIT_OFFPATH0            6586931                       13258109              

FDIP_PREF_MSHR_PROBE_HIT_ONPATH0                  3066                           6453              

FDIP_PREF_MSHR_PROBE_HIT_OFFPATH0                26500                          58078              

FDIP_PREF_FAILED_ONPATH0                             6                             36              

FDIP_PREF_FAILED_OFFPATH0                           17                             54              

FDIP_ATTEMPTED_PREF_ONPATH0                    1646798                        3296336              

FDIP_ATTEMPTED_PREF_OFFPATH0                   6734417                       13588470              

FDIP_DECIDE_PREF_ONPATH1                             0                              0              

FDIP_DECIDE_PREF_OFFPATH1                            0                              0              

FDIP_NEW_PREFETCHES_ONPATH1                          0                              0              

FDIP_NEW_PREFETCHES_OFFPATH1                         0                              0              

FDIP_PREF_ICACHE_PROBE_HIT_ONPATH1                   0                              0              

FDIP_PREF_ICACHE_PROBE_HIT_OFFPATH1                  0                              0              

FDIP_PREF_MSHR_PROBE_HIT_ONPATH1                     0                              0              

FDIP_PREF_MSHR_PROBE_HIT_OFFPATH1                    0                              0              

FDIP_PREF_FAILED_ONPATH1                             0                              0              

FDIP_PREF_FAILED_OFFPATH1                            0                              0              

FDIP_ATTEMPTED_PREF_ONPATH1                          0                              0              

FDIP_ATTEMPTED_PREF_OFFPATH1                         0                              0              

FDIP_DECIDE_PREF_ONPATH2                             0                              0              

FDIP_DECIDE_PREF_OFFPATH2                            0                              0              

FDIP_NEW_PREFETCHES_ONPATH2                          0                              0              

FDIP_NEW_PREFETCHES_OFFPATH2                         0                              0              

FDIP_PREF_ICACHE_PROBE_HIT_ONPATH2                   0                              0              

FDIP_PREF_ICACHE_PROBE_HIT_OFFPATH2                  0                              0              

FDIP_PREF_MSHR_PROBE_HIT_ONPATH2                     0                              0              

FDIP_PREF_MSHR_PROBE_HIT_OFFPATH2                    0                              0              

FDIP_PREF_FAILED_ONPATH2                             0                              0              

FDIP_PREF_FAILED_OFFPATH2                            0                              0              

FDIP_ATTEMPTED_PREF_ONPATH2                          0                              0              

FDIP_ATTEMPTED_PREF_OFFPATH2                         0                              0              

FDIP_DECIDE_PREF_ONPATH3                             0                              0              

FDIP_DECIDE_PREF_OFFPATH3                            0                              0              

FDIP_NEW_PREFETCHES_ONPATH3                          0                              0              

FDIP_NEW_PREFETCHES_OFFPATH3                         0                              0              

FDIP_PREF_ICACHE_PROBE_HIT_ONPATH3                   0                              0              

FDIP_PREF_ICACHE_PROBE_HIT_OFFPATH3                  0                              0              

FDIP_PREF_MSHR_PROBE_HIT_ONPATH3                     0                              0              

FDIP_PREF_MSHR_PROBE_HIT_OFFPATH3                    0                              0              

FDIP_PREF_FAILED_ONPATH3                             0                              0              

FDIP_PREF_FAILED_OFFPATH3                            0                              0              

FDIP_ATTEMPTED_PREF_ONPATH3                          0                              0              

FDIP_ATTEMPTED_PREF_OFFPATH3                         0                              0              

FDIP_DECIDE_PREF_ONPATH4                             0                              0              

FDIP_DECIDE_PREF_OFFPATH4                            0                              0              

FDIP_NEW_PREFETCHES_ONPATH4                          0                              0              

FDIP_NEW_PREFETCHES_OFFPATH4                         0                              0              

FDIP_PREF_ICACHE_PROBE_HIT_ONPATH4                   0                              0              

FDIP_PREF_ICACHE_PROBE_HIT_OFFPATH4                  0                              0              

FDIP_PREF_MSHR_PROBE_HIT_ONPATH4                     0                              0              

FDIP_PREF_MSHR_PROBE_HIT_OFFPATH4                    0                              0              

FDIP_PREF_FAILED_ONPATH4                             0                              0              

FDIP_PREF_FAILED_OFFPATH4                            0                              0              

FDIP_ATTEMPTED_PREF_ONPATH4                          0                              0              

FDIP_ATTEMPTED_PREF_OFFPATH4                         0                              0              

FDIP_ALT_PATH_PREFETCHES_IC_EMITTED                  0                              0              

FDIP_ALT_PATH_PREFETCHES_IC_TRIGGERED                0                              0              

FDIP_ALT_PATH_PREFETCHES_UOC_EMITTED_OFF_PATH             0         -nan%                0         -nan%
FDIP_ALT_PATH_PREFETCHES_UOC_EMITTED_ON_PATH             0         -nan%                0         -nan%
                                                     0         -nan%                0         -nan%
                                                  -nan         -nan              -nan         -nan

FDIP_ALT_PATH_PREFETCHES_UOC_TRIGGERED               0                              0              

FDIP_BREAK_REACH_FTQ_END0                     14865029       99.966%         29669012       99.916%
FDIP_BREAK_FTQ_EMPTY0                              369        0.002%              369        0.001%
FDIP_BREAK_MAX_FTQ_ENTRY_CYC0                       45        0.000%              200        0.001%
FDIP_BREAK_FULL_MEM_REQ_BUF0                      4626        0.031%            24450        0.082%
                                              14870069      100.000%         29694031      100.000%
                                                  0.00         0.05              0.00         0.09

FDIP_BREAK_REACH_FTQ_END1                            0         -nan%                0         -nan%
FDIP_BREAK_FTQ_EMPTY1                                0         -nan%                0         -nan%
FDIP_BREAK_MAX_FTQ_ENTRY_CYC1                        0         -nan%                0         -nan%
FDIP_BREAK_FULL_MEM_REQ_BUF1                         0         -nan%                0         -nan%
                                                     0         -nan%                0         -nan%
                                                  -nan         -nan              -nan         -nan

FDIP_BREAK_REACH_FTQ_END2                            0         -nan%                0         -nan%
FDIP_BREAK_FTQ_EMPTY2                                0         -nan%                0         -nan%
FDIP_BREAK_MAX_FTQ_ENTRY_CYC2                        0         -nan%                0         -nan%
FDIP_BREAK_FULL_MEM_REQ_BUF2                         0         -nan%                0         -nan%
                                                     0         -nan%                0         -nan%
                                                  -nan         -nan              -nan         -nan

FDIP_BREAK_REACH_FTQ_END3                            0         -nan%                0         -nan%
FDIP_BREAK_FTQ_EMPTY3                                0         -nan%                0         -nan%
FDIP_BREAK_MAX_FTQ_ENTRY_CYC3                        0         -nan%                0         -nan%
FDIP_BREAK_FULL_MEM_REQ_BUF3                         0         -nan%                0         -nan%
                                                     0         -nan%                0         -nan%
                                                  -nan         -nan              -nan         -nan

FDIP_BREAK_REACH_FTQ_END4                            0         -nan%                0         -nan%
FDIP_BREAK_FTQ_EMPTY4                                0         -nan%                0         -nan%
FDIP_BREAK_MAX_FTQ_ENTRY_CYC4                        0         -nan%                0         -nan%
FDIP_BREAK_FULL_MEM_REQ_BUF4                         0         -nan%                0         -nan%
                                                     0         -nan%                0         -nan%
                                                  -nan         -nan              -nan         -nan

FDIP_CYCLE_COUNT                                     0                              0              

ICACHE_USEFUL_FETCHES                               50                            385              

USEFUL_CACHELINES_RETIRED                            0                              0              

ICACHE_UNUSEFUL_FETCHES                            163                           2823              

UNIQUE_MISSED_LINES                                 50                            385              

UNIQUE_HIT_LINES                                     0                              0              

UNIQUE_PREFETCHED_LINES                              0                              0              

FDIP_BTB_MISS_NT_RESTEER_ONPATH                    188                            950              

FDIP_BTB_MISS_NT_RESTEER_OFFPATH                    43                            306              

FDIP_UTILITY_HASH_HIT                                0         -nan%                0         -nan%
FDIP_UTILITY_HASH_MISS                               0         -nan%                0         -nan%
                                                     0         -nan%                0         -nan%
                                                  -nan         -nan              -nan         -nan

FDIP_UC_HIT                                          0         -nan%                0         -nan%
FDIP_UC_MISS                                         0         -nan%                0         -nan%
                                                     0         -nan%                0         -nan%
                                                  -nan         -nan              -nan         -nan

FDIP_UC_USEFUL_LINES                                 0                              0              

FDIP_UC_REPLACEMENT                                  0                              0              

FDIP_BLOOM_HIT                                       0         -nan%                0         -nan%
FDIP_BLOOM_MISS                                      0         -nan%                0         -nan%
                                                     0         -nan%                0         -nan%
                                                  -nan         -nan              -nan         -nan

FDIP_BLOOM_INSERTED                                  0                              0              

FDIP_BLOOM_CLEAR1                                    0                              0              

FDIP_BLOOM_CLEAR2                                    0                              0              

FDIP_BLOOM_CLEAR4                                    0                              0              

FDIP_BLOOM_1STREAM                                   0                              0              

FDIP_BLOOM_2STREAM                                   0                              0              

FDIP_BLOOM_3STREAM                                   0                              0              

FDIP_BLOOM_4STREAM                                   0                              0              

FDIP_BLOOM_5STREAM                                   0                              0              

FDIP_BLOOM_6STREAM                                   0                              0              

FDIP_BLOOM_7STREAM                                   0                              0              

FDIP_BLOOM_8STREAM                                   0                              0              

FDIP_BLOOM_1INSERT                                   0                              0              

FDIP_BLOOM_2INSERT                                   0                              0              

FDIP_BLOOM_4INSERT                                   0                              0              

FDIP_BLOOM_NOSTREAM                                  0                              0              

FDIP_AVG_FTQ_OCCUPANCY_OPS                         181                            181              

FDIP_AVG_FTQ_OCCUPANCY                              19                             19              

FDIP_AVG_FTQ_OCCUPANCY_OPS1                          0                              0              

FDIP_AVG_FTQ_OCCUPANCY1                              0                              0              

FDIP_AVG_FTQ_OCCUPANCY_OPS2                          0                              0              

FDIP_AVG_FTQ_OCCUPANCY2                              0                              0              

FDIP_AVG_FTQ_OCCUPANCY_OPS3                          0                              0              

FDIP_AVG_FTQ_OCCUPANCY3                              0                              0              

FDIP_AVG_FTQ_OCCUPANCY_OPS4                          0                              0              

FDIP_AVG_FTQ_OCCUPANCY4                              0                              0              

FDIP_FTQ_OCCUPANCY_OPS_ACCUMULATED0         2693661072                     5394118290              

FDIP_FTQ_OCCUPANCY_BLOCKS_ACCUMULATED0       293583762                      584041686              

FDIP_FTQ_OCCUPANCY_OPS_ACCUMULATED1                  0                              0              

FDIP_FTQ_OCCUPANCY_BLOCKS_ACCUMULATED1               0                              0              

FDIP_FTQ_OCCUPANCY_OPS_ACCUMULATED2                  0                              0              

FDIP_FTQ_OCCUPANCY_BLOCKS_ACCUMULATED2               0                              0              

FDIP_FTQ_OCCUPANCY_OPS_ACCUMULATED3                  0                              0              

FDIP_FTQ_OCCUPANCY_BLOCKS_ACCUMULATED3               0                              0              

FDIP_FTQ_OCCUPANCY_OPS_ACCUMULATED4                  0                              0              

FDIP_FTQ_OCCUPANCY_BLOCKS_ACCUMULATED4               0                              0              

FDIP_TRAINING_SAMPLE                                 0                              0              

FDIP_SENIORITY_FTQ_ACCUMULATED                       0                              0              

FDIP_SENIORITY_FTQ_HIT                               0                              0              

FDIP_SENIORITY_FTQ_MISS                              0                              0              

FDIP_UFTQ_STAY_SAME_FTQ_NUM                          0         -nan%                0         -nan%
FDIP_UFTQ_DEC_FTQ_NUM                                0         -nan%                0         -nan%
FDIP_UFTQ_INC_FTQ_NUM                                0         -nan%                0         -nan%
                                                     0         -nan%                0         -nan%
                                                  -nan         -nan              -nan         -nan

FDIP_OFF_CONF_ON_PREF_CANDIDATES                     0         -nan%                0         -nan%
FDIP_OFF_CONF_OFF_PREF_CANDIDATES                    0         -nan%                0         -nan%
FDIP_ON_CONF_ON_PREF_CANDIDATES                      0         -nan%                0         -nan%
FDIP_ON_CONF_OFF_PREF_CANDIDATES                     0         -nan%                0         -nan%
                                                     0         -nan%                0         -nan%
                                                  -nan         -nan              -nan         -nan

FDIP_ON_CONF_ON_EMITTED                              0         -nan%                0         -nan%
FDIP_ON_CONF_OFF_EMITTED                             0         -nan%                0         -nan%
FDIP_OFF_CONF_ON_EMITTED                             0         -nan%                0         -nan%
FDIP_OFF_CONF_OFF_EMITTED                            0         -nan%                0         -nan%
                                                     0         -nan%                0         -nan%
                                                  -nan         -nan              -nan         -nan

FDIP_OFF_CONF_ON_NOT_IDENTIFIED_PREF_CANDIDATES             0         -nan%                0         -nan%
FDIP_OFF_CONF_ON_IBTB_MISS_PREF_CANDIDATES             0         -nan%                0         -nan%
FDIP_OFF_CONF_ON_BTB_MISS_PREF_CANDIDATES             0         -nan%                0         -nan%
FDIP_OFF_CONF_ON_BTB_MISS_MISPRED_PREF_CANDIDATES             0         -nan%                0         -nan%
FDIP_OFF_CONF_ON_MISPRED_PREF_CANDIDATES             0         -nan%                0         -nan%
FDIP_OFF_CONF_ON_MISFETCH_PREF_CANDIDATES             0         -nan%                0         -nan%
                                                     0         -nan%                0         -nan%
                                                  -nan         -nan              -nan         -nan

FDIP_OFF_CONF_ON_NOT_IDENTIFIED_EMITTED              0         -nan%                0         -nan%
FDIP_OFF_CONF_ON_IBTB_MISS_EMITTED                   0         -nan%                0         -nan%
FDIP_OFF_CONF_ON_BTB_MISS_EMITTED                    0         -nan%                0         -nan%
FDIP_OFF_CONF_ON_BTB_MISS_MISPRED_EMITTED             0         -nan%                0         -nan%
FDIP_OFF_CONF_ON_MISPRED_EMITTED                     0         -nan%                0         -nan%
FDIP_OFF_CONF_ON_MISFETCH_EMITTED                    0         -nan%                0         -nan%
                                                     0         -nan%                0         -nan%
                                                  -nan         -nan              -nan         -nan

FDIP_ON_CONF_OFF_IBTB_MISS_BP_TAKEN_PREF_CANDIDATES             0         -nan%                0         -nan%
FDIP_ON_CONF_OFF_BTB_MISS_BP_TAKEN_CONF_0_PREF_CANDIDATES             0         -nan%                0         -nan%
FDIP_ON_CONF_OFF_BTB_MISS_BP_TAKEN_CONF_1_PREF_CANDIDATES             0         -nan%                0         -nan%
FDIP_ON_CONF_OFF_BTB_MISS_BP_TAKEN_CONF_2_PREF_CANDIDATES             0         -nan%                0         -nan%
FDIP_ON_CONF_OFF_BTB_MISS_BP_TAKEN_CONF_3_PREF_CANDIDATES             0         -nan%                0         -nan%
FDIP_ON_CONF_OFF_BTB_MISS_RATE_PREF_CANDIDATES             0         -nan%                0         -nan%
FDIP_ON_CONF_OFF_IBTB_MISS_RATE_PREF_CANDIDATES             0         -nan%                0         -nan%
FDIP_ON_CONF_OFF_MISFETCH_RATE_PREF_CANDIDATES             0         -nan%                0         -nan%
FDIP_ON_CONF_OFF_MISPRED_RATE_PREF_CANDIDATES             0         -nan%                0         -nan%
FDIP_ON_CONF_OFF_INV_CONF_INC_PREF_CANDIDATES             0         -nan%                0         -nan%
FDIP_ON_CONF_OFF_PERFECT_CONF_PREF_CANDIDATES             0         -nan%                0         -nan%
                                                     0         -nan%                0         -nan%
                                                  -nan         -nan              -nan         -nan

FDIP_ON_CONF_OFF_IBTB_MISS_BP_TAKEN_EMITTED             0         -nan%                0         -nan%
FDIP_ON_CONF_OFF_BTB_MISS_BP_TAKEN_CONF_0_EMITTED             0         -nan%                0         -nan%
FDIP_ON_CONF_OFF_BTB_MISS_BP_TAKEN_CONF_1_EMITTED             0         -nan%                0         -nan%
FDIP_ON_CONF_OFF_BTB_MISS_BP_TAKEN_CONF_2_EMITTED             0         -nan%                0         -nan%
FDIP_ON_CONF_OFF_BTB_MISS_BP_TAKEN_CONF_3_EMITTED             0         -nan%                0         -nan%
FDIP_ON_CONF_OFF_BTB_MISS_RATE_EMITTED               0         -nan%                0         -nan%
FDIP_ON_CONF_OFF_IBTB_MISS_RATE_EMITTED              0         -nan%                0         -nan%
FDIP_ON_CONF_OFF_MISFETCH_RATE_EMITTED               0         -nan%                0         -nan%
FDIP_ON_CONF_OFF_MISPRED_RATE_EMITTED                0         -nan%                0         -nan%
FDIP_ON_CONF_OFF_INV_CONF_INC_EMITTED                0         -nan%                0         -nan%
FDIP_ON_CONF_OFF_PERFECT_CONF_EMITTED                0         -nan%                0         -nan%
                                                     0         -nan%                0         -nan%
                                                  -nan         -nan              -nan         -nan

ICACHE_FIRST_MISS_AFTER_WARMUP_SEEN_DURING_WARMUP            40       80.000%               40       80.000%
ICACHE_FIRST_MISS_AFTER_WARMUP_NOT_SEEN_DURING_WARMUP            10       20.000%               10       20.000%
                                                    50      100.000%               50      100.000%
                                                  0.20         0.37              0.20         0.37

ICACHE_FIRST_MISS_AFTER_WARMUP_NO_PREF_DURING_WARMUP             1      100.000%                1      100.000%
ICACHE_FIRST_MISS_AFTER_WARMUP_TRAINED_UNUSEFUL_DURING_WARMUP             0        0.000%                0        0.000%
ICACHE_FIRST_MISS_AFTER_WARMUP_TRAINED_USEFUL_DURING_WARMUP             0        0.000%                0        0.000%
                                                     1      100.000%                1      100.000%
                                                  0.00         -nan              0.00         -nan

FDIP_PREFETCH_EVICT_NO_HIT_ONLY_ONCE                 0                              0              

FDIP_PREFETCH_HIT_ICACHE0                      8212281       97.984%         16510288       97.782%
FDIP_PREFETCH_HIT_MLC0                          143192        1.708%           304283        1.802%
FDIP_PREFETCH_HIT_L10                            17052        0.203%            34805        0.206%
FDIP_PREFETCH_HIT_DRAM0                           8690        0.104%            35430        0.210%
                                               8381215      100.000%         16884806      100.000%
                                                  0.02         0.18              0.03         0.21

FDIP_PREFETCH_HIT_ICACHE1                            0         -nan%                0         -nan%
FDIP_PREFETCH_HIT_MLC1                               0         -nan%                0         -nan%
FDIP_PREFETCH_HIT_L11                                0         -nan%                0         -nan%
FDIP_PREFETCH_HIT_DRAM1                              0         -nan%                0         -nan%
                                                     0         -nan%                0         -nan%
                                                  -nan         -nan              -nan         -nan

FDIP_PREFETCH_HIT_ICACHE2                            0         -nan%                0         -nan%
FDIP_PREFETCH_HIT_MLC2                               0         -nan%                0         -nan%
FDIP_PREFETCH_HIT_L12                                0         -nan%                0         -nan%
FDIP_PREFETCH_HIT_DRAM2                              0         -nan%                0         -nan%
                                                     0         -nan%                0         -nan%
                                                  -nan         -nan              -nan         -nan

FDIP_PREFETCH_HIT_ICACHE3                            0         -nan%                0         -nan%
FDIP_PREFETCH_HIT_MLC3                               0         -nan%                0         -nan%
FDIP_PREFETCH_HIT_L13                                0         -nan%                0         -nan%
FDIP_PREFETCH_HIT_DRAM3                              0         -nan%                0         -nan%
                                                     0         -nan%                0         -nan%
                                                  -nan         -nan              -nan         -nan

FDIP_PREFETCH_HIT_ICACHE4                            0         -nan%                0         -nan%
FDIP_PREFETCH_HIT_MLC4                               0         -nan%                0         -nan%
FDIP_PREFETCH_HIT_L14                                0         -nan%                0         -nan%
FDIP_PREFETCH_HIT_DRAM4                              0         -nan%                0         -nan%
                                                     0         -nan%                0         -nan%
                                                  -nan         -nan              -nan         -nan

FDIP_MEM_BUF_MISS0                                   0         -nan%                0         -nan%
FDIP_MEM_BUF_FOUND0                                  0         -nan%                0         -nan%
                                                     0         -nan%                0         -nan%
                                                  -nan         -nan              -nan         -nan

FDIP_MEM_BUF_MISS1                                   0         -nan%                0         -nan%
FDIP_MEM_BUF_FOUND1                                  0         -nan%                0         -nan%
                                                     0         -nan%                0         -nan%
                                                  -nan         -nan              -nan         -nan

FDIP_MEM_BUF_MISS2                                   0         -nan%                0         -nan%
FDIP_MEM_BUF_FOUND2                                  0         -nan%                0         -nan%
                                                     0         -nan%                0         -nan%
                                                  -nan         -nan              -nan         -nan

FDIP_MEM_BUF_MISS3                                   0         -nan%                0         -nan%
FDIP_MEM_BUF_FOUND3                                  0         -nan%                0         -nan%
                                                     0         -nan%                0         -nan%
                                                  -nan         -nan              -nan         -nan

FDIP_MEM_BUF_MISS4                                   0         -nan%                0         -nan%
FDIP_MEM_BUF_FOUND4                                  0         -nan%                0         -nan%
                                                     0         -nan%                0         -nan%
                                                  -nan         -nan              -nan         -nan

DJOLT_PREFETCH_ENTRY                                 0                              0              

DJOLT_PREFETCH_INITIAL                               0                              0              

DJOLT_PREFETCH_SIG                                   0                              0              

FNLMMA_PREFETCH_TYPE0                                0         -nan%                0         -nan%
FNLMMA_PREFETCH_TYPE1                                0         -nan%                0         -nan%
FNLMMA_PREFETCH_TYPE2                                0         -nan%                0         -nan%
FNLMMA_PREFETCH_TYPE3                                0         -nan%                0         -nan%
FNLMMA_PREFETCH_TYPE4                                0         -nan%                0         -nan%
                                                     0         -nan%                0         -nan%
                                                  -nan         -nan              -nan         -nan



