Scarab gitrev: 4a1223f
Warning: Scarab expects the trace file type to include OFFLINE_FILE_TYPE_ARCH_REGDEPS (0x20000), but got type: 0xe40
Scarab started at Tue Jun  2 01:29:37 2026

Initialized Ramulator. 
** Heartbeat:   5% -- { 1000001 } -- 0.00 KIPS (66.67 KIPS)
** Heartbeat:  10% -- { 2000001 } -- 111.11 KIPS (83.33 KIPS)
** Heartbeat:  15% -- { 3000001 } -- 90.91 KIPS (85.71 KIPS)
** Heartbeat:  20% -- { 4000001 } -- 111.11 KIPS (90.91 KIPS)
** Heartbeat:  25% -- { 5000006 } -- 125.00 KIPS (96.15 KIPS)
** Heartbeat:  30% -- { 6000011 } -- 111.11 KIPS (98.36 KIPS)
** Heartbeat:  35% -- { 7000014 } -- 142.86 KIPS (102.94 KIPS)
** Heartbeat:  40% -- { 8000018 } -- 142.86 KIPS (106.67 KIPS)
** Heartbeat:  45% -- { 9000020 } -- 166.67 KIPS (111.11 KIPS)
** Heartbeat:  50% -- { 10000021 } -- 250.00 KIPS (117.65 KIPS)
** Heartbeat:  55% -- { 11000021 } -- 250.00 KIPS (123.60 KIPS)
** Heartbeat:  60% -- { 12000022 } -- 250.00 KIPS (129.03 KIPS)
** Heartbeat:  65% -- { 13000023 } -- 250.00 KIPS (134.02 KIPS)
** Heartbeat:  70% -- { 14000023 } -- 250.00 KIPS (138.61 KIPS)
** Heartbeat:  75% -- { 15000026 } -- 250.00 KIPS (142.86 KIPS)
** Heartbeat:  80% -- { 16000026 } -- 250.00 KIPS (146.79 KIPS)
** Heartbeat:  85% -- { 17000027 } -- 333.33 KIPS (151.79 KIPS)
** Heartbeat:  90% -- { 18000027 } -- 250.00 KIPS (155.17 KIPS)
** Heartbeat:  95% -- { 19000030 } -- 333.33 KIPS (159.66 KIPS)
Reached end of trace (last_inst) pc=0x7ffff13ac618
** Core 0 Finished:    insts:19999999    cycles:29694031    time:9279384687500       -- 0.67 IPC (0.67 IPC) --  N/A  KIPS (162.60 KIPS)
Scarab finished at Tue Jun  2 01:31:40 2026

