/* -*- Mode: c -*- */
####################################################################################################
Core 0
####################################################################################################
Cumulative:        Cycles: 16201789              Instructions: 19999999              IPC: 1.23443

Periodic:          Cycles: 8070064               Instructions: 9999997               IPC: 1.23915

EXECUTION_TIME                           2521895000000                  5063059062500              

SIM_HOST_WALL_SECONDS                       116.694522                     116.694522              

NODE_CYCLE                                     8070064                       16201789              

NODE_INST_COUNT                                9999997                       19999999              

NODE_INST_COUNT_FETCHED                        9999997                       19999999              

NODE_UOP_COUNT                                10716471                       21430002              

EXEC_STAGE_NO_ISSUE_STALL_CYCLE                3335949                        6771389              

EXEC_STAGE_NO_ISSUE_STALL_CYCLE_ONPATH         3166941                        6144280              

FULL_WINDOW_STALL                              6114214       75.764%         11798643       72.823%

FULL_WINDOW_MEM_OP                             4577527       82.903%          8535434       80.893%
FULL_WINDOW_FP_OP                               943395       17.086%          2014626       19.093%
FULL_WINDOW_OTHER_OP                               607        0.011%             1407        0.013%
                                               5521529      100.000%         10551467      100.000%
                                                  0.17         0.34              0.19         0.35

RET_BLOCKED_DC_MISS                            1144028       14.176%          2280211       14.074%

RET_BLOCKED_L1_MISS                             997764       12.364%          1725108       10.648%

RET_BLOCKED_L1_MISS_BW_PREF                     980175       12.146%          1690488       10.434%

RET_BLOCKED_L1_ACCESS                           146442        1.815%           555682        3.430%

RET_BLOCKED_MEM_STALL                          3100704       38.422%          5910414       36.480%

RET_BLOCKED_OFFCHIP_DEMAND                           0        0.000%                0        0.000%

OP_ISSUED                                     10981648                       22564272              

OP_RETIRED                                    10716471                       21430002              

OP_MACRO_FUSION_ONPATH                           88384                         178190              

OP_MACRO_FUSION_OFFPATH                          15605                          74677              

REPLAY_SIGNALED                                      0                              0              

REPLAY_COUNTED                                       0                              0              

OFF_CRITICAL_PATH                                    0         -nan%                0         -nan%
ON_CRITICAL_PATH                                     0         -nan%                0         -nan%
                                                     0         -nan%                0         -nan%
                                                  -nan         -nan              -nan         -nan

LD_NO_DEPENDENTS                                     0        0.000%                0        0.000%
LD_DEPENDENTS                                  2230820      100.000%          4470308      100.000%
                                               2230820      100.000%          4470308      100.000%
                                                  1.00         1.00              1.00         1.00

LD_EXEC_CYCLES_0                                     0        0.000%                0        0.000%
LD_EXEC_CYCLES_1                                     0        0.000%                0        0.000%
LD_EXEC_CYCLES_2                                     0        0.000%                0        0.000%
LD_EXEC_CYCLES_3                               1454227       85.720%          2922270       85.893%
LD_EXEC_CYCLES_4                                242257       14.280%           479932       14.107%
                                               1696484      100.000%          3402202      100.000%
                                                  3.14         1.24              3.14         1.23

ICACHE_STAGE_STARVED                              4884        0.069%            17755        0.140%
ICACHE_STAGE_NOT_STARVED                       7062168       99.931%         12647748       99.860%
                                               7067052      100.000%         12665503      100.000%
                                                  1.00         1.00              1.00         1.00

ICACHE_STAGE_STALLED                           5275287       65.369%          9073448       56.003%
ICACHE_STAGE_NOT_STALLED                       1791765       22.203%          3592055       22.171%
ICACHE_STAGE_OFF_PATH                          1003012       12.429%          3536286       21.827%
                                               8070064      100.000%         16201789      100.000%
                                                  0.47         0.62              0.66         0.72

DECODE_STAGE_STARVED                           8062655       99.908%         16172182       99.820%
DECODE_STAGE_NOT_STARVED                          7409        0.092%            29150        0.180%
                                               8070064      100.000%         16201332      100.000%
                                                  0.00         0.03              0.00         0.04

DECODE_STAGE_STALLED                             11377        0.141%            20322        0.125%
DECODE_STAGE_NOT_STALLED                       8058687       99.859%         16181010       99.872%
DECODE_STAGE_OFF_PATH                                0        0.000%              457        0.003%
                                               8070064      100.000%         16201789      100.000%
                                                  1.00         0.00              1.00         0.01

UOPQ_STAGE_STARVED                               77502        4.178%           197486        5.267%
UOPQ_STAGE_NOT_STARVED                         1777298       95.822%          3551855       94.733%
                                               1854800      100.000%          3749341      100.000%
                                                  0.96         0.94              0.95         0.92

UOPQ_STAGE_STALLED                             5279686       65.423%          9084035       56.068%
UOPQ_STAGE_NOT_STALLED                         1854800       22.984%          3749341       23.142%
UOPQ_STAGE_OFF_PATH                             935578       11.593%          3368413       20.790%
                                               8070064      100.000%         16201789      100.000%
                                                  0.46         0.60              0.65         0.70

RS_OP_READY_NOT_ISSUED_TOTAL                   2128056                        4201352              

RS_0_OP_READY_NOT_ISSUED                       2128056                        4201352              

RS_1_OP_READY_NOT_ISSUED                             0                              0              

RS_2_OP_READY_NOT_ISSUED                             0                              0              

RS_3_OP_READY_NOT_ISSUED                             0                              0              

RS_4_OP_READY_NOT_ISSUED                             0                              0              

RS_5_OP_READY_NOT_ISSUED                             0                              0              

RS_6_OP_READY_NOT_ISSUED                             0                              0              

RS_7_OP_READY_NOT_ISSUED                             0                              0              

RS_7_PLUS_OP_READY_NOT_ISSUED                        0                              0              

FU_IDLE_NO_READY_OPS_TOTAL                    12520496                       25329647              

FU_0_IDLE_NO_READY_OPS                         1523775                        3043556              

FU_1_IDLE_NO_READY_OPS                         1675146                        3394140              

FU_2_IDLE_NO_READY_OPS                         1712596                        3460260              

FU_3_IDLE_NO_READY_OPS                         1367176                        2750914              

FU_4_IDLE_NO_READY_OPS                         1354122                        2753053              

FU_5_IDLE_NO_READY_OPS                         1370716                        2781824              

FU_6_IDLE_NO_READY_OPS                         1753757                        3558266              

FU_7_IDLE_NO_READY_OPS                         1763208                        3587634              

FU_8_IDLE_NO_READY_OPS                               0                              0              

FU_9_IDLE_NO_READY_OPS                               0                              0              

FU_10_IDLE_NO_READY_OPS                              0                              0              

FU_11_IDLE_NO_READY_OPS                              0                              0              

FU_12_IDLE_NO_READY_OPS                              0                              0              

FU_13_IDLE_NO_READY_OPS                              0                              0              

FU_14_IDLE_NO_READY_OPS                              0                              0              

FU_15_IDLE_NO_READY_OPS                              0                              0              

FU_16_IDLE_NO_READY_OPS                              0                              0              

FU_17_IDLE_NO_READY_OPS                              0                              0              

FU_18_IDLE_NO_READY_OPS                              0                              0              

FU_19_IDLE_NO_READY_OPS                              0                              0              

FU_20_IDLE_NO_READY_OPS                              0                              0              

FU_21_IDLE_NO_READY_OPS                              0                              0              

FU_22_IDLE_NO_READY_OPS                              0                              0              

FU_23_IDLE_NO_READY_OPS                              0                              0              

FU_24_IDLE_NO_READY_OPS                              0                              0              

FU_25_IDLE_NO_READY_OPS                              0                              0              

FU_26_IDLE_NO_READY_OPS                              0                              0              

FU_27_IDLE_NO_READY_OPS                              0                              0              

FU_28_IDLE_NO_READY_OPS                              0                              0              

FU_29_IDLE_NO_READY_OPS                              0                              0              

FU_30_IDLE_NO_READY_OPS                              0                              0              

FU_31_IDLE_NO_READY_OPS                              0                              0              

FU_31_PLUS_IDLE_NO_READY_OPS                         0                              0              

MAP_STAGE_STARVED                                35818        0.483%           145033        1.027%
MAP_STAGE_NOT_STARVED                          7384268       99.517%         13981270       98.973%
                                               7420086      100.000%         14126303      100.000%
                                                  1.00         0.99              0.99         0.98

MAP_STAGE_STALLED                              5593396       69.310%         10392220       64.142%
MAP_STAGE_NOT_STALLED                          1826690       22.635%          3734083       23.047%
MAP_STAGE_OFF_PATH                              649978        8.054%          2075486       12.810%
                                               8070064      100.000%         16201789      100.000%
                                                  0.39         0.55              0.49         0.62

MAP_STAGE_STALL_ITSELF                               0        0.000%                0        0.000%
MAP_STAGE_NOT_STALL_ITSELF                     8070064      100.000%         16201789      100.000%
                                               8070064      100.000%         16201789      100.000%
                                                  1.00         1.00              1.00         1.00

MAP_STAGE_LATE_ALLOCATE_SEND_BACK                    0                              0              

MAP_STAGE_RENAME_OP_ONPATH                    10716248                       21430002              

MAP_STAGE_RENAME_OP_OFFPATH                     633298                        2459506              

MAP_STAGE_RENAME_INT_REG_ONPATH                 954153                        1910668              

MAP_STAGE_RENAME_INT_REG_OFFPATH                 63960                         281618              

MAP_STAGE_RENAME_VEC_REG_ONPATH                8591670                       17165430              

MAP_STAGE_RENAME_VEC_REG_OFFPATH                381537                        1299966              

MAP_STAGE_RENAME_MOVE_ELIM_ONPATH                    0                              0              

MAP_STAGE_RENAME_MOVE_ELIM_OFFPATH                   0                              0              

MAP_STAGE_ONPATH_INT_REG_NUM_ALLOC                   0                              0              

MAP_STAGE_ONPATH_VEC_REG_NUM_ALLOC                   0                              0              

MAP_STAGE_ONPATH_INT_REG_NUM_SHORTLIVE               0                              0              

MAP_STAGE_ONPATH_VEC_REG_NUM_SHORTLIVE               0                              0              

MAP_STAGE_ONPATH_INT_REG_USE_COUNT_0                 0                              0              

MAP_STAGE_ONPATH_VEC_REG_USE_COUNT_0                 0                              0              

MAP_STAGE_ONPATH_INT_REG_USE_COUNT_1                 0                              0              

MAP_STAGE_ONPATH_VEC_REG_USE_COUNT_1                 0                              0              

MAP_STAGE_ONPATH_INT_REG_USE_COUNT_2                 0                              0              

MAP_STAGE_ONPATH_VEC_REG_USE_COUNT_2                 0                              0              

MAP_STAGE_ONPATH_INT_REG_USE_COUNT_3                 0                              0              

MAP_STAGE_ONPATH_VEC_REG_USE_COUNT_3                 0                              0              

MAP_STAGE_ONPATH_INT_REG_USE_COUNT_4                 0                              0              

MAP_STAGE_ONPATH_VEC_REG_USE_COUNT_4                 0                              0              

MAP_STAGE_ONPATH_INT_REG_USE_COUNT_5                 0                              0              

MAP_STAGE_ONPATH_VEC_REG_USE_COUNT_5                 0                              0              

MAP_STAGE_ONPATH_INT_REG_USE_COUNT_6                 0                              0              

MAP_STAGE_ONPATH_VEC_REG_USE_COUNT_6                 0                              0              

MAP_STAGE_ONPATH_INT_REG_USE_COUNT_7_PLUS             0                              0              

MAP_STAGE_ONPATH_VEC_REG_USE_COUNT_7_PLUS             0                              0              

MAP_STAGE_ONPATH_INT_REG_CONSUME_DIST_0              0          -nan                0          -nan

MAP_STAGE_ONPATH_VEC_REG_CONSUME_DIST_0              0          -nan                0          -nan

MAP_STAGE_ONPATH_INT_REG_CONSUME_DIST_1              0          -nan                0          -nan

MAP_STAGE_ONPATH_VEC_REG_CONSUME_DIST_1              0          -nan                0          -nan

MAP_STAGE_ONPATH_INT_REG_CONSUME_DIST_2              0          -nan                0          -nan

MAP_STAGE_ONPATH_VEC_REG_CONSUME_DIST_2              0          -nan                0          -nan

MAP_STAGE_ONPATH_INT_REG_CONSUME_DIST_3              0          -nan                0          -nan

MAP_STAGE_ONPATH_VEC_REG_CONSUME_DIST_3              0          -nan                0          -nan

MAP_STAGE_ONPATH_INT_REG_CONSUME_DIST_4              0          -nan                0          -nan

MAP_STAGE_ONPATH_VEC_REG_CONSUME_DIST_4              0          -nan                0          -nan

MAP_STAGE_ONPATH_INT_REG_CONSUME_DIST_5              0          -nan                0          -nan

MAP_STAGE_ONPATH_VEC_REG_CONSUME_DIST_5              0          -nan                0          -nan

MAP_STAGE_ONPATH_INT_REG_CONSUME_DIST_6              0          -nan                0          -nan

MAP_STAGE_ONPATH_VEC_REG_CONSUME_DIST_6              0          -nan                0          -nan

MAP_STAGE_ONPATH_INT_REG_CONSUME_DIST_7_PLUS             0          -nan                0          -nan

MAP_STAGE_ONPATH_VEC_REG_CONSUME_DIST_7_PLUS             0          -nan                0          -nan

MAP_STAGE_INT_REG_ISSUE_READ_TOTAL_CONSUMED             0        0.0000                0        0.0000

MAP_STAGE_VEC_REG_ISSUE_READ_TOTAL_CONSUMED             0        0.0000                0        0.0000

MAP_STAGE_INT_REG_ISSUE_READ_MULTI_CONSUMED             0        0.0000                0        0.0000

MAP_STAGE_VEC_REG_ISSUE_READ_MULTI_CONSUMED             0        0.0000                0        0.0000

MAP_STAGE_INT_REG_ISSUE_READ_SAME_CYCLE_CONSUMED             0        0.0000                0        0.0000

MAP_STAGE_VEC_REG_ISSUE_READ_SAME_CYCLE_CONSUMED             0        0.0000                0        0.0000

MAP_STAGE_INT_REG_ISSUE_READ_TOTAL_CONSUMED_ONPATH             0        0.0000                0        0.0000

MAP_STAGE_VEC_REG_ISSUE_READ_TOTAL_CONSUMED_ONPATH             0        0.0000                0        0.0000

MAP_STAGE_INT_REG_ISSUE_READ_MULTI_CONSUMED_ONPATH             0        0.0000                0        0.0000

MAP_STAGE_VEC_REG_ISSUE_READ_MULTI_CONSUMED_ONPATH             0        0.0000                0        0.0000

MAP_STAGE_INT_REG_ISSUE_READ_SAME_CYCLE_CONSUMED_ONPATH             0        0.0000                0        0.0000

MAP_STAGE_VEC_REG_ISSUE_READ_SAME_CYCLE_CONSUMED_ONPATH             0        0.0000                0        0.0000

MAP_STAGE_ONPATH_INT_REG_LIFECYCLE_EMPTY             0                              0              

MAP_STAGE_ONPATH_VEC_REG_LIFECYCLE_EMPTY             0                              0              

MAP_STAGE_ONPATH_INT_REG_LIFECYCLE_IN_USE             0                              0              

MAP_STAGE_ONPATH_VEC_REG_LIFECYCLE_IN_USE             0                              0              

MAP_STAGE_ONPATH_INT_REG_LIFECYCLE_SPEC_RELEASE             0                              0              

MAP_STAGE_ONPATH_VEC_REG_LIFECYCLE_SPEC_RELEASE             0                              0              

MAP_STAGE_ONPATH_INT_REG_LIFECYCLE_NONSPEC_RELEASE             0                              0              

MAP_STAGE_ONPATH_VEC_REG_LIFECYCLE_NONSPEC_RELEASE             0                              0              

MAP_STAGE_ONPATH_INT_REG_LIFECYCLE_TOTAL             0                              0              

MAP_STAGE_ONPATH_VEC_REG_LIFECYCLE_TOTAL             0                              0              

MAP_STAGE_ONPATH_INT_REG_NUM_NONBRANCH               0                              0              

MAP_STAGE_ONPATH_VEC_REG_NUM_NONBRANCH               0                              0              

MAP_STAGE_ONPATH_INT_REG_NUM_NONEXCEPT               0                              0              

MAP_STAGE_ONPATH_VEC_REG_NUM_NONEXCEPT               0                              0              

MAP_STAGE_ONPATH_INT_REG_NUM_ATOMIC                  0                              0              

MAP_STAGE_ONPATH_VEC_REG_NUM_ATOMIC                  0                              0              

MAP_STAGE_ONPATH_INT_REG_ATOMIC_REDEFINED_DIST_TOTAL             0          -nan                0          -nan

MAP_STAGE_ONPATH_VEC_REG_ATOMIC_REDEFINED_DIST_TOTAL             0          -nan                0          -nan

MAP_STAGE_ONPATH_INT_REG_ATOMIC_CONSUMED_DIST_TOTAL             0          -nan                0          -nan

MAP_STAGE_ONPATH_VEC_REG_ATOMIC_CONSUMED_DIST_TOTAL             0          -nan                0          -nan

MAP_STAGE_ONPATH_INT_REG_ATOMIC_RELEASE_DIST_TOTAL             0          -nan                0          -nan

MAP_STAGE_ONPATH_VEC_REG_ATOMIC_RELEASE_DIST_TOTAL             0          -nan                0          -nan

EXEC_STAGE_STARVED                             1474745       18.274%          3014854       18.608%
EXEC_STAGE_NOT_STARVED                         5990110       74.226%         11256252       69.475%
EXEC_STAGE_OFF_PATH                             605209        7.499%          1930683       11.916%
                                               8070064      100.000%         16201789      100.000%
                                                  0.89         0.40              0.93         0.49

FU_BUSY_0                                      6305820                       12619039              

FU_BUSY_1                                      5851286                       11626076              

FU_BUSY_2                                      5426601                       10800192              

FU_BUSY_3                                      5576026                       11113648              

FU_BUSY_4                                      5254295                       10465062              

FU_BUSY_5                                      4845546                        9721065              

FU_BUSY_6                                      4237694                        8468579              

FU_BUSY_7                                      3561765                        7190419              

FU_BUSY_8                                            0                              0              

FU_BUSY_9                                            0                              0              

FU_BUSY_10                                           0                              0              

FU_BUSY_11                                           0                              0              

FU_BUSY_12                                           0                              0              

FU_BUSY_13                                           0                              0              

FU_BUSY_14                                           0                              0              

FU_BUSY_15                                           0                              0              

FU_BUSY_16                                           0                              0              

FU_BUSY_17                                           0                              0              

FU_BUSY_18                                           0                              0              

FU_BUSY_19                                           0                              0              

FU_BUSY_20                                           0                              0              

FU_BUSY_21                                           0                              0              

FU_BUSY_22                                           0                              0              

FU_BUSY_23                                           0                              0              

FU_BUSY_24                                           0                              0              

FU_BUSY_25                                           0                              0              

FU_BUSY_26                                           0                              0              

FU_BUSY_27                                           0                              0              

FU_BUSY_28                                           0                              0              

FU_BUSY_29                                           0                              0              

FU_BUSY_30                                           0                              0              

FU_BUSY_31                                           0                              0              

FU_REJECTED_OP_INV_NOT_SIMD                          0        0.000%                0        0.000%
FU_REJECTED_OP_NOP_NOT_SIMD                          0        0.000%             3905        0.008%
FU_REJECTED_OP_CF_NOT_SIMD                     1399873        5.528%          2859702        5.674%
FU_REJECTED_OP_MOV_NOT_SIMD                          0        0.000%                0        0.000%
FU_REJECTED_OP_CMOV_NOT_SIMD                         0        0.000%                0        0.000%
FU_REJECTED_OP_LDA_NOT_SIMD                          0        0.000%                0        0.000%
FU_REJECTED_OP_IMEM_NOT_SIMD                     27389        0.108%            96833        0.192%
FU_REJECTED_OP_IADD_NOT_SIMD                         0        0.000%                0        0.000%
FU_REJECTED_OP_IMUL_NOT_SIMD                    107237        0.423%           381421        0.757%
FU_REJECTED_OP_IDIV_NOT_SIMD                         0        0.000%                0        0.000%
FU_REJECTED_OP_ICMP_NOT_SIMD                         0        0.000%                0        0.000%
FU_REJECTED_OP_LOGIC_NOT_SIMD                    38451        0.152%           171069        0.339%
FU_REJECTED_OP_SHIFT_NOT_SIMD                  1049066        4.143%          2154234        4.274%
FU_REJECTED_OP_FMEM_NOT_SIMD                         0        0.000%                0        0.000%
FU_REJECTED_OP_FCVT_NOT_SIMD                         0        0.000%                0        0.000%
FU_REJECTED_OP_FADD_NOT_SIMD                         0        0.000%                0        0.000%
FU_REJECTED_OP_FMUL_NOT_SIMD                         0        0.000%                0        0.000%
FU_REJECTED_OP_FMA_NOT_SIMD                          0        0.000%                0        0.000%
FU_REJECTED_OP_FDIV_NOT_SIMD                         0        0.000%                0        0.000%
FU_REJECTED_OP_FCMP_NOT_SIMD                         0        0.000%                0        0.000%
FU_REJECTED_OP_FCMOV_NOT_SIMD                        0        0.000%                0        0.000%
FU_REJECTED_OP_GATHER_NOT_SIMD                       0        0.000%                0        0.000%
FU_REJECTED_OP_SCATTER_NOT_SIMD                      0        0.000%                0        0.000%
FU_REJECTED_OP_PIPELINED_FAST_NOT_SIMD               0        0.000%                0        0.000%
FU_REJECTED_OP_PIPELINED_MEDIUM_NOT_SIMD             0        0.000%                0        0.000%
FU_REJECTED_OP_PIPELINED_SLOW_NOT_SIMD               0        0.000%                0        0.000%
FU_REJECTED_OP_NOTPIPELINED_MEDIUM_NOT_SIMD             0        0.000%                0        0.000%
FU_REJECTED_OP_NOTPIPELINED_SLOW_NOT_SIMD             0        0.000%                0        0.000%
FU_REJECTED_OP_NOTPIPELINED_VERY_SLOW_NOT_SIMD             0        0.000%                0        0.000%
FU_REJECTED_OP_INV_SIMD                              0        0.000%                0        0.000%
FU_REJECTED_OP_NOP_SIMD                              0        0.000%                0        0.000%
FU_REJECTED_OP_CF_SIMD                               0        0.000%                0        0.000%
FU_REJECTED_OP_MOV_SIMD                         442880        1.749%           762113        1.512%
FU_REJECTED_OP_CMOV_SIMD                             0        0.000%                0        0.000%
FU_REJECTED_OP_LDA_SIMD                              0        0.000%                0        0.000%
FU_REJECTED_OP_IMEM_SIMD                             0        0.000%                0        0.000%
FU_REJECTED_OP_IADD_SIMD                             0        0.000%                0        0.000%
FU_REJECTED_OP_IMUL_SIMD                             0        0.000%                0        0.000%
FU_REJECTED_OP_IDIV_SIMD                             0        0.000%                0        0.000%
FU_REJECTED_OP_ICMP_SIMD                             0        0.000%                0        0.000%
FU_REJECTED_OP_LOGIC_SIMD                            0        0.000%                0        0.000%
FU_REJECTED_OP_SHIFT_SIMD                            0        0.000%                0        0.000%
FU_REJECTED_OP_FMEM_SIMD                             0        0.000%                0        0.000%
FU_REJECTED_OP_FCVT_SIMD                       2779889       10.977%          6894229       13.678%
FU_REJECTED_OP_FADD_SIMD                      10662628       42.105%         20243525       40.162%
FU_REJECTED_OP_FMUL_SIMD                             0        0.000%                0        0.000%
FU_REJECTED_OP_FMA_SIMD                        8659584       34.195%         16570204       32.875%
FU_REJECTED_OP_FDIV_SIMD                        141468        0.559%           241007        0.478%
FU_REJECTED_OP_FCMP_SIMD                             0        0.000%                0        0.000%
FU_REJECTED_OP_FCMOV_SIMD                        15453        0.061%            26065        0.052%
FU_REJECTED_OP_GATHER_SIMD                           0        0.000%                0        0.000%
FU_REJECTED_OP_SCATTER_SIMD                          0        0.000%                0        0.000%
FU_REJECTED_OP_PIPELINED_FAST_SIMD                   0        0.000%                0        0.000%
FU_REJECTED_OP_PIPELINED_MEDIUM_SIMD                 0        0.000%                0        0.000%
FU_REJECTED_OP_PIPELINED_SLOW_SIMD                   0        0.000%                0        0.000%
FU_REJECTED_OP_NOTPIPELINED_MEDIUM_SIMD              0        0.000%                0        0.000%
FU_REJECTED_OP_NOTPIPELINED_SLOW_SIMD                0        0.000%                0        0.000%
FU_REJECTED_OP_NOTPIPELINED_VERY_SLOW_SIMD             0        0.000%                0        0.000%
                                              25323918      100.000%         50404307      100.000%
                                                 40.49        11.85             40.14        12.21

LSQ_FULL_TOTAL                                    8397                         201588              

LSQ_FULL_LOAD_QUEUE                                  0                              0              

LSQ_FULL_STORE_QUEUE                              8397                         201588              

OP_WAIT_0                                      6707710                       13549994              

OP_WAIT_1                                      1441761                        2894174              

OP_WAIT_2                                       353835                         667934              

OP_WAIT_3                                       176878                         318175              

OP_WAIT_4                                       102757                         187745              

OP_WAIT_5                                        80944                         144924              

OP_WAIT_6                                       147763                         293622              

OP_WAIT_7                                        49849                          95644              

OP_WAIT_8                                        64447                         123088              

OP_WAIT_9                                        43169                          80786              

OP_WAIT_10                                       34974                          67606              

OP_WAIT_11                                       30412                          55561              

OP_WAIT_12                                       30398                          56101              

OP_WAIT_13                                       31644                          61049              

OP_WAIT_14                                       30611                          55569              

OP_WAIT_15                                       28204                          50951              

OP_WAIT_16                                       34681                          64192              

OP_WAIT_17                                       67521                         128303              

OP_WAIT_18                                       40387                          71811              

OP_WAIT_19                                       61271                         116214              

OP_WAIT_20                                       32445                          60404              

OP_WAIT_21                                       34748                          64458              

OP_WAIT_22                                       29476                          57660              

OP_WAIT_23                                       25719                          48304              

OP_WAIT_24                                       24352                          46658              

OP_WAIT_25                                       24589                          48684              

OP_WAIT_26                                       27720                          51533              

OP_WAIT_27                                       26817                          54878              

OP_WAIT_28                                       64147                         130757              

OP_WAIT_29                                      103789                         213228              

OP_WAIT_30                                       19166                          38694              

OP_WAIT_31                                      744287                        1531301              

ROW_SIZE_0                                     5987372                       11959082              

ROW_SIZE_1                                      155817                         320170              

ROW_SIZE_2                                       85370                         177959              

ROW_SIZE_3                                      171382                         404622              

ROW_SIZE_4                                       33480                          74654              

ROW_SIZE_5                                       46810                          92650              

ROW_SIZE_6                                     1584633                        3129697              

ROW_SIZE_7                                           0                              0              

ROW_SIZE_8                                           0                              0              

ROW_SIZE_9                                           0                              0              

ROW_SIZE_10                                          0                              0              

ROW_SIZE_11                                          0                              0              

ROW_SIZE_12                                          0                              0              

ROW_SIZE_13                                          0                              0              

ROW_SIZE_14                                          0                              0              

ROW_SIZE_15                                          0                              0              

ROW_SIZE_16                                          0                              0              

ROW_SIZE_17                                          0                              0              

ROW_SIZE_18                                          0                              0              

ROW_SIZE_19                                          0                              0              

ROW_SIZE_20                                          0                              0              

ROW_SIZE_21                                          0                              0              

ROW_SIZE_22                                          0                              0              

ROW_SIZE_23                                          0                              0              

ROW_SIZE_24                                          0                              0              

ROW_SIZE_25                                          0                              0              

ROW_SIZE_26                                          0                              0              

ROW_SIZE_27                                          0                              0              

ROW_SIZE_28                                          0                              0              

ROW_SIZE_29                                          0                              0              

ROW_SIZE_30                                          0                              0              

ROW_SIZE_31                                          0                              0              

RET_OP_EXEC_COUNT_0                                  0        0.000%                0        0.000%
RET_OP_EXEC_COUNT_1                           10716471      100.000%         21430002      100.000%
RET_OP_EXEC_COUNT_2                                  0        0.000%                0        0.000%
RET_OP_EXEC_COUNT_3                                  0        0.000%                0        0.000%
RET_OP_EXEC_COUNT_4                                  0        0.000%                0        0.000%
RET_OP_EXEC_COUNT_5                                  0        0.000%                0        0.000%
RET_OP_EXEC_COUNT_6                                  0        0.000%                0        0.000%
RET_OP_EXEC_COUNT_7                                  0        0.000%                0        0.000%
RET_OP_EXEC_COUNT_8                                  0        0.000%                0        0.000%
RET_OP_EXEC_COUNT_9                                  0        0.000%                0        0.000%
RET_OP_EXEC_COUNT_10                                 0        0.000%                0        0.000%
RET_OP_EXEC_COUNT_11                                 0        0.000%                0        0.000%
RET_OP_EXEC_COUNT_12                                 0        0.000%                0        0.000%
RET_OP_EXEC_COUNT_13                                 0        0.000%                0        0.000%
RET_OP_EXEC_COUNT_14                                 0        0.000%                0        0.000%
RET_OP_EXEC_COUNT_15                                 0        0.000%                0        0.000%
RET_OP_EXEC_COUNT_16                                 0        0.000%                0        0.000%
RET_OP_EXEC_COUNT_17                                 0        0.000%                0        0.000%
RET_OP_EXEC_COUNT_18                                 0        0.000%                0        0.000%
RET_OP_EXEC_COUNT_19                                 0        0.000%                0        0.000%
RET_OP_EXEC_COUNT_20                                 0        0.000%                0        0.000%
RET_OP_EXEC_COUNT_21                                 0        0.000%                0        0.000%
RET_OP_EXEC_COUNT_22                                 0        0.000%                0        0.000%
RET_OP_EXEC_COUNT_23                                 0        0.000%                0        0.000%
RET_OP_EXEC_COUNT_24                                 0        0.000%                0        0.000%
RET_OP_EXEC_COUNT_25                                 0        0.000%                0        0.000%
RET_OP_EXEC_COUNT_26                                 0        0.000%                0        0.000%
RET_OP_EXEC_COUNT_27                                 0        0.000%                0        0.000%
RET_OP_EXEC_COUNT_28                                 0        0.000%                0        0.000%
RET_OP_EXEC_COUNT_29                                 0        0.000%                0        0.000%
RET_OP_EXEC_COUNT_30                                 0        0.000%                0        0.000%
RET_OP_EXEC_COUNT_31                                 0        0.000%                0        0.000%
RET_OP_EXEC_COUNT_32                                 0        0.000%                0        0.000%
                                              10716471      100.000%         21430002      100.000%
                                                  1.00         0.00              1.00         0.00

RET_STALL_LENGTH_0                            10711557       99.954%         21421038       99.958%
RET_STALL_LENGTH_100                              2918        0.027%             5486        0.026%
RET_STALL_LENGTH_200                               489        0.005%              875        0.004%
RET_STALL_LENGTH_300                               296        0.003%              545        0.003%
RET_STALL_LENGTH_400                               348        0.003%              586        0.003%
RET_STALL_LENGTH_500                               304        0.003%              490        0.002%
RET_STALL_LENGTH_600                               210        0.002%              358        0.002%
RET_STALL_LENGTH_700                               134        0.001%              232        0.001%
RET_STALL_LENGTH_800                                68        0.001%              128        0.001%
RET_STALL_LENGTH_900                                38        0.000%               62        0.000%
RET_STALL_LENGTH_1000                               24        0.000%               46        0.000%
RET_STALL_LENGTH_1100                               14        0.000%               28        0.000%
RET_STALL_LENGTH_1200                               20        0.000%               33        0.000%
RET_STALL_LENGTH_1300                               16        0.000%               23        0.000%
RET_STALL_LENGTH_1400                                3        0.000%                7        0.000%
RET_STALL_LENGTH_1500                               11        0.000%               13        0.000%
RET_STALL_LENGTH_1600                                3        0.000%               12        0.000%
RET_STALL_LENGTH_1700                                5        0.000%               13        0.000%
RET_STALL_LENGTH_1800                                7        0.000%               12        0.000%
RET_STALL_LENGTH_1900                                3        0.000%                8        0.000%
RET_STALL_LENGTH_2000                                0        0.000%                3        0.000%
RET_STALL_LENGTH_2100                                1        0.000%                2        0.000%
RET_STALL_LENGTH_2200                                0        0.000%                0        0.000%
RET_STALL_LENGTH_2300                                0        0.000%                0        0.000%
RET_STALL_LENGTH_2400                                1        0.000%                1        0.000%
RET_STALL_LENGTH_2500                                0        0.000%                0        0.000%
RET_STALL_LENGTH_2600                                1        0.000%                1        0.000%
RET_STALL_LENGTH_2700                                0        0.000%                0        0.000%
RET_STALL_LENGTH_2800                                0        0.000%                0        0.000%
RET_STALL_LENGTH_2900                                0        0.000%                0        0.000%
RET_STALL_LENGTH_3000                                0        0.000%                0        0.000%
RET_STALL_LENGTH_3100                                0        0.000%                0        0.000%
RET_STALL_LENGTH_3200                                0        0.000%                0        0.000%
RET_STALL_LENGTH_3300                                0        0.000%                0        0.000%
RET_STALL_LENGTH_3400                                0        0.000%                0        0.000%
RET_STALL_LENGTH_3500                                0        0.000%                0        0.000%
RET_STALL_LENGTH_3600                                0        0.000%                0        0.000%
RET_STALL_LENGTH_3700                                0        0.000%                0        0.000%
RET_STALL_LENGTH_3800                                0        0.000%                0        0.000%
RET_STALL_LENGTH_3900                                0        0.000%                0        0.000%
RET_STALL_LENGTH_4000                                0        0.000%                0        0.000%
RET_STALL_LENGTH_4100                                0        0.000%                0        0.000%
RET_STALL_LENGTH_4200                                0        0.000%                0        0.000%
RET_STALL_LENGTH_4300                                0        0.000%                0        0.000%
RET_STALL_LENGTH_4400                                0        0.000%                0        0.000%
RET_STALL_LENGTH_4500                                0        0.000%                0        0.000%
RET_STALL_LENGTH_4600                                0        0.000%                0        0.000%
RET_STALL_LENGTH_4700                                0        0.000%                0        0.000%
RET_STALL_LENGTH_4800                                0        0.000%                0        0.000%
RET_STALL_LENGTH_4900                                0        0.000%                0        0.000%
RET_STALL_LENGTH_5000                                0        0.000%                0        0.000%
                                              10716471      100.000%         21430002      100.000%
                                                  0.00         0.08              0.00         0.07

MEM_BLOCK_LENGTH_0                               14673       47.932%            30325       49.334%
MEM_BLOCK_LENGTH_100                              8129       26.555%            15843       25.774%
MEM_BLOCK_LENGTH_200                              3364       10.989%             6770       11.014%
MEM_BLOCK_LENGTH_300                              3081       10.065%             5949        9.678%
MEM_BLOCK_LENGTH_400                              1210        3.953%             2260        3.677%
MEM_BLOCK_LENGTH_500                                77        0.252%              148        0.241%
MEM_BLOCK_LENGTH_600                                20        0.065%               57        0.093%
MEM_BLOCK_LENGTH_700                                17        0.056%               39        0.063%
MEM_BLOCK_LENGTH_800                                18        0.059%               24        0.039%
MEM_BLOCK_LENGTH_900                                 7        0.023%               18        0.029%
MEM_BLOCK_LENGTH_1000                                2        0.007%                3        0.005%
MEM_BLOCK_LENGTH_1100                                5        0.016%               11        0.018%
MEM_BLOCK_LENGTH_1200                                5        0.016%                8        0.013%
MEM_BLOCK_LENGTH_1300                                0        0.000%                5        0.008%
MEM_BLOCK_LENGTH_1400                                1        0.003%                2        0.003%
MEM_BLOCK_LENGTH_1500                                0        0.000%                1        0.002%
MEM_BLOCK_LENGTH_1600                                1        0.003%                4        0.007%
MEM_BLOCK_LENGTH_1700                                2        0.007%                2        0.003%
MEM_BLOCK_LENGTH_1800                                0        0.000%                0        0.000%
MEM_BLOCK_LENGTH_1900                                0        0.000%                0        0.000%
MEM_BLOCK_LENGTH_2000                                0        0.000%                0        0.000%
MEM_BLOCK_LENGTH_2100                                0        0.000%                0        0.000%
MEM_BLOCK_LENGTH_2200                                0        0.000%                0        0.000%
MEM_BLOCK_LENGTH_2300                                0        0.000%                0        0.000%
MEM_BLOCK_LENGTH_2400                                0        0.000%                0        0.000%
MEM_BLOCK_LENGTH_2500                                0        0.000%                0        0.000%
MEM_BLOCK_LENGTH_2600                                0        0.000%                0        0.000%
MEM_BLOCK_LENGTH_2700                                0        0.000%                0        0.000%
MEM_BLOCK_LENGTH_2800                                0        0.000%                0        0.000%
MEM_BLOCK_LENGTH_2900                                0        0.000%                0        0.000%
MEM_BLOCK_LENGTH_3000                                0        0.000%                0        0.000%
MEM_BLOCK_LENGTH_3100                                0        0.000%                0        0.000%
MEM_BLOCK_LENGTH_3200                                0        0.000%                0        0.000%
MEM_BLOCK_LENGTH_3300                                0        0.000%                0        0.000%
MEM_BLOCK_LENGTH_3400                                0        0.000%                0        0.000%
MEM_BLOCK_LENGTH_3500                                0        0.000%                0        0.000%
MEM_BLOCK_LENGTH_3600                                0        0.000%                0        0.000%
MEM_BLOCK_LENGTH_3700                                0        0.000%                0        0.000%
MEM_BLOCK_LENGTH_3800                                0        0.000%                0        0.000%
MEM_BLOCK_LENGTH_3900                                0        0.000%                0        0.000%
MEM_BLOCK_LENGTH_4000                                0        0.000%                0        0.000%
MEM_BLOCK_LENGTH_4100                                0        0.000%                0        0.000%
MEM_BLOCK_LENGTH_4200                                0        0.000%                0        0.000%
MEM_BLOCK_LENGTH_4300                                0        0.000%                0        0.000%
MEM_BLOCK_LENGTH_4400                                0        0.000%                0        0.000%
MEM_BLOCK_LENGTH_4500                                0        0.000%                0        0.000%
MEM_BLOCK_LENGTH_4600                                0        0.000%                0        0.000%
MEM_BLOCK_LENGTH_4700                                0        0.000%                0        0.000%
MEM_BLOCK_LENGTH_4800                                0        0.000%                0        0.000%
MEM_BLOCK_LENGTH_4900                                0        0.000%                0        0.000%
MEM_BLOCK_LENGTH_5000                                0        0.000%                0        0.000%
                                                 30612      100.000%            61469      100.000%
                                                  0.98         1.04              0.95         1.04

FUS_BUSY_ON_PATH                              39020127        4.8352         74462573        4.5959

FUS_BUSY_OFF_PATH                              2038906        0.2527          7541507        0.4655

FU_BUSY_MEM_STALL                             28429491        3.5228         56152982        3.4659

FUS_EMPTY                                     23501479        2.9122         47610232        2.9386

FU_UNAVAILABLE                                   89266        0.0111           157019        0.0097

FU_MEM_UNAVAILABLE                            25234652        3.1269         50247288        3.1013

FU_OTHER_UNAVAILABLE                                 0        0.0000                0        0.0000

FU_REPLAY                                            0        0.0000                0        0.0000

FU_STARVED                                    23480808        2.9096         47529264        2.9336

CHIP_UTILIZATION                                     0        0.0000                0        0.0000

CYCLES_UNDER_MEM_REQ                                 0                              0              

CYCLES_UNDER_NO_MEM_REQ                              0                              0              

CYCLES_UNDER_CRITICAL_MEM_REQ                        0                              0              

CYCLES_UNDER_NONCRITICAL_MEM_REQ                     0                              0              

CHIP_UTILIZATION_UNDER_MEM_REQ                       0          -nan                0          -nan

CHIP_UTILIZATION_UNDER_NO_MEM_REQ                    0          -nan                0          -nan

CHIP_UTILIZATION_UNDER_CRITICAL_MEM_REQ              0          -nan                0          -nan

CHIP_UTILIZATION_UNDER_NONCRITICAL_MEM_REQ             0          -nan                0          -nan

CYCLES_NOT_WAITING_FOR_OFF_CHIP                      0        0.0000                0        0.0000

FUS_BUSY_NOT_WAITING_FOR_OFF_CHIP                    0          -nan                0          -nan

CYCLES_WAITING_FOR_OFF_CHIP                          0        0.0000                0        0.0000

FUS_BUSY_WAITING_FOR_OFF_CHIP                        0          -nan                0          -nan

TOTAL_OFF_CHIP_DELAYS_LEFT                           0                              0              

WRONG_IO_SCHED                                       0                              0              

DVFS_CONFIG_SWITCH                                   0                              0              

MAP_STAGE_RECEIVED_OPS_0                             0        0.000%                0        0.000%
MAP_STAGE_RECEIVED_OPS_1                             0        0.000%               13        0.000%
MAP_STAGE_RECEIVED_OPS_2                             0        0.000%                0        0.000%
MAP_STAGE_RECEIVED_OPS_3                          1422        0.080%             3273        0.092%
MAP_STAGE_RECEIVED_OPS_4                          6560        0.367%            27621        0.773%
MAP_STAGE_RECEIVED_OPS_5                          2296        0.129%             5133        0.144%
MAP_STAGE_RECEIVED_OPS_6                       1776430       99.425%          3537295       98.991%
MAP_STAGE_RECEIVED_OPS_7                             0        0.000%                0        0.000%
MAP_STAGE_RECEIVED_OPS_8                             0        0.000%                0        0.000%
MAP_STAGE_RECEIVED_OPS_MAX                           0        0.000%                0        0.000%
                                               1786708      100.000%          3573335      100.000%
                                                  5.99         0.15              5.98         0.20

MAP_STAGE_WAIT_FOR_DECODE                            0         -nan%                0         -nan%
MAP_STAGE_CONSUME_DECODE                             0         -nan%                0         -nan%
                                                     0         -nan%                0         -nan%
                                                  -nan         -nan              -nan         -nan

MAP_STAGE_WAIT_FOR_DECODE2                           0         -nan%                0         -nan%
MAP_STAGE_CONSUME_DECODE2                            0         -nan%                0         -nan%
                                                     0         -nan%                0         -nan%
                                                  -nan         -nan              -nan         -nan

FTQ_RECOVER_EXEC                                  4164                          15715              

FTQ_RECOVER_DECODE                                   0                              2              

FTQ_OFFPATH_CYCLES                             1825969                        5730447              

FTQ_CYCLES_OFFPATH                             1825901                        5730447              

FTQ_CYCLES_ONPATH                              6244163                       10471342              

FTQ_FETCHED_INS_ONPATH                        10715816                       21430002              

FTQ_FETCHED_INS_OFFPATH                        3002072                       10955778              

FTQ_BREAK_FULL_FT_ONPATH                       6035555                        9777864              

FTQ_BREAK_FULL_FT_OFFPATH                      1768676                        5431472              

FTQ_BREAK_PRED_BR_ONPATH                             0                              0              

FTQ_BREAK_PRED_BR_OFFPATH                            0                              0              

FTQ_BREAK_BAR_FETCH_ONPATH                           0                              0              

FTQ_BREAK_BAR_FETCH_OFFPATH                          0                              0              

FTQ_BREAK_MAX_CFS_TAKEN_ONPATH                       0                              0              

FTQ_BREAK_MAX_CFS_TAKEN_OFFPATH                      0                              0              

FTQ_BREAK_MAX_FT_ONPATH                         208027                         692896              

FTQ_BREAK_MAX_FT_OFFPATH                         57224                         298975              

DFE_GEN_ON_PATH_FT                              900504                        1810789              

DFE_GEN_OFF_PATH_FT                             293109                        1212841              

DFE_L0_ENABLED_PREDICTIONS                    10715824                       21430002              

DFE_L0_WRONG_MAIN_CORRECT                          745                           1721              

DFE_L0_WRONG_MAIN_WRONG                            564                           1144              

DFE_L0_CORRECT_MAIN_WRONG                         3599                          14564              

DFE_L0_CORRECT_MAIN_CORRECT                   10710916                       21412573              

DFE_L0_WRONG_MAIN_CORRECT_RECOVERY_SCHEDULED             0                              0              

FTQ_SAW_BAR_FETCH_OFFPATH                            0                              0              

FTQ_SAW_BAR_FETCH_ONPATH                             0                              0              

DFE_CONF_0_MISPRED                                   0         -nan%                0         -nan%
DFE_CONF_1_MISPRED                                   0         -nan%                0         -nan%
DFE_CONF_2_MISPRED                                   0         -nan%                0         -nan%
DFE_CONF_3_MISPRED                                   0         -nan%                0         -nan%
DFE_CONF_0_CORRECT                                   0         -nan%                0         -nan%
DFE_CONF_1_CORRECT                                   0         -nan%                0         -nan%
DFE_CONF_2_CORRECT                                   0         -nan%                0         -nan%
DFE_CONF_3_CORRECT                                   0         -nan%                0         -nan%
                                                     0         -nan%                0         -nan%
                                                  -nan         -nan              -nan         -nan

DFE_ON_CONF_ON_OPS                                   0         -nan%                0         -nan%
DFE_ON_CONF_OFF_OPS                                  0         -nan%                0         -nan%
DFE_OFF_CONF_ON_OPS                                  0         -nan%                0         -nan%
DFE_OFF_CONF_OFF_REALISTIC_OPS                       0         -nan%                0         -nan%
DFE_OFF_CONF_OFF_PERFECT_OPS                         0         -nan%                0         -nan%
                                                     0         -nan%                0         -nan%
                                                  -nan         -nan              -nan         -nan

DFE_ON_CONF_ON_FETCH_TARGETS                         0         -nan%                0         -nan%
DFE_ON_CONF_OFF_FETCH_TARGETS                        0         -nan%                0         -nan%
DFE_OFF_CONF_ON_FETCH_TARGETS                        0         -nan%                0         -nan%
DFE_OFF_CONF_OFF_REALISTIC_FETCH_TARGETS             0         -nan%                0         -nan%
DFE_OFF_CONF_OFF_PERFECT_FETCH_TARGETS               0         -nan%                0         -nan%
                                                     0         -nan%                0         -nan%
                                                  -nan         -nan              -nan         -nan

DFE_ON_CONF_ON_CYCLES                                0         -nan%                0         -nan%
DFE_ON_CONF_OFF_CYCLES                               0         -nan%                0         -nan%
DFE_OFF_CONF_ON_CYCLES                               0         -nan%                0         -nan%
DFE_OFF_CONF_OFF_REALISTIC_CYCLES                    0         -nan%                0         -nan%
DFE_OFF_CONF_OFF_PERFECT_CYCLES                      0         -nan%                0         -nan%
                                                     0         -nan%                0         -nan%
                                                  -nan         -nan              -nan         -nan

DFE_OFF_CONF_ON_NUM_EVENTS                           0                              0              

DFE_OFF_CONF_ON_NOT_IDENTIFIED_EVENTS                0         -nan%                0         -nan%
DFE_OFF_CONF_ON_IBTB_MISS_EVENTS                     0         -nan%                0         -nan%
DFE_OFF_CONF_ON_BTB_MISS_EVENTS                      0         -nan%                0         -nan%
DFE_OFF_CONF_ON_BTB_MISS_MISPRED_EVENTS              0         -nan%                0         -nan%
DFE_OFF_CONF_ON_MISPRED_EVENTS                       0         -nan%                0         -nan%
DFE_OFF_CONF_ON_MISFETCH_EVENTS                      0         -nan%                0         -nan%
                                                     0         -nan%                0         -nan%
                                                  -nan         -nan              -nan         -nan

DFE_OFF_CONF_ON_NOT_IDENTIFIED_CYCLES                0         -nan%                0         -nan%
DFE_OFF_CONF_ON_IBTB_MISS_CYCLES                     0         -nan%                0         -nan%
DFE_OFF_CONF_ON_BTB_MISS_CYCLES                      0         -nan%                0         -nan%
DFE_OFF_CONF_ON_BTB_MISS_MISPRED_CYCLES              0         -nan%                0         -nan%
DFE_OFF_CONF_ON_MISPRED_CYCLES                       0         -nan%                0         -nan%
DFE_OFF_CONF_ON_MISFETCH_CYCLES                      0         -nan%                0         -nan%
                                                     0         -nan%                0         -nan%
                                                  -nan         -nan              -nan         -nan

DFE_OFF_CONF_ON_NOT_IDENTIFIED_FETCH_TARGETS             0         -nan%                0         -nan%
DFE_OFF_CONF_ON_IBTB_MISS_FETCH_TARGETS              0         -nan%                0         -nan%
DFE_OFF_CONF_ON_BTB_MISS_FETCH_TARGETS               0         -nan%                0         -nan%
DFE_OFF_CONF_ON_BTB_MISS_MISPRED_FETCH_TARGETS             0         -nan%                0         -nan%
DFE_OFF_CONF_ON_MISPRED_FETCH_TARGETS                0         -nan%                0         -nan%
DFE_OFF_CONF_ON_MISFETCH_FETCH_TARGETS               0         -nan%                0         -nan%
                                                     0         -nan%                0         -nan%
                                                  -nan         -nan              -nan         -nan

DFE_OFF_CONF_ON_BP_INCORRECT_0_CONF                  0         -nan%                0         -nan%
DFE_OFF_CONF_ON_BP_INCORRECT_1_CONF                  0         -nan%                0         -nan%
DFE_OFF_CONF_ON_BP_INCORRECT_2_CONF                  0         -nan%                0         -nan%
DFE_OFF_CONF_ON_BP_INCORRECT_3_CONF                  0         -nan%                0         -nan%
                                                     0         -nan%                0         -nan%
                                                  -nan         -nan              -nan         -nan

DFE_OFF_CONF_ON_BTB_MISS_CBR_0_CONF                  0         -nan%                0         -nan%
DFE_OFF_CONF_ON_BTB_MISS_CBR_1_CONF                  0         -nan%                0         -nan%
DFE_OFF_CONF_ON_BTB_MISS_CBR_2_CONF                  0         -nan%                0         -nan%
DFE_OFF_CONF_ON_BTB_MISS_CBR_3_CONF                  0         -nan%                0         -nan%
                                                     0         -nan%                0         -nan%
                                                  -nan         -nan              -nan         -nan

DFE_OFF_CONF_ON_BTB_MISS_NOT_CF                      0         -nan%                0         -nan%
DFE_OFF_CONF_ON_BTB_MISS_CF_BR                       0         -nan%                0         -nan%
DFE_OFF_CONF_ON_BTB_MISS_CF_CBR                      0         -nan%                0         -nan%
DFE_OFF_CONF_ON_BTB_MISS_CF_CALL                     0         -nan%                0         -nan%
DFE_OFF_CONF_ON_BTB_MISS_CF_IBR                      0         -nan%                0         -nan%
DFE_OFF_CONF_ON_BTB_MISS_CF_ICALL                    0         -nan%                0         -nan%
DFE_OFF_CONF_ON_BTB_MISS_CF_ICO                      0         -nan%                0         -nan%
DFE_OFF_CONF_ON_BTB_MISS_CF_RET                      0         -nan%                0         -nan%
DFE_OFF_CONF_ON_BTB_MISS_CF_SYS                      0         -nan%                0         -nan%
                                                     0         -nan%                0         -nan%
                                                  -nan         -nan              -nan         -nan

DFE_ON_CONF_OFF_NUM_EVENTS                           0                              0              

CONF_BTB_NUM_CYCLES_OFF_PATH_EVENT                   0                              0              

DFE_ON_CONF_OFF_IBTB_MISS_BP_TAKEN                   0         -nan%                0         -nan%
DFE_ON_CONF_OFF_BTB_MISS_BP_TAKEN_CONF_0             0         -nan%                0         -nan%
DFE_ON_CONF_OFF_BTB_MISS_BP_TAKEN_CONF_1             0         -nan%                0         -nan%
DFE_ON_CONF_OFF_BTB_MISS_BP_TAKEN_CONF_2             0         -nan%                0         -nan%
DFE_ON_CONF_OFF_BTB_MISS_BP_TAKEN_CONF_3             0         -nan%                0         -nan%
DFE_ON_CONF_OFF_BTB_MISS_RATE                        0         -nan%                0         -nan%
DFE_ON_CONF_OFF_IBTB_MISS_RATE                       0         -nan%                0         -nan%
DFE_ON_CONF_OFF_MISFETCH_RATE                        0         -nan%                0         -nan%
DFE_ON_CONF_OFF_MISPRED_RATE                         0         -nan%                0         -nan%
DFE_ON_CONF_OFF_INV_CONF_INC                         0         -nan%                0         -nan%
DFE_ON_CONF_OFF_PERFECT_CONF                         0         -nan%                0         -nan%
                                                     0         -nan%                0         -nan%
                                                  -nan         -nan              -nan         -nan

DFE_ON_CONF_OFF_IBTB_MISS_BP_TAKEN_CYCLES             0         -nan%                0         -nan%
DFE_ON_CONF_OFF_BTB_MISS_BP_TAKEN_CONF_0_CYCLES             0         -nan%                0         -nan%
DFE_ON_CONF_OFF_BTB_MISS_BP_TAKEN_CONF_1_CYCLES             0         -nan%                0         -nan%
DFE_ON_CONF_OFF_BTB_MISS_BP_TAKEN_CONF_2_CYCLES             0         -nan%                0         -nan%
DFE_ON_CONF_OFF_BTB_MISS_BP_TAKEN_CONF_3_CYCLES             0         -nan%                0         -nan%
DFE_ON_CONF_OFF_BTB_MISS_RATE_CYCLES                 0         -nan%                0         -nan%
DFE_ON_CONF_OFF_IBTB_MISS_RATE_CYCLES                0         -nan%                0         -nan%
DFE_ON_CONF_OFF_MISFETCH_RATE_CYCLES                 0         -nan%                0         -nan%
DFE_ON_CONF_OFF_MISPRED_RATE_CYCLES                  0         -nan%                0         -nan%
DFE_ON_CONF_OFF_INV_CONF_INC_CYCLES                  0         -nan%                0         -nan%
DFE_ON_CONF_OFF_PERFECT_CONF_CYCLES                  0         -nan%                0         -nan%
                                                     0         -nan%                0         -nan%
                                                  -nan         -nan              -nan         -nan

DFE_ON_CONF_OFF_IBTB_MISS_BP_TAKEN_FETCH_TARGETS             0         -nan%                0         -nan%
DFE_ON_CONF_OFF_BTB_MISS_BP_TAKEN_CONF_0_FETCH_TARGETS             0         -nan%                0         -nan%
DFE_ON_CONF_OFF_BTB_MISS_BP_TAKEN_CONF_1_FETCH_TARGETS             0         -nan%                0         -nan%
DFE_ON_CONF_OFF_BTB_MISS_BP_TAKEN_CONF_2_FETCH_TARGETS             0         -nan%                0         -nan%
DFE_ON_CONF_OFF_BTB_MISS_BP_TAKEN_CONF_3_FETCH_TARGETS             0         -nan%                0         -nan%
DFE_ON_CONF_OFF_BTB_MISS_RATE_FETCH_TARGETS             0         -nan%                0         -nan%
DFE_ON_CONF_OFF_IBTB_MISS_RATE_FETCH_TARGETS             0         -nan%                0         -nan%
DFE_ON_CONF_OFF_MISFETCH_RATE_FETCH_TARGETS             0         -nan%                0         -nan%
DFE_ON_CONF_OFF_MISPRED_RATE_FETCH_TARGETS             0         -nan%                0         -nan%
DFE_ON_CONF_OFF_INV_CONF_INC_FETCH_TARGETS             0         -nan%                0         -nan%
DFE_ON_CONF_OFF_PERFECT_CONF_FETCH_TARGETS             0         -nan%                0         -nan%
                                                     0         -nan%                0         -nan%
                                                  -nan         -nan              -nan         -nan

CONF_OFF_IBTB_MISS_BP_TAKEN                          0         -nan%                0         -nan%
CONF_OFF_BTB_MISS_BP_TAKEN_CONF_0                    0         -nan%                0         -nan%
CONF_OFF_BTB_MISS_BP_TAKEN_CONF_1                    0         -nan%                0         -nan%
CONF_OFF_BTB_MISS_BP_TAKEN_CONF_2                    0         -nan%                0         -nan%
CONF_OFF_BTB_MISS_BP_TAKEN_CONF_3                    0         -nan%                0         -nan%
CONF_OFF_BTB_MISS_RATE                               0         -nan%                0         -nan%
CONF_OFF_IBTB_MISS_RATE                              0         -nan%                0         -nan%
CONF_OFF_MISFETCH_RATE                               0         -nan%                0         -nan%
CONF_OFF_MISPRED_RATE                                0         -nan%                0         -nan%
CONF_OFF_INV_CONF_INC                                0         -nan%                0         -nan%
CONF_OFF_PERFECT_CONF                                0         -nan%                0         -nan%
                                                     0         -nan%                0         -nan%
                                                  -nan         -nan              -nan         -nan

TOPDOWN_TOTAL_SLOTS                           48420384                       97210734              

TOPDOWN_ISSUED_SLOTS                          11474432                       24360886              

TOPDOWN_RETIRED_SLOTS                         10716218                       21430002              

TOPDOWN_FETCH_BUBBLES_SLOTS                     158089                         656374              

TOPDOWN_RECOVERY_BUBBLES_SLOTS                   52389                         193050              

TOPDOWN_MEM_LOAD_STALLS_CYCLES                 6122233                       11999082              

TOPDOWN_MEM_STORE_STALLS_CYCLES                      0                              0              

TOPDOWN_EXEC_STALLS_CYCLES                     4304421                        8525103              

TOPDOWN_BACKEND_STALLS_CYCLES                  6122233                       11999082              

TOPDOWN_FETCH_BUBBLES_GT_MIW_CYCLES              23058                          97520              

TOPDOWN_BR_MISPRED_RETIRED_CYCLES                 4164                          15715              

TOPDOWN_MACHINE_CLEAR_CYCLES                      4909                          17438              

TOPDOWN_FRONTEND_BOUND                              32                             32              

TOPDOWN_BACKEND_BOUND                             7588                           7588              

TOPDOWN_BAD_SPEC_BOUND                             167                            167              

TOPDOWN_RETIRING_BOUND                            2213                           2213              

TOPDOWN_FETCH_LATENCY_BOUND                         28                             28              

TOPDOWN_FETCH_BANDWIDTH_BOUND                        4                              4              

TOPDOWN_MEM_BOUND                                 7588                           7588              

TOPDOWN_CORE_BOUND                                   0                              0              

TOPDOWN_BR_MISPREDICTS_BOUND                        76                             76              

TOPDOWN_MACHINE_CLEARS_BOUND                        91                             91              



