/* -*- Mode: c -*- */
####################################################################################################
Core 0
####################################################################################################
Cumulative:        Cycles: 21331417              Instructions: 761055                IPC: 0.03568

Periodic:          Cycles: 10647915              Instructions: 463508                IPC: 0.04353

MISS_WAIT_TIME                             80536977537                   103949200544              

ICACHE_STAGE_MISS                                 6030                          12117              

ICACHE_CYCLE                                  10647915                       21331417              

TCACHE_CYCLE                                         0                              0              

ICACHE_SERVING_CYCLE_ON_PATH                     60110                         105948              

ICACHE_SERVING_CYCLE_OFF_PATH                   133583                         270892              

UCACHE_SERVING_CYCLE_ON_PATH                   9654148                       19425357              

UCACHE_SERVING_CYCLE_OFF_PATH                   252453                         440158              

ICACHE_CYCLE_ONPATH                           10172172       95.532%         20434710       95.796%
ICACHE_CYCLE_OFFPATH                            475743        4.468%           896707        4.204%
                                              10647915      100.000%         21331417      100.000%
                                                  0.04         0.20              0.04         0.20

FETCH_ON_PATH                                 10182211       95.626%         20453429       95.884%
FETCH_OFF_PATH                                  465704        4.374%           877988        4.116%
                                              10647915      100.000%         21331417      100.000%
                                                  0.04         0.20              0.04         0.19

FETCHED_OPS_ON_PATH                                  0         -nan%                0         -nan%
FETCHED_OPS_OFF_PATH                                 0         -nan%                0         -nan%
                                                     0         -nan%                0         -nan%
                                                  -nan         -nan              -nan         -nan

INST_LOST_FETCH                               38735502       62.824%         77923008       63.000%
INST_LOST_OFF_PATH                             1032209        1.674%          1869384        1.511%
INST_LOST_FULL_WINDOW                               16        0.000%               54        0.000%
INST_LOST_ROB_STALL_OTHER                         4342        0.007%             6688        0.005%
INST_LOST_ROB_STALL_WAIT_FOR_RECOVERY                0        0.000%                0        0.000%
INST_LOST_ROB_STALL_WAIT_FOR_REDIRECT                0        0.000%                0        0.000%
INST_LOST_ROB_STALL_WAIT_FOR_GAP_FILL                0        0.000%                0        0.000%
INST_LOST_ROB_STALL_WAIT_FOR_L1_MISS                 0        0.000%                0        0.000%
INST_LOST_ROB_STALL_WAIT_FOR_MEMORY                  0        0.000%                0        0.000%
INST_LOST_ROB_STALL_WAIT_FOR_DC_MISS            233890        0.379%           380058        0.307%
INST_LOST_ROB_BLOCK_ISSUE_FULL                       0        0.000%                0        0.000%
INST_LOST_ROB_BLOCK_ISSUE_GAP_TOO_LARGE              0        0.000%                0        0.000%
INST_LOST_BREAK_DONT                                 0        0.000%                0        0.000%
INST_LOST_BREAK_FT_UNAVAILABLE                   40160        0.065%            74880        0.061%
INST_LOST_BREAK_ICACHE_STAGE_RESTEER                 4        0.000%               19        0.000%
INST_LOST_BREAK_ICACHE_MISS_REQ_SUCCESS          18369        0.030%            36775        0.030%
INST_LOST_BREAK_ICACHE_MISS_REQ_FAILURE           3976        0.006%             9465        0.008%
INST_LOST_BREAK_ICACHE_WAIT_FOR_MISS           2134680        3.462%          4247121        3.434%
INST_LOST_BREAK_ICACHE_STALLED                    9541        0.015%            22428        0.018%
INST_LOST_BREAK_ICACHE_TO_UOP_CACHE_SWITCH         19212        0.031%            32463        0.026%
INST_LOST_BREAK_ICACHE_READ_LIMIT                14671        0.024%            25179        0.020%
INST_LOST_BREAK_ICACHE_ISSUE_WIDTH                   0        0.000%                0        0.000%
INST_LOST_BREAK_UOP_CACHE_STALLED               150589        0.244%           284702        0.230%
INST_LOST_BREAK_UOP_CACHE_TO_ICACHE_SWITCH         23859        0.039%            40804        0.033%
INST_LOST_BREAK_UOP_CACHE_READ_LIMIT          19236586       31.199%         38734505       31.316%
INST_LOST_BREAK_UOP_CACHE_ISSUE_WIDTH                0        0.000%                0        0.000%
                                              61657606      100.000%        123687533      100.000%
                                                  8.22         9.05              8.23         9.05

INST_LOST_TOTAL                               62404890                      125058564              

INST_LOST_WAIT_FOR_ICACHE_MISS_NOT_PREFETCHED        214304       11.765%           456772       12.708%
INST_LOST_WAIT_FOR_ICACHE_MISS_PREFETCHED_AND_EVICTED_BY_IFETCH             0        0.000%                0        0.000%
INST_LOST_WAIT_FOR_ICACHE_MISS_PREFETCHED_AND_EVICTED_BY_FDIP             0        0.000%                0        0.000%
INST_LOST_WAIT_FOR_ICACHE_MISS_MSHR_HIT_PREF_OFFPATH         69396        3.810%           119308        3.319%
INST_LOST_WAIT_FOR_ICACHE_MISS_MSHR_HIT_PREF_ONPATH       1537776       84.425%          3018264       83.973%
                                               1821476      100.000%          3594344      100.000%
                                                  3.49         3.24              3.46         3.21

FETCH_0_OPS                                     547611        5.143%          1088063        5.101%
FETCH_1_OPS                                      31391        0.295%            62172        0.291%
FETCH_2_OPS                                      22354        0.210%            37875        0.178%
FETCH_3_OPS                                      37981        0.357%            63210        0.296%
FETCH_4_OPS                                    9732123       91.399%         19609771       91.929%
FETCH_5_OPS                                      24021        0.226%            38369        0.180%
FETCH_6_OPS                                     252434        2.371%           431957        2.025%
FETCH_7_OPS                                          0        0.000%                0        0.000%
FETCH_8_OPS                                          0        0.000%                0        0.000%
FETCH_9_OPS                                          0        0.000%                0        0.000%
FETCH_10_OPS                                         0        0.000%                0        0.000%
FETCH_11_OPS                                         0        0.000%                0        0.000%
FETCH_12_OPS                                         0        0.000%                0        0.000%
FETCH_13_OPS                                         0        0.000%                0        0.000%
FETCH_14_OPS                                         0        0.000%                0        0.000%
FETCH_15_OPS                                         0        0.000%                0        0.000%
FETCH_16_OPS                                         0        0.000%                0        0.000%
                                              10647915      100.000%         21331417      100.000%
                                                  3.83         0.42              3.82         0.40

ST_BREAK_DONT                                        0        0.000%                0        0.000%
ST_BREAK_FT_UNAVAILABLE                          10040        0.094%            18720        0.088%
ST_BREAK_ICACHE_STAGE_RESTEER                        1        0.000%                5        0.000%
ST_BREAK_ICACHE_MISS_REQ_SUCCESS                  6030        0.057%            12117        0.057%
ST_BREAK_ICACHE_MISS_REQ_FAILURE                   995        0.009%             2447        0.011%
ST_BREAK_ICACHE_WAIT_FOR_MISS                   533675        5.012%          1062215        4.980%
ST_BREAK_ICACHE_STALLED                          50048        0.470%            99542        0.467%
ST_BREAK_ICACHE_TO_UOP_CACHE_SWITCH               9376        0.088%            15776        0.074%
ST_BREAK_ICACHE_READ_LIMIT                        9045        0.085%            15544        0.073%
ST_BREAK_ICACHE_ISSUE_WIDTH                     122252        1.148%           238903        1.120%
ST_BREAK_UOP_CACHE_STALLED                      157575        1.480%           277456        1.301%
ST_BREAK_UOP_CACHE_TO_ICACHE_SWITCH               7371        0.069%            12662        0.059%
ST_BREAK_UOP_CACHE_READ_LIMIT                  9597412       90.134%         19334197       90.637%
ST_BREAK_UOP_CACHE_ISSUE_WIDTH                  144095        1.353%           241833        1.134%
                                              10647915      100.000%         21331417      100.000%
                                                 11.55         2.14             11.55         2.07

ORACLE_ON_PATH_INST                           38735502       97.404%         77923008       97.657%
ORACLE_OFF_PATH_INST                           1032209        2.596%          1869384        2.343%
                                              39767711      100.000%         79792392      100.000%
                                                  0.03         0.16              0.02         0.15

ORACLE_ON_PATH_INST_MEM                        9738177       24.488%         19571204       24.528%
ORACLE_ON_PATH_INST_NOTMEM                    28997325       72.917%         58351804       73.130%
ORACLE_OFF_PATH_INST_MEM                        322326        0.811%           544236        0.682%
ORACLE_OFF_PATH_INST_NOTMEM                     709883        1.785%          1325148        1.661%
                                              39767711      100.000%         79792392      100.000%
                                                  0.80         0.37              0.79         0.36

ICACHE_CYCLE_NONRA_ONPATH                            0         -nan%                0         -nan%
ICACHE_CYCLE_NONRA_OFFPATH                           0         -nan%                0         -nan%
ICACHE_CYCLE_RA_ONPATH                               0         -nan%                0         -nan%
ICACHE_CYCLE_RA_OFFPATH                              0         -nan%                0         -nan%
                                                     0         -nan%                0         -nan%
                                                  -nan         -nan              -nan         -nan

ICACHE_CYCLE_ONPATH_NONRA                            0         -nan%                0         -nan%
ICACHE_CYCLE_OFFPATH_NONRA                           0         -nan%                0         -nan%
                                                     0         -nan%                0         -nan%
                                                  -nan         -nan              -nan         -nan

ICACHE_CYCLE_ONPATH_RA                               0         -nan%                0         -nan%
ICACHE_CYCLE_OFFPATH_RA                              0         -nan%                0         -nan%
                                                     0         -nan%                0         -nan%
                                                  -nan         -nan              -nan         -nan

INACCURATE_OFFPATH_CYCLES                            0        0.0000                0        0.0000

FETCH_ALL_INST                                39767711                       79792392              

EXEC_ALL_INST                                 38986172                       78386557              

RET_ALL_INST                                  38735502                       77922936              

EXEC_ON_PATH_INST                             38735502       99.357%         77922948       99.409%
EXEC_OFF_PATH_INST                              250670        0.643%           463609        0.591%
                                              38986172      100.000%         78386557      100.000%
                                                  0.01         0.08              0.01         0.08

EXEC_ON_PATH_INST_MEM                          9738177       24.979%         19571189       24.968%
EXEC_ON_PATH_INST_NOTMEM                      28997325       74.378%         58351759       74.441%
EXEC_OFF_PATH_INST_MEM                           81493        0.209%           137706        0.176%
EXEC_OFF_PATH_INST_NOTMEM                       169177        0.434%           325903        0.416%
                                              38986172      100.000%         78386557      100.000%
                                                  0.76         0.26              0.76         0.26

EXEC_RA_INST                                         0         -nan%                0         -nan%
EXEC_NONRA_INST                                      0         -nan%                0         -nan%
                                                     0         -nan%                0         -nan%
                                                  -nan         -nan              -nan         -nan

EXEC_ON_PATH_INST_RA                                 0         -nan%                0         -nan%
EXEC_OFF_PATH_INST_RA                                0         -nan%                0         -nan%
                                                     0         -nan%                0         -nan%
                                                  -nan         -nan              -nan         -nan

EXEC_ON_PATH_INST_NONRA                              0         -nan%                0         -nan%
EXEC_OFF_PATH_INST_NONRA                             0         -nan%                0         -nan%
                                                     0         -nan%                0         -nan%
                                                  -nan         -nan              -nan         -nan

EXEC_RA_ON_PATH_INST                                 0         -nan%                0         -nan%
EXEC_RA_OFF_PATH_INST                                0         -nan%                0         -nan%
EXEC_NONRA_ON_PATH_INST                              0         -nan%                0         -nan%
EXEC_NONRA_OFF_PATH_INST                             0         -nan%                0         -nan%
                                                     0         -nan%                0         -nan%
                                                  -nan         -nan              -nan         -nan

ICACHE_THROTTLE_CYCLE                                0                              0              

FETCH_ENABLE_THROTTLE_OFF_PATH                       0         -nan%                0         -nan%
FETCH_ENABLE_THROTTLE_ON_PATH                        0         -nan%                0         -nan%
                                                     0         -nan%                0         -nan%
                                                  -nan         -nan              -nan         -nan

FETCH_DISABLE_THROTTLE_OFF_PATH                      0         -nan%                0         -nan%
FETCH_DISABLE_THROTTLE_ON_PATH                       0         -nan%                0         -nan%
                                                     0         -nan%                0         -nan%
                                                  -nan         -nan              -nan         -nan

FETCH_TH_ADJUST__0                                   0         -nan%                0         -nan%
FETCH_TH_ADJUST__1                                   0         -nan%                0         -nan%
FETCH_TH_ADJUST__2                                   0         -nan%                0         -nan%
FETCH_TH_ADJUST__3                                   0         -nan%                0         -nan%
FETCH_TH_ADJUST__4                                   0         -nan%                0         -nan%
FETCH_TH_ADJUST__5                                   0         -nan%                0         -nan%
FETCH_TH_ADJUST__6                                   0         -nan%                0         -nan%
FETCH_TH_ADJUST__7                                   0         -nan%                0         -nan%
FETCH_TH_ADJUST__8                                   0         -nan%                0         -nan%
FETCH_TH_ADJUST__9                                   0         -nan%                0         -nan%
FETCH_TH_ADJUST__MAX                                 0         -nan%                0         -nan%
                                                     0         -nan%                0         -nan%
                                                  -nan         -nan              -nan         -nan

FETCH_TH_ADJUST_UP                                   0         -nan%                0         -nan%
FETCH_TH_ADJUST_DOWN                                 0         -nan%                0         -nan%
FETCH_TH_ADJUST_SAME                                 0         -nan%                0         -nan%
                                                     0         -nan%                0         -nan%
                                                  -nan         -nan              -nan         -nan

THROTTLE_ADJUST_CACHE_MISS_INFO                      0                              0              

LOW_CONF_COUNT_BP_MIS_0                              0         -nan%                0         -nan%
LOW_CONF_COUNT_BP_MIS_1                              0         -nan%                0         -nan%
LOW_CONF_COUNT_BP_MIS_2                              0         -nan%                0         -nan%
LOW_CONF_COUNT_BP_MIS_3                              0         -nan%                0         -nan%
LOW_CONF_COUNT_BP_MIS_4                              0         -nan%                0         -nan%
LOW_CONF_COUNT_BP_MIS_5                              0         -nan%                0         -nan%
LOW_CONF_COUNT_BP_MIS_6                              0         -nan%                0         -nan%
LOW_CONF_COUNT_BP_MIS_7                              0         -nan%                0         -nan%
LOW_CONF_COUNT_BP_MIS_8                              0         -nan%                0         -nan%
LOW_CONF_COUNT_BP_MIS_9                              0         -nan%                0         -nan%
LOW_CONF_COUNT_BP_MIS_10                             0         -nan%                0         -nan%
LOW_CONF_COUNT_BP_MIS_11                             0         -nan%                0         -nan%
LOW_CONF_COUNT_BP_MIS_12                             0         -nan%                0         -nan%
LOW_CONF_COUNT_BP_MIS_13                             0         -nan%                0         -nan%
LOW_CONF_COUNT_BP_MIS_14                             0         -nan%                0         -nan%
LOW_CONF_COUNT_BP_MIS_15                             0         -nan%                0         -nan%
LOW_CONF_COUNT_BP_MIS_16                             0         -nan%                0         -nan%
LOW_CONF_COUNT_BP_MIS_17                             0         -nan%                0         -nan%
LOW_CONF_COUNT_BP_MIS_18                             0         -nan%                0         -nan%
LOW_CONF_COUNT_BP_MIS_19                             0         -nan%                0         -nan%
LOW_CONF_COUNT_BP_MIS_20                             0         -nan%                0         -nan%
                                                     0         -nan%                0         -nan%
                                                  -nan         -nan              -nan         -nan

LOW_CONF_COUNT_RET_0                                 0         -nan%                0         -nan%
LOW_CONF_COUNT_RET_1                                 0         -nan%                0         -nan%
LOW_CONF_COUNT_RET_2                                 0         -nan%                0         -nan%
LOW_CONF_COUNT_RET_3                                 0         -nan%                0         -nan%
LOW_CONF_COUNT_RET_4                                 0         -nan%                0         -nan%
LOW_CONF_COUNT_RET_5                                 0         -nan%                0         -nan%
LOW_CONF_COUNT_RET_6                                 0         -nan%                0         -nan%
LOW_CONF_COUNT_RET_7                                 0         -nan%                0         -nan%
LOW_CONF_COUNT_RET_8                                 0         -nan%                0         -nan%
LOW_CONF_COUNT_RET_9                                 0         -nan%                0         -nan%
LOW_CONF_COUNT_RET_10                                0         -nan%                0         -nan%
LOW_CONF_COUNT_RET_11                                0         -nan%                0         -nan%
LOW_CONF_COUNT_RET_12                                0         -nan%                0         -nan%
LOW_CONF_COUNT_RET_13                                0         -nan%                0         -nan%
LOW_CONF_COUNT_RET_14                                0         -nan%                0         -nan%
LOW_CONF_COUNT_RET_15                                0         -nan%                0         -nan%
LOW_CONF_COUNT_RET_16                                0         -nan%                0         -nan%
LOW_CONF_COUNT_RET_17                                0         -nan%                0         -nan%
LOW_CONF_COUNT_RET_18                                0         -nan%                0         -nan%
LOW_CONF_COUNT_RET_19                                0         -nan%                0         -nan%
LOW_CONF_COUNT_RET_20                                0         -nan%                0         -nan%
                                                     0         -nan%                0         -nan%
                                                  -nan         -nan              -nan         -nan

CYCLES_RESTEER_MISPRED                               0         -nan%                0         -nan%
CYCLES_RESTEER_MISFETCH                              0         -nan%                0         -nan%
CYCLES_RESTEER_BTB_MISS                              0         -nan%                0         -nan%
                                                     0         -nan%                0         -nan%
                                                  -nan         -nan              -nan         -nan

CYCLES_RESTEER_MISPRED_SAVED_UC_FETCH                0         -nan%                0         -nan%
CYCLES_RESTEER_MISPRED_COULD_BE_SAVED_UC_FETCH             0         -nan%                0         -nan%
CYCLES_RESTEER_MISFETCH_SAVED_UC_FETCH               0         -nan%                0         -nan%
CYCLES_RESTEER_MISFETCH_COULD_BE_SAVED_UC_FETCH             0         -nan%                0         -nan%
CYCLES_RESTEER_BTB_MISS_SAVED_UC_FETCH               0         -nan%                0         -nan%
CYCLES_RESTEER_BTB_MISS_COULD_BE_SAVED_UC_FETCH             0         -nan%                0         -nan%
                                                     0         -nan%                0         -nan%
                                                  -nan         -nan              -nan         -nan

CYCLES_UOC_IC_SWITCH                                 0                              0              



