/* -*- Mode: c -*- */
####################################################################################################
Core 0
####################################################################################################
Cumulative:        Cycles: 21331417              Instructions: 761055                IPC: 0.03568

Periodic:          Cycles: 10647915              Instructions: 463508                IPC: 0.04353

PREF_DL0REQ_QUEUE_HIT_BY_DEMAND                      0                              0              

PREF_UMLC_REQ_QUEUE_HIT_BY_DEMAND                    0                              0              

PREF_UL1REQ_QUEUE_HIT_BY_DEMAND                      0                              0              

PREF_DL0REQ_QUEUE_FULL                               0                              0              

PREF_UMLC_REQ_QUEUE_FULL                             0                              0              

PREF_UL1REQ_QUEUE_FULL                               0                              0              

PREF_DC_HIT_NOSEND                                   0                              0              

PREF_WBQDC_HIT_NOSEND                                0                              0              

PREF_MLCQ_STALL                                      0                              0              

PREF_L1Q_STALL                                       0                              0              

PREF_UMLC_REQ_SEND_QUEUE_STALL                       0                              0              

PREF_UL1REQ_SEND_QUEUE_STALL                     70099                         139266              

PREF_UMLC_REQ_QUEUE_SENTREQ                          0                              0              

PREF_UL1REQ_QUEUE_SENTREQ                       151837                         305898              

PREF_NEWREQ_MATCHED                                 68                            173              

PREF_UMLC_REQ_QUEUE_MATCHED_REQ                      0                              0              

PREF_UL1REQ_QUEUE_MATCHED_REQ                       16                             29              

PREF_DL0REQ_QUEUE_MATCHED_REQ                        0                              0              

L1_PREF_HIT                                     148867                         299803              

L1_PREF_UNIQUE_HIT                              148672                         299526              

L1_PREF_LATE                                       189                            751              

L1_LATE_PREF_CYCLES                              96353                         596775              

L1_LATE_PREF_CYCLES_DIST_0                          22       11.640%               34        4.527%
L1_LATE_PREF_CYCLES_DIST_100                        16        8.466%               33        4.394%
L1_LATE_PREF_CYCLES_DIST_200                        41       21.693%               54        7.190%
L1_LATE_PREF_CYCLES_DIST_300                        19       10.053%               35        4.660%
L1_LATE_PREF_CYCLES_DIST_400                        14        7.407%               34        4.527%
L1_LATE_PREF_CYCLES_DIST_500                        13        6.878%               28        3.728%
L1_LATE_PREF_CYCLES_DIST_600                        11        5.820%               27        3.595%
L1_LATE_PREF_CYCLES_DIST_700                        11        5.820%               25        3.329%
L1_LATE_PREF_CYCLES_DIST_800                        17        8.995%               28        3.728%
L1_LATE_PREF_CYCLES_DIST_900                        10        5.291%              395       52.597%
L1_LATE_PREF_CYCLES_DIST_1000                        3        1.587%               14        1.864%
L1_LATE_PREF_CYCLES_DIST_1100                        2        1.058%                7        0.932%
L1_LATE_PREF_CYCLES_DIST_1200                        4        2.116%                6        0.799%
L1_LATE_PREF_CYCLES_DIST_1300                        0        0.000%                2        0.266%
L1_LATE_PREF_CYCLES_DIST_1400                        1        0.529%                3        0.399%
L1_LATE_PREF_CYCLES_DIST_1500                        0        0.000%                3        0.399%
L1_LATE_PREF_CYCLES_DIST_1600                        0        0.000%                2        0.266%
L1_LATE_PREF_CYCLES_DIST_1700                        0        0.000%                1        0.133%
L1_LATE_PREF_CYCLES_DIST_1800                        0        0.000%                3        0.399%
L1_LATE_PREF_CYCLES_DIST_1900                        0        0.000%                2        0.266%
L1_LATE_PREF_CYCLES_DIST_2000                        5        2.646%               15        1.997%
                                                   189      100.000%              751      100.000%
                                                  4.54         3.85              7.30         3.65

MLC_PREF_HIT                                      1363                           2313              

MLC_PREF_UNIQUE_HIT                                902                           1652              

MLC_PREF_LATE                                        0                              0              

PREF_HYBRID_SEL_0                                    0         -nan%                0         -nan%
PREF_HYBRID_SEL_1                                    0         -nan%                0         -nan%
PREF_HYBRID_SEL_2                                    0         -nan%                0         -nan%
PREF_HYBRID_SEL_3                                    0         -nan%                0         -nan%
PREF_HYBRID_SEL_4                                    0         -nan%                0         -nan%
PREF_HYBRID_SEL_5                                    0         -nan%                0         -nan%
PREF_HYBRID_SEL_6                                    0         -nan%                0         -nan%
                                                     0         -nan%                0         -nan%
                                                  -nan         -nan              -nan         -nan

PREF_DISTANCE_1                                      0        0.000%                0        0.000%
PREF_DISTANCE_2                                      0        0.000%                0        0.000%
PREF_DISTANCE_3                                      0        0.000%                0        0.000%
PREF_DISTANCE_4                                      0        0.000%                1        2.564%
PREF_DISTANCE_5                                     20      100.000%               38       97.436%
PREF_DISTANCE_6                                      0        0.000%                0        0.000%
PREF_DISTANCE_7                                      0        0.000%                0        0.000%
PREF_DISTANCE_8                                      0        0.000%                0        0.000%
PREF_DISTANCE_9                                      0        0.000%                0        0.000%
PREF_DISTANCE_10                                     0        0.000%                0        0.000%
                                                    20      100.000%               39      100.000%
                                                  4.00         0.00              3.97         0.16

PREF_REPL_MRU                                        0         -nan%                0         -nan%
PREF_REPL_MID                                        0         -nan%                0         -nan%
PREF_REPL_LOWQTR                                     0         -nan%                0         -nan%
PREF_REPL_LRU                                        0         -nan%                0         -nan%
                                                     0         -nan%                0         -nan%
                                                  -nan         -nan              -nan         -nan

PREF_REPL_MOVEDOWN                                   0         -nan%                0         -nan%
PREF_REPL_MOVEUP                                     0         -nan%                0         -nan%
                                                     0         -nan%                0         -nan%
                                                  -nan         -nan              -nan         -nan

PREF_COV_1                                           0         -nan%                0         -nan%
PREF_COV_2                                           0         -nan%                0         -nan%
PREF_COV_3                                           0         -nan%                0         -nan%
PREF_COV_4                                           0         -nan%                0         -nan%
PREF_COV_5                                           0         -nan%                0         -nan%
PREF_COV_6                                           0         -nan%                0         -nan%
PREF_COV_7                                           0         -nan%                0         -nan%
PREF_COV_8                                           0         -nan%                0         -nan%
PREF_COV_9                                           0         -nan%                0         -nan%
PREF_COV_10                                          0         -nan%                0         -nan%
                                                     0         -nan%                0         -nan%
                                                  -nan         -nan              -nan         -nan

PREF_POL_1                                           0        0.000%                0        0.000%
PREF_POL_2                                           0        0.000%                0        0.000%
PREF_POL_3                                           0        0.000%                0        0.000%
PREF_POL_4                                           0        0.000%                0        0.000%
PREF_POL_5                                           0        0.000%                0        0.000%
PREF_POL_6                                           0        0.000%                0        0.000%
PREF_POL_7                                           0        0.000%                0        0.000%
PREF_POL_8                                           0        0.000%                0        0.000%
PREF_POL_9                                           0        0.000%                0        0.000%
PREF_POL_10                                         20      100.000%               39      100.000%
                                                    20      100.000%               39      100.000%
                                                  9.00         9.23              9.00         9.12

PREF_ACC_1                                          20      100.000%               39      100.000%
PREF_ACC_2                                           0        0.000%                0        0.000%
PREF_ACC_3                                           0        0.000%                0        0.000%
PREF_ACC_4                                           0        0.000%                0        0.000%
PREF_ACC_5                                           0        0.000%                0        0.000%
PREF_ACC_6                                           0        0.000%                0        0.000%
PREF_ACC_7                                           0        0.000%                0        0.000%
PREF_ACC_8                                           0        0.000%                0        0.000%
PREF_ACC_9                                           0        0.000%                0        0.000%
PREF_ACC_10                                          0        0.000%                0        0.000%
                                                    20      100.000%               39      100.000%
                                                  0.00         0.00              0.00         0.00

PREF_TIMELY_1                                        0        0.000%                0        0.000%
PREF_TIMELY_2                                        0        0.000%                0        0.000%
PREF_TIMELY_3                                        0        0.000%                0        0.000%
PREF_TIMELY_4                                        0        0.000%                0        0.000%
PREF_TIMELY_5                                        0        0.000%                0        0.000%
PREF_TIMELY_6                                        0        0.000%                0        0.000%
PREF_TIMELY_7                                        0        0.000%                0        0.000%
PREF_TIMELY_8                                        0        0.000%                0        0.000%
PREF_TIMELY_9                                        0        0.000%                0        0.000%
PREF_TIMELY_10                                      20      100.000%               39      100.000%
                                                    20      100.000%               39      100.000%
                                                  9.00         9.23              9.00         9.12

PREF_UNUSED_EVICT                                13559                          29595              

PREF_REGION_SENT                                     0                              0              

PREF_REGION_USEFUL                                   0                              0              

PREF_REGION_EVICT                                    0                              0              

PREF_PFPOL                                           0                              0              

PREF_PHASE_NEWPHASE_DET                              0                              0              

PREF_PHASE_NEWPHASE_NOTVALID                         0                              0              

PREF_PHASE_SENTPREF                                  0                              0              

PREF_PHASE_OVERWRITE_PAGE                            0                              0              

PREF_UPDATE_COUNT                                   20                             39              

PREF_ACC1_HT_HP                                      0        0.000%                0        0.000%
PREF_ACC1_HT_LP                                     20      100.000%               37       94.872%
PREF_ACC1_LT_HP                                      0        0.000%                0        0.000%
PREF_ACC1_LT_LP                                      0        0.000%                2        5.128%
PREF_ACC2_HT_HP                                      0        0.000%                0        0.000%
PREF_ACC2_HT_LP                                      0        0.000%                0        0.000%
PREF_ACC2_LT_HP                                      0        0.000%                0        0.000%
PREF_ACC2_LT_LP                                      0        0.000%                0        0.000%
PREF_ACC3_HT_HP                                      0        0.000%                0        0.000%
PREF_ACC3_HT_LP                                      0        0.000%                0        0.000%
PREF_ACC3_LT_HP                                      0        0.000%                0        0.000%
PREF_ACC3_LT_LP                                      0        0.000%                0        0.000%
PREF_ACC4_HT_HP                                      0        0.000%                0        0.000%
PREF_ACC4_HT_LP                                      0        0.000%                0        0.000%
PREF_ACC4_LT_HP                                      0        0.000%                0        0.000%
PREF_ACC4_LT_LP                                      0        0.000%                0        0.000%
                                                    20      100.000%               39      100.000%
                                                  1.00         0.00              1.10         0.45

FDIP_DECIDE_PREF_ONPATH0                         74852                         120881              

FDIP_DECIDE_PREF_OFFPATH0                       261596                         477342              

FDIP_NEW_PREFETCHES_ONPATH0                       4679                           8578              

FDIP_NEW_PREFETCHES_OFFPATH0                     19319                          41258              

FDIP_PREF_ICACHE_PROBE_HIT_ONPATH0               68207                         108519              

FDIP_PREF_ICACHE_PROBE_HIT_OFFPATH0             225318                         401447              

FDIP_PREF_MSHR_PROBE_HIT_ONPATH0                  1791                           3395              

FDIP_PREF_MSHR_PROBE_HIT_OFFPATH0                16850                          34331              

FDIP_PREF_FAILED_ONPATH0                           175                            389              

FDIP_PREF_FAILED_OFFPATH0                          109                            306              

FDIP_ATTEMPTED_PREF_ONPATH0                      77614                         128308              

FDIP_ATTEMPTED_PREF_OFFPATH0                    322268                         638559              

FDIP_DECIDE_PREF_ONPATH1                             0                              0              

FDIP_DECIDE_PREF_OFFPATH1                            0                              0              

FDIP_NEW_PREFETCHES_ONPATH1                          0                              0              

FDIP_NEW_PREFETCHES_OFFPATH1                         0                              0              

FDIP_PREF_ICACHE_PROBE_HIT_ONPATH1                   0                              0              

FDIP_PREF_ICACHE_PROBE_HIT_OFFPATH1                  0                              0              

FDIP_PREF_MSHR_PROBE_HIT_ONPATH1                     0                              0              

FDIP_PREF_MSHR_PROBE_HIT_OFFPATH1                    0                              0              

FDIP_PREF_FAILED_ONPATH1                             0                              0              

FDIP_PREF_FAILED_OFFPATH1                            0                              0              

FDIP_ATTEMPTED_PREF_ONPATH1                          0                              0              

FDIP_ATTEMPTED_PREF_OFFPATH1                         0                              0              

FDIP_DECIDE_PREF_ONPATH2                             0                              0              

FDIP_DECIDE_PREF_OFFPATH2                            0                              0              

FDIP_NEW_PREFETCHES_ONPATH2                          0                              0              

FDIP_NEW_PREFETCHES_OFFPATH2                         0                              0              

FDIP_PREF_ICACHE_PROBE_HIT_ONPATH2                   0                              0              

FDIP_PREF_ICACHE_PROBE_HIT_OFFPATH2                  0                              0              

FDIP_PREF_MSHR_PROBE_HIT_ONPATH2                     0                              0              

FDIP_PREF_MSHR_PROBE_HIT_OFFPATH2                    0                              0              

FDIP_PREF_FAILED_ONPATH2                             0                              0              

FDIP_PREF_FAILED_OFFPATH2                            0                              0              

FDIP_ATTEMPTED_PREF_ONPATH2                          0                              0              

FDIP_ATTEMPTED_PREF_OFFPATH2                         0                              0              

FDIP_DECIDE_PREF_ONPATH3                             0                              0              

FDIP_DECIDE_PREF_OFFPATH3                            0                              0              

FDIP_NEW_PREFETCHES_ONPATH3                          0                              0              

FDIP_NEW_PREFETCHES_OFFPATH3                         0                              0              

FDIP_PREF_ICACHE_PROBE_HIT_ONPATH3                   0                              0              

FDIP_PREF_ICACHE_PROBE_HIT_OFFPATH3                  0                              0              

FDIP_PREF_MSHR_PROBE_HIT_ONPATH3                     0                              0              

FDIP_PREF_MSHR_PROBE_HIT_OFFPATH3                    0                              0              

FDIP_PREF_FAILED_ONPATH3                             0                              0              

FDIP_PREF_FAILED_OFFPATH3                            0                              0              

FDIP_ATTEMPTED_PREF_ONPATH3                          0                              0              

FDIP_ATTEMPTED_PREF_OFFPATH3                         0                              0              

FDIP_DECIDE_PREF_ONPATH4                             0                              0              

FDIP_DECIDE_PREF_OFFPATH4                            0                              0              

FDIP_NEW_PREFETCHES_ONPATH4                          0                              0              

FDIP_NEW_PREFETCHES_OFFPATH4                         0                              0              

FDIP_PREF_ICACHE_PROBE_HIT_ONPATH4                   0                              0              

FDIP_PREF_ICACHE_PROBE_HIT_OFFPATH4                  0                              0              

FDIP_PREF_MSHR_PROBE_HIT_ONPATH4                     0                              0              

FDIP_PREF_MSHR_PROBE_HIT_OFFPATH4                    0                              0              

FDIP_PREF_FAILED_ONPATH4                             0                              0              

FDIP_PREF_FAILED_OFFPATH4                            0                              0              

FDIP_ATTEMPTED_PREF_ONPATH4                          0                              0              

FDIP_ATTEMPTED_PREF_OFFPATH4                         0                              0              

FDIP_ALT_PATH_PREFETCHES_IC_EMITTED                  0                              0              

FDIP_ALT_PATH_PREFETCHES_IC_TRIGGERED                0                              0              

FDIP_ALT_PATH_PREFETCHES_UOC_EMITTED_OFF_PATH             0         -nan%                0         -nan%
FDIP_ALT_PATH_PREFETCHES_UOC_EMITTED_ON_PATH             0         -nan%                0         -nan%
                                                     0         -nan%                0         -nan%
                                                  -nan         -nan              -nan         -nan

FDIP_ALT_PATH_PREFETCHES_UOC_TRIGGERED               0                              0              

FDIP_BREAK_REACH_FTQ_END0                     10583461       99.395%         21160477       99.199%
FDIP_BREAK_FTQ_EMPTY0                                0        0.000%                0        0.000%
FDIP_BREAK_MAX_FTQ_ENTRY_CYC0                     1020        0.010%             2296        0.011%
FDIP_BREAK_FULL_MEM_REQ_BUF0                     63434        0.596%           168644        0.791%
                                              10647915      100.000%         21331417      100.000%
                                                  0.02         0.23              0.02         0.27

FDIP_BREAK_REACH_FTQ_END1                            0         -nan%                0         -nan%
FDIP_BREAK_FTQ_EMPTY1                                0         -nan%                0         -nan%
FDIP_BREAK_MAX_FTQ_ENTRY_CYC1                        0         -nan%                0         -nan%
FDIP_BREAK_FULL_MEM_REQ_BUF1                         0         -nan%                0         -nan%
                                                     0         -nan%                0         -nan%
                                                  -nan         -nan              -nan         -nan

FDIP_BREAK_REACH_FTQ_END2                            0         -nan%                0         -nan%
FDIP_BREAK_FTQ_EMPTY2                                0         -nan%                0         -nan%
FDIP_BREAK_MAX_FTQ_ENTRY_CYC2                        0         -nan%                0         -nan%
FDIP_BREAK_FULL_MEM_REQ_BUF2                         0         -nan%                0         -nan%
                                                     0         -nan%                0         -nan%
                                                  -nan         -nan              -nan         -nan

FDIP_BREAK_REACH_FTQ_END3                            0         -nan%                0         -nan%
FDIP_BREAK_FTQ_EMPTY3                                0         -nan%                0         -nan%
FDIP_BREAK_MAX_FTQ_ENTRY_CYC3                        0         -nan%                0         -nan%
FDIP_BREAK_FULL_MEM_REQ_BUF3                         0         -nan%                0         -nan%
                                                     0         -nan%                0         -nan%
                                                  -nan         -nan              -nan         -nan

FDIP_BREAK_REACH_FTQ_END4                            0         -nan%                0         -nan%
FDIP_BREAK_FTQ_EMPTY4                                0         -nan%                0         -nan%
FDIP_BREAK_MAX_FTQ_ENTRY_CYC4                        0         -nan%                0         -nan%
FDIP_BREAK_FULL_MEM_REQ_BUF4                         0         -nan%                0         -nan%
                                                     0         -nan%                0         -nan%
                                                  -nan         -nan              -nan         -nan

FDIP_CYCLE_COUNT                                     0                              0              

ICACHE_USEFUL_FETCHES                              252                           1547              

USEFUL_CACHELINES_RETIRED                            0                              0              

ICACHE_UNUSEFUL_FETCHES                           1151                           7858              

UNIQUE_MISSED_LINES                                252                           1547              

UNIQUE_HIT_LINES                                     0                              0              

UNIQUE_PREFETCHED_LINES                              0                              0              

FDIP_BTB_MISS_NT_RESTEER_ONPATH                   2102                           6104              

FDIP_BTB_MISS_NT_RESTEER_OFFPATH                  5339                           9216              

FDIP_UTILITY_HASH_HIT                                0         -nan%                0         -nan%
FDIP_UTILITY_HASH_MISS                               0         -nan%                0         -nan%
                                                     0         -nan%                0         -nan%
                                                  -nan         -nan              -nan         -nan

FDIP_UC_HIT                                          0         -nan%                0         -nan%
FDIP_UC_MISS                                         0         -nan%                0         -nan%
                                                     0         -nan%                0         -nan%
                                                  -nan         -nan              -nan         -nan

FDIP_UC_USEFUL_LINES                                 0                              0              

FDIP_UC_REPLACEMENT                                  0                              0              

FDIP_BLOOM_HIT                                       0         -nan%                0         -nan%
FDIP_BLOOM_MISS                                      0         -nan%                0         -nan%
                                                     0         -nan%                0         -nan%
                                                  -nan         -nan              -nan         -nan

FDIP_BLOOM_INSERTED                                  0                              0              

FDIP_BLOOM_CLEAR1                                    0                              0              

FDIP_BLOOM_CLEAR2                                    0                              0              

FDIP_BLOOM_CLEAR4                                    0                              0              

FDIP_BLOOM_1STREAM                                   0                              0              

FDIP_BLOOM_2STREAM                                   0                              0              

FDIP_BLOOM_3STREAM                                   0                              0              

FDIP_BLOOM_4STREAM                                   0                              0              

FDIP_BLOOM_5STREAM                                   0                              0              

FDIP_BLOOM_6STREAM                                   0                              0              

FDIP_BLOOM_7STREAM                                   0                              0              

FDIP_BLOOM_8STREAM                                   0                              0              

FDIP_BLOOM_1INSERT                                   0                              0              

FDIP_BLOOM_2INSERT                                   0                              0              

FDIP_BLOOM_4INSERT                                   0                              0              

FDIP_BLOOM_NOSTREAM                                  0                              0              

FDIP_AVG_FTQ_OCCUPANCY_OPS                          75                             75              

FDIP_AVG_FTQ_OCCUPANCY                              15                             15              

FDIP_AVG_FTQ_OCCUPANCY_OPS1                          0                              0              

FDIP_AVG_FTQ_OCCUPANCY1                              0                              0              

FDIP_AVG_FTQ_OCCUPANCY_OPS2                          0                              0              

FDIP_AVG_FTQ_OCCUPANCY2                              0                              0              

FDIP_AVG_FTQ_OCCUPANCY_OPS3                          0                              0              

FDIP_AVG_FTQ_OCCUPANCY3                              0                              0              

FDIP_AVG_FTQ_OCCUPANCY_OPS4                          0                              0              

FDIP_AVG_FTQ_OCCUPANCY4                              0                              0              

FDIP_FTQ_OCCUPANCY_OPS_ACCUMULATED0          733386901                     1607501262              

FDIP_FTQ_OCCUPANCY_BLOCKS_ACCUMULATED0       147557435                      324638310              

FDIP_FTQ_OCCUPANCY_OPS_ACCUMULATED1                  0                              0              

FDIP_FTQ_OCCUPANCY_BLOCKS_ACCUMULATED1               0                              0              

FDIP_FTQ_OCCUPANCY_OPS_ACCUMULATED2                  0                              0              

FDIP_FTQ_OCCUPANCY_BLOCKS_ACCUMULATED2               0                              0              

FDIP_FTQ_OCCUPANCY_OPS_ACCUMULATED3                  0                              0              

FDIP_FTQ_OCCUPANCY_BLOCKS_ACCUMULATED3               0                              0              

FDIP_FTQ_OCCUPANCY_OPS_ACCUMULATED4                  0                              0              

FDIP_FTQ_OCCUPANCY_BLOCKS_ACCUMULATED4               0                              0              

FDIP_TRAINING_SAMPLE                                 0                              0              

FDIP_SENIORITY_FTQ_ACCUMULATED                       0                              0              

FDIP_SENIORITY_FTQ_HIT                               0                              0              

FDIP_SENIORITY_FTQ_MISS                              0                              0              

FDIP_UFTQ_STAY_SAME_FTQ_NUM                          0         -nan%                0         -nan%
FDIP_UFTQ_DEC_FTQ_NUM                                0         -nan%                0         -nan%
FDIP_UFTQ_INC_FTQ_NUM                                0         -nan%                0         -nan%
                                                     0         -nan%                0         -nan%
                                                  -nan         -nan              -nan         -nan

FDIP_OFF_CONF_ON_PREF_CANDIDATES                     0         -nan%                0         -nan%
FDIP_OFF_CONF_OFF_PREF_CANDIDATES                    0         -nan%                0         -nan%
FDIP_ON_CONF_ON_PREF_CANDIDATES                      0         -nan%                0         -nan%
FDIP_ON_CONF_OFF_PREF_CANDIDATES                     0         -nan%                0         -nan%
                                                     0         -nan%                0         -nan%
                                                  -nan         -nan              -nan         -nan

FDIP_ON_CONF_ON_EMITTED                              0         -nan%                0         -nan%
FDIP_ON_CONF_OFF_EMITTED                             0         -nan%                0         -nan%
FDIP_OFF_CONF_ON_EMITTED                             0         -nan%                0         -nan%
FDIP_OFF_CONF_OFF_EMITTED                            0         -nan%                0         -nan%
                                                     0         -nan%                0         -nan%
                                                  -nan         -nan              -nan         -nan

FDIP_OFF_CONF_ON_NOT_IDENTIFIED_PREF_CANDIDATES             0         -nan%                0         -nan%
FDIP_OFF_CONF_ON_IBTB_MISS_PREF_CANDIDATES             0         -nan%                0         -nan%
FDIP_OFF_CONF_ON_BTB_MISS_PREF_CANDIDATES             0         -nan%                0         -nan%
FDIP_OFF_CONF_ON_BTB_MISS_MISPRED_PREF_CANDIDATES             0         -nan%                0         -nan%
FDIP_OFF_CONF_ON_MISPRED_PREF_CANDIDATES             0         -nan%                0         -nan%
FDIP_OFF_CONF_ON_MISFETCH_PREF_CANDIDATES             0         -nan%                0         -nan%
                                                     0         -nan%                0         -nan%
                                                  -nan         -nan              -nan         -nan

FDIP_OFF_CONF_ON_NOT_IDENTIFIED_EMITTED              0         -nan%                0         -nan%
FDIP_OFF_CONF_ON_IBTB_MISS_EMITTED                   0         -nan%                0         -nan%
FDIP_OFF_CONF_ON_BTB_MISS_EMITTED                    0         -nan%                0         -nan%
FDIP_OFF_CONF_ON_BTB_MISS_MISPRED_EMITTED             0         -nan%                0         -nan%
FDIP_OFF_CONF_ON_MISPRED_EMITTED                     0         -nan%                0         -nan%
FDIP_OFF_CONF_ON_MISFETCH_EMITTED                    0         -nan%                0         -nan%
                                                     0         -nan%                0         -nan%
                                                  -nan         -nan              -nan         -nan

FDIP_ON_CONF_OFF_IBTB_MISS_BP_TAKEN_PREF_CANDIDATES             0         -nan%                0         -nan%
FDIP_ON_CONF_OFF_BTB_MISS_BP_TAKEN_CONF_0_PREF_CANDIDATES             0         -nan%                0         -nan%
FDIP_ON_CONF_OFF_BTB_MISS_BP_TAKEN_CONF_1_PREF_CANDIDATES             0         -nan%                0         -nan%
FDIP_ON_CONF_OFF_BTB_MISS_BP_TAKEN_CONF_2_PREF_CANDIDATES             0         -nan%                0         -nan%
FDIP_ON_CONF_OFF_BTB_MISS_BP_TAKEN_CONF_3_PREF_CANDIDATES             0         -nan%                0         -nan%
FDIP_ON_CONF_OFF_BTB_MISS_RATE_PREF_CANDIDATES             0         -nan%                0         -nan%
FDIP_ON_CONF_OFF_IBTB_MISS_RATE_PREF_CANDIDATES             0         -nan%                0         -nan%
FDIP_ON_CONF_OFF_MISFETCH_RATE_PREF_CANDIDATES             0         -nan%                0         -nan%
FDIP_ON_CONF_OFF_MISPRED_RATE_PREF_CANDIDATES             0         -nan%                0         -nan%
FDIP_ON_CONF_OFF_INV_CONF_INC_PREF_CANDIDATES             0         -nan%                0         -nan%
FDIP_ON_CONF_OFF_PERFECT_CONF_PREF_CANDIDATES             0         -nan%                0         -nan%
                                                     0         -nan%                0         -nan%
                                                  -nan         -nan              -nan         -nan

FDIP_ON_CONF_OFF_IBTB_MISS_BP_TAKEN_EMITTED             0         -nan%                0         -nan%
FDIP_ON_CONF_OFF_BTB_MISS_BP_TAKEN_CONF_0_EMITTED             0         -nan%                0         -nan%
FDIP_ON_CONF_OFF_BTB_MISS_BP_TAKEN_CONF_1_EMITTED             0         -nan%                0         -nan%
FDIP_ON_CONF_OFF_BTB_MISS_BP_TAKEN_CONF_2_EMITTED             0         -nan%                0         -nan%
FDIP_ON_CONF_OFF_BTB_MISS_BP_TAKEN_CONF_3_EMITTED             0         -nan%                0         -nan%
FDIP_ON_CONF_OFF_BTB_MISS_RATE_EMITTED               0         -nan%                0         -nan%
FDIP_ON_CONF_OFF_IBTB_MISS_RATE_EMITTED              0         -nan%                0         -nan%
FDIP_ON_CONF_OFF_MISFETCH_RATE_EMITTED               0         -nan%                0         -nan%
FDIP_ON_CONF_OFF_MISPRED_RATE_EMITTED                0         -nan%                0         -nan%
FDIP_ON_CONF_OFF_INV_CONF_INC_EMITTED                0         -nan%                0         -nan%
FDIP_ON_CONF_OFF_PERFECT_CONF_EMITTED                0         -nan%                0         -nan%
                                                     0         -nan%                0         -nan%
                                                  -nan         -nan              -nan         -nan

ICACHE_FIRST_MISS_AFTER_WARMUP_SEEN_DURING_WARMUP           193       76.587%              193       76.587%
ICACHE_FIRST_MISS_AFTER_WARMUP_NOT_SEEN_DURING_WARMUP            59       23.413%               59       23.413%
                                                   252      100.000%              252      100.000%
                                                  0.23         0.39              0.23         0.39

ICACHE_FIRST_MISS_AFTER_WARMUP_NO_PREF_DURING_WARMUP             0        0.000%                0        0.000%
ICACHE_FIRST_MISS_AFTER_WARMUP_TRAINED_UNUSEFUL_DURING_WARMUP             0        0.000%                0        0.000%
ICACHE_FIRST_MISS_AFTER_WARMUP_TRAINED_USEFUL_DURING_WARMUP            26      100.000%               26      100.000%
                                                    26      100.000%               26      100.000%
                                                  2.00         2.04              2.00         2.04

FDIP_PREFETCH_EVICT_NO_HIT_ONLY_ONCE                 0                              0              

FDIP_PREFETCH_HIT_ICACHE0                       293525       73.403%           509966       66.500%
FDIP_PREFETCH_HIT_MLC0                           17989        4.499%            33627        4.385%
FDIP_PREFETCH_HIT_L10                              951        0.238%             3145        0.410%
FDIP_PREFETCH_HIT_DRAM0                          87417       21.861%           220129       28.705%
                                                399882      100.000%           766867      100.000%
                                                  0.71         1.13              0.91         1.22

FDIP_PREFETCH_HIT_ICACHE1                            0         -nan%                0         -nan%
FDIP_PREFETCH_HIT_MLC1                               0         -nan%                0         -nan%
FDIP_PREFETCH_HIT_L11                                0         -nan%                0         -nan%
FDIP_PREFETCH_HIT_DRAM1                              0         -nan%                0         -nan%
                                                     0         -nan%                0         -nan%
                                                  -nan         -nan              -nan         -nan

FDIP_PREFETCH_HIT_ICACHE2                            0         -nan%                0         -nan%
FDIP_PREFETCH_HIT_MLC2                               0         -nan%                0         -nan%
FDIP_PREFETCH_HIT_L12                                0         -nan%                0         -nan%
FDIP_PREFETCH_HIT_DRAM2                              0         -nan%                0         -nan%
                                                     0         -nan%                0         -nan%
                                                  -nan         -nan              -nan         -nan

FDIP_PREFETCH_HIT_ICACHE3                            0         -nan%                0         -nan%
FDIP_PREFETCH_HIT_MLC3                               0         -nan%                0         -nan%
FDIP_PREFETCH_HIT_L13                                0         -nan%                0         -nan%
FDIP_PREFETCH_HIT_DRAM3                              0         -nan%                0         -nan%
                                                     0         -nan%                0         -nan%
                                                  -nan         -nan              -nan         -nan

FDIP_PREFETCH_HIT_ICACHE4                            0         -nan%                0         -nan%
FDIP_PREFETCH_HIT_MLC4                               0         -nan%                0         -nan%
FDIP_PREFETCH_HIT_L14                                0         -nan%                0         -nan%
FDIP_PREFETCH_HIT_DRAM4                              0         -nan%                0         -nan%
                                                     0         -nan%                0         -nan%
                                                  -nan         -nan              -nan         -nan

FDIP_MEM_BUF_MISS0                                   0         -nan%                0         -nan%
FDIP_MEM_BUF_FOUND0                                  0         -nan%                0         -nan%
                                                     0         -nan%                0         -nan%
                                                  -nan         -nan              -nan         -nan

FDIP_MEM_BUF_MISS1                                   0         -nan%                0         -nan%
FDIP_MEM_BUF_FOUND1                                  0         -nan%                0         -nan%
                                                     0         -nan%                0         -nan%
                                                  -nan         -nan              -nan         -nan

FDIP_MEM_BUF_MISS2                                   0         -nan%                0         -nan%
FDIP_MEM_BUF_FOUND2                                  0         -nan%                0         -nan%
                                                     0         -nan%                0         -nan%
                                                  -nan         -nan              -nan         -nan

FDIP_MEM_BUF_MISS3                                   0         -nan%                0         -nan%
FDIP_MEM_BUF_FOUND3                                  0         -nan%                0         -nan%
                                                     0         -nan%                0         -nan%
                                                  -nan         -nan              -nan         -nan

FDIP_MEM_BUF_MISS4                                   0         -nan%                0         -nan%
FDIP_MEM_BUF_FOUND4                                  0         -nan%                0         -nan%
                                                     0         -nan%                0         -nan%
                                                  -nan         -nan              -nan         -nan

DJOLT_PREFETCH_ENTRY                                 0                              0              

DJOLT_PREFETCH_INITIAL                               0                              0              

DJOLT_PREFETCH_SIG                                   0                              0              

FNLMMA_PREFETCH_TYPE0                                0         -nan%                0         -nan%
FNLMMA_PREFETCH_TYPE1                                0         -nan%                0         -nan%
FNLMMA_PREFETCH_TYPE2                                0         -nan%                0         -nan%
FNLMMA_PREFETCH_TYPE3                                0         -nan%                0         -nan%
FNLMMA_PREFETCH_TYPE4                                0         -nan%                0         -nan%
                                                     0         -nan%                0         -nan%
                                                  -nan         -nan              -nan         -nan



