               ramulator.active_cycles_0             5814279                                      # Total active cycles for level _0
                 ramulator.busy_cycles_0             5814279                                      # (All-bank refresh only. busy cycles only include refresh time in rank level) The sum of cycles that the DRAM part is active or under refresh for level _0
            ramulator.serving_requests_0             9498799                                      # The sum of read and write requests that are served in this DRAM element per memory cycle for level _0
    ramulator.average_serving_requests_0            1.187456                                      # The average of read and write requests that are served in this DRAM element per memory cycle for level _0
             ramulator.active_cycles_0_0             5814279                                      # Total active cycles for level _0_0
               ramulator.busy_cycles_0_0             6113319                                      # (All-bank refresh only. busy cycles only include refresh time in rank level) The sum of cycles that the DRAM part is active or under refresh for level _0_0
          ramulator.serving_requests_0_0             9498799                                      # The sum of read and write requests that are served in this DRAM element per memory cycle for level _0_0
  ramulator.average_serving_requests_0_0            1.187456                                      # The average of read and write requests that are served in this DRAM element per memory cycle for level _0_0
           ramulator.active_cycles_0_0_0             1760494                                      # Total active cycles for level _0_0_0
             ramulator.busy_cycles_0_0_0             1760494                                      # (All-bank refresh only. busy cycles only include refresh time in rank level) The sum of cycles that the DRAM part is active or under refresh for level _0_0_0
        ramulator.serving_requests_0_0_0             2417575                                      # The sum of read and write requests that are served in this DRAM element per memory cycle for level _0_0_0
ramulator.average_serving_requests_0_0_0            0.302224                                      # The average of read and write requests that are served in this DRAM element per memory cycle for level _0_0_0
         ramulator.active_cycles_0_0_0_0              517511                                      # Total active cycles for level _0_0_0_0
           ramulator.busy_cycles_0_0_0_0              517511                                      # (All-bank refresh only. busy cycles only include refresh time in rank level) The sum of cycles that the DRAM part is active or under refresh for level _0_0_0_0
      ramulator.serving_requests_0_0_0_0              648077                                      # The sum of read and write requests that are served in this DRAM element per memory cycle for level _0_0_0_0
ramulator.average_serving_requests_0_0_0_0            0.081017                                      # The average of read and write requests that are served in this DRAM element per memory cycle for level _0_0_0_0
         ramulator.active_cycles_0_0_0_1              462301                                      # Total active cycles for level _0_0_0_1
           ramulator.busy_cycles_0_0_0_1              462301                                      # (All-bank refresh only. busy cycles only include refresh time in rank level) The sum of cycles that the DRAM part is active or under refresh for level _0_0_0_1
      ramulator.serving_requests_0_0_0_1              580287                                      # The sum of read and write requests that are served in this DRAM element per memory cycle for level _0_0_0_1
ramulator.average_serving_requests_0_0_0_1            0.072542                                      # The average of read and write requests that are served in this DRAM element per memory cycle for level _0_0_0_1
         ramulator.active_cycles_0_0_0_2              476390                                      # Total active cycles for level _0_0_0_2
           ramulator.busy_cycles_0_0_0_2              476390                                      # (All-bank refresh only. busy cycles only include refresh time in rank level) The sum of cycles that the DRAM part is active or under refresh for level _0_0_0_2
      ramulator.serving_requests_0_0_0_2              598380                                      # The sum of read and write requests that are served in this DRAM element per memory cycle for level _0_0_0_2
ramulator.average_serving_requests_0_0_0_2            0.074804                                      # The average of read and write requests that are served in this DRAM element per memory cycle for level _0_0_0_2
         ramulator.active_cycles_0_0_0_3              468711                                      # Total active cycles for level _0_0_0_3
           ramulator.busy_cycles_0_0_0_3              468711                                      # (All-bank refresh only. busy cycles only include refresh time in rank level) The sum of cycles that the DRAM part is active or under refresh for level _0_0_0_3
      ramulator.serving_requests_0_0_0_3              590831                                      # The sum of read and write requests that are served in this DRAM element per memory cycle for level _0_0_0_3
ramulator.average_serving_requests_0_0_0_3            0.073860                                      # The average of read and write requests that are served in this DRAM element per memory cycle for level _0_0_0_3
           ramulator.active_cycles_0_0_1             1657528                                      # Total active cycles for level _0_0_1
             ramulator.busy_cycles_0_0_1             1657528                                      # (All-bank refresh only. busy cycles only include refresh time in rank level) The sum of cycles that the DRAM part is active or under refresh for level _0_0_1
        ramulator.serving_requests_0_0_1             2274360                                      # The sum of read and write requests that are served in this DRAM element per memory cycle for level _0_0_1
ramulator.average_serving_requests_0_0_1            0.284320                                      # The average of read and write requests that are served in this DRAM element per memory cycle for level _0_0_1
         ramulator.active_cycles_0_0_1_0              424466                                      # Total active cycles for level _0_0_1_0
           ramulator.busy_cycles_0_0_1_0              424466                                      # (All-bank refresh only. busy cycles only include refresh time in rank level) The sum of cycles that the DRAM part is active or under refresh for level _0_0_1_0
      ramulator.serving_requests_0_0_1_0              533836                                      # The sum of read and write requests that are served in this DRAM element per memory cycle for level _0_0_1_0
ramulator.average_serving_requests_0_0_1_0            0.066735                                      # The average of read and write requests that are served in this DRAM element per memory cycle for level _0_0_1_0
         ramulator.active_cycles_0_0_1_1              420474                                      # Total active cycles for level _0_0_1_1
           ramulator.busy_cycles_0_0_1_1              420474                                      # (All-bank refresh only. busy cycles only include refresh time in rank level) The sum of cycles that the DRAM part is active or under refresh for level _0_0_1_1
      ramulator.serving_requests_0_0_1_1              528315                                      # The sum of read and write requests that are served in this DRAM element per memory cycle for level _0_0_1_1
ramulator.average_serving_requests_0_0_1_1            0.066045                                      # The average of read and write requests that are served in this DRAM element per memory cycle for level _0_0_1_1
         ramulator.active_cycles_0_0_1_2              468154                                      # Total active cycles for level _0_0_1_2
           ramulator.busy_cycles_0_0_1_2              468154                                      # (All-bank refresh only. busy cycles only include refresh time in rank level) The sum of cycles that the DRAM part is active or under refresh for level _0_0_1_2
      ramulator.serving_requests_0_0_1_2              583350                                      # The sum of read and write requests that are served in this DRAM element per memory cycle for level _0_0_1_2
ramulator.average_serving_requests_0_0_1_2            0.072925                                      # The average of read and write requests that are served in this DRAM element per memory cycle for level _0_0_1_2
         ramulator.active_cycles_0_0_1_3              481315                                      # Total active cycles for level _0_0_1_3
           ramulator.busy_cycles_0_0_1_3              481315                                      # (All-bank refresh only. busy cycles only include refresh time in rank level) The sum of cycles that the DRAM part is active or under refresh for level _0_0_1_3
      ramulator.serving_requests_0_0_1_3              628859                                      # The sum of read and write requests that are served in this DRAM element per memory cycle for level _0_0_1_3
ramulator.average_serving_requests_0_0_1_3            0.078614                                      # The average of read and write requests that are served in this DRAM element per memory cycle for level _0_0_1_3
           ramulator.active_cycles_0_0_2             1689337                                      # Total active cycles for level _0_0_2
             ramulator.busy_cycles_0_0_2             1689337                                      # (All-bank refresh only. busy cycles only include refresh time in rank level) The sum of cycles that the DRAM part is active or under refresh for level _0_0_2
        ramulator.serving_requests_0_0_2             2293892                                      # The sum of read and write requests that are served in this DRAM element per memory cycle for level _0_0_2
ramulator.average_serving_requests_0_0_2            0.286762                                      # The average of read and write requests that are served in this DRAM element per memory cycle for level _0_0_2
         ramulator.active_cycles_0_0_2_0              468129                                      # Total active cycles for level _0_0_2_0
           ramulator.busy_cycles_0_0_2_0              468129                                      # (All-bank refresh only. busy cycles only include refresh time in rank level) The sum of cycles that the DRAM part is active or under refresh for level _0_0_2_0
      ramulator.serving_requests_0_0_2_0              594534                                      # The sum of read and write requests that are served in this DRAM element per memory cycle for level _0_0_2_0
ramulator.average_serving_requests_0_0_2_0            0.074323                                      # The average of read and write requests that are served in this DRAM element per memory cycle for level _0_0_2_0
         ramulator.active_cycles_0_0_2_1              392719                                      # Total active cycles for level _0_0_2_1
           ramulator.busy_cycles_0_0_2_1              392719                                      # (All-bank refresh only. busy cycles only include refresh time in rank level) The sum of cycles that the DRAM part is active or under refresh for level _0_0_2_1
      ramulator.serving_requests_0_0_2_1              494475                                      # The sum of read and write requests that are served in this DRAM element per memory cycle for level _0_0_2_1
ramulator.average_serving_requests_0_0_2_1            0.061815                                      # The average of read and write requests that are served in this DRAM element per memory cycle for level _0_0_2_1
         ramulator.active_cycles_0_0_2_2              465092                                      # Total active cycles for level _0_0_2_2
           ramulator.busy_cycles_0_0_2_2              465092                                      # (All-bank refresh only. busy cycles only include refresh time in rank level) The sum of cycles that the DRAM part is active or under refresh for level _0_0_2_2
      ramulator.serving_requests_0_0_2_2              596603                                      # The sum of read and write requests that are served in this DRAM element per memory cycle for level _0_0_2_2
ramulator.average_serving_requests_0_0_2_2            0.074582                                      # The average of read and write requests that are served in this DRAM element per memory cycle for level _0_0_2_2
         ramulator.active_cycles_0_0_2_3              488528                                      # Total active cycles for level _0_0_2_3
           ramulator.busy_cycles_0_0_2_3              488528                                      # (All-bank refresh only. busy cycles only include refresh time in rank level) The sum of cycles that the DRAM part is active or under refresh for level _0_0_2_3
      ramulator.serving_requests_0_0_2_3              608280                                      # The sum of read and write requests that are served in this DRAM element per memory cycle for level _0_0_2_3
ramulator.average_serving_requests_0_0_2_3            0.076042                                      # The average of read and write requests that are served in this DRAM element per memory cycle for level _0_0_2_3
           ramulator.active_cycles_0_0_3             1830479                                      # Total active cycles for level _0_0_3
             ramulator.busy_cycles_0_0_3             1830479                                      # (All-bank refresh only. busy cycles only include refresh time in rank level) The sum of cycles that the DRAM part is active or under refresh for level _0_0_3
        ramulator.serving_requests_0_0_3             2512972                                      # The sum of read and write requests that are served in this DRAM element per memory cycle for level _0_0_3
ramulator.average_serving_requests_0_0_3            0.314150                                      # The average of read and write requests that are served in this DRAM element per memory cycle for level _0_0_3
         ramulator.active_cycles_0_0_3_0              464355                                      # Total active cycles for level _0_0_3_0
           ramulator.busy_cycles_0_0_3_0              464355                                      # (All-bank refresh only. busy cycles only include refresh time in rank level) The sum of cycles that the DRAM part is active or under refresh for level _0_0_3_0
      ramulator.serving_requests_0_0_3_0              583356                                      # The sum of read and write requests that are served in this DRAM element per memory cycle for level _0_0_3_0
ramulator.average_serving_requests_0_0_3_0            0.072926                                      # The average of read and write requests that are served in this DRAM element per memory cycle for level _0_0_3_0
         ramulator.active_cycles_0_0_3_1              512235                                      # Total active cycles for level _0_0_3_1
           ramulator.busy_cycles_0_0_3_1              512235                                      # (All-bank refresh only. busy cycles only include refresh time in rank level) The sum of cycles that the DRAM part is active or under refresh for level _0_0_3_1
      ramulator.serving_requests_0_0_3_1              639928                                      # The sum of read and write requests that are served in this DRAM element per memory cycle for level _0_0_3_1
ramulator.average_serving_requests_0_0_3_1            0.079998                                      # The average of read and write requests that are served in this DRAM element per memory cycle for level _0_0_3_1
         ramulator.active_cycles_0_0_3_2              512975                                      # Total active cycles for level _0_0_3_2
           ramulator.busy_cycles_0_0_3_2              512975                                      # (All-bank refresh only. busy cycles only include refresh time in rank level) The sum of cycles that the DRAM part is active or under refresh for level _0_0_3_2
      ramulator.serving_requests_0_0_3_2              652524                                      # The sum of read and write requests that are served in this DRAM element per memory cycle for level _0_0_3_2
ramulator.average_serving_requests_0_0_3_2            0.081573                                      # The average of read and write requests that are served in this DRAM element per memory cycle for level _0_0_3_2
         ramulator.active_cycles_0_0_3_3              503340                                      # Total active cycles for level _0_0_3_3
           ramulator.busy_cycles_0_0_3_3              503340                                      # (All-bank refresh only. busy cycles only include refresh time in rank level) The sum of cycles that the DRAM part is active or under refresh for level _0_0_3_3
      ramulator.serving_requests_0_0_3_3              637164                                      # The sum of read and write requests that are served in this DRAM element per memory cycle for level _0_0_3_3
ramulator.average_serving_requests_0_0_3_3            0.079653                                      # The average of read and write requests that are served in this DRAM element per memory cycle for level _0_0_3_3
      ramulator.read_transaction_bytes_0            21874560                                      # The total byte of read transaction per channel
     ramulator.write_transaction_bytes_0            18420864                                      # The total byte of write transaction per channel
       ramulator.row_hits_channel_0_core              576464                                      # Number of row hits per channel per core
     ramulator.row_misses_channel_0_core               13839                                      # Number of row misses per channel per core
  ramulator.row_conflicts_channel_0_core               39313                                      # Number of row conflicts per channel per core
  ramulator.read_row_hits_channel_0_core              322176                                      # Number of row hits for read requests per channel per core
                                     [0]            322176.0                                      # 
ramulator.read_row_misses_channel_0_core                4082                                      # Number of row misses for read requests per channel per core
                                     [0]              4082.0                                      # 
ramulator.read_row_conflicts_channel_0_core               15532                                      # Number of row conflicts for read requests per channel per core
                                     [0]             15532.0                                      # 
 ramulator.write_row_hits_channel_0_core              254288                                      # Number of row hits for write requests per channel per core
                                     [0]            254288.0                                      # 
ramulator.write_row_misses_channel_0_core                9757                                      # Number of row misses for write requests per channel per core
                                     [0]              9757.0                                      # 
ramulator.write_row_conflicts_channel_0_core               23781                                      # Number of row conflicts for write requests per channel per core
                                     [0]             23781.0                                      # 
      ramulator.useless_activates_0_core                 127                                      # Number of useless activations. E.g, ACT -> PRE w/o RD or WR
            ramulator.read_latency_avg_0           78.893840                                      # The average memory latency cycles (in memory time domain) per request for all read requests in this channel
            ramulator.read_latency_sum_0            26966940                                      # The memory latency cycles (in memory time domain) sum for all read requests in this channel
        ramulator.req_queue_length_avg_0           18.850093                                      # Average of read and write queue length per memory cycle per channel.
        ramulator.req_queue_length_sum_0           150787250                                      # Sum of read and write queue length per memory cycle per channel.
   ramulator.read_req_queue_length_avg_0            3.328377                                      # Read queue length average per memory cycle per channel.
   ramulator.read_req_queue_length_sum_0            26624632                                      # Read queue length sum per memory cycle per channel.
  ramulator.write_req_queue_length_avg_0           15.521716                                      # Write queue length average per memory cycle per channel.
  ramulator.write_req_queue_length_sum_0           124162618                                      # Write queue length sum per memory cycle per channel.
              ramulator.record_read_hits                 0.0                                      # record read hit count for this core when it reaches request limit or to the end
                                     [0]                 0.0                                      # 
            ramulator.record_read_misses                 0.0                                      # record_read_miss count for this core when it reaches request limit or to the end
                                     [0]                 0.0                                      # 
         ramulator.record_read_conflicts                 0.0                                      # record read conflict count for this core when it reaches request limit or to the end
                                     [0]                 0.0                                      # 
             ramulator.record_write_hits                 0.0                                      # record write hit count for this core when it reaches request limit or to the end
                                     [0]                 0.0                                      # 
           ramulator.record_write_misses                 0.0                                      # record write miss count for this core when it reaches request limit or to the end
                                     [0]                 0.0                                      # 
        ramulator.record_write_conflicts                 0.0                                      # record write conflict for this core when it reaches request limit or to the end
                                     [0]                 0.0                                      # 
                 ramulator.dram_capacity          8589934592                                      # Number of bytes in simulated DRAM
                   ramulator.dram_cycles             7999284                                      # Number of DRAM cycles simulated
             ramulator.incoming_requests              629660                                      # Number of incoming requests to DRAM
                 ramulator.read_requests              341813                                      # Number of incoming read requests to DRAM per core
                                     [0]            341813.0                                      # 
                ramulator.write_requests              287847                                      # Number of incoming write requests to DRAM per core
                                     [0]            287847.0                                      # 
       ramulator.ramulator_active_cycles             5814279                                      # The total number of cycles that the DRAM part is active (serving R/W)
 ramulator.incoming_requests_per_channel            629660.0                                      # Number of incoming requests to each DRAM channel
                                     [0]            629660.0                                      # 
ramulator.incoming_read_reqs_per_channel            341813.0                                      # Number of incoming read requests to each DRAM channel
                                     [0]            341813.0                                      # 
     ramulator.physical_page_replacement                   0                                      # The number of times that physical page replacement happens.
             ramulator.maximum_bandwidth         19200000000                                      # The theoretical maximum bandwidth (Bps)
          ramulator.in_queue_req_num_sum           150787250                                      # Sum of read/write queue length
     ramulator.in_queue_read_req_num_sum            26624632                                      # Sum of read queue length
    ramulator.in_queue_write_req_num_sum           124162618                                      # Sum of write queue length
          ramulator.in_queue_req_num_avg           18.850093                                      # Average of read/write queue length per memory cycle
     ramulator.in_queue_read_req_num_avg            3.328377                                      # Average of read queue length per memory cycle
    ramulator.in_queue_write_req_num_avg           15.521716                                      # Average of write queue length per memory cycle
          ramulator.record_read_requests                 0.0                                      # record read requests for this core when it reaches request limit or to the end
                                     [0]                 0.0                                      # 
         ramulator.record_write_requests                 0.0                                      # record write requests for this core when it reaches request limit or to the end
                                     [0]                 0.0                                      # 
