Scarab gitrev: 4a1223f
Warning: Scarab expects the trace file type to include OFFLINE_FILE_TYPE_ARCH_REGDEPS (0x20000), but got type: 0xe40
Scarab started at Tue Jun  2 01:23:48 2026

Initialized Ramulator. 
** Heartbeat:   5% -- { 1000000 } -- 0.00 KIPS (90.91 KIPS)
** Heartbeat:  10% -- { 2000000 } -- 142.86 KIPS (111.11 KIPS)
** Heartbeat:  15% -- { 3000000 } -- 100.00 KIPS (107.14 KIPS)
** Heartbeat:  20% -- { 4000000 } -- 100.00 KIPS (105.26 KIPS)
** Heartbeat:  25% -- { 5000000 } -- 100.00 KIPS (104.17 KIPS)
** Heartbeat:  30% -- { 6000000 } -- 100.00 KIPS (103.45 KIPS)
** Heartbeat:  35% -- { 7000000 } -- 111.11 KIPS (104.48 KIPS)
** Heartbeat:  40% -- { 8000000 } -- 111.11 KIPS (105.26 KIPS)
** Heartbeat:  45% -- { 9000000 } -- 111.11 KIPS (105.88 KIPS)
** Heartbeat:  50% -- { 10000000 } -- 90.91 KIPS (104.17 KIPS)
** Heartbeat:  55% -- { 11000000 } -- 111.11 KIPS (104.76 KIPS)
** Heartbeat:  60% -- { 12000000 } -- 125.00 KIPS (106.19 KIPS)
** Heartbeat:  65% -- { 13000001 } -- 83.33 KIPS (104.00 KIPS)
** Heartbeat:  70% -- { 14000001 } -- 100.00 KIPS (103.70 KIPS)
** Heartbeat:  75% -- { 15000001 } -- 100.00 KIPS (103.45 KIPS)
** Heartbeat:  80% -- { 16000001 } -- 125.00 KIPS (104.58 KIPS)
** Heartbeat:  85% -- { 17000001 } -- 111.11 KIPS (104.94 KIPS)
** Heartbeat:  90% -- { 18000003 } -- 125.00 KIPS (105.88 KIPS)
** Heartbeat:  95% -- { 19000007 } -- 111.11 KIPS (106.15 KIPS)
** Core 0 Finished:    insts:761055      cycles:21331417    time:6666067812500       -- 0.04 IPC (0.04 IPC) --  N/A  KIPS (104.17 KIPS)
Scarab finished at Tue Jun  2 01:27:00 2026



