/* -*- Mode: c -*- */
####################################################################################################
Core 0
####################################################################################################
Cumulative:        Cycles: 21331417              Instructions: 761055                IPC: 0.03568

Periodic:          Cycles: 10647915              Instructions: 463508                IPC: 0.04353

DCACHE_PREF_HIT                                      0                              0              

IFETCH_WB_FIRST_SCHEDULE                             0         -nan%                0         -nan%
PREFETCH_LAST_SCHEDULE                               0         -nan%                0         -nan%
DEMAND_PASS_PREF_SCHEDULE                            0         -nan%                0         -nan%
DEMAND_PASS_LOW_OP_SCHEDULE                          0         -nan%                0         -nan%
DEMAND_LAST_SCHEDULE                                 0         -nan%                0         -nan%
                                                     0         -nan%                0         -nan%
                                                  -nan         -nan              -nan         -nan

SEND_MISS_REQ_QUEUE                             168112                         341813              

L1_DATA_EVICT                                   168143                         325466              

STREAM_BUFFER_REQ                                    0                              0              

PREF_SEND_TO_MEM_REQ                                 0         -nan%                0         -nan%
PREF_SEND_TO_MEM_REQ_FAIL                            0         -nan%                0         -nan%
                                                     0         -nan%                0         -nan%
                                                  -nan         -nan              -nan         -nan

HIT_TRAIN_STREAM                                149198       97.334%           300949       97.451%
MISS_TRAIN_STREAM                                 4086        2.666%             7873        2.549%
                                                153284      100.000%           308822      100.000%
                                                  0.03         0.16              0.03         0.16

STREAM_TRAIN_CREATE                               2661                           5175              

MEM_REQ_MISS_HWP_PREF_Q                              0         -nan%                0         -nan%
MEM_REQ_MISS_SW_PREF_Q                               0         -nan%                0         -nan%
MEM_REQ_MISS_IFETCH_Q                                0         -nan%                0         -nan%
MEM_REQ_MISS_DFETCH_Q                                0         -nan%                0         -nan%
MEM_REQ_MISS_DSTORE_Q                                0         -nan%                0         -nan%
MEM_REQ_MISS_DPRF_Q                                  0         -nan%                0         -nan%
MEM_REQ_MISS_WB_Q                                    0         -nan%                0         -nan%
                                                     0         -nan%                0         -nan%
                                                  -nan         -nan              -nan         -nan

PREF_HIT_BY_DEMAND_IFETCH                            0         -nan%                0         -nan%
PREF_HIT_BY_DEMAND_DFETCH                            0         -nan%                0         -nan%
PREF_HIT_BY_DEMAND_DSTORE                            0         -nan%                0         -nan%
PREF_HIT_BY_DEMAND_IPREF                             0         -nan%                0         -nan%
PREF_HIT_BY_DEMAND_DPRF                              0         -nan%                0         -nan%
PREF_HIT_BY_DEMAND_WB                                0         -nan%                0         -nan%
PREF_HIT_BY_PREF                                     0         -nan%                0         -nan%
                                                     0         -nan%                0         -nan%
                                                  -nan         -nan              -nan         -nan

PREF_HIT_DEMAND_IFETCH                               0         -nan%                0         -nan%
PREF_HIT_DEMAND_DFETCH                               0         -nan%                0         -nan%
PREF_HIT_DEMAND_DSTORE                               0         -nan%                0         -nan%
PREF_HIT_DEMAND_IPREF                                0         -nan%                0         -nan%
PREF_HIT_DEMAND_DPRF                                 0         -nan%                0         -nan%
PREF_HIT_DEMAND_WB                                   0         -nan%                0         -nan%
                                                     0         -nan%                0         -nan%
                                                  -nan         -nan              -nan         -nan

PREF_L1_FILL                                         0         -nan%                0         -nan%
DEMAND_L1_FILL                                       0         -nan%                0         -nan%
                                                     0         -nan%                0         -nan%
                                                  -nan         -nan              -nan         -nan

TOUCH_L1_REPLACE                                     0        0.000%                0        0.000%
NO_TOUCH_L1_REPLACE                             168143      100.000%           325466      100.000%
                                                168143      100.000%           325466      100.000%
                                                  1.00         1.00              1.00         1.00

PREF_REQ_QUE_FULL                                    0                              0              

STREAM_REQ_QUEUE_HIT_BY_DEMAND                       0                              0              

L2HIT_STREAM_PREF_REQ_QUE_FULL                       0                              0              

L2HIT_HIT_TRAIN_STREAM                               0         -nan%                0         -nan%
L2HIT_MISS_TRAIN_STREAM                              0         -nan%                0         -nan%
                                                     0         -nan%                0         -nan%
                                                  -nan         -nan              -nan         -nan

L2HIT_STREAM_TRAIN_CREATE                            0                              0              

L2HIT_STREAM_BUFFER_REQ                              0                              0              

L2HIT_STREAM_PREF_DCACHE_HIT                         0         -nan%                0         -nan%
L2HIT_STREAM_PREF_DCACHE_INSERT                      0         -nan%                0         -nan%
L2HIT_STREAM_L2_MISS                                 0         -nan%                0         -nan%
                                                     0         -nan%                0         -nan%
                                                  -nan         -nan              -nan         -nan

L2HIT_STREAM_DCACHE_PORT_FULL                        0                              0              

L2HIT_STREAM_PREF_L1_PORT_FULL                       0                              0              

L2HIT_TRAIN_HIT_DEMAND                               0         -nan%                0         -nan%
L2HIT_TRAIN_MISS_REQ                                 0         -nan%                0         -nan%
                                                     0         -nan%                0         -nan%
                                                  -nan         -nan              -nan         -nan

L2HIT_TRAIN_FILTER_MISS                              0         -nan%                0         -nan%
L2HIT_TRAIN_FILTER_HIT                               0         -nan%                0         -nan%
                                                     0         -nan%                0         -nan%
                                                  -nan         -nan              -nan         -nan

L2HIT_PREF_REQ_DCACHE_HIT                            0         -nan%                0         -nan%
L2HIT_PREF_REQ_DCACHE_MISS                           0         -nan%                0         -nan%
                                                     0         -nan%                0         -nan%
                                                  -nan         -nan              -nan         -nan

L2HIT_L2SEND_Q_FULL                                  0         -nan%                0         -nan%
L2HIT_L2SEND_Q_ENTER                                 0         -nan%                0         -nan%
                                                     0         -nan%                0         -nan%
                                                  -nan         -nan              -nan         -nan

L2HIT_MEM_REQ                                        0                              0              

REMOVE_REDUNDANT_STREAM_STAT                         0                              0              

REPLACE_OLD_STREAM                                2661                           5159              

REQ_SEND_QUEUE_STALL                                 0                              0              

STREAM_ENTER_RA                                      0                              0              

CORE_STREAM_LENGTH_0                                24       18.045%               47       18.577%
CORE_STREAM_LENGTH_10                               46       34.586%               85       33.597%
CORE_STREAM_LENGTH_20                               18       13.534%               31       12.253%
CORE_STREAM_LENGTH_30                                5        3.759%               14        5.534%
CORE_STREAM_LENGTH_40                                3        2.256%                9        3.557%
CORE_STREAM_LENGTH_50                                5        3.759%                9        3.557%
CORE_STREAM_LENGTH_60                                3        2.256%                5        1.976%
CORE_STREAM_LENGTH_70                                1        0.752%                1        0.395%
CORE_STREAM_LENGTH_80                                2        1.504%                4        1.581%
CORE_STREAM_LENGTH_90                               10        7.519%               20        7.905%
CORE_STREAM_LENGTH_100_P                            16       12.030%               28       11.067%
                                                   133      100.000%              253      100.000%
                                                  3.20         3.47              3.16         3.39

CORE_CUM_STREAM_LENGTH_0                           198        0.129%              381        0.124%
CORE_CUM_STREAM_LENGTH_10                          676        0.441%             1208        0.393%
CORE_CUM_STREAM_LENGTH_20                          417        0.272%              716        0.233%
CORE_CUM_STREAM_LENGTH_30                          152        0.099%              451        0.147%
CORE_CUM_STREAM_LENGTH_40                          138        0.090%              419        0.136%
CORE_CUM_STREAM_LENGTH_50                          269        0.176%              489        0.159%
CORE_CUM_STREAM_LENGTH_60                          196        0.128%              326        0.106%
CORE_CUM_STREAM_LENGTH_70                           71        0.046%               71        0.023%
CORE_CUM_STREAM_LENGTH_80                          163        0.106%              325        0.106%
CORE_CUM_STREAM_LENGTH_90                          961        0.627%             1900        0.617%
CORE_CUM_STREAM_LENGTH_100_P                    149992       97.885%           301445       97.957%
                                                153233      100.000%           307731      100.000%
                                                  9.89         9.82              9.89         9.83

CORE_STREAM_TRAIN_HITS_0                            88       66.165%              162       64.032%
CORE_STREAM_TRAIN_HITS_10                           16       12.030%               36       14.229%
CORE_STREAM_TRAIN_HITS_20                            4        3.008%               11        4.348%
CORE_STREAM_TRAIN_HITS_30                           10        7.519%               17        6.719%
CORE_STREAM_TRAIN_HITS_40                            3        2.256%                3        1.186%
CORE_STREAM_TRAIN_HITS_50                            0        0.000%                0        0.000%
CORE_STREAM_TRAIN_HITS_60                            0        0.000%                0        0.000%
CORE_STREAM_TRAIN_HITS_70                            0        0.000%                0        0.000%
CORE_STREAM_TRAIN_HITS_80                            0        0.000%                0        0.000%
CORE_STREAM_TRAIN_HITS_90                            0        0.000%                0        0.000%
CORE_STREAM_TRAIN_HITS_100_P                        12        9.023%               24        9.486%
                                                   133      100.000%              253      100.000%
                                                  1.40         2.70              1.43         2.73

CORE_CUM_STREAM_TRAIN_HITS_0                       511        0.340%              936        0.310%
CORE_CUM_STREAM_TRAIN_HITS_10                      224        0.149%              489        0.162%
CORE_CUM_STREAM_TRAIN_HITS_20                       92        0.061%              269        0.089%
CORE_CUM_STREAM_TRAIN_HITS_30                      328        0.219%              557        0.184%
CORE_CUM_STREAM_TRAIN_HITS_40                      135        0.090%              135        0.045%
CORE_CUM_STREAM_TRAIN_HITS_50                        0        0.000%                0        0.000%
CORE_CUM_STREAM_TRAIN_HITS_60                        0        0.000%                0        0.000%
CORE_CUM_STREAM_TRAIN_HITS_70                        0        0.000%                0        0.000%
CORE_CUM_STREAM_TRAIN_HITS_80                        0        0.000%                0        0.000%
CORE_CUM_STREAM_TRAIN_HITS_90                        0        0.000%                0        0.000%
CORE_CUM_STREAM_TRAIN_HITS_100_P                148794       99.140%           299575       99.210%
                                                150084      100.000%           301961      100.000%
                                                  9.93         9.90              9.93         9.91

CORE_STREAM_TRAIN_CREATE                          2661                           5175              



