               ramulator.active_cycles_0             4831218                                      # Total active cycles for level _0
                 ramulator.busy_cycles_0             4831218                                      # (All-bank refresh only. busy cycles only include refresh time in rank level) The sum of cycles that the DRAM part is active or under refresh for level _0
            ramulator.serving_requests_0             6790891                                      # The sum of read and write requests that are served in this DRAM element per memory cycle for level _0
    ramulator.average_serving_requests_0            0.904203                                      # The average of read and write requests that are served in this DRAM element per memory cycle for level _0
             ramulator.active_cycles_0_0             4831218                                      # Total active cycles for level _0_0
               ramulator.busy_cycles_0_0             5150838                                      # (All-bank refresh only. busy cycles only include refresh time in rank level) The sum of cycles that the DRAM part is active or under refresh for level _0_0
          ramulator.serving_requests_0_0             6790891                                      # The sum of read and write requests that are served in this DRAM element per memory cycle for level _0_0
  ramulator.average_serving_requests_0_0            0.904203                                      # The average of read and write requests that are served in this DRAM element per memory cycle for level _0_0
           ramulator.active_cycles_0_0_0             1286709                                      # Total active cycles for level _0_0_0
             ramulator.busy_cycles_0_0_0             1286709                                      # (All-bank refresh only. busy cycles only include refresh time in rank level) The sum of cycles that the DRAM part is active or under refresh for level _0_0_0
        ramulator.serving_requests_0_0_0             1782467                                      # The sum of read and write requests that are served in this DRAM element per memory cycle for level _0_0_0
ramulator.average_serving_requests_0_0_0            0.237334                                      # The average of read and write requests that are served in this DRAM element per memory cycle for level _0_0_0
         ramulator.active_cycles_0_0_0_0              318940                                      # Total active cycles for level _0_0_0_0
           ramulator.busy_cycles_0_0_0_0              318940                                      # (All-bank refresh only. busy cycles only include refresh time in rank level) The sum of cycles that the DRAM part is active or under refresh for level _0_0_0_0
      ramulator.serving_requests_0_0_0_0              436876                                      # The sum of read and write requests that are served in this DRAM element per memory cycle for level _0_0_0_0
ramulator.average_serving_requests_0_0_0_0            0.058170                                      # The average of read and write requests that are served in this DRAM element per memory cycle for level _0_0_0_0
         ramulator.active_cycles_0_0_0_1              311500                                      # Total active cycles for level _0_0_0_1
           ramulator.busy_cycles_0_0_0_1              311500                                      # (All-bank refresh only. busy cycles only include refresh time in rank level) The sum of cycles that the DRAM part is active or under refresh for level _0_0_0_1
      ramulator.serving_requests_0_0_0_1              431549                                      # The sum of read and write requests that are served in this DRAM element per memory cycle for level _0_0_0_1
ramulator.average_serving_requests_0_0_0_1            0.057461                                      # The average of read and write requests that are served in this DRAM element per memory cycle for level _0_0_0_1
         ramulator.active_cycles_0_0_0_2              343527                                      # Total active cycles for level _0_0_0_2
           ramulator.busy_cycles_0_0_0_2              343527                                      # (All-bank refresh only. busy cycles only include refresh time in rank level) The sum of cycles that the DRAM part is active or under refresh for level _0_0_0_2
      ramulator.serving_requests_0_0_0_2              471192                                      # The sum of read and write requests that are served in this DRAM element per memory cycle for level _0_0_0_2
ramulator.average_serving_requests_0_0_0_2            0.062739                                      # The average of read and write requests that are served in this DRAM element per memory cycle for level _0_0_0_2
         ramulator.active_cycles_0_0_0_3              321511                                      # Total active cycles for level _0_0_0_3
           ramulator.busy_cycles_0_0_0_3              321511                                      # (All-bank refresh only. busy cycles only include refresh time in rank level) The sum of cycles that the DRAM part is active or under refresh for level _0_0_0_3
      ramulator.serving_requests_0_0_0_3              442850                                      # The sum of read and write requests that are served in this DRAM element per memory cycle for level _0_0_0_3
ramulator.average_serving_requests_0_0_0_3            0.058965                                      # The average of read and write requests that are served in this DRAM element per memory cycle for level _0_0_0_3
           ramulator.active_cycles_0_0_1             1242554                                      # Total active cycles for level _0_0_1
             ramulator.busy_cycles_0_0_1             1242554                                      # (All-bank refresh only. busy cycles only include refresh time in rank level) The sum of cycles that the DRAM part is active or under refresh for level _0_0_1
        ramulator.serving_requests_0_0_1             1692992                                      # The sum of read and write requests that are served in this DRAM element per memory cycle for level _0_0_1
ramulator.average_serving_requests_0_0_1            0.225421                                      # The average of read and write requests that are served in this DRAM element per memory cycle for level _0_0_1
         ramulator.active_cycles_0_0_1_0              286378                                      # Total active cycles for level _0_0_1_0
           ramulator.busy_cycles_0_0_1_0              286378                                      # (All-bank refresh only. busy cycles only include refresh time in rank level) The sum of cycles that the DRAM part is active or under refresh for level _0_0_1_0
      ramulator.serving_requests_0_0_1_0              385593                                      # The sum of read and write requests that are served in this DRAM element per memory cycle for level _0_0_1_0
ramulator.average_serving_requests_0_0_1_0            0.051341                                      # The average of read and write requests that are served in this DRAM element per memory cycle for level _0_0_1_0
         ramulator.active_cycles_0_0_1_1              329308                                      # Total active cycles for level _0_0_1_1
           ramulator.busy_cycles_0_0_1_1              329308                                      # (All-bank refresh only. busy cycles only include refresh time in rank level) The sum of cycles that the DRAM part is active or under refresh for level _0_0_1_1
      ramulator.serving_requests_0_0_1_1              447462                                      # The sum of read and write requests that are served in this DRAM element per memory cycle for level _0_0_1_1
ramulator.average_serving_requests_0_0_1_1            0.059579                                      # The average of read and write requests that are served in this DRAM element per memory cycle for level _0_0_1_1
         ramulator.active_cycles_0_0_1_2              308129                                      # Total active cycles for level _0_0_1_2
           ramulator.busy_cycles_0_0_1_2              308129                                      # (All-bank refresh only. busy cycles only include refresh time in rank level) The sum of cycles that the DRAM part is active or under refresh for level _0_0_1_2
      ramulator.serving_requests_0_0_1_2              416008                                      # The sum of read and write requests that are served in this DRAM element per memory cycle for level _0_0_1_2
ramulator.average_serving_requests_0_0_1_2            0.055391                                      # The average of read and write requests that are served in this DRAM element per memory cycle for level _0_0_1_2
         ramulator.active_cycles_0_0_1_3              326387                                      # Total active cycles for level _0_0_1_3
           ramulator.busy_cycles_0_0_1_3              326387                                      # (All-bank refresh only. busy cycles only include refresh time in rank level) The sum of cycles that the DRAM part is active or under refresh for level _0_0_1_3
      ramulator.serving_requests_0_0_1_3              443929                                      # The sum of read and write requests that are served in this DRAM element per memory cycle for level _0_0_1_3
ramulator.average_serving_requests_0_0_1_3            0.059109                                      # The average of read and write requests that are served in this DRAM element per memory cycle for level _0_0_1_3
           ramulator.active_cycles_0_0_2             1227867                                      # Total active cycles for level _0_0_2
             ramulator.busy_cycles_0_0_2             1227867                                      # (All-bank refresh only. busy cycles only include refresh time in rank level) The sum of cycles that the DRAM part is active or under refresh for level _0_0_2
        ramulator.serving_requests_0_0_2             1674248                                      # The sum of read and write requests that are served in this DRAM element per memory cycle for level _0_0_2
ramulator.average_serving_requests_0_0_2            0.222925                                      # The average of read and write requests that are served in this DRAM element per memory cycle for level _0_0_2
         ramulator.active_cycles_0_0_2_0              285702                                      # Total active cycles for level _0_0_2_0
           ramulator.busy_cycles_0_0_2_0              285702                                      # (All-bank refresh only. busy cycles only include refresh time in rank level) The sum of cycles that the DRAM part is active or under refresh for level _0_0_2_0
      ramulator.serving_requests_0_0_2_0              389642                                      # The sum of read and write requests that are served in this DRAM element per memory cycle for level _0_0_2_0
ramulator.average_serving_requests_0_0_2_0            0.051881                                      # The average of read and write requests that are served in this DRAM element per memory cycle for level _0_0_2_0
         ramulator.active_cycles_0_0_2_1              321220                                      # Total active cycles for level _0_0_2_1
           ramulator.busy_cycles_0_0_2_1              321220                                      # (All-bank refresh only. busy cycles only include refresh time in rank level) The sum of cycles that the DRAM part is active or under refresh for level _0_0_2_1
      ramulator.serving_requests_0_0_2_1              433337                                      # The sum of read and write requests that are served in this DRAM element per memory cycle for level _0_0_2_1
ramulator.average_serving_requests_0_0_2_1            0.057699                                      # The average of read and write requests that are served in this DRAM element per memory cycle for level _0_0_2_1
         ramulator.active_cycles_0_0_2_2              313797                                      # Total active cycles for level _0_0_2_2
           ramulator.busy_cycles_0_0_2_2              313797                                      # (All-bank refresh only. busy cycles only include refresh time in rank level) The sum of cycles that the DRAM part is active or under refresh for level _0_0_2_2
      ramulator.serving_requests_0_0_2_2              429093                                      # The sum of read and write requests that are served in this DRAM element per memory cycle for level _0_0_2_2
ramulator.average_serving_requests_0_0_2_2            0.057133                                      # The average of read and write requests that are served in this DRAM element per memory cycle for level _0_0_2_2
         ramulator.active_cycles_0_0_2_3              314415                                      # Total active cycles for level _0_0_2_3
           ramulator.busy_cycles_0_0_2_3              314415                                      # (All-bank refresh only. busy cycles only include refresh time in rank level) The sum of cycles that the DRAM part is active or under refresh for level _0_0_2_3
      ramulator.serving_requests_0_0_2_3              422176                                      # The sum of read and write requests that are served in this DRAM element per memory cycle for level _0_0_2_3
ramulator.average_serving_requests_0_0_2_3            0.056213                                      # The average of read and write requests that are served in this DRAM element per memory cycle for level _0_0_2_3
           ramulator.active_cycles_0_0_3             1200240                                      # Total active cycles for level _0_0_3
             ramulator.busy_cycles_0_0_3             1200240                                      # (All-bank refresh only. busy cycles only include refresh time in rank level) The sum of cycles that the DRAM part is active or under refresh for level _0_0_3
        ramulator.serving_requests_0_0_3             1641184                                      # The sum of read and write requests that are served in this DRAM element per memory cycle for level _0_0_3
ramulator.average_serving_requests_0_0_3            0.218523                                      # The average of read and write requests that are served in this DRAM element per memory cycle for level _0_0_3
         ramulator.active_cycles_0_0_3_0              279234                                      # Total active cycles for level _0_0_3_0
           ramulator.busy_cycles_0_0_3_0              279234                                      # (All-bank refresh only. busy cycles only include refresh time in rank level) The sum of cycles that the DRAM part is active or under refresh for level _0_0_3_0
      ramulator.serving_requests_0_0_3_0              379331                                      # The sum of read and write requests that are served in this DRAM element per memory cycle for level _0_0_3_0
ramulator.average_serving_requests_0_0_3_0            0.050508                                      # The average of read and write requests that are served in this DRAM element per memory cycle for level _0_0_3_0
         ramulator.active_cycles_0_0_3_1              277627                                      # Total active cycles for level _0_0_3_1
           ramulator.busy_cycles_0_0_3_1              277627                                      # (All-bank refresh only. busy cycles only include refresh time in rank level) The sum of cycles that the DRAM part is active or under refresh for level _0_0_3_1
      ramulator.serving_requests_0_0_3_1              377398                                      # The sum of read and write requests that are served in this DRAM element per memory cycle for level _0_0_3_1
ramulator.average_serving_requests_0_0_3_1            0.050250                                      # The average of read and write requests that are served in this DRAM element per memory cycle for level _0_0_3_1
         ramulator.active_cycles_0_0_3_2              298057                                      # Total active cycles for level _0_0_3_2
           ramulator.busy_cycles_0_0_3_2              298057                                      # (All-bank refresh only. busy cycles only include refresh time in rank level) The sum of cycles that the DRAM part is active or under refresh for level _0_0_3_2
      ramulator.serving_requests_0_0_3_2              404072                                      # The sum of read and write requests that are served in this DRAM element per memory cycle for level _0_0_3_2
ramulator.average_serving_requests_0_0_3_2            0.053802                                      # The average of read and write requests that are served in this DRAM element per memory cycle for level _0_0_3_2
         ramulator.active_cycles_0_0_3_3              352996                                      # Total active cycles for level _0_0_3_3
           ramulator.busy_cycles_0_0_3_3              352996                                      # (All-bank refresh only. busy cycles only include refresh time in rank level) The sum of cycles that the DRAM part is active or under refresh for level _0_0_3_3
      ramulator.serving_requests_0_0_3_3              480383                                      # The sum of read and write requests that are served in this DRAM element per memory cycle for level _0_0_3_3
ramulator.average_serving_requests_0_0_3_3            0.063963                                      # The average of read and write requests that are served in this DRAM element per memory cycle for level _0_0_3_3
      ramulator.read_transaction_bytes_0            20087040                                      # The total byte of read transaction per channel
     ramulator.write_transaction_bytes_0            18952832                                      # The total byte of write transaction per channel
       ramulator.row_hits_channel_0_core              594736                                      # Number of row hits per channel per core
     ramulator.row_misses_channel_0_core                8200                                      # Number of row misses per channel per core
  ramulator.row_conflicts_channel_0_core                7062                                      # Number of row conflicts per channel per core
  ramulator.read_row_hits_channel_0_core              306641                                      # Number of row hits for read requests per channel per core
                                     [0]            306641.0                                      # 
ramulator.read_row_misses_channel_0_core                3873                                      # Number of row misses for read requests per channel per core
                                     [0]              3873.0                                      # 
ramulator.read_row_conflicts_channel_0_core                3346                                      # Number of row conflicts for read requests per channel per core
                                     [0]              3346.0                                      # 
 ramulator.write_row_hits_channel_0_core              288095                                      # Number of row hits for write requests per channel per core
                                     [0]            288095.0                                      # 
ramulator.write_row_misses_channel_0_core                4327                                      # Number of row misses for write requests per channel per core
                                     [0]              4327.0                                      # 
ramulator.write_row_conflicts_channel_0_core                3716                                      # Number of row conflicts for write requests per channel per core
                                     [0]              3716.0                                      # 
      ramulator.useless_activates_0_core                   5                                      # Number of useless activations. E.g, ACT -> PRE w/o RD or WR
            ramulator.read_latency_avg_0           72.448076                                      # The average memory latency cycles (in memory time domain) per request for all read requests in this channel
            ramulator.read_latency_sum_0            22738698                                      # The memory latency cycles (in memory time domain) sum for all read requests in this channel
        ramulator.req_queue_length_avg_0           18.479175                                      # Average of read and write queue length per memory cycle per channel.
        ramulator.req_queue_length_sum_0           138785220                                      # Sum of read and write queue length per memory cycle per channel.
   ramulator.read_req_queue_length_avg_0            3.011966                                      # Read queue length average per memory cycle per channel.
   ramulator.read_req_queue_length_sum_0            22620940                                      # Read queue length sum per memory cycle per channel.
  ramulator.write_req_queue_length_avg_0           15.467209                                      # Write queue length average per memory cycle per channel.
  ramulator.write_req_queue_length_sum_0           116164280                                      # Write queue length sum per memory cycle per channel.
              ramulator.record_read_hits                 0.0                                      # record read hit count for this core when it reaches request limit or to the end
                                     [0]                 0.0                                      # 
            ramulator.record_read_misses                 0.0                                      # record_read_miss count for this core when it reaches request limit or to the end
                                     [0]                 0.0                                      # 
         ramulator.record_read_conflicts                 0.0                                      # record read conflict count for this core when it reaches request limit or to the end
                                     [0]                 0.0                                      # 
             ramulator.record_write_hits                 0.0                                      # record write hit count for this core when it reaches request limit or to the end
                                     [0]                 0.0                                      # 
           ramulator.record_write_misses                 0.0                                      # record write miss count for this core when it reaches request limit or to the end
                                     [0]                 0.0                                      # 
        ramulator.record_write_conflicts                 0.0                                      # record write conflict for this core when it reaches request limit or to the end
                                     [0]                 0.0                                      # 
                 ramulator.dram_capacity          8589934592                                      # Number of bytes in simulated DRAM
                   ramulator.dram_cycles             7510358                                      # Number of DRAM cycles simulated
             ramulator.incoming_requests              610020                                      # Number of incoming requests to DRAM
                 ramulator.read_requests              313862                                      # Number of incoming read requests to DRAM per core
                                     [0]            313862.0                                      # 
                ramulator.write_requests              296158                                      # Number of incoming write requests to DRAM per core
                                     [0]            296158.0                                      # 
       ramulator.ramulator_active_cycles             4831218                                      # The total number of cycles that the DRAM part is active (serving R/W)
 ramulator.incoming_requests_per_channel            610020.0                                      # Number of incoming requests to each DRAM channel
                                     [0]            610020.0                                      # 
ramulator.incoming_read_reqs_per_channel            313862.0                                      # Number of incoming read requests to each DRAM channel
                                     [0]            313862.0                                      # 
     ramulator.physical_page_replacement                   0                                      # The number of times that physical page replacement happens.
             ramulator.maximum_bandwidth         19200000000                                      # The theoretical maximum bandwidth (Bps)
          ramulator.in_queue_req_num_sum           138785220                                      # Sum of read/write queue length
     ramulator.in_queue_read_req_num_sum            22620940                                      # Sum of read queue length
    ramulator.in_queue_write_req_num_sum           116164280                                      # Sum of write queue length
          ramulator.in_queue_req_num_avg           18.479175                                      # Average of read/write queue length per memory cycle
     ramulator.in_queue_read_req_num_avg            3.011966                                      # Average of read queue length per memory cycle
    ramulator.in_queue_write_req_num_avg           15.467209                                      # Average of write queue length per memory cycle
          ramulator.record_read_requests                 0.0                                      # record read requests for this core when it reaches request limit or to the end
                                     [0]                 0.0                                      # 
         ramulator.record_write_requests                 0.0                                      # record write requests for this core when it reaches request limit or to the end
                                     [0]                 0.0                                      # 
