/* -*- Mode: c -*- */
####################################################################################################
Core 0
####################################################################################################
Cumulative:        Cycles: 6606781               Instructions: 19999999              IPC: 3.02719

Periodic:          Cycles: 3099840               Instructions: 9999997               IPC: 3.22597

CBR_CORRECT                                     668668       87.081%          1389130       87.290%
CBR_CORRECT_BTB_MISS_NT_NT                       17767        2.314%            28473        1.789%
CBR_RECOVER_MISPREDICT                           81416       10.603%           173466       10.900%
CBR_RECOVER_MISFETCH                                 0        0.000%                0        0.000%
CBR_RECOVER_BTB_MISS_T_T                             0        0.000%              104        0.007%
CBR_RECOVER_BTB_MISS_T_NT                           15        0.002%              187        0.012%
CBR_RECOVER_BTB_MISS_NT_T                            0        0.000%               28        0.002%
                                                767866      100.000%          1591388      100.000%
                                                  0.24         0.59              0.24         0.59

BR_CORRECT                                       98942      100.000%           228188       99.973%
BR_RECOVER                                           0        0.000%               62        0.027%
                                                 98942      100.000%           228250      100.000%
                                                  0.00         0.00              0.00         0.02

ICALL_CORRECT_IBTB                                   4       50.000%                4       33.333%
ICALL_CORRECT_BTB                                    4       50.000%                6       50.000%
ICALL_RECOVER_IBTB_MISFETCH                          0        0.000%                0        0.000%
ICALL_RECOVER_BTB_MISFETCH                           0        0.000%                0        0.000%
ICALL_RECOVER_XBTB_MISS                              0        0.000%                2       16.667%
                                                     8      100.000%               12      100.000%
                                                  0.50         0.38              1.17         1.31

IBR_CORRECT_IBTB                                     0         -nan%                0         -nan%
IBR_CORRECT_BTB                                      0         -nan%                0         -nan%
IBR_RECOVER_IBTB_MISFETCH                            0         -nan%                0         -nan%
IBR_RECOVER_BTB_MISFETCH                             0         -nan%                0         -nan%
IBR_RECOVER_XBTB_MISS                                0         -nan%                0         -nan%
                                                     0         -nan%                0         -nan%
                                                  -nan         -nan              -nan         -nan

ICO_CORRECT                                          0         -nan%                0         -nan%
ICO_RECOVER                                          0         -nan%                0         -nan%
                                                     0         -nan%                0         -nan%
                                                  -nan         -nan              -nan         -nan

RET_CORRECT                                         32      100.000%               68       94.444%
RET_RECOVER                                          0        0.000%                0        0.000%
RET_RECOVER_UFLOW                                    0        0.000%                4        5.556%
                                                    32      100.000%               72      100.000%
                                                  0.00         0.00              0.11         0.45

CALL_CORRECT                                        24      100.000%               42       70.000%
CALL_RECOVER                                         0        0.000%               18       30.000%
                                                    24      100.000%               60      100.000%
                                                  0.00         0.00              0.30         0.42

BTB_CORRECT                                     424529       97.949%           895418       98.413%
BTB_INCORRECT_BUT_TARGET_CORRECT                     0        0.000%                0        0.000%
BTB_INCORRECT                                     8891        2.051%            14437        1.587%
                                                433420      100.000%           909855      100.000%
                                                  0.04         0.28              0.03         0.25

IBTB_CORRECT                                         2       50.000%                2       33.333%
IBTB_INCORRECT                                       2       50.000%                4       66.667%
                                                     4      100.000%                6      100.000%
                                                  0.50         0.58              0.67         0.67

CBR_CORRECT_OFF_PATH                            554245       64.367%          1249114       66.461%
CBR_CORRECT_BTB_MISS_NT_NT_OFF_PATH               6463        0.751%            11846        0.630%
CBR_RECOVER_MISPREDICT_OFF_PATH                 300256       34.870%           617599       32.860%
CBR_RECOVER_MISFETCH_OFF_PATH                        0        0.000%                0        0.000%
CBR_RECOVER_BTB_MISS_T_T_OFF_PATH                    0        0.000%               22        0.001%
CBR_RECOVER_BTB_MISS_T_NT_OFF_PATH                 104        0.012%              891        0.047%
CBR_RECOVER_BTB_MISS_NT_T_OFF_PATH                   0        0.000%                8        0.000%
                                                861068      100.000%          1879480      100.000%
                                                  0.71         0.77              0.67         0.77

BR_CORRECT_OFF_PATH                             136969      100.000%           320823       99.998%
BR_RECOVER_OFF_PATH                                  0        0.000%                8        0.002%
                                                136969      100.000%           320831      100.000%
                                                  0.00         0.00              0.00         0.00

ICALL_CORRECT_IBTB_OFF_PATH                          0        0.000%                0        0.000%
ICALL_CORRECT_BTB_OFF_PATH                           2      100.000%                2       40.000%
ICALL_RECOVER_IBTB_MISFETCH_OFF_PATH                 0        0.000%                0        0.000%
ICALL_RECOVER_BTB_MISFETCH_OFF_PATH                  0        0.000%                0        0.000%
ICALL_RECOVER_XBTB_MISS_OFF_PATH                     0        0.000%                3       60.000%
                                                     2      100.000%                5      100.000%
                                                  1.00         0.00              2.80         2.93

IBR_CORRECT_IBTB_OFF_PATH                            0         -nan%                0         -nan%
IBR_CORRECT_BTB_OFF_PATH                             0         -nan%                0         -nan%
IBR_RECOVER_IBTB_MISFETCH_OFF_PATH                   0         -nan%                0         -nan%
IBR_RECOVER_BTB_MISFETCH_OFF_PATH                    0         -nan%                0         -nan%
IBR_RECOVER_XBTB_MISS_OFF_PATH                       0         -nan%                0         -nan%
                                                     0         -nan%                0         -nan%
                                                  -nan         -nan              -nan         -nan

ICO_CORRECT_OFF_PATH                                 0         -nan%                0         -nan%
ICO_RECOVER_OFF_PATH                                 0         -nan%                0         -nan%
                                                     0         -nan%                0         -nan%
                                                  -nan         -nan              -nan         -nan

RET_CORRECT_OFF_PATH                                60       43.796%               78       29.885%
RET_RECOVER_OFF_PATH                                77       56.204%               99       37.931%
RET_RECOVER_UFLOW_OFF_PATH                           0        0.000%               84       32.184%
                                                   137      100.000%              261      100.000%
                                                  0.56         0.33              1.02         0.80

CALL_CORRECT_OFF_PATH                               86      100.000%              110       92.437%
CALL_RECOVER_OFF_PATH                                0        0.000%                9        7.563%
                                                    86      100.000%              119      100.000%
                                                  0.00         0.00              0.08         0.26

BTB_CORRECT_OFF_PATH                            991558       99.342%          2187648       99.419%
BTB_INCORRECT_BUT_TARGET_CORRECT_OFF_PATH             0        0.000%                0        0.000%
BTB_INCORRECT_OFF_PATH                            6567        0.658%            12787        0.581%
                                                998125      100.000%          2200435      100.000%
                                                  0.01         0.16              0.01         0.15

IBTB_CORRECT_OFF_PATH                                0        0.000%                0        0.000%
IBTB_INCORRECT_OFF_PATH                              2      100.000%                5      100.000%
                                                     2      100.000%                5      100.000%
                                                  1.00         1.41              1.00         1.12

CRS_MISS_ON_PATH                                     0        0.000%                4        5.556%
CRS_HIT_ON_PATH                                     32      100.000%               68       94.444%
                                                    32      100.000%               72      100.000%
                                                  1.00         1.02              0.94         0.93

CRS_MISS_OFF_PATH                                   77       56.204%              183       70.115%
CRS_HIT_OFF_PATH                                    60       43.796%               78       29.885%
                                                   137      100.000%              261      100.000%
                                                  0.44         0.47              0.30         0.42

CRS_CLOBBER                                          0                              0              

TARG_ON_PATH_MISS                                    2       50.000%                4       66.667%
TARG_ON_PATH_HIT                                     2       50.000%                2       33.333%
                                                     4      100.000%                6      100.000%
                                                  0.50         0.58              0.33         0.47

TARG_OFF_PATH_MISS                                   2      100.000%                5      100.000%
TARG_OFF_PATH_HIT                                    0        0.000%                0        0.000%
                                                     2      100.000%                5      100.000%
                                                  0.00         0.00              0.00         0.00

TARG_ON_PATH_WRITE                                   4      100.000%                6      100.000%
TARG_OFF_PATH_WRITE                                  0        0.000%                0        0.000%
                                                     4      100.000%                6      100.000%
                                                  0.00         0.00              0.00         0.00

BTB_ON_PATH_WRITE                                    8      100.000%              132       83.019%
BTB_OFF_PATH_WRITE                                   0        0.000%               27       16.981%
                                                     8      100.000%              159      100.000%
                                                  0.00         0.00              0.17         0.35

BTB_L0_HIT                                           0                              0              

BTB_L0_MISS                                          0                              0              

BTB_L0_HIT_OFF_PATH                                  0                              0              

BTB_L0_MISS_OFF_PATH                                 0                              0              

BTB_L1_HIT                                           0                              0              

BTB_L1_MISS                                          0                              0              

BTB_L1_HIT_OFF_PATH                                  0                              0              

BTB_L1_MISS_OFF_PATH                                 0                              0              

BTB_MAIN_HIT                                    424529                         895418              

BTB_MAIN_MISS                                     8891                          14437              

BTB_MAIN_HIT_OFF_PATH                           991558                        2187648              

BTB_MAIN_MISS_OFF_PATH                            6567                          12787              

TARG_HYBRID_CORRECT_TAGLESS                          0         -nan%                0         -nan%
TARG_HYBRID_CORRECT_TAGGED                           0         -nan%                0         -nan%
TARG_HYBRID_MISPRED_TAGLESS                          0         -nan%                0         -nan%
TARG_HYBRID_MISPRED_TAGGED                           0         -nan%                0         -nan%
TARG_HYBRID_NO_PRED                                  0         -nan%                0         -nan%
                                                     0         -nan%                0         -nan%
                                                  -nan         -nan              -nan         -nan

BP_L0_EARLY_RECOVERIES                           37212       45.698%            77978       44.848%
BP_MAIN_EXEC_RECOVERIES                          44219       54.302%            95799       55.098%
BP_MAIN_DECODE_RECOVERIES                            0        0.000%               94        0.054%
                                                 81431      100.000%           173871      100.000%
                                                  0.54         0.34              0.55         0.33

SCHEDULED_L0_EARLY_RECOVERIES                    14695       24.943%            32039       25.051%
SCHEDULED_MAIN_EXEC_RECOVERIES                   44219       75.057%            95764       74.876%
SCHEDULED_MAIN_DECODE_RECOVERIES                     0        0.000%               94        0.073%
                                                 58914      100.000%           127897      100.000%
                                                  0.75         0.22              0.75         0.22

BTB_L1_HIT_SCHED_EARLY_RECOVERY                      0                              0              

BTB_MAIN_HIT_TIGHT_RECOVERY                          0                              0              

PERFORMED_RECOVERIES                             58914                         127897              

PERFORMED_RECOVERY_LAT                         1484400                        3128839              

SCHEDULED_MAIN_DECODE_LAT                            0                           2805              

SCHEDULED_MAIN_EXEC_LAT                        1337182                        2806256              

SCHEDULED_L0_EARLY_LAT                               0                              0              

BP_L0_PREDICTIONS                               433436       23.239%           909891       22.631%
BP_MAIN_PREDICTIONS                            1431698       76.761%          3110587       77.369%
                                               1865134      100.000%          4020478      100.000%
                                                  0.77         0.70              0.77         0.71

BP_L0_MISPRED                                    37212        9.750%            77978        9.853%
BP_MAIN_MISPRED                                 344460       90.250%           713439       90.147%
                                                381672      100.000%           791417      100.000%
                                                  0.90         0.86              0.90         0.86

BP_L0_MISFETCH                                       0        0.000%                0        0.000%
BP_MAIN_MISFETCH                                    77      100.000%               99      100.000%
                                                    77      100.000%               99      100.000%
                                                  1.00         1.01              1.00         1.01

BTB_CORRECT_L0                                       0                              0              

BTB_CORRECT_MAIN                                     0                              0              

BTB_CORRECT_OFF_PATH_L0                              0                              0              

BTB_CORRECT_OFF_PATH_MAIN                            0                              0              

BTB_INCORRECT_L0                                     0                              0              

BTB_INCORRECT_MAIN                                   0                              0              

BTB_INCORRECT_OFF_PATH_L0                            0                              0              

BTB_INCORRECT_OFF_PATH_MAIN                          0                              0              

BTB_INCORRECT_BUT_TARGET_CORRECT_L0                  0                              0              

BTB_INCORRECT_BUT_TARGET_CORRECT_MAIN                0                              0              

BTB_INCORRECT_BUT_TARGET_CORRECT_OFF_PATH_L0             0                              0              

BTB_INCORRECT_BUT_TARGET_CORRECT_OFF_PATH_MAIN             0                              0              

IBTB_CORRECT_L0                                      0                              0              

IBTB_CORRECT_MAIN                                    0                              0              

IBTB_CORRECT_OFF_PATH_L0                             0                              0              

IBTB_CORRECT_OFF_PATH_MAIN                           0                              0              

IBTB_INCORRECT_L0                                    0                              0              

IBTB_INCORRECT_MAIN                                  0                              0              

IBTB_INCORRECT_OFF_PATH_L0                           0                              0              

IBTB_INCORRECT_OFF_PATH_MAIN                         0                              0              

BR_CORRECT_L0                                    49471                         114094              

BR_CORRECT_MAIN                                  49471                         114094              

BR_CORRECT_OFF_PATH_L0                               0                              0              

BR_CORRECT_OFF_PATH_MAIN                        136969                         320823              

BR_RECOVER_L0                                        0                             31              

BR_RECOVER_MAIN                                      0                             31              

BR_RECOVER_OFF_PATH_L0                               0                              0              

BR_RECOVER_OFF_PATH_MAIN                             0                              8              

CBR_RECOVER_MISPREDICT_L0                        37212                          77869              

CBR_RECOVER_MISPREDICT_MAIN                      44204                          95597              

CBR_RECOVER_MISPREDICT_OFF_PATH_L0                   0                              0              

CBR_RECOVER_MISPREDICT_OFF_PATH_MAIN            300256                         617599              

CBR_RECOVER_MISFETCH_L0                              0                              0              

CBR_RECOVER_MISFETCH_MAIN                            0                              0              

CBR_RECOVER_MISFETCH_OFF_PATH_L0                     0                              0              

CBR_RECOVER_MISFETCH_OFF_PATH_MAIN                   0                              0              

CBR_CORRECT_L0                                  337830                         703429              

CBR_CORRECT_MAIN                                330838                         685701              

CBR_CORRECT_OFF_PATH_L0                              0                              0              

CBR_CORRECT_OFF_PATH_MAIN                       554245                        1249114              

CBR_RECOVER_BTB_MISS_T_T_L0                          0                             50              

CBR_RECOVER_BTB_MISS_T_T_MAIN                        0                             54              

CBR_RECOVER_BTB_MISS_T_T_OFF_PATH_L0                 0                              0              

CBR_RECOVER_BTB_MISS_T_T_OFF_PATH_MAIN               0                             22              

CBR_RECOVER_BTB_MISS_T_NT_L0                         0                             35              

CBR_RECOVER_BTB_MISS_T_NT_MAIN                      15                            152              

CBR_RECOVER_BTB_MISS_T_NT_OFF_PATH_L0                0                              0              

CBR_RECOVER_BTB_MISS_T_NT_OFF_PATH_MAIN            104                            891              

CBR_RECOVER_BTB_MISS_NT_T_L0                         0                             16              

CBR_RECOVER_BTB_MISS_NT_T_MAIN                       0                             12              

CBR_RECOVER_BTB_MISS_NT_T_OFF_PATH_L0                0                              0              

CBR_RECOVER_BTB_MISS_NT_T_OFF_PATH_MAIN              0                              8              

CBR_CORRECT_BTB_MISS_NT_NT_L0                     8891                          14295              

CBR_CORRECT_BTB_MISS_NT_NT_MAIN                   8876                          14178              

CBR_CORRECT_BTB_MISS_NT_NT_OFF_PATH_L0               0                              0              

CBR_CORRECT_BTB_MISS_NT_NT_OFF_PATH_MAIN          6463                          11846              

CALL_CORRECT_L0                                     12                             21              

CALL_CORRECT_MAIN                                   12                             21              

CALL_CORRECT_OFF_PATH_L0                             0                              0              

CALL_CORRECT_OFF_PATH_MAIN                          86                            110              

CALL_RECOVER_L0                                      0                              9              

CALL_RECOVER_MAIN                                    0                              9              

CALL_RECOVER_OFF_PATH_L0                             0                              0              

CALL_RECOVER_OFF_PATH_MAIN                           0                              9              

IBR_CORRECT_IBTB_L0                                  0                              0              

IBR_CORRECT_IBTB_MAIN                                0                              0              

IBR_CORRECT_IBTB_OFF_PATH_L0                         0                              0              

IBR_CORRECT_IBTB_OFF_PATH_MAIN                       0                              0              

IBR_RECOVER_IBTB_MISFETCH_L0                         0                              0              

IBR_RECOVER_IBTB_MISFETCH_MAIN                       0                              0              

IBR_RECOVER_IBTB_MISFETCH_OFF_PATH_L0                0                              0              

IBR_RECOVER_IBTB_MISFETCH_OFF_PATH_MAIN              0                              0              

IBR_CORRECT_BTB_L0                                   0                              0              

IBR_CORRECT_BTB_MAIN                                 0                              0              

IBR_CORRECT_BTB_OFF_PATH_L0                          0                              0              

IBR_CORRECT_BTB_OFF_PATH_MAIN                        0                              0              

IBR_RECOVER_BTB_MISFETCH_L0                          0                              0              

IBR_RECOVER_BTB_MISFETCH_MAIN                        0                              0              

IBR_RECOVER_BTB_MISFETCH_OFF_PATH_L0                 0                              0              

IBR_RECOVER_BTB_MISFETCH_OFF_PATH_MAIN               0                              0              

IBR_RECOVER_XBTB_MISS_L0                             0                              0              

IBR_RECOVER_XBTB_MISS_MAIN                           0                              0              

IBR_RECOVER_XBTB_MISS_OFF_PATH_L0                    0                              0              

IBR_RECOVER_XBTB_MISS_OFF_PATH_MAIN                  0                              0              

ICALL_CORRECT_IBTB_L0                                2                              2              

ICALL_CORRECT_IBTB_MAIN                              2                              2              

ICALL_CORRECT_IBTB_OFF_PATH_L0                       0                              0              

ICALL_CORRECT_IBTB_OFF_PATH_MAIN                     0                              0              

ICALL_RECOVER_IBTB_MISFETCH_L0                       0                              0              

ICALL_RECOVER_IBTB_MISFETCH_MAIN                     0                              0              

ICALL_RECOVER_IBTB_MISFETCH_OFF_PATH_L0              0                              0              

ICALL_RECOVER_IBTB_MISFETCH_OFF_PATH_MAIN             0                              0              

ICALL_CORRECT_BTB_L0                                 2                              3              

ICALL_CORRECT_BTB_MAIN                               2                              3              

ICALL_CORRECT_BTB_OFF_PATH_L0                        0                              0              

ICALL_CORRECT_BTB_OFF_PATH_MAIN                      2                              2              

ICALL_RECOVER_BTB_MISFETCH_L0                        0                              0              

ICALL_RECOVER_BTB_MISFETCH_MAIN                      0                              0              

ICALL_RECOVER_BTB_MISFETCH_OFF_PATH_L0               0                              0              

ICALL_RECOVER_BTB_MISFETCH_OFF_PATH_MAIN             0                              0              

ICALL_RECOVER_XBTB_MISS_L0                           0                              1              

ICALL_RECOVER_XBTB_MISS_MAIN                         0                              1              

ICALL_RECOVER_XBTB_MISS_OFF_PATH_L0                  0                              0              

ICALL_RECOVER_XBTB_MISS_OFF_PATH_MAIN                0                              3              

ICO_RECOVER_L0                                       0                              0              

ICO_RECOVER_MAIN                                     0                              0              

ICO_RECOVER_OFF_PATH_L0                              0                              0              

ICO_RECOVER_OFF_PATH_MAIN                            0                              0              

ICO_CORRECT_L0                                       0                              0              

ICO_CORRECT_MAIN                                     0                              0              

ICO_CORRECT_OFF_PATH_L0                              0                              0              

ICO_CORRECT_OFF_PATH_MAIN                            0                              0              

RET_RECOVER_UFLOW_L0                                 0                              2              

RET_RECOVER_UFLOW_MAIN                               0                              2              

RET_RECOVER_UFLOW_OFF_PATH_L0                        0                              0              

RET_RECOVER_UFLOW_OFF_PATH_MAIN                      0                             84              

RET_RECOVER_L0                                       0                              0              

RET_RECOVER_MAIN                                     0                              0              

RET_RECOVER_OFF_PATH_L0                              0                              0              

RET_RECOVER_OFF_PATH_MAIN                           77                             99              

RET_CORRECT_L0                                      16                             34              

RET_CORRECT_MAIN                                    16                             34              

RET_CORRECT_OFF_PATH_L0                              0                              0              

RET_CORRECT_OFF_PATH_MAIN                           60                             78              

PRED_TO_UPDATE_CYCLES_0                              0         -nan%                0         -nan%
PRED_TO_UPDATE_CYCLES_1                              0         -nan%                0         -nan%
PRED_TO_UPDATE_CYCLES_2                              0         -nan%                0         -nan%
PRED_TO_UPDATE_CYCLES_3                              0         -nan%                0         -nan%
PRED_TO_UPDATE_CYCLES_4                              0         -nan%                0         -nan%
PRED_TO_UPDATE_CYCLES_5                              0         -nan%                0         -nan%
PRED_TO_UPDATE_CYCLES_6                              0         -nan%                0         -nan%
PRED_TO_UPDATE_CYCLES_7                              0         -nan%                0         -nan%
PRED_TO_UPDATE_CYCLES_8                              0         -nan%                0         -nan%
PRED_TO_UPDATE_CYCLES_9                              0         -nan%                0         -nan%
PRED_TO_UPDATE_CYCLES_10                             0         -nan%                0         -nan%
PRED_TO_UPDATE_CYCLES_11                             0         -nan%                0         -nan%
PRED_TO_UPDATE_CYCLES_12                             0         -nan%                0         -nan%
PRED_TO_UPDATE_CYCLES_13                             0         -nan%                0         -nan%
PRED_TO_UPDATE_CYCLES_14                             0         -nan%                0         -nan%
PRED_TO_UPDATE_CYCLES_15                             0         -nan%                0         -nan%
PRED_TO_UPDATE_CYCLES_16                             0         -nan%                0         -nan%
PRED_TO_UPDATE_CYCLES_17                             0         -nan%                0         -nan%
PRED_TO_UPDATE_CYCLES_18                             0         -nan%                0         -nan%
PRED_TO_UPDATE_CYCLES_19                             0         -nan%                0         -nan%
PRED_TO_UPDATE_CYCLES_20                             0         -nan%                0         -nan%
PRED_TO_UPDATE_CYCLES_21                             0         -nan%                0         -nan%
PRED_TO_UPDATE_CYCLES_22                             0         -nan%                0         -nan%
PRED_TO_UPDATE_CYCLES_23                             0         -nan%                0         -nan%
PRED_TO_UPDATE_CYCLES_24                             0         -nan%                0         -nan%
PRED_TO_UPDATE_CYCLES_25                             0         -nan%                0         -nan%
PRED_TO_UPDATE_CYCLES_26                             0         -nan%                0         -nan%
PRED_TO_UPDATE_CYCLES_27                             0         -nan%                0         -nan%
PRED_TO_UPDATE_CYCLES_28                             0         -nan%                0         -nan%
PRED_TO_UPDATE_CYCLES_29                             0         -nan%                0         -nan%
PRED_TO_UPDATE_CYCLES_30                             0         -nan%                0         -nan%
                                                     0         -nan%                0         -nan%
                                                  -nan         -nan              -nan         -nan

BP_ON_PATH_CONF_MISPRED                              0         -nan%                0         -nan%
BP_ON_PATH_CONF_CORRECT                              0         -nan%                0         -nan%
                                                     0         -nan%                0         -nan%
                                                  -nan         -nan              -nan         -nan

BP_OFF_PATH_CONF_MISPRED                             0         -nan%                0         -nan%
BP_OFF_PATH_CONF_CORRECT                             0         -nan%                0         -nan%
                                                     0         -nan%                0         -nan%
                                                  -nan         -nan              -nan         -nan

BP_ON_PATH_PRED_MIS_CONF_MISPRED                     0         -nan%                0         -nan%
BP_ON_PATH_PRED_MIS_CONF_CORRECT                     0         -nan%                0         -nan%
                                                     0         -nan%                0         -nan%
                                                  -nan         -nan              -nan         -nan

BP_ON_PATH_PRED_COR_CONF_MISPRED                     0         -nan%                0         -nan%
BP_ON_PATH_PRED_COR_CONF_CORRECT                     0         -nan%                0         -nan%
                                                     0         -nan%                0         -nan%
                                                  -nan         -nan              -nan         -nan

BP_OFF_PATH_PRED_MIS_CONF_MISPRED                    0         -nan%                0         -nan%
BP_OFF_PATH_PRED_MIS_CONF_CORRECT                    0         -nan%                0         -nan%
                                                     0         -nan%                0         -nan%
                                                  -nan         -nan              -nan         -nan

BP_OFF_PATH_PRED_COR_CONF_MISPRED                    0         -nan%                0         -nan%
BP_OFF_PATH_PRED_COR_CONF_CORRECT                    0         -nan%                0         -nan%
                                                     0         -nan%                0         -nan%
                                                  -nan         -nan              -nan         -nan

ONPATH_CONF_MISPRED                                  0         -nan%                0         -nan%
ONPATH_CONF_CORRECT                                  0         -nan%                0         -nan%
                                                     0         -nan%                0         -nan%
                                                  -nan         -nan              -nan         -nan

ONPATH_ON_PATH_CONF_MISPRED                          0         -nan%                0         -nan%
ONPATH_ON_PATH_CONF_CORRECT                          0         -nan%                0         -nan%
                                                     0         -nan%                0         -nan%
                                                  -nan         -nan              -nan         -nan

ONPATH_OFF_PATH_CONF_MISPRED                         0         -nan%                0         -nan%
ONPATH_OFF_PATH_CONF_CORRECT                         0         -nan%                0         -nan%
                                                     0         -nan%                0         -nan%
                                                  -nan         -nan              -nan         -nan

PRED_ONPATH_CONF_MISPRED                             0         -nan%                0         -nan%
PRED_ONPATH_CONF_CORRECT                             0         -nan%                0         -nan%
                                                     0         -nan%                0         -nan%
                                                  -nan         -nan              -nan         -nan

PRED_OFFPATH_CONF_MISPRED                            0         -nan%                0         -nan%
PRED_OFFPATH_CONF_CORRECT                            0         -nan%                0         -nan%
                                                     0         -nan%                0         -nan%
                                                  -nan         -nan              -nan         -nan

LONG_OVWT_MIS                                        0         -nan%                0         -nan%
LONG_OVWT_COR                                        0         -nan%                0         -nan%
                                                     0         -nan%                0         -nan%
                                                  -nan         -nan              -nan         -nan

OPC_LENGTH_0_7_MIS                                   0         -nan%                0         -nan%
OPC_LENGTH_0_7_COR                                   0         -nan%                0         -nan%
                                                     0         -nan%                0         -nan%
                                                  -nan         -nan              -nan         -nan

OPC_LENGTH_8_15_MIS                                  0         -nan%                0         -nan%
OPC_LENGTH_8_15_COR                                  0         -nan%                0         -nan%
                                                     0         -nan%                0         -nan%
                                                  -nan         -nan              -nan         -nan

OPC_LENGTH_16_23_MIS                                 0         -nan%                0         -nan%
OPC_LENGTH_16_23_COR                                 0         -nan%                0         -nan%
                                                     0         -nan%                0         -nan%
                                                  -nan         -nan              -nan         -nan

OPC_LENGTH_24_31_MIS                                 0         -nan%                0         -nan%
OPC_LENGTH_24_31_COR                                 0         -nan%                0         -nan%
                                                     0         -nan%                0         -nan%
                                                  -nan         -nan              -nan         -nan

OPC_LENGTH_32_39_MIS                                 0         -nan%                0         -nan%
OPC_LENGTH_32_39_COR                                 0         -nan%                0         -nan%
                                                     0         -nan%                0         -nan%
                                                  -nan         -nan              -nan         -nan

OPC_LENGTH_40_47_MIS                                 0         -nan%                0         -nan%
OPC_LENGTH_40_47_COR                                 0         -nan%                0         -nan%
                                                     0         -nan%                0         -nan%
                                                  -nan         -nan              -nan         -nan

OPC_LENGTH_48_55_MIS                                 0         -nan%                0         -nan%
OPC_LENGTH_48_55_COR                                 0         -nan%                0         -nan%
                                                     0         -nan%                0         -nan%
                                                  -nan         -nan              -nan         -nan

OPC_LENGTH_56_63_MIS                                 0         -nan%                0         -nan%
OPC_LENGTH_56_63_COR                                 0         -nan%                0         -nan%
                                                     0         -nan%                0         -nan%
                                                  -nan         -nan              -nan         -nan

OPC_LENGTH_64_71_MIS                                 0         -nan%                0         -nan%
OPC_LENGTH_64_71_COR                                 0         -nan%                0         -nan%
                                                     0         -nan%                0         -nan%
                                                  -nan         -nan              -nan         -nan

OPC_LENGTH_72_79_MIS                                 0         -nan%                0         -nan%
OPC_LENGTH_72_79_COR                                 0         -nan%                0         -nan%
                                                     0         -nan%                0         -nan%
                                                  -nan         -nan              -nan         -nan

OPC_LENGTH_80_MIS                                    0         -nan%                0         -nan%
OPC_LENGTH_80_COR                                    0         -nan%                0         -nan%
                                                     0         -nan%                0         -nan%
                                                  -nan         -nan              -nan         -nan

ALL_ONES_MIS                                         0         -nan%                0         -nan%
ALL_ONES_COR                                         0         -nan%                0         -nan%
                                                     0         -nan%                0         -nan%
                                                  -nan         -nan              -nan         -nan

FIRST_ONE_MIS                                        0         -nan%                0         -nan%
FIRST_ONE_COR                                        0         -nan%                0         -nan%
                                                     0         -nan%                0         -nan%
                                                  -nan         -nan              -nan         -nan

ZEROS_0_1_MIS                                        0         -nan%                0         -nan%
ZEROS_0_1_COR                                        0         -nan%                0         -nan%
                                                     0         -nan%                0         -nan%
                                                  -nan         -nan              -nan         -nan

ZEROS_2_3_MIS                                        0         -nan%                0         -nan%
ZEROS_2_3_COR                                        0         -nan%                0         -nan%
                                                     0         -nan%                0         -nan%
                                                  -nan         -nan              -nan         -nan

ZEROS_4_5_MIS                                        0         -nan%                0         -nan%
ZEROS_4_5_COR                                        0         -nan%                0         -nan%
                                                     0         -nan%                0         -nan%
                                                  -nan         -nan              -nan         -nan

ZEROS_6_7_MIS                                        0         -nan%                0         -nan%
ZEROS_6_7_COR                                        0         -nan%                0         -nan%
                                                     0         -nan%                0         -nan%
                                                  -nan         -nan              -nan         -nan

ZEROS_8_9_MIS                                        0         -nan%                0         -nan%
ZEROS_8_9_COR                                        0         -nan%                0         -nan%
                                                     0         -nan%                0         -nan%
                                                  -nan         -nan              -nan         -nan

ZEROS_10_11_MIS                                      0         -nan%                0         -nan%
ZEROS_10_11_COR                                      0         -nan%                0         -nan%
                                                     0         -nan%                0         -nan%
                                                  -nan         -nan              -nan         -nan

ZEROS_12_13_MIS                                      0         -nan%                0         -nan%
ZEROS_12_13_COR                                      0         -nan%                0         -nan%
                                                     0         -nan%                0         -nan%
                                                  -nan         -nan              -nan         -nan

ZEROS_14_15_MIS                                      0         -nan%                0         -nan%
ZEROS_14_15_COR                                      0         -nan%                0         -nan%
                                                     0         -nan%                0         -nan%
                                                  -nan         -nan              -nan         -nan

ZEROS_16_MIS                                         0         -nan%                0         -nan%
ZEROS_16_COR                                         0         -nan%                0         -nan%
                                                     0         -nan%                0         -nan%
                                                  -nan         -nan              -nan         -nan

GS2BC_GSHARE                                         0         -nan%                0         -nan%
GS2BC_2BC                                            0         -nan%                0         -nan%
                                                     0         -nan%                0         -nan%
                                                  -nan         -nan              -nan         -nan

GSKEW2BC_VOTE                                        0         -nan%                0         -nan%
GSKEW2BC_2BC                                         0         -nan%                0         -nan%
                                                     0         -nan%                0         -nan%
                                                  -nan         -nan              -nan         -nan

FUTGSHARE_INIT_ON_PATH_CORRECT                       0         -nan%                0         -nan%
FUTGSHARE_INIT_ON_PATH_MISPREDICT                    0         -nan%                0         -nan%
                                                     0         -nan%                0         -nan%
                                                  -nan         -nan              -nan         -nan

FUTGSHARE_INIT_OFF_PATH_CORRECT                      0         -nan%                0         -nan%
FUTGSHARE_INIT_OFF_PATH_MISPREDICT                   0         -nan%                0         -nan%
                                                     0         -nan%                0         -nan%
                                                  -nan         -nan              -nan         -nan

FUTGSHARE_CHANGED_CORRECTED_ON_PATH                  0         -nan%                0         -nan%
FUTGSHARE_CHANGED_SCREWED_ON_PATH                    0         -nan%                0         -nan%
                                                     0         -nan%                0         -nan%
                                                  -nan         -nan              -nan         -nan

FUTGSHARE_CHANGED_CORRECTED_OFF_PATH                 0         -nan%                0         -nan%
FUTGSHARE_CHANGED_SCREWED_OFF_PATH                   0         -nan%                0         -nan%
                                                     0         -nan%                0         -nan%
                                                  -nan         -nan              -nan         -nan

FUTGSHARE_ORIG_CORRECT_FUT_CORRECT_ON_PATH             0         -nan%                0         -nan%
FUTGSHARE_ORIG_MISPRED_FUT_CORRECT_ON_PATH             0         -nan%                0         -nan%
FUTGSHARE_ORIG_CORRECT_FUT_MISPRED_ON_PATH             0         -nan%                0         -nan%
FUTGSHARE_ORIG_MISPRED_FUT_MISPRED_ON_PATH             0         -nan%                0         -nan%
                                                     0         -nan%                0         -nan%
                                                  -nan         -nan              -nan         -nan

FUTGSHARE_ORIG_CORRECT_FUT_CORRECT_OFF_PATH             0         -nan%                0         -nan%
FUTGSHARE_ORIG_MISPRED_FUT_CORRECT_OFF_PATH             0         -nan%                0         -nan%
FUTGSHARE_ORIG_CORRECT_FUT_MISPRED_OFF_PATH             0         -nan%                0         -nan%
FUTGSHARE_ORIG_MISPRED_FUT_MISPRED_OFF_PATH             0         -nan%                0         -nan%
                                                     0         -nan%                0         -nan%
                                                  -nan         -nan              -nan         -nan

FUTGSHARE_ON_PATH_CORRECT_0                          0         -nan%                0         -nan%
FUTGSHARE_ON_PATH_MISPREDICT_0                       0         -nan%                0         -nan%
                                                     0         -nan%                0         -nan%
                                                  -nan         -nan              -nan         -nan

FUTGSHARE_OFF_PATH_CORRECT_0                         0         -nan%                0         -nan%
FUTGSHARE_OFF_PATH_MISPREDICT_0                      0         -nan%                0         -nan%
                                                     0         -nan%                0         -nan%
                                                  -nan         -nan              -nan         -nan

FUTGSHARE_ON_PATH_CORRECT_1                          0         -nan%                0         -nan%
FUTGSHARE_ON_PATH_MISPREDICT_1                       0         -nan%                0         -nan%
                                                     0         -nan%                0         -nan%
                                                  -nan         -nan              -nan         -nan

FUTGSHARE_OFF_PATH_CORRECT_1                         0         -nan%                0         -nan%
FUTGSHARE_OFF_PATH_MISPREDICT_1                      0         -nan%                0         -nan%
                                                     0         -nan%                0         -nan%
                                                  -nan         -nan              -nan         -nan

FUTGSHARE_ON_PATH_CORRECT_2                          0         -nan%                0         -nan%
FUTGSHARE_ON_PATH_MISPREDICT_2                       0         -nan%                0         -nan%
                                                     0         -nan%                0         -nan%
                                                  -nan         -nan              -nan         -nan

FUTGSHARE_OFF_PATH_CORRECT_2                         0         -nan%                0         -nan%
FUTGSHARE_OFF_PATH_MISPREDICT_2                      0         -nan%                0         -nan%
                                                     0         -nan%                0         -nan%
                                                  -nan         -nan              -nan         -nan

FUTGSHARE_ON_PATH_CORRECT_3                          0         -nan%                0         -nan%
FUTGSHARE_ON_PATH_MISPREDICT_3                       0         -nan%                0         -nan%
                                                     0         -nan%                0         -nan%
                                                  -nan         -nan              -nan         -nan

FUTGSHARE_OFF_PATH_CORRECT_3                         0         -nan%                0         -nan%
FUTGSHARE_OFF_PATH_MISPREDICT_3                      0         -nan%                0         -nan%
                                                     0         -nan%                0         -nan%
                                                  -nan         -nan              -nan         -nan

FUTGSHARE_ON_PATH_CORRECT_4                          0         -nan%                0         -nan%
FUTGSHARE_ON_PATH_MISPREDICT_4                       0         -nan%                0         -nan%
                                                     0         -nan%                0         -nan%
                                                  -nan         -nan              -nan         -nan

FUTGSHARE_OFF_PATH_CORRECT_4                         0         -nan%                0         -nan%
FUTGSHARE_OFF_PATH_MISPREDICT_4                      0         -nan%                0         -nan%
                                                     0         -nan%                0         -nan%
                                                  -nan         -nan              -nan         -nan

FUTGSHARE_ON_PATH_CORRECT_5                          0         -nan%                0         -nan%
FUTGSHARE_ON_PATH_MISPREDICT_5                       0         -nan%                0         -nan%
                                                     0         -nan%                0         -nan%
                                                  -nan         -nan              -nan         -nan

FUTGSHARE_OFF_PATH_CORRECT_5                         0         -nan%                0         -nan%
FUTGSHARE_OFF_PATH_MISPREDICT_5                      0         -nan%                0         -nan%
                                                     0         -nan%                0         -nan%
                                                  -nan         -nan              -nan         -nan

FUTGSHARE_ON_PATH_CORRECT_6                          0         -nan%                0         -nan%
FUTGSHARE_ON_PATH_MISPREDICT_6                       0         -nan%                0         -nan%
                                                     0         -nan%                0         -nan%
                                                  -nan         -nan              -nan         -nan

FUTGSHARE_OFF_PATH_CORRECT_6                         0         -nan%                0         -nan%
FUTGSHARE_OFF_PATH_MISPREDICT_6                      0         -nan%                0         -nan%
                                                     0         -nan%                0         -nan%
                                                  -nan         -nan              -nan         -nan

FUTGSHARE_ON_PATH_CORRECT_7                          0         -nan%                0         -nan%
FUTGSHARE_ON_PATH_MISPREDICT_7                       0         -nan%                0         -nan%
                                                     0         -nan%                0         -nan%
                                                  -nan         -nan              -nan         -nan

FUTGSHARE_OFF_PATH_CORRECT_7                         0         -nan%                0         -nan%
FUTGSHARE_OFF_PATH_MISPREDICT_7                      0         -nan%                0         -nan%
                                                     0         -nan%                0         -nan%
                                                  -nan         -nan              -nan         -nan

FUTGSHARE_ON_PATH_CORRECT_8                          0         -nan%                0         -nan%
FUTGSHARE_ON_PATH_MISPREDICT_8                       0         -nan%                0         -nan%
                                                     0         -nan%                0         -nan%
                                                  -nan         -nan              -nan         -nan

FUTGSHARE_OFF_PATH_CORRECT_8                         0         -nan%                0         -nan%
FUTGSHARE_OFF_PATH_MISPREDICT_8                      0         -nan%                0         -nan%
                                                     0         -nan%                0         -nan%
                                                  -nan         -nan              -nan         -nan

FUTGSHARE_ON_PATH_CORRECT_9                          0         -nan%                0         -nan%
FUTGSHARE_ON_PATH_MISPREDICT_9                       0         -nan%                0         -nan%
                                                     0         -nan%                0         -nan%
                                                  -nan         -nan              -nan         -nan

FUTGSHARE_OFF_PATH_CORRECT_9                         0         -nan%                0         -nan%
FUTGSHARE_OFF_PATH_MISPREDICT_9                      0         -nan%                0         -nan%
                                                     0         -nan%                0         -nan%
                                                  -nan         -nan              -nan         -nan

FUTGSHARE_ON_PATH_CORRECT_10                         0         -nan%                0         -nan%
FUTGSHARE_ON_PATH_MISPREDICT_10                      0         -nan%                0         -nan%
                                                     0         -nan%                0         -nan%
                                                  -nan         -nan              -nan         -nan

FUTGSHARE_OFF_PATH_CORRECT_10                        0         -nan%                0         -nan%
FUTGSHARE_OFF_PATH_MISPREDICT_10                     0         -nan%                0         -nan%
                                                     0         -nan%                0         -nan%
                                                  -nan         -nan              -nan         -nan

FUTGSHARE_ON_PATH_CORRECT_11                         0         -nan%                0         -nan%
FUTGSHARE_ON_PATH_MISPREDICT_11                      0         -nan%                0         -nan%
                                                     0         -nan%                0         -nan%
                                                  -nan         -nan              -nan         -nan

FUTGSHARE_OFF_PATH_CORRECT_11                        0         -nan%                0         -nan%
FUTGSHARE_OFF_PATH_MISPREDICT_11                     0         -nan%                0         -nan%
                                                     0         -nan%                0         -nan%
                                                  -nan         -nan              -nan         -nan

FUTGSHARE_ON_PATH_CORRECT_12                         0         -nan%                0         -nan%
FUTGSHARE_ON_PATH_MISPREDICT_12                      0         -nan%                0         -nan%
                                                     0         -nan%                0         -nan%
                                                  -nan         -nan              -nan         -nan

FUTGSHARE_OFF_PATH_CORRECT_12                        0         -nan%                0         -nan%
FUTGSHARE_OFF_PATH_MISPREDICT_12                     0         -nan%                0         -nan%
                                                     0         -nan%                0         -nan%
                                                  -nan         -nan              -nan         -nan

FUTGSHARE_ON_PATH_CORRECT_13                         0         -nan%                0         -nan%
FUTGSHARE_ON_PATH_MISPREDICT_13                      0         -nan%                0         -nan%
                                                     0         -nan%                0         -nan%
                                                  -nan         -nan              -nan         -nan

FUTGSHARE_OFF_PATH_CORRECT_13                        0         -nan%                0         -nan%
FUTGSHARE_OFF_PATH_MISPREDICT_13                     0         -nan%                0         -nan%
                                                     0         -nan%                0         -nan%
                                                  -nan         -nan              -nan         -nan

FUTGSHARE_ON_PATH_CORRECT_14                         0         -nan%                0         -nan%
FUTGSHARE_ON_PATH_MISPREDICT_14                      0         -nan%                0         -nan%
                                                     0         -nan%                0         -nan%
                                                  -nan         -nan              -nan         -nan

FUTGSHARE_OFF_PATH_CORRECT_14                        0         -nan%                0         -nan%
FUTGSHARE_OFF_PATH_MISPREDICT_14                     0         -nan%                0         -nan%
                                                     0         -nan%                0         -nan%
                                                  -nan         -nan              -nan         -nan

FUTGSHARE_ON_PATH_CORRECT_15                         0         -nan%                0         -nan%
FUTGSHARE_ON_PATH_MISPREDICT_15                      0         -nan%                0         -nan%
                                                     0         -nan%                0         -nan%
                                                  -nan         -nan              -nan         -nan

FUTGSHARE_OFF_PATH_CORRECT_15                        0         -nan%                0         -nan%
FUTGSHARE_OFF_PATH_MISPREDICT_15                     0         -nan%                0         -nan%
                                                     0         -nan%                0         -nan%
                                                  -nan         -nan              -nan         -nan

FUTGSHARE_CHANGED_CORRECTED_ON_PATH_0                0         -nan%                0         -nan%
FUTGSHARE_CHANGED_SCREWED_ON_PATH_0                  0         -nan%                0         -nan%
                                                     0         -nan%                0         -nan%
                                                  -nan         -nan              -nan         -nan

FUTGSHARE_CHANGED_CORRECTED_OFF_PATH_0               0         -nan%                0         -nan%
FUTGSHARE_CHANGED_SCREWED_OFF_PATH_0                 0         -nan%                0         -nan%
                                                     0         -nan%                0         -nan%
                                                  -nan         -nan              -nan         -nan

FUTGSHARE_CHANGED_CORRECTED_ON_PATH_1                0         -nan%                0         -nan%
FUTGSHARE_CHANGED_SCREWED_ON_PATH_1                  0         -nan%                0         -nan%
                                                     0         -nan%                0         -nan%
                                                  -nan         -nan              -nan         -nan

FUTGSHARE_CHANGED_CORRECTED_OFF_PATH_1               0         -nan%                0         -nan%
FUTGSHARE_CHANGED_SCREWED_OFF_PATH_1                 0         -nan%                0         -nan%
                                                     0         -nan%                0         -nan%
                                                  -nan         -nan              -nan         -nan

FUTGSHARE_CHANGED_CORRECTED_ON_PATH_2                0         -nan%                0         -nan%
FUTGSHARE_CHANGED_SCREWED_ON_PATH_2                  0         -nan%                0         -nan%
                                                     0         -nan%                0         -nan%
                                                  -nan         -nan              -nan         -nan

FUTGSHARE_CHANGED_CORRECTED_OFF_PATH_2               0         -nan%                0         -nan%
FUTGSHARE_CHANGED_SCREWED_OFF_PATH_2                 0         -nan%                0         -nan%
                                                     0         -nan%                0         -nan%
                                                  -nan         -nan              -nan         -nan

FUTGSHARE_CHANGED_CORRECTED_ON_PATH_3                0         -nan%                0         -nan%
FUTGSHARE_CHANGED_SCREWED_ON_PATH_3                  0         -nan%                0         -nan%
                                                     0         -nan%                0         -nan%
                                                  -nan         -nan              -nan         -nan

FUTGSHARE_CHANGED_CORRECTED_OFF_PATH_3               0         -nan%                0         -nan%
FUTGSHARE_CHANGED_SCREWED_OFF_PATH_3                 0         -nan%                0         -nan%
                                                     0         -nan%                0         -nan%
                                                  -nan         -nan              -nan         -nan

FUTGSHARE_CHANGED_CORRECTED_ON_PATH_4                0         -nan%                0         -nan%
FUTGSHARE_CHANGED_SCREWED_ON_PATH_4                  0         -nan%                0         -nan%
                                                     0         -nan%                0         -nan%
                                                  -nan         -nan              -nan         -nan

FUTGSHARE_CHANGED_CORRECTED_OFF_PATH_4               0         -nan%                0         -nan%
FUTGSHARE_CHANGED_SCREWED_OFF_PATH_4                 0         -nan%                0         -nan%
                                                     0         -nan%                0         -nan%
                                                  -nan         -nan              -nan         -nan

FUTGSHARE_CHANGED_CORRECTED_ON_PATH_5                0         -nan%                0         -nan%
FUTGSHARE_CHANGED_SCREWED_ON_PATH_5                  0         -nan%                0         -nan%
                                                     0         -nan%                0         -nan%
                                                  -nan         -nan              -nan         -nan

FUTGSHARE_CHANGED_CORRECTED_OFF_PATH_5               0         -nan%                0         -nan%
FUTGSHARE_CHANGED_SCREWED_OFF_PATH_5                 0         -nan%                0         -nan%
                                                     0         -nan%                0         -nan%
                                                  -nan         -nan              -nan         -nan

FUTGSHARE_CHANGED_CORRECTED_ON_PATH_6                0         -nan%                0         -nan%
FUTGSHARE_CHANGED_SCREWED_ON_PATH_6                  0         -nan%                0         -nan%
                                                     0         -nan%                0         -nan%
                                                  -nan         -nan              -nan         -nan

FUTGSHARE_CHANGED_CORRECTED_OFF_PATH_6               0         -nan%                0         -nan%
FUTGSHARE_CHANGED_SCREWED_OFF_PATH_6                 0         -nan%                0         -nan%
                                                     0         -nan%                0         -nan%
                                                  -nan         -nan              -nan         -nan

FUTGSHARE_CHANGED_CORRECTED_ON_PATH_7                0         -nan%                0         -nan%
FUTGSHARE_CHANGED_SCREWED_ON_PATH_7                  0         -nan%                0         -nan%
                                                     0         -nan%                0         -nan%
                                                  -nan         -nan              -nan         -nan

FUTGSHARE_CHANGED_CORRECTED_OFF_PATH_7               0         -nan%                0         -nan%
FUTGSHARE_CHANGED_SCREWED_OFF_PATH_7                 0         -nan%                0         -nan%
                                                     0         -nan%                0         -nan%
                                                  -nan         -nan              -nan         -nan

FUTGSHARE_CHANGED_CORRECTED_ON_PATH_8                0         -nan%                0         -nan%
FUTGSHARE_CHANGED_SCREWED_ON_PATH_8                  0         -nan%                0         -nan%
                                                     0         -nan%                0         -nan%
                                                  -nan         -nan              -nan         -nan

FUTGSHARE_CHANGED_CORRECTED_OFF_PATH_8               0         -nan%                0         -nan%
FUTGSHARE_CHANGED_SCREWED_OFF_PATH_8                 0         -nan%                0         -nan%
                                                     0         -nan%                0         -nan%
                                                  -nan         -nan              -nan         -nan

FUTGSHARE_CHANGED_CORRECTED_ON_PATH_9                0         -nan%                0         -nan%
FUTGSHARE_CHANGED_SCREWED_ON_PATH_9                  0         -nan%                0         -nan%
                                                     0         -nan%                0         -nan%
                                                  -nan         -nan              -nan         -nan

FUTGSHARE_CHANGED_CORRECTED_OFF_PATH_9               0         -nan%                0         -nan%
FUTGSHARE_CHANGED_SCREWED_OFF_PATH_9                 0         -nan%                0         -nan%
                                                     0         -nan%                0         -nan%
                                                  -nan         -nan              -nan         -nan

FUTGSHARE_CHANGED_CORRECTED_ON_PATH_10               0         -nan%                0         -nan%
FUTGSHARE_CHANGED_SCREWED_ON_PATH_10                 0         -nan%                0         -nan%
                                                     0         -nan%                0         -nan%
                                                  -nan         -nan              -nan         -nan

FUTGSHARE_CHANGED_CORRECTED_OFF_PATH_10              0         -nan%                0         -nan%
FUTGSHARE_CHANGED_SCREWED_OFF_PATH_10                0         -nan%                0         -nan%
                                                     0         -nan%                0         -nan%
                                                  -nan         -nan              -nan         -nan

FUTGSHARE_CHANGED_CORRECTED_ON_PATH_11               0         -nan%                0         -nan%
FUTGSHARE_CHANGED_SCREWED_ON_PATH_11                 0         -nan%                0         -nan%
                                                     0         -nan%                0         -nan%
                                                  -nan         -nan              -nan         -nan

FUTGSHARE_CHANGED_CORRECTED_OFF_PATH_11              0         -nan%                0         -nan%
FUTGSHARE_CHANGED_SCREWED_OFF_PATH_11                0         -nan%                0         -nan%
                                                     0         -nan%                0         -nan%
                                                  -nan         -nan              -nan         -nan

FUTGSHARE_CHANGED_CORRECTED_ON_PATH_12               0         -nan%                0         -nan%
FUTGSHARE_CHANGED_SCREWED_ON_PATH_12                 0         -nan%                0         -nan%
                                                     0         -nan%                0         -nan%
                                                  -nan         -nan              -nan         -nan

FUTGSHARE_CHANGED_CORRECTED_OFF_PATH_12              0         -nan%                0         -nan%
FUTGSHARE_CHANGED_SCREWED_OFF_PATH_12                0         -nan%                0         -nan%
                                                     0         -nan%                0         -nan%
                                                  -nan         -nan              -nan         -nan

FUTGSHARE_CHANGED_CORRECTED_ON_PATH_13               0         -nan%                0         -nan%
FUTGSHARE_CHANGED_SCREWED_ON_PATH_13                 0         -nan%                0         -nan%
                                                     0         -nan%                0         -nan%
                                                  -nan         -nan              -nan         -nan

FUTGSHARE_CHANGED_CORRECTED_OFF_PATH_13              0         -nan%                0         -nan%
FUTGSHARE_CHANGED_SCREWED_OFF_PATH_13                0         -nan%                0         -nan%
                                                     0         -nan%                0         -nan%
                                                  -nan         -nan              -nan         -nan

FUTGSHARE_CHANGED_CORRECTED_ON_PATH_14               0         -nan%                0         -nan%
FUTGSHARE_CHANGED_SCREWED_ON_PATH_14                 0         -nan%                0         -nan%
                                                     0         -nan%                0         -nan%
                                                  -nan         -nan              -nan         -nan

FUTGSHARE_CHANGED_CORRECTED_OFF_PATH_14              0         -nan%                0         -nan%
FUTGSHARE_CHANGED_SCREWED_OFF_PATH_14                0         -nan%                0         -nan%
                                                     0         -nan%                0         -nan%
                                                  -nan         -nan              -nan         -nan

FUTGSHARE_CHANGED_CORRECTED_ON_PATH_15               0         -nan%                0         -nan%
FUTGSHARE_CHANGED_SCREWED_ON_PATH_15                 0         -nan%                0         -nan%
                                                     0         -nan%                0         -nan%
                                                  -nan         -nan              -nan         -nan

FUTGSHARE_CHANGED_CORRECTED_OFF_PATH_15              0         -nan%                0         -nan%
FUTGSHARE_CHANGED_SCREWED_OFF_PATH_15                0         -nan%                0         -nan%
                                                     0         -nan%                0         -nan%
                                                  -nan         -nan              -nan         -nan

FRAGHIST_BIN_0                                       0         -nan%                0         -nan%
FRAGHIST_BIN_1                                       0         -nan%                0         -nan%
FRAGHIST_BIN_2                                       0         -nan%                0         -nan%
FRAGHIST_BIN_3                                       0         -nan%                0         -nan%
FRAGHIST_BIN_4                                       0         -nan%                0         -nan%
FRAGHIST_BIN_5                                       0         -nan%                0         -nan%
FRAGHIST_BIN_6                                       0         -nan%                0         -nan%
FRAGHIST_BIN_7                                       0         -nan%                0         -nan%
FRAGHIST_BIN_8                                       0         -nan%                0         -nan%
FRAGHIST_BIN_9                                       0         -nan%                0         -nan%
FRAGHIST_BIN_10                                      0         -nan%                0         -nan%
FRAGHIST_BIN_11                                      0         -nan%                0         -nan%
FRAGHIST_BIN_12                                      0         -nan%                0         -nan%
FRAGHIST_BIN_13                                      0         -nan%                0         -nan%
FRAGHIST_BIN_14                                      0         -nan%                0         -nan%
FRAGHIST_BIN_15                                      0         -nan%                0         -nan%
FRAGHIST_BIN_16                                      0         -nan%                0         -nan%
FRAGHIST_BIN_17                                      0         -nan%                0         -nan%
FRAGHIST_BIN_18                                      0         -nan%                0         -nan%
FRAGHIST_BIN_19                                      0         -nan%                0         -nan%
FRAGHIST_BIN_20                                      0         -nan%                0         -nan%
FRAGHIST_BIN_21                                      0         -nan%                0         -nan%
FRAGHIST_BIN_22                                      0         -nan%                0         -nan%
FRAGHIST_BIN_23                                      0         -nan%                0         -nan%
FRAGHIST_BIN_24                                      0         -nan%                0         -nan%
FRAGHIST_BIN_25                                      0         -nan%                0         -nan%
FRAGHIST_BIN_26                                      0         -nan%                0         -nan%
FRAGHIST_BIN_27                                      0         -nan%                0         -nan%
FRAGHIST_BIN_28                                      0         -nan%                0         -nan%
FRAGHIST_BIN_29                                      0         -nan%                0         -nan%
FRAGHIST_BIN_30                                      0         -nan%                0         -nan%
FRAGHIST_BIN_31                                      0         -nan%                0         -nan%
FRAGHIST_BIN_32                                      0         -nan%                0         -nan%
                                                     0         -nan%                0         -nan%
                                                  -nan         -nan              -nan         -nan

BTB_UPDATE_BTB_HIT_JITTED_NOT_CF                     0         -nan%                0         -nan%
BTB_UPDATE_BTB_HIT_JITTED_CF_BR                      0         -nan%                0         -nan%
BTB_UPDATE_BTB_HIT_JITTED_CF_CBR                     0         -nan%                0         -nan%
BTB_UPDATE_BTB_HIT_JITTED_CF_CALL                    0         -nan%                0         -nan%
BTB_UPDATE_BTB_HIT_JITTED_CF_IBR                     0         -nan%                0         -nan%
BTB_UPDATE_BTB_HIT_JITTED_CF_ICALL                   0         -nan%                0         -nan%
BTB_UPDATE_BTB_HIT_JITTED_CF_ICO                     0         -nan%                0         -nan%
BTB_UPDATE_BTB_HIT_JITTED_CF_RET                     0         -nan%                0         -nan%
                                                     0         -nan%                0         -nan%
                                                  -nan         -nan              -nan         -nan

RESTEER_BTB_MISS_NOT_CF                              8        0.018%               23        0.024%
RESTEER_BTB_MISS_CF_BR                               0        0.000%                0        0.000%
RESTEER_BTB_MISS_CF_CBR                              0        0.000%               31        0.032%
RESTEER_BTB_MISS_CF_REP                              0        0.000%               54        0.056%
RESTEER_BTB_MISS_CF_CALL                             0        0.000%                0        0.000%
RESTEER_BTB_MISS_CF_IBR                              0        0.000%                9        0.009%
RESTEER_BTB_MISS_CF_ICALL                            0        0.000%                0        0.000%
RESTEER_BTB_MISS_CF_ICO                              0        0.000%                0        0.000%
RESTEER_BTB_MISS_CF_RET                              0        0.000%                0        0.000%
RESTEER_MISPRED_NOT_CF                               0        0.000%                0        0.000%
RESTEER_MISPRED_CF_BR                                0        0.000%                0        0.000%
RESTEER_MISPRED_CF_CBR                           44204       99.948%            95609       99.716%
RESTEER_MISPRED_CF_REP                               0        0.000%                0        0.000%
RESTEER_MISPRED_CF_CALL                              0        0.000%                0        0.000%
RESTEER_MISPRED_CF_IBR                               0        0.000%                0        0.000%
RESTEER_MISPRED_CF_ICALL                             0        0.000%                1        0.001%
RESTEER_MISPRED_CF_ICO                               0        0.000%                0        0.000%
RESTEER_MISPRED_CF_RET                               0        0.000%                2        0.002%
RESTEER_MISFETCH_NOT_CF                              0        0.000%                0        0.000%
RESTEER_MISFETCH_CF_BR                               0        0.000%                0        0.000%
RESTEER_MISFETCH_CF_CBR                             15        0.034%              152        0.159%
RESTEER_MISFETCH_CF_REP                              0        0.000%                0        0.000%
RESTEER_MISFETCH_CF_CALL                             0        0.000%                0        0.000%
RESTEER_MISFETCH_CF_IBR                              0        0.000%                0        0.000%
RESTEER_MISFETCH_CF_ICALL                            0        0.000%                0        0.000%
RESTEER_MISFETCH_CF_ICO                              0        0.000%                0        0.000%
RESTEER_MISFETCH_CF_RET                              0        0.000%                0        0.000%
RESTEER_NO_TARGET_CF_IBR                             0        0.000%                0        0.000%
RESTEER_NO_TARGET_CF_ICALL                           0        0.000%                0        0.000%
RESTEER_NO_TARGET_CF_ICO                             0        0.000%                0        0.000%
RESTEER_NO_TARGET_CF_RET                             0        0.000%                0        0.000%
                                                 44227      100.000%            95881      100.000%
                                                 11.00         0.17             11.00         0.44

TAGESCL_COMP_TAGE_BASE_CORRECT                       0         -nan%                0         -nan%
TAGESCL_COMP_TAGE_BASE_MISPREDICT                    0         -nan%                0         -nan%
TAGESCL_COMP_TAGE_SHORT_CORRECT                      0         -nan%                0         -nan%
TAGESCL_COMP_TAGE_SHORT_MISPREDICT                   0         -nan%                0         -nan%
TAGESCL_COMP_TAGE_LONG_CORRECT                       0         -nan%                0         -nan%
TAGESCL_COMP_TAGE_LONG_MISPREDICT                    0         -nan%                0         -nan%
TAGESCL_COMP_LOOP_CORRECT                            0         -nan%                0         -nan%
TAGESCL_COMP_LOOP_MISPREDICT                         0         -nan%                0         -nan%
TAGESCL_COMP_SC_CORRECT                              0         -nan%                0         -nan%
TAGESCL_COMP_SC_MISPREDICT                           0         -nan%                0         -nan%
                                                     0         -nan%                0         -nan%
                                                  -nan         -nan              -nan         -nan

TAGESCL_COMP_BTB_MISS_TAGE_BASE_CORRECT              0         -nan%                0         -nan%
TAGESCL_COMP_BTB_MISS_TAGE_BASE_MISPREDICT             0         -nan%                0         -nan%
TAGESCL_COMP_BTB_MISS_TAGE_SHORT_CORRECT             0         -nan%                0         -nan%
TAGESCL_COMP_BTB_MISS_TAGE_SHORT_MISPREDICT             0         -nan%                0         -nan%
TAGESCL_COMP_BTB_MISS_TAGE_LONG_CORRECT              0         -nan%                0         -nan%
TAGESCL_COMP_BTB_MISS_TAGE_LONG_MISPREDICT             0         -nan%                0         -nan%
TAGESCL_COMP_BTB_MISS_LOOP_CORRECT                   0         -nan%                0         -nan%
TAGESCL_COMP_BTB_MISS_LOOP_MISPREDICT                0         -nan%                0         -nan%
TAGESCL_COMP_BTB_MISS_SC_CORRECT                     0         -nan%                0         -nan%
TAGESCL_COMP_BTB_MISS_SC_MISPREDICT                  0         -nan%                0         -nan%
                                                     0         -nan%                0         -nan%
                                                  -nan         -nan              -nan         -nan

TAGESCL_CONF_0_PER_BASE_MISPREDICT                   0         -nan%                0         -nan%
TAGESCL_CONF_1_PER_BASE_MISPREDICT                   0         -nan%                0         -nan%
TAGESCL_CONF_2_PER_BASE_MISPREDICT                   0         -nan%                0         -nan%
TAGESCL_CONF_3_PER_BASE_MISPREDICT                   0         -nan%                0         -nan%
TAGESCL_CONF_0_PER_SHORT_MISPREDICT                  0         -nan%                0         -nan%
TAGESCL_CONF_1_PER_SHORT_MISPREDICT                  0         -nan%                0         -nan%
TAGESCL_CONF_2_PER_SHORT_MISPREDICT                  0         -nan%                0         -nan%
TAGESCL_CONF_3_PER_SHORT_MISPREDICT                  0         -nan%                0         -nan%
TAGESCL_CONF_0_PER_LONG_MISPREDICT                   0         -nan%                0         -nan%
TAGESCL_CONF_1_PER_LONG_MISPREDICT                   0         -nan%                0         -nan%
TAGESCL_CONF_2_PER_LONG_MISPREDICT                   0         -nan%                0         -nan%
TAGESCL_CONF_3_PER_LONG_MISPREDICT                   0         -nan%                0         -nan%
TAGESCL_CONF_0_PER_LOOP_MISPREDICT                   0         -nan%                0         -nan%
TAGESCL_CONF_1_PER_LOOP_MISPREDICT                   0         -nan%                0         -nan%
TAGESCL_CONF_2_PER_LOOP_MISPREDICT                   0         -nan%                0         -nan%
TAGESCL_CONF_3_PER_LOOP_MISPREDICT                   0         -nan%                0         -nan%
TAGESCL_CONF_0_PER_SC_MISPREDICT                     0         -nan%                0         -nan%
TAGESCL_CONF_1_PER_SC_MISPREDICT                     0         -nan%                0         -nan%
TAGESCL_CONF_2_PER_SC_MISPREDICT                     0         -nan%                0         -nan%
TAGESCL_CONF_3_PER_SC_MISPREDICT                     0         -nan%                0         -nan%
                                                     0         -nan%                0         -nan%
                                                  -nan         -nan              -nan         -nan

TAGESCL_SC_SMALLLSUM                                 0         -nan%                0         -nan%
TAGESCL_SC_SMALLLFIRST                               0         -nan%                0         -nan%
TAGESCL_SC_SMALLLSECOND                              0         -nan%                0         -nan%
TAGESCL_SC_IDENTICAL                                 0         -nan%                0         -nan%
                                                     0         -nan%                0         -nan%
                                                  -nan         -nan              -nan         -nan

CRS_UNDERFLOW_ON_PATH                                0         -nan%                4        4.545%
CRS_UNDERFLOW_OFF_PATH                               0         -nan%               84       95.455%
                                                     0         -nan%               88      100.000%
                                                  -nan         -nan              0.95         0.94



