               ramulator.active_cycles_0              159634                                      # Total active cycles for level _0
                 ramulator.busy_cycles_0              159634                                      # (All-bank refresh only. busy cycles only include refresh time in rank level) The sum of cycles that the DRAM part is active or under refresh for level _0
            ramulator.serving_requests_0              213948                                      # The sum of read and write requests that are served in this DRAM element per memory cycle for level _0
    ramulator.average_serving_requests_0            0.086355                                      # The average of read and write requests that are served in this DRAM element per memory cycle for level _0
             ramulator.active_cycles_0_0              159634                                      # Total active cycles for level _0_0
               ramulator.busy_cycles_0_0              270514                                      # (All-bank refresh only. busy cycles only include refresh time in rank level) The sum of cycles that the DRAM part is active or under refresh for level _0_0
          ramulator.serving_requests_0_0              213948                                      # The sum of read and write requests that are served in this DRAM element per memory cycle for level _0_0
  ramulator.average_serving_requests_0_0            0.086355                                      # The average of read and write requests that are served in this DRAM element per memory cycle for level _0_0
           ramulator.active_cycles_0_0_0               47467                                      # Total active cycles for level _0_0_0
             ramulator.busy_cycles_0_0_0               47467                                      # (All-bank refresh only. busy cycles only include refresh time in rank level) The sum of cycles that the DRAM part is active or under refresh for level _0_0_0
        ramulator.serving_requests_0_0_0               59000                                      # The sum of read and write requests that are served in this DRAM element per memory cycle for level _0_0_0
ramulator.average_serving_requests_0_0_0            0.023814                                      # The average of read and write requests that are served in this DRAM element per memory cycle for level _0_0_0
         ramulator.active_cycles_0_0_0_0               12646                                      # Total active cycles for level _0_0_0_0
           ramulator.busy_cycles_0_0_0_0               12646                                      # (All-bank refresh only. busy cycles only include refresh time in rank level) The sum of cycles that the DRAM part is active or under refresh for level _0_0_0_0
      ramulator.serving_requests_0_0_0_0               15498                                      # The sum of read and write requests that are served in this DRAM element per memory cycle for level _0_0_0_0
ramulator.average_serving_requests_0_0_0_0            0.006255                                      # The average of read and write requests that are served in this DRAM element per memory cycle for level _0_0_0_0
         ramulator.active_cycles_0_0_0_1               15691                                      # Total active cycles for level _0_0_0_1
           ramulator.busy_cycles_0_0_0_1               15691                                      # (All-bank refresh only. busy cycles only include refresh time in rank level) The sum of cycles that the DRAM part is active or under refresh for level _0_0_0_1
      ramulator.serving_requests_0_0_0_1               20125                                      # The sum of read and write requests that are served in this DRAM element per memory cycle for level _0_0_0_1
ramulator.average_serving_requests_0_0_0_1            0.008123                                      # The average of read and write requests that are served in this DRAM element per memory cycle for level _0_0_0_1
         ramulator.active_cycles_0_0_0_2               12043                                      # Total active cycles for level _0_0_0_2
           ramulator.busy_cycles_0_0_0_2               12043                                      # (All-bank refresh only. busy cycles only include refresh time in rank level) The sum of cycles that the DRAM part is active or under refresh for level _0_0_0_2
      ramulator.serving_requests_0_0_0_2               13787                                      # The sum of read and write requests that are served in this DRAM element per memory cycle for level _0_0_0_2
ramulator.average_serving_requests_0_0_0_2            0.005565                                      # The average of read and write requests that are served in this DRAM element per memory cycle for level _0_0_0_2
         ramulator.active_cycles_0_0_0_3                7823                                      # Total active cycles for level _0_0_0_3
           ramulator.busy_cycles_0_0_0_3                7823                                      # (All-bank refresh only. busy cycles only include refresh time in rank level) The sum of cycles that the DRAM part is active or under refresh for level _0_0_0_3
      ramulator.serving_requests_0_0_0_3                9590                                      # The sum of read and write requests that are served in this DRAM element per memory cycle for level _0_0_0_3
ramulator.average_serving_requests_0_0_0_3            0.003871                                      # The average of read and write requests that are served in this DRAM element per memory cycle for level _0_0_0_3
           ramulator.active_cycles_0_0_1               35848                                      # Total active cycles for level _0_0_1
             ramulator.busy_cycles_0_0_1               35848                                      # (All-bank refresh only. busy cycles only include refresh time in rank level) The sum of cycles that the DRAM part is active or under refresh for level _0_0_1
        ramulator.serving_requests_0_0_1               43923                                      # The sum of read and write requests that are served in this DRAM element per memory cycle for level _0_0_1
ramulator.average_serving_requests_0_0_1            0.017728                                      # The average of read and write requests that are served in this DRAM element per memory cycle for level _0_0_1
         ramulator.active_cycles_0_0_1_0                9031                                      # Total active cycles for level _0_0_1_0
           ramulator.busy_cycles_0_0_1_0                9031                                      # (All-bank refresh only. busy cycles only include refresh time in rank level) The sum of cycles that the DRAM part is active or under refresh for level _0_0_1_0
      ramulator.serving_requests_0_0_1_0               11109                                      # The sum of read and write requests that are served in this DRAM element per memory cycle for level _0_0_1_0
ramulator.average_serving_requests_0_0_1_0            0.004484                                      # The average of read and write requests that are served in this DRAM element per memory cycle for level _0_0_1_0
         ramulator.active_cycles_0_0_1_1                7502                                      # Total active cycles for level _0_0_1_1
           ramulator.busy_cycles_0_0_1_1                7502                                      # (All-bank refresh only. busy cycles only include refresh time in rank level) The sum of cycles that the DRAM part is active or under refresh for level _0_0_1_1
      ramulator.serving_requests_0_0_1_1                9962                                      # The sum of read and write requests that are served in this DRAM element per memory cycle for level _0_0_1_1
ramulator.average_serving_requests_0_0_1_1            0.004021                                      # The average of read and write requests that are served in this DRAM element per memory cycle for level _0_0_1_1
         ramulator.active_cycles_0_0_1_2               12505                                      # Total active cycles for level _0_0_1_2
           ramulator.busy_cycles_0_0_1_2               12505                                      # (All-bank refresh only. busy cycles only include refresh time in rank level) The sum of cycles that the DRAM part is active or under refresh for level _0_0_1_2
      ramulator.serving_requests_0_0_1_2               13560                                      # The sum of read and write requests that are served in this DRAM element per memory cycle for level _0_0_1_2
ramulator.average_serving_requests_0_0_1_2            0.005473                                      # The average of read and write requests that are served in this DRAM element per memory cycle for level _0_0_1_2
         ramulator.active_cycles_0_0_1_3                7551                                      # Total active cycles for level _0_0_1_3
           ramulator.busy_cycles_0_0_1_3                7551                                      # (All-bank refresh only. busy cycles only include refresh time in rank level) The sum of cycles that the DRAM part is active or under refresh for level _0_0_1_3
      ramulator.serving_requests_0_0_1_3                9292                                      # The sum of read and write requests that are served in this DRAM element per memory cycle for level _0_0_1_3
ramulator.average_serving_requests_0_0_1_3            0.003750                                      # The average of read and write requests that are served in this DRAM element per memory cycle for level _0_0_1_3
           ramulator.active_cycles_0_0_2               43704                                      # Total active cycles for level _0_0_2
             ramulator.busy_cycles_0_0_2               43704                                      # (All-bank refresh only. busy cycles only include refresh time in rank level) The sum of cycles that the DRAM part is active or under refresh for level _0_0_2
        ramulator.serving_requests_0_0_2               54751                                      # The sum of read and write requests that are served in this DRAM element per memory cycle for level _0_0_2
ramulator.average_serving_requests_0_0_2            0.022099                                      # The average of read and write requests that are served in this DRAM element per memory cycle for level _0_0_2
         ramulator.active_cycles_0_0_2_0                9640                                      # Total active cycles for level _0_0_2_0
           ramulator.busy_cycles_0_0_2_0                9640                                      # (All-bank refresh only. busy cycles only include refresh time in rank level) The sum of cycles that the DRAM part is active or under refresh for level _0_0_2_0
      ramulator.serving_requests_0_0_2_0               11743                                      # The sum of read and write requests that are served in this DRAM element per memory cycle for level _0_0_2_0
ramulator.average_serving_requests_0_0_2_0            0.004740                                      # The average of read and write requests that are served in this DRAM element per memory cycle for level _0_0_2_0
         ramulator.active_cycles_0_0_2_1                8482                                      # Total active cycles for level _0_0_2_1
           ramulator.busy_cycles_0_0_2_1                8482                                      # (All-bank refresh only. busy cycles only include refresh time in rank level) The sum of cycles that the DRAM part is active or under refresh for level _0_0_2_1
      ramulator.serving_requests_0_0_2_1                9572                                      # The sum of read and write requests that are served in this DRAM element per memory cycle for level _0_0_2_1
ramulator.average_serving_requests_0_0_2_1            0.003864                                      # The average of read and write requests that are served in this DRAM element per memory cycle for level _0_0_2_1
         ramulator.active_cycles_0_0_2_2               13792                                      # Total active cycles for level _0_0_2_2
           ramulator.busy_cycles_0_0_2_2               13792                                      # (All-bank refresh only. busy cycles only include refresh time in rank level) The sum of cycles that the DRAM part is active or under refresh for level _0_0_2_2
      ramulator.serving_requests_0_0_2_2               18237                                      # The sum of read and write requests that are served in this DRAM element per memory cycle for level _0_0_2_2
ramulator.average_serving_requests_0_0_2_2            0.007361                                      # The average of read and write requests that are served in this DRAM element per memory cycle for level _0_0_2_2
         ramulator.active_cycles_0_0_2_3               12589                                      # Total active cycles for level _0_0_2_3
           ramulator.busy_cycles_0_0_2_3               12589                                      # (All-bank refresh only. busy cycles only include refresh time in rank level) The sum of cycles that the DRAM part is active or under refresh for level _0_0_2_3
      ramulator.serving_requests_0_0_2_3               15199                                      # The sum of read and write requests that are served in this DRAM element per memory cycle for level _0_0_2_3
ramulator.average_serving_requests_0_0_2_3            0.006135                                      # The average of read and write requests that are served in this DRAM element per memory cycle for level _0_0_2_3
           ramulator.active_cycles_0_0_3               43326                                      # Total active cycles for level _0_0_3
             ramulator.busy_cycles_0_0_3               43326                                      # (All-bank refresh only. busy cycles only include refresh time in rank level) The sum of cycles that the DRAM part is active or under refresh for level _0_0_3
        ramulator.serving_requests_0_0_3               56274                                      # The sum of read and write requests that are served in this DRAM element per memory cycle for level _0_0_3
ramulator.average_serving_requests_0_0_3            0.022714                                      # The average of read and write requests that are served in this DRAM element per memory cycle for level _0_0_3
         ramulator.active_cycles_0_0_3_0               11334                                      # Total active cycles for level _0_0_3_0
           ramulator.busy_cycles_0_0_3_0               11334                                      # (All-bank refresh only. busy cycles only include refresh time in rank level) The sum of cycles that the DRAM part is active or under refresh for level _0_0_3_0
      ramulator.serving_requests_0_0_3_0               13698                                      # The sum of read and write requests that are served in this DRAM element per memory cycle for level _0_0_3_0
ramulator.average_serving_requests_0_0_3_0            0.005529                                      # The average of read and write requests that are served in this DRAM element per memory cycle for level _0_0_3_0
         ramulator.active_cycles_0_0_3_1               10751                                      # Total active cycles for level _0_0_3_1
           ramulator.busy_cycles_0_0_3_1               10751                                      # (All-bank refresh only. busy cycles only include refresh time in rank level) The sum of cycles that the DRAM part is active or under refresh for level _0_0_3_1
      ramulator.serving_requests_0_0_3_1               13186                                      # The sum of read and write requests that are served in this DRAM element per memory cycle for level _0_0_3_1
ramulator.average_serving_requests_0_0_3_1            0.005322                                      # The average of read and write requests that are served in this DRAM element per memory cycle for level _0_0_3_1
         ramulator.active_cycles_0_0_3_2               13233                                      # Total active cycles for level _0_0_3_2
           ramulator.busy_cycles_0_0_3_2               13233                                      # (All-bank refresh only. busy cycles only include refresh time in rank level) The sum of cycles that the DRAM part is active or under refresh for level _0_0_3_2
      ramulator.serving_requests_0_0_3_2               17425                                      # The sum of read and write requests that are served in this DRAM element per memory cycle for level _0_0_3_2
ramulator.average_serving_requests_0_0_3_2            0.007033                                      # The average of read and write requests that are served in this DRAM element per memory cycle for level _0_0_3_2
         ramulator.active_cycles_0_0_3_3                9053                                      # Total active cycles for level _0_0_3_3
           ramulator.busy_cycles_0_0_3_3                9053                                      # (All-bank refresh only. busy cycles only include refresh time in rank level) The sum of cycles that the DRAM part is active or under refresh for level _0_0_3_3
      ramulator.serving_requests_0_0_3_3               11965                                      # The sum of read and write requests that are served in this DRAM element per memory cycle for level _0_0_3_3
ramulator.average_serving_requests_0_0_3_3            0.004829                                      # The average of read and write requests that are served in this DRAM element per memory cycle for level _0_0_3_3
      ramulator.read_transaction_bytes_0              601216                                      # The total byte of read transaction per channel
     ramulator.write_transaction_bytes_0                   0                                      # The total byte of write transaction per channel
       ramulator.row_hits_channel_0_core                8153                                      # Number of row hits per channel per core
     ramulator.row_misses_channel_0_core                 883                                      # Number of row misses per channel per core
  ramulator.row_conflicts_channel_0_core                 358                                      # Number of row conflicts per channel per core
  ramulator.read_row_hits_channel_0_core                8153                                      # Number of row hits for read requests per channel per core
                                     [0]              8153.0                                      # 
ramulator.read_row_misses_channel_0_core                 883                                      # Number of row misses for read requests per channel per core
                                     [0]               883.0                                      # 
ramulator.read_row_conflicts_channel_0_core                 358                                      # Number of row conflicts for read requests per channel per core
                                     [0]               358.0                                      # 
 ramulator.write_row_hits_channel_0_core                   0                                      # Number of row hits for write requests per channel per core
                                     [0]                 0.0                                      # 
ramulator.write_row_misses_channel_0_core                   0                                      # Number of row misses for write requests per channel per core
                                     [0]                 0.0                                      # 
ramulator.write_row_conflicts_channel_0_core                   0                                      # Number of row conflicts for write requests per channel per core
                                     [0]                 0.0                                      # 
      ramulator.useless_activates_0_core                   0                                      # Number of useless activations. E.g, ACT -> PRE w/o RD or WR
            ramulator.read_latency_avg_0           39.474132                                      # The average memory latency cycles (in memory time domain) per request for all read requests in this channel
            ramulator.read_latency_sum_0              370820                                      # The memory latency cycles (in memory time domain) sum for all read requests in this channel
        ramulator.req_queue_length_avg_0            0.141607                                      # Average of read and write queue length per memory cycle per channel.
        ramulator.req_queue_length_sum_0              350837                                      # Sum of read and write queue length per memory cycle per channel.
   ramulator.read_req_queue_length_avg_0            0.141607                                      # Read queue length average per memory cycle per channel.
   ramulator.read_req_queue_length_sum_0              350837                                      # Read queue length sum per memory cycle per channel.
  ramulator.write_req_queue_length_avg_0            0.000000                                      # Write queue length average per memory cycle per channel.
  ramulator.write_req_queue_length_sum_0                   0                                      # Write queue length sum per memory cycle per channel.
              ramulator.record_read_hits                 0.0                                      # record read hit count for this core when it reaches request limit or to the end
                                     [0]                 0.0                                      # 
            ramulator.record_read_misses                 0.0                                      # record_read_miss count for this core when it reaches request limit or to the end
                                     [0]                 0.0                                      # 
         ramulator.record_read_conflicts                 0.0                                      # record read conflict count for this core when it reaches request limit or to the end
                                     [0]                 0.0                                      # 
             ramulator.record_write_hits                 0.0                                      # record write hit count for this core when it reaches request limit or to the end
                                     [0]                 0.0                                      # 
           ramulator.record_write_misses                 0.0                                      # record write miss count for this core when it reaches request limit or to the end
                                     [0]                 0.0                                      # 
        ramulator.record_write_conflicts                 0.0                                      # record write conflict for this core when it reaches request limit or to the end
                                     [0]                 0.0                                      # 
                 ramulator.dram_capacity          8589934592                                      # Number of bytes in simulated DRAM
                   ramulator.dram_cycles             2477543                                      # Number of DRAM cycles simulated
             ramulator.incoming_requests                9394                                      # Number of incoming requests to DRAM
                 ramulator.read_requests                9394                                      # Number of incoming read requests to DRAM per core
                                     [0]              9394.0                                      # 
                ramulator.write_requests                   0                                      # Number of incoming write requests to DRAM per core
                                     [0]                 0.0                                      # 
       ramulator.ramulator_active_cycles              159634                                      # The total number of cycles that the DRAM part is active (serving R/W)
 ramulator.incoming_requests_per_channel              9394.0                                      # Number of incoming requests to each DRAM channel
                                     [0]              9394.0                                      # 
ramulator.incoming_read_reqs_per_channel              9394.0                                      # Number of incoming read requests to each DRAM channel
                                     [0]              9394.0                                      # 
     ramulator.physical_page_replacement                   0                                      # The number of times that physical page replacement happens.
             ramulator.maximum_bandwidth         19200000000                                      # The theoretical maximum bandwidth (Bps)
          ramulator.in_queue_req_num_sum              350837                                      # Sum of read/write queue length
     ramulator.in_queue_read_req_num_sum              350837                                      # Sum of read queue length
    ramulator.in_queue_write_req_num_sum                   0                                      # Sum of write queue length
          ramulator.in_queue_req_num_avg            0.141607                                      # Average of read/write queue length per memory cycle
     ramulator.in_queue_read_req_num_avg            0.141607                                      # Average of read queue length per memory cycle
    ramulator.in_queue_write_req_num_avg            0.000000                                      # Average of write queue length per memory cycle
          ramulator.record_read_requests                 0.0                                      # record read requests for this core when it reaches request limit or to the end
                                     [0]                 0.0                                      # 
         ramulator.record_write_requests                 0.0                                      # record write requests for this core when it reaches request limit or to the end
                                     [0]                 0.0                                      # 
