Scarab gitrev: 4a1223f
Warning: Scarab expects the trace file type to include OFFLINE_FILE_TYPE_ARCH_REGDEPS (0x20000), but got type: 0xe40
Scarab started at Tue Jun  2 01:24:48 2026

Initialized Ramulator. 
** Heartbeat:   5% -- { 1000002 } -- 0.00 KIPS (166.67 KIPS)
** Heartbeat:  10% -- { 2000002 } -- 166.67 KIPS (166.67 KIPS)
** Heartbeat:  15% -- { 3000005 } -- 166.67 KIPS (166.67 KIPS)
** Heartbeat:  20% -- { 4000007 } -- 166.67 KIPS (166.67 KIPS)
** Heartbeat:  25% -- { 5000011 } -- 166.67 KIPS (166.67 KIPS)
** Heartbeat:  30% -- { 6000011 } -- 166.67 KIPS (166.67 KIPS)
** Heartbeat:  35% -- { 7000013 } -- 142.86 KIPS (162.79 KIPS)
** Heartbeat:  40% -- { 8000016 } -- 250.00 KIPS (170.21 KIPS)
** Heartbeat:  45% -- { 9000018 } -- 166.67 KIPS (169.81 KIPS)
** Heartbeat:  50% -- { 10000018 } -- 125.00 KIPS (163.93 KIPS)
** Heartbeat:  55% -- { 11000018 } -- 166.67 KIPS (164.18 KIPS)
** Heartbeat:  60% -- { 12000018 } -- 166.67 KIPS (164.38 KIPS)
** Heartbeat:  65% -- { 13000019 } -- 142.86 KIPS (162.50 KIPS)
** Heartbeat:  70% -- { 14000019 } -- 166.67 KIPS (162.79 KIPS)
** Heartbeat:  75% -- { 15000023 } -- 200.00 KIPS (164.84 KIPS)
** Heartbeat:  80% -- { 16000026 } -- 200.00 KIPS (166.67 KIPS)
** Heartbeat:  85% -- { 17000027 } -- 250.00 KIPS (170.00 KIPS)
** Heartbeat:  90% -- { 18000027 } -- 200.00 KIPS (171.43 KIPS)
** Heartbeat:  95% -- { 19000029 } -- 166.67 KIPS (171.17 KIPS)
Reached end of trace (last_inst) pc=0x7ffff36f362a
** Core 0 Finished:    insts:19999999    cycles:6606781     time:2064619062500       -- 3.03 IPC (3.03 IPC) --  N/A  KIPS (170.94 KIPS)
Scarab finished at Tue Jun  2 01:26:45 2026

