/* -*- Mode: c -*- */
####################################################################################################
Core 0
####################################################################################################
Cumulative:        Cycles: 33030763              Instructions: 19999999              IPC: 0.60550

Periodic:          Cycles: 16405352              Instructions: 9999995               IPC: 0.60956

MISS_WAIT_TIME                                       0                       18471710              

ICACHE_STAGE_MISS                                    0                             52              

ICACHE_CYCLE                                  16405352                       33030763              

TCACHE_CYCLE                                         0                              0              

ICACHE_SERVING_CYCLE_ON_PATH                    506483                        1015782              

ICACHE_SERVING_CYCLE_OFF_PATH                   330578                         691510              

UCACHE_SERVING_CYCLE_ON_PATH                   2586364                        5179828              

UCACHE_SERVING_CYCLE_OFF_PATH                 12448158                       25071268              

ICACHE_CYCLE_ONPATH                            3093481       18.857%          6198289       18.765%
ICACHE_CYCLE_OFFPATH                          13311871       81.143%         26832474       81.235%
                                              16405352      100.000%         33030763      100.000%
                                                  0.81         0.75              0.81         0.75

FETCH_ON_PATH                                  3626608       22.106%          7267455       22.002%
FETCH_OFF_PATH                                12778744       77.894%         25763308       77.998%
                                              16405352      100.000%         33030763      100.000%
                                                  0.78         0.71              0.78         0.72

FETCHED_OPS_ON_PATH                                  0         -nan%                0         -nan%
FETCHED_OPS_OFF_PATH                                 0         -nan%                0         -nan%
                                                     0         -nan%                0         -nan%
                                                  -nan         -nan              -nan         -nan

INST_LOST_FETCH                               12290715       14.902%         24591564       14.884%
INST_LOST_OFF_PATH                            52650636       63.836%        105228737       63.690%
INST_LOST_FULL_WINDOW                                8        0.000%              124        0.000%
INST_LOST_ROB_STALL_OTHER                        38598        0.047%            75390        0.046%
INST_LOST_ROB_STALL_WAIT_FOR_RECOVERY                0        0.000%                0        0.000%
INST_LOST_ROB_STALL_WAIT_FOR_REDIRECT                0        0.000%                0        0.000%
INST_LOST_ROB_STALL_WAIT_FOR_GAP_FILL                0        0.000%                0        0.000%
INST_LOST_ROB_STALL_WAIT_FOR_L1_MISS                 0        0.000%                0        0.000%
INST_LOST_ROB_STALL_WAIT_FOR_MEMORY                  0        0.000%                0        0.000%
INST_LOST_ROB_STALL_WAIT_FOR_DC_MISS            155304        0.188%           332640        0.201%
INST_LOST_ROB_BLOCK_ISSUE_FULL                       0        0.000%                0        0.000%
INST_LOST_ROB_BLOCK_ISSUE_GAP_TOO_LARGE              0        0.000%                0        0.000%
INST_LOST_BREAK_DONT                                 0        0.000%                0        0.000%
INST_LOST_BREAK_FT_UNAVAILABLE                 2134964        2.589%          4281620        2.591%
INST_LOST_BREAK_ICACHE_STAGE_RESTEER             19773        0.024%            40090        0.024%
INST_LOST_BREAK_ICACHE_MISS_REQ_SUCCESS              0        0.000%              143        0.000%
INST_LOST_BREAK_ICACHE_MISS_REQ_FAILURE              0        0.000%                0        0.000%
INST_LOST_BREAK_ICACHE_WAIT_FOR_MISS                 0        0.000%             7728        0.005%
INST_LOST_BREAK_ICACHE_STALLED                     690        0.001%             1863        0.001%
INST_LOST_BREAK_ICACHE_TO_UOP_CACHE_SWITCH        303855        0.368%           621019        0.376%
INST_LOST_BREAK_ICACHE_READ_LIMIT               447992        0.543%           897558        0.543%
INST_LOST_BREAK_ICACHE_ISSUE_WIDTH                   0        0.000%                0        0.000%
INST_LOST_BREAK_UOP_CACHE_STALLED               232693        0.282%           649553        0.393%
INST_LOST_BREAK_UOP_CACHE_TO_ICACHE_SWITCH        269544        0.327%           560458        0.339%
INST_LOST_BREAK_UOP_CACHE_READ_LIMIT          13932897       16.893%         27932943       16.906%
INST_LOST_BREAK_UOP_CACHE_ISSUE_WIDTH                0        0.000%                0        0.000%
                                              82477669      100.000%        165221430      100.000%
                                                  5.37         8.72              5.40         8.74

INST_LOST_TOTAL                               95691264                      192623954              

INST_LOST_WAIT_FOR_ICACHE_MISS_NOT_PREFETCHED             0         -nan%                0        0.000%
INST_LOST_WAIT_FOR_ICACHE_MISS_PREFETCHED_AND_EVICTED_BY_IFETCH             0         -nan%                0        0.000%
INST_LOST_WAIT_FOR_ICACHE_MISS_PREFETCHED_AND_EVICTED_BY_FDIP             0         -nan%                0        0.000%
INST_LOST_WAIT_FOR_ICACHE_MISS_MSHR_HIT_PREF_OFFPATH             0         -nan%                0        0.000%
INST_LOST_WAIT_FOR_ICACHE_MISS_MSHR_HIT_PREF_ONPATH             0         -nan%             5652      100.000%
                                                     0         -nan%             5652      100.000%
                                                  -nan         -nan              4.00         4.00

FETCH_0_OPS                                     533769        3.254%          1072375        3.247%
FETCH_1_OPS                                    1294870        7.893%          2621972        7.938%
FETCH_2_OPS                                     874972        5.333%          1768502        5.354%
FETCH_3_OPS                                    1200614        7.318%          2416158        7.315%
FETCH_4_OPS                                    1428594        8.708%          2887181        8.741%
FETCH_5_OPS                                     447374        2.727%           912645        2.763%
FETCH_6_OPS                                   10625159       64.766%         21351930       64.643%
FETCH_7_OPS                                          0        0.000%                0        0.000%
FETCH_8_OPS                                          0        0.000%                0        0.000%
FETCH_9_OPS                                          0        0.000%                0        0.000%
FETCH_10_OPS                                         0        0.000%                0        0.000%
FETCH_11_OPS                                         0        0.000%                0        0.000%
FETCH_12_OPS                                         0        0.000%                0        0.000%
FETCH_13_OPS                                         0        0.000%                0        0.000%
FETCH_14_OPS                                         0        0.000%                0        0.000%
FETCH_15_OPS                                         0        0.000%                0        0.000%
FETCH_16_OPS                                         0        0.000%                0        0.000%
                                              16405352      100.000%         33030763      100.000%
                                                  4.78         1.67              4.77         1.67

ST_BREAK_DONT                                        0        0.000%                0        0.000%
ST_BREAK_FT_UNAVAILABLE                         533741        3.253%          1070405        3.241%
ST_BREAK_ICACHE_STAGE_RESTEER                     5599        0.034%            11364        0.034%
ST_BREAK_ICACHE_MISS_REQ_SUCCESS                     0        0.000%               52        0.000%
ST_BREAK_ICACHE_MISS_REQ_FAILURE                     0        0.000%                0        0.000%
ST_BREAK_ICACHE_WAIT_FOR_MISS                        0        0.000%             1932        0.006%
ST_BREAK_ICACHE_STALLED                           1226        0.007%             4772        0.014%
ST_BREAK_ICACHE_TO_UOP_CACHE_SWITCH             141779        0.864%           290201        0.879%
ST_BREAK_ICACHE_READ_LIMIT                      185855        1.133%           372572        1.128%
ST_BREAK_ICACHE_ISSUE_WIDTH                     507309        3.092%          1039325        3.147%
ST_BREAK_UOP_CACHE_STALLED                     2272664       13.853%          4740501       14.352%
ST_BREAK_UOP_CACHE_TO_ICACHE_SWITCH              78499        0.478%           163068        0.494%
ST_BREAK_UOP_CACHE_READ_LIMIT                  4259590       25.965%          8535674       25.842%
ST_BREAK_UOP_CACHE_ISSUE_WIDTH                 8419090       51.319%         16800897       50.864%
                                              16405352      100.000%         33030763      100.000%
                                                 11.69         8.70             11.67         8.66

ORACLE_ON_PATH_INST                           12290715       18.926%         24591564       18.943%
ORACLE_OFF_PATH_INST                          52650636       81.074%        105228737       81.057%
                                              64941351      100.000%        129820301      100.000%
                                                  0.81         0.75              0.81         0.75

ORACLE_ON_PATH_INST_MEM                        4431780        6.824%          8858647        6.824%
ORACLE_ON_PATH_INST_NOTMEM                     7858935       12.102%         15732917       12.119%
ORACLE_OFF_PATH_INST_MEM                      19563524       30.125%         39031092       30.065%
ORACLE_OFF_PATH_INST_NOTMEM                   33087112       50.949%         66197645       50.992%
                                              64941351      100.000%        129820301      100.000%
                                                  2.25         1.75              2.25         1.76

ICACHE_CYCLE_NONRA_ONPATH                            0         -nan%                0         -nan%
ICACHE_CYCLE_NONRA_OFFPATH                           0         -nan%                0         -nan%
ICACHE_CYCLE_RA_ONPATH                               0         -nan%                0         -nan%
ICACHE_CYCLE_RA_OFFPATH                              0         -nan%                0         -nan%
                                                     0         -nan%                0         -nan%
                                                  -nan         -nan              -nan         -nan

ICACHE_CYCLE_ONPATH_NONRA                            0         -nan%                0         -nan%
ICACHE_CYCLE_OFFPATH_NONRA                           0         -nan%                0         -nan%
                                                     0         -nan%                0         -nan%
                                                  -nan         -nan              -nan         -nan

ICACHE_CYCLE_ONPATH_RA                               0         -nan%                0         -nan%
ICACHE_CYCLE_OFFPATH_RA                              0         -nan%                0         -nan%
                                                     0         -nan%                0         -nan%
                                                  -nan         -nan              -nan         -nan

INACCURATE_OFFPATH_CYCLES                            0        0.0000                0        0.0000

FETCH_ALL_INST                                64941351                      129820301              

EXEC_ALL_INST                                 32669822                       65197201              

RET_ALL_INST                                  12290816                       24591564              

EXEC_ON_PATH_INST                             12290775       37.621%         24591564       37.719%
EXEC_OFF_PATH_INST                            20379047       62.379%         40605637       62.281%
                                              32669822      100.000%         65197201      100.000%
                                                  0.62         0.58              0.62         0.57

EXEC_ON_PATH_INST_MEM                          4431800       13.565%          8858647       13.587%
EXEC_ON_PATH_INST_NOTMEM                       7858975       24.056%         15732917       24.131%
EXEC_OFF_PATH_INST_MEM                         7793915       23.857%         15497100       23.770%
EXEC_OFF_PATH_INST_NOTMEM                     12585132       38.522%         25108537       38.512%
                                              32669822      100.000%         65197201      100.000%
                                                  1.87         1.42              1.87         1.42

EXEC_RA_INST                                         0         -nan%                0         -nan%
EXEC_NONRA_INST                                      0         -nan%                0         -nan%
                                                     0         -nan%                0         -nan%
                                                  -nan         -nan              -nan         -nan

EXEC_ON_PATH_INST_RA                                 0         -nan%                0         -nan%
EXEC_OFF_PATH_INST_RA                                0         -nan%                0         -nan%
                                                     0         -nan%                0         -nan%
                                                  -nan         -nan              -nan         -nan

EXEC_ON_PATH_INST_NONRA                              0         -nan%                0         -nan%
EXEC_OFF_PATH_INST_NONRA                             0         -nan%                0         -nan%
                                                     0         -nan%                0         -nan%
                                                  -nan         -nan              -nan         -nan

EXEC_RA_ON_PATH_INST                                 0         -nan%                0         -nan%
EXEC_RA_OFF_PATH_INST                                0         -nan%                0         -nan%
EXEC_NONRA_ON_PATH_INST                              0         -nan%                0         -nan%
EXEC_NONRA_OFF_PATH_INST                             0         -nan%                0         -nan%
                                                     0         -nan%                0         -nan%
                                                  -nan         -nan              -nan         -nan

ICACHE_THROTTLE_CYCLE                                0                              0              

FETCH_ENABLE_THROTTLE_OFF_PATH                       0         -nan%                0         -nan%
FETCH_ENABLE_THROTTLE_ON_PATH                        0         -nan%                0         -nan%
                                                     0         -nan%                0         -nan%
                                                  -nan         -nan              -nan         -nan

FETCH_DISABLE_THROTTLE_OFF_PATH                      0         -nan%                0         -nan%
FETCH_DISABLE_THROTTLE_ON_PATH                       0         -nan%                0         -nan%
                                                     0         -nan%                0         -nan%
                                                  -nan         -nan              -nan         -nan

FETCH_TH_ADJUST__0                                   0         -nan%                0         -nan%
FETCH_TH_ADJUST__1                                   0         -nan%                0         -nan%
FETCH_TH_ADJUST__2                                   0         -nan%                0         -nan%
FETCH_TH_ADJUST__3                                   0         -nan%                0         -nan%
FETCH_TH_ADJUST__4                                   0         -nan%                0         -nan%
FETCH_TH_ADJUST__5                                   0         -nan%                0         -nan%
FETCH_TH_ADJUST__6                                   0         -nan%                0         -nan%
FETCH_TH_ADJUST__7                                   0         -nan%                0         -nan%
FETCH_TH_ADJUST__8                                   0         -nan%                0         -nan%
FETCH_TH_ADJUST__9                                   0         -nan%                0         -nan%
FETCH_TH_ADJUST__MAX                                 0         -nan%                0         -nan%
                                                     0         -nan%                0         -nan%
                                                  -nan         -nan              -nan         -nan

FETCH_TH_ADJUST_UP                                   0         -nan%                0         -nan%
FETCH_TH_ADJUST_DOWN                                 0         -nan%                0         -nan%
FETCH_TH_ADJUST_SAME                                 0         -nan%                0         -nan%
                                                     0         -nan%                0         -nan%
                                                  -nan         -nan              -nan         -nan

THROTTLE_ADJUST_CACHE_MISS_INFO                      0                              0              

LOW_CONF_COUNT_BP_MIS_0                              0         -nan%                0         -nan%
LOW_CONF_COUNT_BP_MIS_1                              0         -nan%                0         -nan%
LOW_CONF_COUNT_BP_MIS_2                              0         -nan%                0         -nan%
LOW_CONF_COUNT_BP_MIS_3                              0         -nan%                0         -nan%
LOW_CONF_COUNT_BP_MIS_4                              0         -nan%                0         -nan%
LOW_CONF_COUNT_BP_MIS_5                              0         -nan%                0         -nan%
LOW_CONF_COUNT_BP_MIS_6                              0         -nan%                0         -nan%
LOW_CONF_COUNT_BP_MIS_7                              0         -nan%                0         -nan%
LOW_CONF_COUNT_BP_MIS_8                              0         -nan%                0         -nan%
LOW_CONF_COUNT_BP_MIS_9                              0         -nan%                0         -nan%
LOW_CONF_COUNT_BP_MIS_10                             0         -nan%                0         -nan%
LOW_CONF_COUNT_BP_MIS_11                             0         -nan%                0         -nan%
LOW_CONF_COUNT_BP_MIS_12                             0         -nan%                0         -nan%
LOW_CONF_COUNT_BP_MIS_13                             0         -nan%                0         -nan%
LOW_CONF_COUNT_BP_MIS_14                             0         -nan%                0         -nan%
LOW_CONF_COUNT_BP_MIS_15                             0         -nan%                0         -nan%
LOW_CONF_COUNT_BP_MIS_16                             0         -nan%                0         -nan%
LOW_CONF_COUNT_BP_MIS_17                             0         -nan%                0         -nan%
LOW_CONF_COUNT_BP_MIS_18                             0         -nan%                0         -nan%
LOW_CONF_COUNT_BP_MIS_19                             0         -nan%                0         -nan%
LOW_CONF_COUNT_BP_MIS_20                             0         -nan%                0         -nan%
                                                     0         -nan%                0         -nan%
                                                  -nan         -nan              -nan         -nan

LOW_CONF_COUNT_RET_0                                 0         -nan%                0         -nan%
LOW_CONF_COUNT_RET_1                                 0         -nan%                0         -nan%
LOW_CONF_COUNT_RET_2                                 0         -nan%                0         -nan%
LOW_CONF_COUNT_RET_3                                 0         -nan%                0         -nan%
LOW_CONF_COUNT_RET_4                                 0         -nan%                0         -nan%
LOW_CONF_COUNT_RET_5                                 0         -nan%                0         -nan%
LOW_CONF_COUNT_RET_6                                 0         -nan%                0         -nan%
LOW_CONF_COUNT_RET_7                                 0         -nan%                0         -nan%
LOW_CONF_COUNT_RET_8                                 0         -nan%                0         -nan%
LOW_CONF_COUNT_RET_9                                 0         -nan%                0         -nan%
LOW_CONF_COUNT_RET_10                                0         -nan%                0         -nan%
LOW_CONF_COUNT_RET_11                                0         -nan%                0         -nan%
LOW_CONF_COUNT_RET_12                                0         -nan%                0         -nan%
LOW_CONF_COUNT_RET_13                                0         -nan%                0         -nan%
LOW_CONF_COUNT_RET_14                                0         -nan%                0         -nan%
LOW_CONF_COUNT_RET_15                                0         -nan%                0         -nan%
LOW_CONF_COUNT_RET_16                                0         -nan%                0         -nan%
LOW_CONF_COUNT_RET_17                                0         -nan%                0         -nan%
LOW_CONF_COUNT_RET_18                                0         -nan%                0         -nan%
LOW_CONF_COUNT_RET_19                                0         -nan%                0         -nan%
LOW_CONF_COUNT_RET_20                                0         -nan%                0         -nan%
                                                     0         -nan%                0         -nan%
                                                  -nan         -nan              -nan         -nan

CYCLES_RESTEER_MISPRED                               0         -nan%                0         -nan%
CYCLES_RESTEER_MISFETCH                              0         -nan%                0         -nan%
CYCLES_RESTEER_BTB_MISS                              0         -nan%                0         -nan%
                                                     0         -nan%                0         -nan%
                                                  -nan         -nan              -nan         -nan

CYCLES_RESTEER_MISPRED_SAVED_UC_FETCH                0         -nan%                0         -nan%
CYCLES_RESTEER_MISPRED_COULD_BE_SAVED_UC_FETCH             0         -nan%                0         -nan%
CYCLES_RESTEER_MISFETCH_SAVED_UC_FETCH               0         -nan%                0         -nan%
CYCLES_RESTEER_MISFETCH_COULD_BE_SAVED_UC_FETCH             0         -nan%                0         -nan%
CYCLES_RESTEER_BTB_MISS_SAVED_UC_FETCH               0         -nan%                0         -nan%
CYCLES_RESTEER_BTB_MISS_COULD_BE_SAVED_UC_FETCH             0         -nan%                0         -nan%
                                                     0         -nan%                0         -nan%
                                                  -nan         -nan              -nan         -nan

CYCLES_UOC_IC_SWITCH                                 0                              0              



