               ramulator.active_cycles_0             7899908                                      # Total active cycles for level _0
                 ramulator.busy_cycles_0             7899908                                      # (All-bank refresh only. busy cycles only include refresh time in rank level) The sum of cycles that the DRAM part is active or under refresh for level _0
            ramulator.serving_requests_0            13753222                                      # The sum of read and write requests that are served in this DRAM element per memory cycle for level _0
    ramulator.average_serving_requests_0            1.110336                                      # The average of read and write requests that are served in this DRAM element per memory cycle for level _0
             ramulator.active_cycles_0_0             7899908                                      # Total active cycles for level _0_0
               ramulator.busy_cycles_0_0             8162828                                      # (All-bank refresh only. busy cycles only include refresh time in rank level) The sum of cycles that the DRAM part is active or under refresh for level _0_0
          ramulator.serving_requests_0_0            13753222                                      # The sum of read and write requests that are served in this DRAM element per memory cycle for level _0_0
  ramulator.average_serving_requests_0_0            1.110336                                      # The average of read and write requests that are served in this DRAM element per memory cycle for level _0_0
           ramulator.active_cycles_0_0_0             2132504                                      # Total active cycles for level _0_0_0
             ramulator.busy_cycles_0_0_0             2132504                                      # (All-bank refresh only. busy cycles only include refresh time in rank level) The sum of cycles that the DRAM part is active or under refresh for level _0_0_0
        ramulator.serving_requests_0_0_0             2671285                                      # The sum of read and write requests that are served in this DRAM element per memory cycle for level _0_0_0
ramulator.average_serving_requests_0_0_0            0.215660                                      # The average of read and write requests that are served in this DRAM element per memory cycle for level _0_0_0
         ramulator.active_cycles_0_0_0_0              326212                                      # Total active cycles for level _0_0_0_0
           ramulator.busy_cycles_0_0_0_0              326212                                      # (All-bank refresh only. busy cycles only include refresh time in rank level) The sum of cycles that the DRAM part is active or under refresh for level _0_0_0_0
      ramulator.serving_requests_0_0_0_0              402010                                      # The sum of read and write requests that are served in this DRAM element per memory cycle for level _0_0_0_0
ramulator.average_serving_requests_0_0_0_0            0.032455                                      # The average of read and write requests that are served in this DRAM element per memory cycle for level _0_0_0_0
         ramulator.active_cycles_0_0_0_1              337765                                      # Total active cycles for level _0_0_0_1
           ramulator.busy_cycles_0_0_0_1              337765                                      # (All-bank refresh only. busy cycles only include refresh time in rank level) The sum of cycles that the DRAM part is active or under refresh for level _0_0_0_1
      ramulator.serving_requests_0_0_0_1              418872                                      # The sum of read and write requests that are served in this DRAM element per memory cycle for level _0_0_0_1
ramulator.average_serving_requests_0_0_0_1            0.033817                                      # The average of read and write requests that are served in this DRAM element per memory cycle for level _0_0_0_1
         ramulator.active_cycles_0_0_0_2             1051747                                      # Total active cycles for level _0_0_0_2
           ramulator.busy_cycles_0_0_0_2             1051747                                      # (All-bank refresh only. busy cycles only include refresh time in rank level) The sum of cycles that the DRAM part is active or under refresh for level _0_0_0_2
      ramulator.serving_requests_0_0_0_2             1136648                                      # The sum of read and write requests that are served in this DRAM element per memory cycle for level _0_0_0_2
ramulator.average_serving_requests_0_0_0_2            0.091765                                      # The average of read and write requests that are served in this DRAM element per memory cycle for level _0_0_0_2
         ramulator.active_cycles_0_0_0_3              636471                                      # Total active cycles for level _0_0_0_3
           ramulator.busy_cycles_0_0_0_3              636471                                      # (All-bank refresh only. busy cycles only include refresh time in rank level) The sum of cycles that the DRAM part is active or under refresh for level _0_0_0_3
      ramulator.serving_requests_0_0_0_3              713755                                      # The sum of read and write requests that are served in this DRAM element per memory cycle for level _0_0_0_3
ramulator.average_serving_requests_0_0_0_3            0.057623                                      # The average of read and write requests that are served in this DRAM element per memory cycle for level _0_0_0_3
           ramulator.active_cycles_0_0_1             3668552                                      # Total active cycles for level _0_0_1
             ramulator.busy_cycles_0_0_1             3668552                                      # (All-bank refresh only. busy cycles only include refresh time in rank level) The sum of cycles that the DRAM part is active or under refresh for level _0_0_1
        ramulator.serving_requests_0_0_1             4470186                                      # The sum of read and write requests that are served in this DRAM element per memory cycle for level _0_0_1
ramulator.average_serving_requests_0_0_1            0.360891                                      # The average of read and write requests that are served in this DRAM element per memory cycle for level _0_0_1
         ramulator.active_cycles_0_0_1_0              884418                                      # Total active cycles for level _0_0_1_0
           ramulator.busy_cycles_0_0_1_0              884418                                      # (All-bank refresh only. busy cycles only include refresh time in rank level) The sum of cycles that the DRAM part is active or under refresh for level _0_0_1_0
      ramulator.serving_requests_0_0_1_0              972517                                      # The sum of read and write requests that are served in this DRAM element per memory cycle for level _0_0_1_0
ramulator.average_serving_requests_0_0_1_0            0.078514                                      # The average of read and write requests that are served in this DRAM element per memory cycle for level _0_0_1_0
         ramulator.active_cycles_0_0_1_1              356557                                      # Total active cycles for level _0_0_1_1
           ramulator.busy_cycles_0_0_1_1              356557                                      # (All-bank refresh only. busy cycles only include refresh time in rank level) The sum of cycles that the DRAM part is active or under refresh for level _0_0_1_1
      ramulator.serving_requests_0_0_1_1              437876                                      # The sum of read and write requests that are served in this DRAM element per memory cycle for level _0_0_1_1
ramulator.average_serving_requests_0_0_1_1            0.035351                                      # The average of read and write requests that are served in this DRAM element per memory cycle for level _0_0_1_1
         ramulator.active_cycles_0_0_1_2             2033292                                      # Total active cycles for level _0_0_1_2
           ramulator.busy_cycles_0_0_1_2             2033292                                      # (All-bank refresh only. busy cycles only include refresh time in rank level) The sum of cycles that the DRAM part is active or under refresh for level _0_0_1_2
      ramulator.serving_requests_0_0_1_2             2138753                                      # The sum of read and write requests that are served in this DRAM element per memory cycle for level _0_0_1_2
ramulator.average_serving_requests_0_0_1_2            0.172667                                      # The average of read and write requests that are served in this DRAM element per memory cycle for level _0_0_1_2
         ramulator.active_cycles_0_0_1_3              815243                                      # Total active cycles for level _0_0_1_3
           ramulator.busy_cycles_0_0_1_3              815243                                      # (All-bank refresh only. busy cycles only include refresh time in rank level) The sum of cycles that the DRAM part is active or under refresh for level _0_0_1_3
      ramulator.serving_requests_0_0_1_3              921040                                      # The sum of read and write requests that are served in this DRAM element per memory cycle for level _0_0_1_3
ramulator.average_serving_requests_0_0_1_3            0.074358                                      # The average of read and write requests that are served in this DRAM element per memory cycle for level _0_0_1_3
           ramulator.active_cycles_0_0_2             3048365                                      # Total active cycles for level _0_0_2
             ramulator.busy_cycles_0_0_2             3048365                                      # (All-bank refresh only. busy cycles only include refresh time in rank level) The sum of cycles that the DRAM part is active or under refresh for level _0_0_2
        ramulator.serving_requests_0_0_2             3791514                                      # The sum of read and write requests that are served in this DRAM element per memory cycle for level _0_0_2
ramulator.average_serving_requests_0_0_2            0.306099                                      # The average of read and write requests that are served in this DRAM element per memory cycle for level _0_0_2
         ramulator.active_cycles_0_0_2_0              726720                                      # Total active cycles for level _0_0_2_0
           ramulator.busy_cycles_0_0_2_0              726720                                      # (All-bank refresh only. busy cycles only include refresh time in rank level) The sum of cycles that the DRAM part is active or under refresh for level _0_0_2_0
      ramulator.serving_requests_0_0_2_0              809723                                      # The sum of read and write requests that are served in this DRAM element per memory cycle for level _0_0_2_0
ramulator.average_serving_requests_0_0_2_0            0.065371                                      # The average of read and write requests that are served in this DRAM element per memory cycle for level _0_0_2_0
         ramulator.active_cycles_0_0_2_1             1032936                                      # Total active cycles for level _0_0_2_1
           ramulator.busy_cycles_0_0_2_1             1032936                                      # (All-bank refresh only. busy cycles only include refresh time in rank level) The sum of cycles that the DRAM part is active or under refresh for level _0_0_2_1
      ramulator.serving_requests_0_0_2_1             1133381                                      # The sum of read and write requests that are served in this DRAM element per memory cycle for level _0_0_2_1
ramulator.average_serving_requests_0_0_2_1            0.091501                                      # The average of read and write requests that are served in this DRAM element per memory cycle for level _0_0_2_1
         ramulator.active_cycles_0_0_2_2              853671                                      # Total active cycles for level _0_0_2_2
           ramulator.busy_cycles_0_0_2_2              853671                                      # (All-bank refresh only. busy cycles only include refresh time in rank level) The sum of cycles that the DRAM part is active or under refresh for level _0_0_2_2
      ramulator.serving_requests_0_0_2_2              947115                                      # The sum of read and write requests that are served in this DRAM element per memory cycle for level _0_0_2_2
ramulator.average_serving_requests_0_0_2_2            0.076463                                      # The average of read and write requests that are served in this DRAM element per memory cycle for level _0_0_2_2
         ramulator.active_cycles_0_0_2_3              814262                                      # Total active cycles for level _0_0_2_3
           ramulator.busy_cycles_0_0_2_3              814262                                      # (All-bank refresh only. busy cycles only include refresh time in rank level) The sum of cycles that the DRAM part is active or under refresh for level _0_0_2_3
      ramulator.serving_requests_0_0_2_3              901295                                      # The sum of read and write requests that are served in this DRAM element per memory cycle for level _0_0_2_3
ramulator.average_serving_requests_0_0_2_3            0.072764                                      # The average of read and write requests that are served in this DRAM element per memory cycle for level _0_0_2_3
           ramulator.active_cycles_0_0_3             2194565                                      # Total active cycles for level _0_0_3
             ramulator.busy_cycles_0_0_3             2194565                                      # (All-bank refresh only. busy cycles only include refresh time in rank level) The sum of cycles that the DRAM part is active or under refresh for level _0_0_3
        ramulator.serving_requests_0_0_3             2778696                                      # The sum of read and write requests that are served in this DRAM element per memory cycle for level _0_0_3
ramulator.average_serving_requests_0_0_3            0.224332                                      # The average of read and write requests that are served in this DRAM element per memory cycle for level _0_0_3
         ramulator.active_cycles_0_0_3_0              395364                                      # Total active cycles for level _0_0_3_0
           ramulator.busy_cycles_0_0_3_0              395364                                      # (All-bank refresh only. busy cycles only include refresh time in rank level) The sum of cycles that the DRAM part is active or under refresh for level _0_0_3_0
      ramulator.serving_requests_0_0_3_0              479111                                      # The sum of read and write requests that are served in this DRAM element per memory cycle for level _0_0_3_0
ramulator.average_serving_requests_0_0_3_0            0.038680                                      # The average of read and write requests that are served in this DRAM element per memory cycle for level _0_0_3_0
         ramulator.active_cycles_0_0_3_1              719635                                      # Total active cycles for level _0_0_3_1
           ramulator.busy_cycles_0_0_3_1              719635                                      # (All-bank refresh only. busy cycles only include refresh time in rank level) The sum of cycles that the DRAM part is active or under refresh for level _0_0_3_1
      ramulator.serving_requests_0_0_3_1              800036                                      # The sum of read and write requests that are served in this DRAM element per memory cycle for level _0_0_3_1
ramulator.average_serving_requests_0_0_3_1            0.064589                                      # The average of read and write requests that are served in this DRAM element per memory cycle for level _0_0_3_1
         ramulator.active_cycles_0_0_3_2              661275                                      # Total active cycles for level _0_0_3_2
           ramulator.busy_cycles_0_0_3_2              661275                                      # (All-bank refresh only. busy cycles only include refresh time in rank level) The sum of cycles that the DRAM part is active or under refresh for level _0_0_3_2
      ramulator.serving_requests_0_0_3_2              739546                                      # The sum of read and write requests that are served in this DRAM element per memory cycle for level _0_0_3_2
ramulator.average_serving_requests_0_0_3_2            0.059706                                      # The average of read and write requests that are served in this DRAM element per memory cycle for level _0_0_3_2
         ramulator.active_cycles_0_0_3_3              680901                                      # Total active cycles for level _0_0_3_3
           ramulator.busy_cycles_0_0_3_3              680901                                      # (All-bank refresh only. busy cycles only include refresh time in rank level) The sum of cycles that the DRAM part is active or under refresh for level _0_0_3_3
      ramulator.serving_requests_0_0_3_3              760003                                      # The sum of read and write requests that are served in this DRAM element per memory cycle for level _0_0_3_3
ramulator.average_serving_requests_0_0_3_3            0.061357                                      # The average of read and write requests that are served in this DRAM element per memory cycle for level _0_0_3_3
      ramulator.read_transaction_bytes_0            12528256                                      # The total byte of read transaction per channel
     ramulator.write_transaction_bytes_0              232384                                      # The total byte of write transaction per channel
       ramulator.row_hits_channel_0_core              129830                                      # Number of row hits per channel per core
     ramulator.row_misses_channel_0_core                7930                                      # Number of row misses per channel per core
  ramulator.row_conflicts_channel_0_core               61625                                      # Number of row conflicts per channel per core
  ramulator.read_row_hits_channel_0_core              129347                                      # Number of row hits for read requests per channel per core
                                     [0]            129347.0                                      # 
ramulator.read_row_misses_channel_0_core                7651                                      # Number of row misses for read requests per channel per core
                                     [0]              7651.0                                      # 
ramulator.read_row_conflicts_channel_0_core               58756                                      # Number of row conflicts for read requests per channel per core
                                     [0]             58756.0                                      # 
 ramulator.write_row_hits_channel_0_core                 483                                      # Number of row hits for write requests per channel per core
                                     [0]               483.0                                      # 
ramulator.write_row_misses_channel_0_core                 279                                      # Number of row misses for write requests per channel per core
                                     [0]               279.0                                      # 
ramulator.write_row_conflicts_channel_0_core                2869                                      # Number of row conflicts for write requests per channel per core
                                     [0]              2869.0                                      # 
      ramulator.useless_activates_0_core                   5                                      # Number of useless activations. E.g, ACT -> PRE w/o RD or WR
            ramulator.read_latency_avg_0           50.001014                                      # The average memory latency cycles (in memory time domain) per request for all read requests in this channel
            ramulator.read_latency_sum_0             9808699                                      # The memory latency cycles (in memory time domain) sum for all read requests in this channel
        ramulator.req_queue_length_avg_0           13.958729                                      # Average of read and write queue length per memory cycle per channel.
        ramulator.req_queue_length_sum_0           172900367                                      # Sum of read and write queue length per memory cycle per channel.
   ramulator.read_req_queue_length_avg_0            0.704328                                      # Read queue length average per memory cycle per channel.
   ramulator.read_req_queue_length_sum_0             8724185                                      # Read queue length sum per memory cycle per channel.
  ramulator.write_req_queue_length_avg_0           13.254401                                      # Write queue length average per memory cycle per channel.
  ramulator.write_req_queue_length_sum_0           164176182                                      # Write queue length sum per memory cycle per channel.
              ramulator.record_read_hits                 0.0                                      # record read hit count for this core when it reaches request limit or to the end
                                     [0]                 0.0                                      # 
            ramulator.record_read_misses                 0.0                                      # record_read_miss count for this core when it reaches request limit or to the end
                                     [0]                 0.0                                      # 
         ramulator.record_read_conflicts                 0.0                                      # record read conflict count for this core when it reaches request limit or to the end
                                     [0]                 0.0                                      # 
             ramulator.record_write_hits                 0.0                                      # record write hit count for this core when it reaches request limit or to the end
                                     [0]                 0.0                                      # 
           ramulator.record_write_misses                 0.0                                      # record write miss count for this core when it reaches request limit or to the end
                                     [0]                 0.0                                      # 
        ramulator.record_write_conflicts                 0.0                                      # record write conflict for this core when it reaches request limit or to the end
                                     [0]                 0.0                                      # 
                 ramulator.dram_capacity          8589934592                                      # Number of bytes in simulated DRAM
                   ramulator.dram_cycles            12386541                                      # Number of DRAM cycles simulated
             ramulator.incoming_requests              199811                                      # Number of incoming requests to DRAM
                 ramulator.read_requests              196170                                      # Number of incoming read requests to DRAM per core
                                     [0]            196170.0                                      # 
                ramulator.write_requests                3641                                      # Number of incoming write requests to DRAM per core
                                     [0]              3641.0                                      # 
       ramulator.ramulator_active_cycles             7938202                                      # The total number of cycles that the DRAM part is active (serving R/W)
 ramulator.incoming_requests_per_channel            199811.0                                      # Number of incoming requests to each DRAM channel
                                     [0]            199811.0                                      # 
ramulator.incoming_read_reqs_per_channel            196170.0                                      # Number of incoming read requests to each DRAM channel
                                     [0]            196170.0                                      # 
     ramulator.physical_page_replacement                   0                                      # The number of times that physical page replacement happens.
             ramulator.maximum_bandwidth         19200000000                                      # The theoretical maximum bandwidth (Bps)
          ramulator.in_queue_req_num_sum           172900367                                      # Sum of read/write queue length
     ramulator.in_queue_read_req_num_sum             8724185                                      # Sum of read queue length
    ramulator.in_queue_write_req_num_sum           164176182                                      # Sum of write queue length
          ramulator.in_queue_req_num_avg           13.958729                                      # Average of read/write queue length per memory cycle
     ramulator.in_queue_read_req_num_avg            0.704328                                      # Average of read queue length per memory cycle
    ramulator.in_queue_write_req_num_avg           13.254401                                      # Average of write queue length per memory cycle
          ramulator.record_read_requests                 0.0                                      # record read requests for this core when it reaches request limit or to the end
                                     [0]                 0.0                                      # 
         ramulator.record_write_requests                 0.0                                      # record write requests for this core when it reaches request limit or to the end
                                     [0]                 0.0                                      # 
