Scarab gitrev: 4a1223f
Warning: Scarab expects the trace file type to include OFFLINE_FILE_TYPE_ARCH_REGDEPS (0x20000), but got type: 0xe40
Scarab started at Tue Jun  2 01:23:48 2026

Initialized Ramulator. 
** Heartbeat:   5% -- { 1000003 } -- 0.00 KIPS (47.62 KIPS)
** Heartbeat:  10% -- { 2000003 } -- 45.45 KIPS (46.51 KIPS)
** Heartbeat:  15% -- { 3000005 } -- 45.45 KIPS (46.15 KIPS)
** Heartbeat:  20% -- { 4000008 } -- 55.56 KIPS (48.19 KIPS)
** Heartbeat:  25% -- { 5000008 } -- 62.50 KIPS (50.51 KIPS)
** Heartbeat:  30% -- { 6000009 } -- 52.63 KIPS (50.85 KIPS)
** Heartbeat:  35% -- { 7000011 } -- 58.82 KIPS (51.85 KIPS)
** Heartbeat:  40% -- { 8000014 } -- 58.82 KIPS (52.63 KIPS)
** Heartbeat:  45% -- { 9000018 } -- 55.56 KIPS (52.94 KIPS)
** Heartbeat:  50% -- { 10000021 } -- 55.56 KIPS (53.19 KIPS)
** Heartbeat:  55% -- { 11000023 } -- 55.56 KIPS (53.40 KIPS)
** Heartbeat:  60% -- { 12000023 } -- 50.00 KIPS (53.10 KIPS)
** Heartbeat:  65% -- { 13000023 } -- 58.82 KIPS (53.50 KIPS)
** Heartbeat:  70% -- { 14000023 } -- 66.67 KIPS (54.26 KIPS)
** Heartbeat:  75% -- { 15000024 } -- 62.50 KIPS (54.74 KIPS)
** Heartbeat:  80% -- { 16000027 } -- 45.45 KIPS (54.05 KIPS)
** Heartbeat:  85% -- { 17000028 } -- 58.82 KIPS (54.31 KIPS)
** Heartbeat:  90% -- { 18000030 } -- 62.50 KIPS (54.71 KIPS)
** Heartbeat:  95% -- { 19000033 } -- 71.43 KIPS (55.39 KIPS)
Reached end of trace (last_inst) pc=0x7ffff3dac11f
** Core 0 Finished:    insts:19999999    cycles:33030763    time:10322113437500      -- 0.61 IPC (0.61 IPC) --  N/A  KIPS (55.87 KIPS)
Scarab finished at Tue Jun  2 01:29:46 2026

01:27:36 2026

