/* -*- Mode: c -*- */
####################################################################################################
Core 0
####################################################################################################
Cumulative:        Cycles: 33030763              Instructions: 19999999              IPC: 0.60550

Periodic:          Cycles: 16405352              Instructions: 9999995               IPC: 0.60956

DCACHE_PREF_HIT                                      0                              0              

IFETCH_WB_FIRST_SCHEDULE                             0         -nan%                0         -nan%
PREFETCH_LAST_SCHEDULE                               0         -nan%                0         -nan%
DEMAND_PASS_PREF_SCHEDULE                            0         -nan%                0         -nan%
DEMAND_PASS_LOW_OP_SCHEDULE                          0         -nan%                0         -nan%
DEMAND_LAST_SCHEDULE                                 0         -nan%                0         -nan%
                                                     0         -nan%                0         -nan%
                                                  -nan         -nan              -nan         -nan

SEND_MISS_REQ_QUEUE                              97770                         196170              

L1_DATA_EVICT                                    97814                         179875              

STREAM_BUFFER_REQ                                    0                              0              

PREF_SEND_TO_MEM_REQ                                 0         -nan%                0         -nan%
PREF_SEND_TO_MEM_REQ_FAIL                            0         -nan%                0         -nan%
                                                     0         -nan%                0         -nan%
                                                  -nan         -nan              -nan         -nan

HIT_TRAIN_STREAM                                 62541       66.255%           120577       63.818%
MISS_TRAIN_STREAM                                31853       33.745%            68363       36.182%
                                                 94394      100.000%           188940      100.000%
                                                  0.34         0.43              0.36         0.44

STREAM_TRAIN_CREATE                              29059                          62173              

MEM_REQ_MISS_HWP_PREF_Q                              0         -nan%                0         -nan%
MEM_REQ_MISS_SW_PREF_Q                               0         -nan%                0         -nan%
MEM_REQ_MISS_IFETCH_Q                                0         -nan%                0         -nan%
MEM_REQ_MISS_DFETCH_Q                                0         -nan%                0         -nan%
MEM_REQ_MISS_DSTORE_Q                                0         -nan%                0         -nan%
MEM_REQ_MISS_DPRF_Q                                  0         -nan%                0         -nan%
MEM_REQ_MISS_WB_Q                                    0         -nan%                0         -nan%
                                                     0         -nan%                0         -nan%
                                                  -nan         -nan              -nan         -nan

PREF_HIT_BY_DEMAND_IFETCH                            0         -nan%                0         -nan%
PREF_HIT_BY_DEMAND_DFETCH                            0         -nan%                0         -nan%
PREF_HIT_BY_DEMAND_DSTORE                            0         -nan%                0         -nan%
PREF_HIT_BY_DEMAND_IPREF                             0         -nan%                0         -nan%
PREF_HIT_BY_DEMAND_DPRF                              0         -nan%                0         -nan%
PREF_HIT_BY_DEMAND_WB                                0         -nan%                0         -nan%
PREF_HIT_BY_PREF                                     0         -nan%                0         -nan%
                                                     0         -nan%                0         -nan%
                                                  -nan         -nan              -nan         -nan

PREF_HIT_DEMAND_IFETCH                               0         -nan%                0         -nan%
PREF_HIT_DEMAND_DFETCH                               0         -nan%                0         -nan%
PREF_HIT_DEMAND_DSTORE                               0         -nan%                0         -nan%
PREF_HIT_DEMAND_IPREF                                0         -nan%                0         -nan%
PREF_HIT_DEMAND_DPRF                                 0         -nan%                0         -nan%
PREF_HIT_DEMAND_WB                                   0         -nan%                0         -nan%
                                                     0         -nan%                0         -nan%
                                                  -nan         -nan              -nan         -nan

PREF_L1_FILL                                         0         -nan%                0         -nan%
DEMAND_L1_FILL                                       0         -nan%                0         -nan%
                                                     0         -nan%                0         -nan%
                                                  -nan         -nan              -nan         -nan

TOUCH_L1_REPLACE                                     0        0.000%                0        0.000%
NO_TOUCH_L1_REPLACE                              97814      100.000%           179875      100.000%
                                                 97814      100.000%           179875      100.000%
                                                  1.00         1.00              1.00         1.00

PREF_REQ_QUE_FULL                                    0                              0              

STREAM_REQ_QUEUE_HIT_BY_DEMAND                       0                              0              

L2HIT_STREAM_PREF_REQ_QUE_FULL                       0                              0              

L2HIT_HIT_TRAIN_STREAM                               0         -nan%                0         -nan%
L2HIT_MISS_TRAIN_STREAM                              0         -nan%                0         -nan%
                                                     0         -nan%                0         -nan%
                                                  -nan         -nan              -nan         -nan

L2HIT_STREAM_TRAIN_CREATE                            0                              0              

L2HIT_STREAM_BUFFER_REQ                              0                              0              

L2HIT_STREAM_PREF_DCACHE_HIT                         0         -nan%                0         -nan%
L2HIT_STREAM_PREF_DCACHE_INSERT                      0         -nan%                0         -nan%
L2HIT_STREAM_L2_MISS                                 0         -nan%                0         -nan%
                                                     0         -nan%                0         -nan%
                                                  -nan         -nan              -nan         -nan

L2HIT_STREAM_DCACHE_PORT_FULL                        0                              0              

L2HIT_STREAM_PREF_L1_PORT_FULL                       0                              0              

L2HIT_TRAIN_HIT_DEMAND                               0         -nan%                0         -nan%
L2HIT_TRAIN_MISS_REQ                                 0         -nan%                0         -nan%
                                                     0         -nan%                0         -nan%
                                                  -nan         -nan              -nan         -nan

L2HIT_TRAIN_FILTER_MISS                              0         -nan%                0         -nan%
L2HIT_TRAIN_FILTER_HIT                               0         -nan%                0         -nan%
                                                     0         -nan%                0         -nan%
                                                  -nan         -nan              -nan         -nan

L2HIT_PREF_REQ_DCACHE_HIT                            0         -nan%                0         -nan%
L2HIT_PREF_REQ_DCACHE_MISS                           0         -nan%                0         -nan%
                                                     0         -nan%                0         -nan%
                                                  -nan         -nan              -nan         -nan

L2HIT_L2SEND_Q_FULL                                  0         -nan%                0         -nan%
L2HIT_L2SEND_Q_ENTER                                 0         -nan%                0         -nan%
                                                     0         -nan%                0         -nan%
                                                  -nan         -nan              -nan         -nan

L2HIT_MEM_REQ                                        0                              0              

REMOVE_REDUNDANT_STREAM_STAT                         0                              0              

REPLACE_OLD_STREAM                               29059                          62157              

REQ_SEND_QUEUE_STALL                                 0                              0              

STREAM_ENTER_RA                                      0                              0              

CORE_STREAM_LENGTH_0                                31       18.023%               60       18.462%
CORE_STREAM_LENGTH_10                               64       37.209%              119       36.615%
CORE_STREAM_LENGTH_20                               36       20.930%               72       22.154%
CORE_STREAM_LENGTH_30                                9        5.233%               16        4.923%
CORE_STREAM_LENGTH_40                                3        1.744%                6        1.846%
CORE_STREAM_LENGTH_50                                0        0.000%                0        0.000%
CORE_STREAM_LENGTH_60                                1        0.581%                2        0.615%
CORE_STREAM_LENGTH_70                                1        0.581%                1        0.308%
CORE_STREAM_LENGTH_80                                1        0.581%                3        0.923%
CORE_STREAM_LENGTH_90                                1        0.581%                2        0.615%
CORE_STREAM_LENGTH_100_P                            25       14.535%               44       13.538%
                                                   172      100.000%              325      100.000%
                                                  2.65         3.26              2.57         3.17

CORE_CUM_STREAM_LENGTH_0                           222        0.309%              439        0.318%
CORE_CUM_STREAM_LENGTH_10                          925        1.289%             1718        1.245%
CORE_CUM_STREAM_LENGTH_20                          854        1.190%             1685        1.221%
CORE_CUM_STREAM_LENGTH_30                          289        0.403%              508        0.368%
CORE_CUM_STREAM_LENGTH_40                          130        0.181%              262        0.190%
CORE_CUM_STREAM_LENGTH_50                            0        0.000%                0        0.000%
CORE_CUM_STREAM_LENGTH_60                           65        0.091%              125        0.091%
CORE_CUM_STREAM_LENGTH_70                           74        0.103%               74        0.054%
CORE_CUM_STREAM_LENGTH_80                           86        0.120%              260        0.188%
CORE_CUM_STREAM_LENGTH_90                           97        0.135%              194        0.141%
CORE_CUM_STREAM_LENGTH_100_P                     68995       96.178%           132723       96.184%
                                                 71737      100.000%           137988      100.000%
                                                  9.71         9.63              9.71         9.63

CORE_STREAM_TRAIN_HITS_0                           112       65.116%              221       68.000%
CORE_STREAM_TRAIN_HITS_10                           28       16.279%               45       13.846%
CORE_STREAM_TRAIN_HITS_20                            3        1.744%                6        1.846%
CORE_STREAM_TRAIN_HITS_30                            0        0.000%                2        0.615%
CORE_STREAM_TRAIN_HITS_40                            1        0.581%                1        0.308%
CORE_STREAM_TRAIN_HITS_50                            1        0.581%                1        0.308%
CORE_STREAM_TRAIN_HITS_60                            1        0.581%                3        0.923%
CORE_STREAM_TRAIN_HITS_70                            1        0.581%                2        0.615%
CORE_STREAM_TRAIN_HITS_80                            0        0.000%                0        0.000%
CORE_STREAM_TRAIN_HITS_90                            1        0.581%                1        0.308%
CORE_STREAM_TRAIN_HITS_100_P                        24       13.953%               43       13.231%
                                                   172      100.000%              325      100.000%
                                                  1.77         3.27              1.67         3.20

CORE_CUM_STREAM_TRAIN_HITS_0                       676        1.068%             1376        1.129%
CORE_CUM_STREAM_TRAIN_HITS_10                      344        0.543%              533        0.437%
CORE_CUM_STREAM_TRAIN_HITS_20                       76        0.120%              148        0.121%
CORE_CUM_STREAM_TRAIN_HITS_30                        0        0.000%               69        0.057%
CORE_CUM_STREAM_TRAIN_HITS_40                       44        0.069%               44        0.036%
CORE_CUM_STREAM_TRAIN_HITS_50                       51        0.081%               51        0.042%
CORE_CUM_STREAM_TRAIN_HITS_60                       64        0.101%              194        0.159%
CORE_CUM_STREAM_TRAIN_HITS_70                       79        0.125%              156        0.128%
CORE_CUM_STREAM_TRAIN_HITS_80                        0        0.000%                0        0.000%
CORE_CUM_STREAM_TRAIN_HITS_90                       90        0.142%               90        0.074%
CORE_CUM_STREAM_TRAIN_HITS_100_P                 61900       97.751%           119216       97.817%
                                                 63324      100.000%           121877      100.000%
                                                  9.82         9.74              9.82         9.74

CORE_STREAM_TRAIN_CREATE                         29059                          62173              



