/* -*- Mode: c -*- */
####################################################################################################
Core 0
####################################################################################################
Cumulative:        Cycles: 16218132              Instructions: 19999999              IPC: 1.23319

Periodic:          Cycles: 8100288               Instructions: 9999997               IPC: 1.23452

DCACHE_PREF_HIT                                      0                              0              

IFETCH_WB_FIRST_SCHEDULE                             0         -nan%                0         -nan%
PREFETCH_LAST_SCHEDULE                               0         -nan%                0         -nan%
DEMAND_PASS_PREF_SCHEDULE                            0         -nan%                0         -nan%
DEMAND_PASS_LOW_OP_SCHEDULE                          0         -nan%                0         -nan%
DEMAND_LAST_SCHEDULE                                 0         -nan%                0         -nan%
                                                     0         -nan%                0         -nan%
                                                  -nan         -nan              -nan         -nan

SEND_MISS_REQ_QUEUE                             298675                         606520              

L1_DATA_EVICT                                   298674                         590114              

STREAM_BUFFER_REQ                                    0                              0              

PREF_SEND_TO_MEM_REQ                                 0         -nan%                0         -nan%
PREF_SEND_TO_MEM_REQ_FAIL                            0         -nan%                0         -nan%
                                                     0         -nan%                0         -nan%
                                                  -nan         -nan              -nan         -nan

HIT_TRAIN_STREAM                                253469       98.765%           513269       98.177%
MISS_TRAIN_STREAM                                 3170        1.235%             9531        1.823%
                                                256639      100.000%           522800      100.000%
                                                  0.01         0.11              0.02         0.13

STREAM_TRAIN_CREATE                                833                           2484              

MEM_REQ_MISS_HWP_PREF_Q                              0         -nan%                0         -nan%
MEM_REQ_MISS_SW_PREF_Q                               0         -nan%                0         -nan%
MEM_REQ_MISS_IFETCH_Q                                0         -nan%                0         -nan%
MEM_REQ_MISS_DFETCH_Q                                0         -nan%                0         -nan%
MEM_REQ_MISS_DSTORE_Q                                0         -nan%                0         -nan%
MEM_REQ_MISS_DPRF_Q                                  0         -nan%                0         -nan%
MEM_REQ_MISS_WB_Q                                    0         -nan%                0         -nan%
                                                     0         -nan%                0         -nan%
                                                  -nan         -nan              -nan         -nan

PREF_HIT_BY_DEMAND_IFETCH                            0         -nan%                0         -nan%
PREF_HIT_BY_DEMAND_DFETCH                            0         -nan%                0         -nan%
PREF_HIT_BY_DEMAND_DSTORE                            0         -nan%                0         -nan%
PREF_HIT_BY_DEMAND_IPREF                             0         -nan%                0         -nan%
PREF_HIT_BY_DEMAND_DPRF                              0         -nan%                0         -nan%
PREF_HIT_BY_DEMAND_WB                                0         -nan%                0         -nan%
PREF_HIT_BY_PREF                                     0         -nan%                0         -nan%
                                                     0         -nan%                0         -nan%
                                                  -nan         -nan              -nan         -nan

PREF_HIT_DEMAND_IFETCH                               0         -nan%                0         -nan%
PREF_HIT_DEMAND_DFETCH                               0         -nan%                0         -nan%
PREF_HIT_DEMAND_DSTORE                               0         -nan%                0         -nan%
PREF_HIT_DEMAND_IPREF                                0         -nan%                0         -nan%
PREF_HIT_DEMAND_DPRF                                 0         -nan%                0         -nan%
PREF_HIT_DEMAND_WB                                   0         -nan%                0         -nan%
                                                     0         -nan%                0         -nan%
                                                  -nan         -nan              -nan         -nan

PREF_L1_FILL                                         0         -nan%                0         -nan%
DEMAND_L1_FILL                                       0         -nan%                0         -nan%
                                                     0         -nan%                0         -nan%
                                                  -nan         -nan              -nan         -nan

TOUCH_L1_REPLACE                                     0        0.000%                0        0.000%
NO_TOUCH_L1_REPLACE                             298674      100.000%           590114      100.000%
                                                298674      100.000%           590114      100.000%
                                                  1.00         1.00              1.00         1.00

PREF_REQ_QUE_FULL                                    0                              0              

STREAM_REQ_QUEUE_HIT_BY_DEMAND                       0                              0              

L2HIT_STREAM_PREF_REQ_QUE_FULL                       0                              0              

L2HIT_HIT_TRAIN_STREAM                               0         -nan%                0         -nan%
L2HIT_MISS_TRAIN_STREAM                              0         -nan%                0         -nan%
                                                     0         -nan%                0         -nan%
                                                  -nan         -nan              -nan         -nan

L2HIT_STREAM_TRAIN_CREATE                            0                              0              

L2HIT_STREAM_BUFFER_REQ                              0                              0              

L2HIT_STREAM_PREF_DCACHE_HIT                         0         -nan%                0         -nan%
L2HIT_STREAM_PREF_DCACHE_INSERT                      0         -nan%                0         -nan%
L2HIT_STREAM_L2_MISS                                 0         -nan%                0         -nan%
                                                     0         -nan%                0         -nan%
                                                  -nan         -nan              -nan         -nan

L2HIT_STREAM_DCACHE_PORT_FULL                        0                              0              

L2HIT_STREAM_PREF_L1_PORT_FULL                       0                              0              

L2HIT_TRAIN_HIT_DEMAND                               0         -nan%                0         -nan%
L2HIT_TRAIN_MISS_REQ                                 0         -nan%                0         -nan%
                                                     0         -nan%                0         -nan%
                                                  -nan         -nan              -nan         -nan

L2HIT_TRAIN_FILTER_MISS                              0         -nan%                0         -nan%
L2HIT_TRAIN_FILTER_HIT                               0         -nan%                0         -nan%
                                                     0         -nan%                0         -nan%
                                                  -nan         -nan              -nan         -nan

L2HIT_PREF_REQ_DCACHE_HIT                            0         -nan%                0         -nan%
L2HIT_PREF_REQ_DCACHE_MISS                           0         -nan%                0         -nan%
                                                     0         -nan%                0         -nan%
                                                  -nan         -nan              -nan         -nan

L2HIT_L2SEND_Q_FULL                                  0         -nan%                0         -nan%
L2HIT_L2SEND_Q_ENTER                                 0         -nan%                0         -nan%
                                                     0         -nan%                0         -nan%
                                                  -nan         -nan              -nan         -nan

L2HIT_MEM_REQ                                        0                              0              

REMOVE_REDUNDANT_STREAM_STAT                         0                              0              

REPLACE_OLD_STREAM                                 833                           2468              

REQ_SEND_QUEUE_STALL                                 0                              0              

STREAM_ENTER_RA                                      0                              0              

CORE_STREAM_LENGTH_0                                 1        2.778%                8        1.156%
CORE_STREAM_LENGTH_10                                7       19.444%               50        7.225%
CORE_STREAM_LENGTH_20                               16       44.444%              604       87.283%
CORE_STREAM_LENGTH_30                                0        0.000%                9        1.301%
CORE_STREAM_LENGTH_40                                1        2.778%                3        0.434%
CORE_STREAM_LENGTH_50                                0        0.000%                1        0.145%
CORE_STREAM_LENGTH_60                                0        0.000%                0        0.000%
CORE_STREAM_LENGTH_70                                0        0.000%                0        0.000%
CORE_STREAM_LENGTH_80                                0        0.000%                1        0.145%
CORE_STREAM_LENGTH_90                                0        0.000%                1        0.145%
CORE_STREAM_LENGTH_100_P                            11       30.556%               15        2.168%
                                                    36      100.000%              692      100.000%
                                                  4.25         4.53              2.12         1.31

CORE_CUM_STREAM_LENGTH_0                             7        0.001%               54        0.004%
CORE_CUM_STREAM_LENGTH_10                          100        0.009%              801        0.067%
CORE_CUM_STREAM_LENGTH_20                          382        0.033%            12211        1.016%
CORE_CUM_STREAM_LENGTH_30                            0        0.000%              285        0.024%
CORE_CUM_STREAM_LENGTH_40                           45        0.004%              141        0.012%
CORE_CUM_STREAM_LENGTH_50                            0        0.000%               56        0.005%
CORE_CUM_STREAM_LENGTH_60                            0        0.000%                0        0.000%
CORE_CUM_STREAM_LENGTH_70                            0        0.000%                0        0.000%
CORE_CUM_STREAM_LENGTH_80                            0        0.000%               89        0.007%
CORE_CUM_STREAM_LENGTH_90                            0        0.000%               96        0.008%
CORE_CUM_STREAM_LENGTH_100_P                   1144289       99.953%          1188579       98.858%
                                               1144823      100.000%          1202312      100.000%
                                                 10.00        10.00              9.91         9.89

CORE_STREAM_TRAIN_HITS_0                            24       66.667%              664       95.954%
CORE_STREAM_TRAIN_HITS_10                            1        2.778%               11        1.590%
CORE_STREAM_TRAIN_HITS_20                            0        0.000%                2        0.289%
CORE_STREAM_TRAIN_HITS_30                            0        0.000%                1        0.145%
CORE_STREAM_TRAIN_HITS_40                            2        5.556%                2        0.289%
CORE_STREAM_TRAIN_HITS_50                            0        0.000%                0        0.000%
CORE_STREAM_TRAIN_HITS_60                            0        0.000%                0        0.000%
CORE_STREAM_TRAIN_HITS_70                            0        0.000%                0        0.000%
CORE_STREAM_TRAIN_HITS_80                            0        0.000%                0        0.000%
CORE_STREAM_TRAIN_HITS_90                            1        2.778%                1        0.145%
CORE_STREAM_TRAIN_HITS_100_P                         8       22.222%               11        1.590%
                                                    36      100.000%              692      100.000%
                                                  2.72         3.89              0.21         1.31

CORE_CUM_STREAM_TRAIN_HITS_0                       140        0.028%             5138        0.996%
CORE_CUM_STREAM_TRAIN_HITS_10                       11        0.002%              137        0.027%
CORE_CUM_STREAM_TRAIN_HITS_20                        0        0.000%               49        0.009%
CORE_CUM_STREAM_TRAIN_HITS_30                        0        0.000%               36        0.007%
CORE_CUM_STREAM_TRAIN_HITS_40                       90        0.018%               90        0.017%
CORE_CUM_STREAM_TRAIN_HITS_50                        0        0.000%                0        0.000%
CORE_CUM_STREAM_TRAIN_HITS_60                        0        0.000%                0        0.000%
CORE_CUM_STREAM_TRAIN_HITS_70                        0        0.000%                0        0.000%
CORE_CUM_STREAM_TRAIN_HITS_80                        0        0.000%                0        0.000%
CORE_CUM_STREAM_TRAIN_HITS_90                       91        0.018%               91        0.018%
CORE_CUM_STREAM_TRAIN_HITS_100_P                491647       99.933%           510496       98.926%
                                                491979      100.000%           516037      100.000%
                                                 10.00         9.99              9.90         9.84

CORE_STREAM_TRAIN_CREATE                           833                           2484              



