/* -*- Mode: c -*- */
####################################################################################################
Core 0
####################################################################################################
Cumulative:        Cycles: 14013083              Instructions: 11712088              IPC: 0.83580

Periodic:          Cycles: 7073209               Instructions: 5653250               IPC: 0.79925

CBR_CORRECT                                    9248736       96.609%         17713158       96.356%
CBR_CORRECT_BTB_MISS_NT_NT                      230302        2.406%           472616        2.571%
CBR_RECOVER_MISPREDICT                           93866        0.980%           193898        1.055%
CBR_RECOVER_MISFETCH                                 0        0.000%                0        0.000%
CBR_RECOVER_BTB_MISS_T_T                            78        0.001%              942        0.005%
CBR_RECOVER_BTB_MISS_T_NT                          328        0.003%             1980        0.011%
CBR_RECOVER_BTB_MISS_NT_T                           54        0.001%              376        0.002%
                                               9573364      100.000%         18382970      100.000%
                                                  0.04         0.25              0.05         0.26

BR_CORRECT                                       93658       99.910%           191648       99.734%
BR_RECOVER                                          84        0.090%              512        0.266%
                                                 93742      100.000%           192160      100.000%
                                                  0.00         0.03              0.00         0.05

ICALL_CORRECT_IBTB                              111876       88.745%           231988       88.517%
ICALL_CORRECT_BTB                                14156       11.229%            29776       11.361%
ICALL_RECOVER_IBTB_MISFETCH                          0        0.000%                0        0.000%
ICALL_RECOVER_BTB_MISFETCH                           4        0.003%                8        0.003%
ICALL_RECOVER_XBTB_MISS                             28        0.022%              310        0.118%
                                                126064      100.000%           262082      100.000%
                                                  0.11         0.30              0.12         0.33

IBR_CORRECT_IBTB                                 10864       82.166%            20614       78.125%
IBR_CORRECT_BTB                                   2358       17.834%             5728       21.708%
IBR_RECOVER_IBTB_MISFETCH                            0        0.000%                0        0.000%
IBR_RECOVER_BTB_MISFETCH                             0        0.000%                0        0.000%
IBR_RECOVER_XBTB_MISS                                0        0.000%               44        0.167%
                                                 13222      100.000%            26386      100.000%
                                                  0.18         0.35              0.22         0.39

ICO_CORRECT                                          0         -nan%                0         -nan%
ICO_RECOVER                                          0         -nan%                0         -nan%
                                                     0         -nan%                0         -nan%
                                                  -nan         -nan              -nan         -nan

RET_CORRECT                                     332406       99.876%           691469       99.878%
RET_RECOVER                                        414        0.124%              833        0.120%
RET_RECOVER_UFLOW                                    0        0.000%               12        0.002%
                                                332820      100.000%           692314      100.000%
                                                  0.00         0.04              0.00         0.04

CALL_CORRECT                                    206692       99.969%           429536       99.838%
CALL_RECOVER                                        64        0.031%              696        0.162%
                                                206756      100.000%           430232      100.000%
                                                  0.00         0.02              0.00         0.04

BTB_CORRECT                                    4891082       97.693%          9408144       97.525%
BTB_INCORRECT_BUT_TARGET_CORRECT                     0        0.000%                0        0.000%
BTB_INCORRECT                                   115492        2.307%           238771        2.475%
                                               5006574      100.000%          9646915      100.000%
                                                  0.05         0.30              0.05         0.31

IBTB_CORRECT                                     61370       88.121%           126301       87.567%
IBTB_INCORRECT                                    8273       11.879%            17933       12.433%
                                                 69643      100.000%           144234      100.000%
                                                  0.12         0.31              0.12         0.31

CBR_CORRECT_OFF_PATH                            604082       58.126%          1244258       58.095%
CBR_CORRECT_BTB_MISS_NT_NT_OFF_PATH             190774       18.357%           390913       18.252%
CBR_RECOVER_MISPREDICT_OFF_PATH                 243614       23.441%           504115       23.537%
CBR_RECOVER_MISFETCH_OFF_PATH                        0        0.000%                0        0.000%
CBR_RECOVER_BTB_MISS_T_T_OFF_PATH                  210        0.020%              547        0.026%
CBR_RECOVER_BTB_MISS_T_NT_OFF_PATH                 542        0.052%             1784        0.083%
CBR_RECOVER_BTB_MISS_NT_T_OFF_PATH                  35        0.003%              162        0.008%
                                               1039257      100.000%          2141779      100.000%
                                                  0.66         0.68              0.66         0.68

BR_CORRECT_OFF_PATH                              68717       99.930%           138883       99.867%
BR_RECOVER_OFF_PATH                                 48        0.070%              185        0.133%
                                                 68765      100.000%           139068      100.000%
                                                  0.00         0.03              0.00         0.04

ICALL_CORRECT_IBTB_OFF_PATH                      18764       27.773%            40184       28.163%
ICALL_CORRECT_BTB_OFF_PATH                       48657       72.017%           102153       71.595%
ICALL_RECOVER_IBTB_MISFETCH_OFF_PATH                 2        0.003%                3        0.002%
ICALL_RECOVER_BTB_MISFETCH_OFF_PATH                  0        0.000%                1        0.001%
ICALL_RECOVER_XBTB_MISS_OFF_PATH                   140        0.207%              341        0.239%
                                                 67563      100.000%           142682      100.000%
                                                  0.73         0.28              0.73         0.28

IBR_CORRECT_IBTB_OFF_PATH                         4199       32.535%             7641       29.994%
IBR_CORRECT_BTB_OFF_PATH                          8703       67.434%            17819       69.947%
IBR_RECOVER_IBTB_MISFETCH_OFF_PATH                   0        0.000%                0        0.000%
IBR_RECOVER_BTB_MISFETCH_OFF_PATH                    0        0.000%                0        0.000%
IBR_RECOVER_XBTB_MISS_OFF_PATH                       4        0.031%               15        0.059%
                                                 12906      100.000%            25475      100.000%
                                                  0.68         0.27              0.70         0.26

ICO_CORRECT_OFF_PATH                                 0         -nan%                0         -nan%
ICO_RECOVER_OFF_PATH                                 0         -nan%                0         -nan%
                                                     0         -nan%                0         -nan%
                                                  -nan         -nan              -nan         -nan

RET_CORRECT_OFF_PATH                            178426       81.782%           374953       81.969%
RET_RECOVER_OFF_PATH                             39601       18.151%            82142       17.957%
RET_RECOVER_UFLOW_OFF_PATH                         146        0.067%              337        0.074%
                                                218173      100.000%           457432      100.000%
                                                  0.18         0.35              0.18         0.35

CALL_CORRECT_OFF_PATH                           152618       99.872%           320643       99.820%
CALL_RECOVER_OFF_PATH                              196        0.128%              577        0.180%
                                                152814      100.000%           321220      100.000%
                                                  0.00         0.04              0.00         0.04

BTB_CORRECT_OFF_PATH                           1149334       85.688%          2375671       85.757%
BTB_INCORRECT_BUT_TARGET_CORRECT_OFF_PATH             0        0.000%                0        0.000%
BTB_INCORRECT_OFF_PATH                          191971       14.312%           394553       14.243%
                                               1341305      100.000%          2770224      100.000%
                                                  0.29         0.66              0.28         0.66

IBTB_CORRECT_OFF_PATH                            22965       28.539%            47828       28.442%
IBTB_INCORRECT_OFF_PATH                          57504       71.461%           120329       71.558%
                                                 80469      100.000%           168157      100.000%
                                                  0.71         0.65              0.72         0.65

CRS_MISS_ON_PATH                                   414        0.124%              845        0.122%
CRS_HIT_ON_PATH                                 332406       99.876%           691469       99.878%
                                                332820      100.000%           692314      100.000%
                                                  1.00         1.00              1.00         1.00

CRS_MISS_OFF_PATH                                39747       18.218%            82479       18.031%
CRS_HIT_OFF_PATH                                178426       81.782%           374953       81.969%
                                                218173      100.000%           457432      100.000%
                                                  0.82         0.76              0.82         0.76

CRS_CLOBBER                                          0                              3              

TARG_ON_PATH_MISS                                 8273       11.879%            17933       12.433%
TARG_ON_PATH_HIT                                 61370       88.121%           126301       87.567%
                                                 69643      100.000%           144234      100.000%
                                                  0.88         0.83              0.88         0.83

TARG_OFF_PATH_MISS                               57506       71.464%           120332       71.559%
TARG_OFF_PATH_HIT                                22963       28.536%            47825       28.441%
                                                 80469      100.000%           168157      100.000%
                                                  0.29         0.41              0.28         0.41

TARG_ON_PATH_WRITE                               69643       86.527%           144231       86.510%
TARG_OFF_PATH_WRITE                              10844       13.473%            22490       13.490%
                                                 80487      100.000%           166721      100.000%
                                                  0.13         0.32              0.13         0.32

BTB_ON_PATH_WRITE                                63105       99.872%           132454       99.606%
BTB_OFF_PATH_WRITE                                  81        0.128%              524        0.394%
                                                 63186      100.000%           132978      100.000%
                                                  0.00         0.04              0.00         0.06

BTB_L0_HIT                                           0                              0              

BTB_L0_MISS                                          0                              0              

BTB_L0_HIT_OFF_PATH                                  0                              0              

BTB_L0_MISS_OFF_PATH                                 0                              0              

BTB_L1_HIT                                           0                              0              

BTB_L1_MISS                                          0                              0              

BTB_L1_HIT_OFF_PATH                                  0                              0              

BTB_L1_MISS_OFF_PATH                                 0                              0              

BTB_MAIN_HIT                                   4891082                        9408144              

BTB_MAIN_MISS                                   115492                         238771              

BTB_MAIN_HIT_OFF_PATH                          1149334                        2375671              

BTB_MAIN_MISS_OFF_PATH                          191971                         394553              

TARG_HYBRID_CORRECT_TAGLESS                          0         -nan%                0         -nan%
TARG_HYBRID_CORRECT_TAGGED                           0         -nan%                0         -nan%
TARG_HYBRID_MISPRED_TAGLESS                          0         -nan%                0         -nan%
TARG_HYBRID_MISPRED_TAGGED                           0         -nan%                0         -nan%
TARG_HYBRID_NO_PRED                                  0         -nan%                0         -nan%
                                                     0         -nan%                0         -nan%
                                                  -nan         -nan              -nan         -nan

BP_L0_EARLY_RECOVERIES                           47295       49.826%            98814       49.503%
BP_MAIN_EXEC_RECOVERIES                          47512       50.055%            99722       49.958%
BP_MAIN_DECODE_RECOVERIES                          113        0.119%             1075        0.539%
                                                 94920      100.000%           199611      100.000%
                                                  0.50         0.36              0.51         0.36

SCHEDULED_L0_EARLY_RECOVERIES                        0        0.000%                0        0.000%
SCHEDULED_MAIN_EXEC_RECOVERIES                   47347       99.762%            98731       98.923%
SCHEDULED_MAIN_DECODE_RECOVERIES                   113        0.238%             1075        1.077%
                                                 47460      100.000%            99806      100.000%
                                                  1.00         0.07              1.01         0.15

BTB_L1_HIT_SCHED_EARLY_RECOVERY                      0                              0              

BTB_MAIN_HIT_TIGHT_RECOVERY                          0                              0              

PERFORMED_RECOVERIES                             47460                          99806              

PERFORMED_RECOVERY_LAT                         1867083                        3956016              

SCHEDULED_MAIN_DECODE_LAT                        13818                          80928              

SCHEDULED_MAIN_EXEC_LAT                        1758458                        3676551              

SCHEDULED_L0_EARLY_LAT                               0                              0              

BP_L0_PREDICTIONS                              5172984       43.451%          9993072       43.048%
BP_MAIN_PREDICTIONS                            6732462       56.549%         13220728       56.952%
                                              11905446      100.000%         23213800      100.000%
                                                  0.57         0.54              0.57         0.54

BP_L0_MISPRED                                    47087       13.908%            98395       13.995%
BP_MAIN_MISPRED                                 291480       86.092%           604674       86.005%
                                                338567      100.000%           703069      100.000%
                                                  0.86         0.81              0.86         0.81

BP_L0_MISFETCH                                     208        0.520%              419        0.505%
BP_MAIN_MISFETCH                                 39813       99.480%            82568       99.495%
                                                 40021      100.000%            82987      100.000%
                                                  0.99         0.99              0.99         0.99

BTB_CORRECT_L0                                       0                              0              

BTB_CORRECT_MAIN                                     0                              0              

BTB_CORRECT_OFF_PATH_L0                              0                              0              

BTB_CORRECT_OFF_PATH_MAIN                            0                              0              

BTB_INCORRECT_L0                                     0                              0              

BTB_INCORRECT_MAIN                                   0                              0              

BTB_INCORRECT_OFF_PATH_L0                            0                              0              

BTB_INCORRECT_OFF_PATH_MAIN                          0                              0              

BTB_INCORRECT_BUT_TARGET_CORRECT_L0                  0                              0              

BTB_INCORRECT_BUT_TARGET_CORRECT_MAIN                0                              0              

BTB_INCORRECT_BUT_TARGET_CORRECT_OFF_PATH_L0             0                              0              

BTB_INCORRECT_BUT_TARGET_CORRECT_OFF_PATH_MAIN             0                              0              

IBTB_CORRECT_L0                                      0                              0              

IBTB_CORRECT_MAIN                                    0                              0              

IBTB_CORRECT_OFF_PATH_L0                             0                              0              

IBTB_CORRECT_OFF_PATH_MAIN                           0                              0              

IBTB_INCORRECT_L0                                    0                              0              

IBTB_INCORRECT_MAIN                                  0                              0              

IBTB_INCORRECT_OFF_PATH_L0                           0                              0              

IBTB_INCORRECT_OFF_PATH_MAIN                         0                              0              

BR_CORRECT_L0                                    46829                          95824              

BR_CORRECT_MAIN                                  46829                          95824              

BR_CORRECT_OFF_PATH_L0                               0                              0              

BR_CORRECT_OFF_PATH_MAIN                         68717                         138883              

BR_RECOVER_L0                                       42                            256              

BR_RECOVER_MAIN                                     42                            256              

BR_RECOVER_OFF_PATH_L0                               0                              0              

BR_RECOVER_OFF_PATH_MAIN                            48                            185              

CBR_RECOVER_MISPREDICT_L0                        46933                          96949              

CBR_RECOVER_MISPREDICT_MAIN                      46933                          96949              

CBR_RECOVER_MISPREDICT_OFF_PATH_L0                   0                              0              

CBR_RECOVER_MISPREDICT_OFF_PATH_MAIN            243614                         504115              

CBR_RECOVER_MISFETCH_L0                              0                              0              

CBR_RECOVER_MISFETCH_MAIN                            0                              0              

CBR_RECOVER_MISFETCH_OFF_PATH_L0                     0                              0              

CBR_RECOVER_MISFETCH_OFF_PATH_MAIN                   0                              0              

CBR_CORRECT_L0                                 4624368                        8856579              

CBR_CORRECT_MAIN                               4624368                        8856579              

CBR_CORRECT_OFF_PATH_L0                              0                              0              

CBR_CORRECT_OFF_PATH_MAIN                       604082                        1244258              

CBR_RECOVER_BTB_MISS_T_T_L0                         39                            471              

CBR_RECOVER_BTB_MISS_T_T_MAIN                       39                            471              

CBR_RECOVER_BTB_MISS_T_T_OFF_PATH_L0                 0                              0              

CBR_RECOVER_BTB_MISS_T_T_OFF_PATH_MAIN             210                            547              

CBR_RECOVER_BTB_MISS_T_NT_L0                       164                            990              

CBR_RECOVER_BTB_MISS_T_NT_MAIN                     164                            990              

CBR_RECOVER_BTB_MISS_T_NT_OFF_PATH_L0                0                              0              

CBR_RECOVER_BTB_MISS_T_NT_OFF_PATH_MAIN            542                           1784              

CBR_RECOVER_BTB_MISS_NT_T_L0                        27                            188              

CBR_RECOVER_BTB_MISS_NT_T_MAIN                      27                            188              

CBR_RECOVER_BTB_MISS_NT_T_OFF_PATH_L0                0                              0              

CBR_RECOVER_BTB_MISS_NT_T_OFF_PATH_MAIN             35                            162              

CBR_CORRECT_BTB_MISS_NT_NT_L0                   115151                         236308              

CBR_CORRECT_BTB_MISS_NT_NT_MAIN                 115151                         236308              

CBR_CORRECT_BTB_MISS_NT_NT_OFF_PATH_L0               0                              0              

CBR_CORRECT_BTB_MISS_NT_NT_OFF_PATH_MAIN        190774                         390913              

CALL_CORRECT_L0                                 103346                         214768              

CALL_CORRECT_MAIN                               103346                         214768              

CALL_CORRECT_OFF_PATH_L0                             0                              0              

CALL_CORRECT_OFF_PATH_MAIN                      152618                         320643              

CALL_RECOVER_L0                                     32                            348              

CALL_RECOVER_MAIN                                   32                            348              

CALL_RECOVER_OFF_PATH_L0                             0                              0              

CALL_RECOVER_OFF_PATH_MAIN                         196                            577              

IBR_CORRECT_IBTB_L0                               5432                          10307              

IBR_CORRECT_IBTB_MAIN                             5432                          10307              

IBR_CORRECT_IBTB_OFF_PATH_L0                         0                              0              

IBR_CORRECT_IBTB_OFF_PATH_MAIN                    4199                           7641              

IBR_RECOVER_IBTB_MISFETCH_L0                         0                              0              

IBR_RECOVER_IBTB_MISFETCH_MAIN                       0                              0              

IBR_RECOVER_IBTB_MISFETCH_OFF_PATH_L0                0                              0              

IBR_RECOVER_IBTB_MISFETCH_OFF_PATH_MAIN              0                              0              

IBR_CORRECT_BTB_L0                                1179                           2864              

IBR_CORRECT_BTB_MAIN                              1179                           2864              

IBR_CORRECT_BTB_OFF_PATH_L0                          0                              0              

IBR_CORRECT_BTB_OFF_PATH_MAIN                     8703                          17819              

IBR_RECOVER_BTB_MISFETCH_L0                          0                              0              

IBR_RECOVER_BTB_MISFETCH_MAIN                        0                              0              

IBR_RECOVER_BTB_MISFETCH_OFF_PATH_L0                 0                              0              

IBR_RECOVER_BTB_MISFETCH_OFF_PATH_MAIN               0                              0              

IBR_RECOVER_XBTB_MISS_L0                             0                             22              

IBR_RECOVER_XBTB_MISS_MAIN                           0                             22              

IBR_RECOVER_XBTB_MISS_OFF_PATH_L0                    0                              0              

IBR_RECOVER_XBTB_MISS_OFF_PATH_MAIN                  4                             15              

ICALL_CORRECT_IBTB_L0                            55938                         115994              

ICALL_CORRECT_IBTB_MAIN                          55938                         115994              

ICALL_CORRECT_IBTB_OFF_PATH_L0                       0                              0              

ICALL_CORRECT_IBTB_OFF_PATH_MAIN                 18764                          40184              

ICALL_RECOVER_IBTB_MISFETCH_L0                       0                              0              

ICALL_RECOVER_IBTB_MISFETCH_MAIN                     0                              0              

ICALL_RECOVER_IBTB_MISFETCH_OFF_PATH_L0              0                              0              

ICALL_RECOVER_IBTB_MISFETCH_OFF_PATH_MAIN             2                              3              

ICALL_CORRECT_BTB_L0                              7078                          14888              

ICALL_CORRECT_BTB_MAIN                            7078                          14888              

ICALL_CORRECT_BTB_OFF_PATH_L0                        0                              0              

ICALL_CORRECT_BTB_OFF_PATH_MAIN                  48657                         102153              

ICALL_RECOVER_BTB_MISFETCH_L0                        2                              4              

ICALL_RECOVER_BTB_MISFETCH_MAIN                      2                              4              

ICALL_RECOVER_BTB_MISFETCH_OFF_PATH_L0               0                              0              

ICALL_RECOVER_BTB_MISFETCH_OFF_PATH_MAIN             0                              1              

ICALL_RECOVER_XBTB_MISS_L0                          14                            155              

ICALL_RECOVER_XBTB_MISS_MAIN                        14                            155              

ICALL_RECOVER_XBTB_MISS_OFF_PATH_L0                  0                              0              

ICALL_RECOVER_XBTB_MISS_OFF_PATH_MAIN              140                            341              

ICO_RECOVER_L0                                       0                              0              

ICO_RECOVER_MAIN                                     0                              0              

ICO_RECOVER_OFF_PATH_L0                              0                              0              

ICO_RECOVER_OFF_PATH_MAIN                            0                              0              

ICO_CORRECT_L0                                       0                              0              

ICO_CORRECT_MAIN                                     0                              0              

ICO_CORRECT_OFF_PATH_L0                              0                              0              

ICO_CORRECT_OFF_PATH_MAIN                            0                              0              

RET_RECOVER_UFLOW_L0                                 0                              6              

RET_RECOVER_UFLOW_MAIN                               0                              6              

RET_RECOVER_UFLOW_OFF_PATH_L0                        0                              0              

RET_RECOVER_UFLOW_OFF_PATH_MAIN                    146                            337              

RET_RECOVER_L0                                     206                            415              

RET_RECOVER_MAIN                                   208                            418              

RET_RECOVER_OFF_PATH_L0                              0                              0              

RET_RECOVER_OFF_PATH_MAIN                        39601                          82142              

RET_CORRECT_L0                                  166204                         345736              

RET_CORRECT_MAIN                                166202                         345733              

RET_CORRECT_OFF_PATH_L0                              0                              0              

RET_CORRECT_OFF_PATH_MAIN                       178426                         374953              

PRED_TO_UPDATE_CYCLES_0                              0         -nan%                0         -nan%
PRED_TO_UPDATE_CYCLES_1                              0         -nan%                0         -nan%
PRED_TO_UPDATE_CYCLES_2                              0         -nan%                0         -nan%
PRED_TO_UPDATE_CYCLES_3                              0         -nan%                0         -nan%
PRED_TO_UPDATE_CYCLES_4                              0         -nan%                0         -nan%
PRED_TO_UPDATE_CYCLES_5                              0         -nan%                0         -nan%
PRED_TO_UPDATE_CYCLES_6                              0         -nan%                0         -nan%
PRED_TO_UPDATE_CYCLES_7                              0         -nan%                0         -nan%
PRED_TO_UPDATE_CYCLES_8                              0         -nan%                0         -nan%
PRED_TO_UPDATE_CYCLES_9                              0         -nan%                0         -nan%
PRED_TO_UPDATE_CYCLES_10                             0         -nan%                0         -nan%
PRED_TO_UPDATE_CYCLES_11                             0         -nan%                0         -nan%
PRED_TO_UPDATE_CYCLES_12                             0         -nan%                0         -nan%
PRED_TO_UPDATE_CYCLES_13                             0         -nan%                0         -nan%
PRED_TO_UPDATE_CYCLES_14                             0         -nan%                0         -nan%
PRED_TO_UPDATE_CYCLES_15                             0         -nan%                0         -nan%
PRED_TO_UPDATE_CYCLES_16                             0         -nan%                0         -nan%
PRED_TO_UPDATE_CYCLES_17                             0         -nan%                0         -nan%
PRED_TO_UPDATE_CYCLES_18                             0         -nan%                0         -nan%
PRED_TO_UPDATE_CYCLES_19                             0         -nan%                0         -nan%
PRED_TO_UPDATE_CYCLES_20                             0         -nan%                0         -nan%
PRED_TO_UPDATE_CYCLES_21                             0         -nan%                0         -nan%
PRED_TO_UPDATE_CYCLES_22                             0         -nan%                0         -nan%
PRED_TO_UPDATE_CYCLES_23                             0         -nan%                0         -nan%
PRED_TO_UPDATE_CYCLES_24                             0         -nan%                0         -nan%
PRED_TO_UPDATE_CYCLES_25                             0         -nan%                0         -nan%
PRED_TO_UPDATE_CYCLES_26                             0         -nan%                0         -nan%
PRED_TO_UPDATE_CYCLES_27                             0         -nan%                0         -nan%
PRED_TO_UPDATE_CYCLES_28                             0         -nan%                0         -nan%
PRED_TO_UPDATE_CYCLES_29                             0         -nan%                0         -nan%
PRED_TO_UPDATE_CYCLES_30                             0         -nan%                0         -nan%
                                                     0         -nan%                0         -nan%
                                                  -nan         -nan              -nan         -nan

BP_ON_PATH_CONF_MISPRED                              0         -nan%                0         -nan%
BP_ON_PATH_CONF_CORRECT                              0         -nan%                0         -nan%
                                                     0         -nan%                0         -nan%
                                                  -nan         -nan              -nan         -nan

BP_OFF_PATH_CONF_MISPRED                             0         -nan%                0         -nan%
BP_OFF_PATH_CONF_CORRECT                             0         -nan%                0         -nan%
                                                     0         -nan%                0         -nan%
                                                  -nan         -nan              -nan         -nan

BP_ON_PATH_PRED_MIS_CONF_MISPRED                     0         -nan%                0         -nan%
BP_ON_PATH_PRED_MIS_CONF_CORRECT                     0         -nan%                0         -nan%
                                                     0         -nan%                0         -nan%
                                                  -nan         -nan              -nan         -nan

BP_ON_PATH_PRED_COR_CONF_MISPRED                     0         -nan%                0         -nan%
BP_ON_PATH_PRED_COR_CONF_CORRECT                     0         -nan%                0         -nan%
                                                     0         -nan%                0         -nan%
                                                  -nan         -nan              -nan         -nan

BP_OFF_PATH_PRED_MIS_CONF_MISPRED                    0         -nan%                0         -nan%
BP_OFF_PATH_PRED_MIS_CONF_CORRECT                    0         -nan%                0         -nan%
                                                     0         -nan%                0         -nan%
                                                  -nan         -nan              -nan         -nan

BP_OFF_PATH_PRED_COR_CONF_MISPRED                    0         -nan%                0         -nan%
BP_OFF_PATH_PRED_COR_CONF_CORRECT                    0         -nan%                0         -nan%
                                                     0         -nan%                0         -nan%
                                                  -nan         -nan              -nan         -nan

ONPATH_CONF_MISPRED                                  0         -nan%                0         -nan%
ONPATH_CONF_CORRECT                                  0         -nan%                0         -nan%
                                                     0         -nan%                0         -nan%
                                                  -nan         -nan              -nan         -nan

ONPATH_ON_PATH_CONF_MISPRED                          0         -nan%                0         -nan%
ONPATH_ON_PATH_CONF_CORRECT                          0         -nan%                0         -nan%
                                                     0         -nan%                0         -nan%
                                                  -nan         -nan              -nan         -nan

ONPATH_OFF_PATH_CONF_MISPRED                         0         -nan%                0         -nan%
ONPATH_OFF_PATH_CONF_CORRECT                         0         -nan%                0         -nan%
                                                     0         -nan%                0         -nan%
                                                  -nan         -nan              -nan         -nan

PRED_ONPATH_CONF_MISPRED                             0         -nan%                0         -nan%
PRED_ONPATH_CONF_CORRECT                             0         -nan%                0         -nan%
                                                     0         -nan%                0         -nan%
                                                  -nan         -nan              -nan         -nan

PRED_OFFPATH_CONF_MISPRED                            0         -nan%                0         -nan%
PRED_OFFPATH_CONF_CORRECT                            0         -nan%                0         -nan%
                                                     0         -nan%                0         -nan%
                                                  -nan         -nan              -nan         -nan

LONG_OVWT_MIS                                        0         -nan%                0         -nan%
LONG_OVWT_COR                                        0         -nan%                0         -nan%
                                                     0         -nan%                0         -nan%
                                                  -nan         -nan              -nan         -nan

OPC_LENGTH_0_7_MIS                                   0         -nan%                0         -nan%
OPC_LENGTH_0_7_COR                                   0         -nan%                0         -nan%
                                                     0         -nan%                0         -nan%
                                                  -nan         -nan              -nan         -nan

OPC_LENGTH_8_15_MIS                                  0         -nan%                0         -nan%
OPC_LENGTH_8_15_COR                                  0         -nan%                0         -nan%
                                                     0         -nan%                0         -nan%
                                                  -nan         -nan              -nan         -nan

OPC_LENGTH_16_23_MIS                                 0         -nan%                0         -nan%
OPC_LENGTH_16_23_COR                                 0         -nan%                0         -nan%
                                                     0         -nan%                0         -nan%
                                                  -nan         -nan              -nan         -nan

OPC_LENGTH_24_31_MIS                                 0         -nan%                0         -nan%
OPC_LENGTH_24_31_COR                                 0         -nan%                0         -nan%
                                                     0         -nan%                0         -nan%
                                                  -nan         -nan              -nan         -nan

OPC_LENGTH_32_39_MIS                                 0         -nan%                0         -nan%
OPC_LENGTH_32_39_COR                                 0         -nan%                0         -nan%
                                                     0         -nan%                0         -nan%
                                                  -nan         -nan              -nan         -nan

OPC_LENGTH_40_47_MIS                                 0         -nan%                0         -nan%
OPC_LENGTH_40_47_COR                                 0         -nan%                0         -nan%
                                                     0         -nan%                0         -nan%
                                                  -nan         -nan              -nan         -nan

OPC_LENGTH_48_55_MIS                                 0         -nan%                0         -nan%
OPC_LENGTH_48_55_COR                                 0         -nan%                0         -nan%
                                                     0         -nan%                0         -nan%
                                                  -nan         -nan              -nan         -nan

OPC_LENGTH_56_63_MIS                                 0         -nan%                0         -nan%
OPC_LENGTH_56_63_COR                                 0         -nan%                0         -nan%
                                                     0         -nan%                0         -nan%
                                                  -nan         -nan              -nan         -nan

OPC_LENGTH_64_71_MIS                                 0         -nan%                0         -nan%
OPC_LENGTH_64_71_COR                                 0         -nan%                0         -nan%
                                                     0         -nan%                0         -nan%
                                                  -nan         -nan              -nan         -nan

OPC_LENGTH_72_79_MIS                                 0         -nan%                0         -nan%
OPC_LENGTH_72_79_COR                                 0         -nan%                0         -nan%
                                                     0         -nan%                0         -nan%
                                                  -nan         -nan              -nan         -nan

OPC_LENGTH_80_MIS                                    0         -nan%                0         -nan%
OPC_LENGTH_80_COR                                    0         -nan%                0         -nan%
                                                     0         -nan%                0         -nan%
                                                  -nan         -nan              -nan         -nan

ALL_ONES_MIS                                         0         -nan%                0         -nan%
ALL_ONES_COR                                         0         -nan%                0         -nan%
                                                     0         -nan%                0         -nan%
                                                  -nan         -nan              -nan         -nan

FIRST_ONE_MIS                                        0         -nan%                0         -nan%
FIRST_ONE_COR                                        0         -nan%                0         -nan%
                                                     0         -nan%                0         -nan%
                                                  -nan         -nan              -nan         -nan

ZEROS_0_1_MIS                                        0         -nan%                0         -nan%
ZEROS_0_1_COR                                        0         -nan%                0         -nan%
                                                     0         -nan%                0         -nan%
                                                  -nan         -nan              -nan         -nan

ZEROS_2_3_MIS                                        0         -nan%                0         -nan%
ZEROS_2_3_COR                                        0         -nan%                0         -nan%
                                                     0         -nan%                0         -nan%
                                                  -nan         -nan              -nan         -nan

ZEROS_4_5_MIS                                        0         -nan%                0         -nan%
ZEROS_4_5_COR                                        0         -nan%                0         -nan%
                                                     0         -nan%                0         -nan%
                                                  -nan         -nan              -nan         -nan

ZEROS_6_7_MIS                                        0         -nan%                0         -nan%
ZEROS_6_7_COR                                        0         -nan%                0         -nan%
                                                     0         -nan%                0         -nan%
                                                  -nan         -nan              -nan         -nan

ZEROS_8_9_MIS                                        0         -nan%                0         -nan%
ZEROS_8_9_COR                                        0         -nan%                0         -nan%
                                                     0         -nan%                0         -nan%
                                                  -nan         -nan              -nan         -nan

ZEROS_10_11_MIS                                      0         -nan%                0         -nan%
ZEROS_10_11_COR                                      0         -nan%                0         -nan%
                                                     0         -nan%                0         -nan%
                                                  -nan         -nan              -nan         -nan

ZEROS_12_13_MIS                                      0         -nan%                0         -nan%
ZEROS_12_13_COR                                      0         -nan%                0         -nan%
                                                     0         -nan%                0         -nan%
                                                  -nan         -nan              -nan         -nan

ZEROS_14_15_MIS                                      0         -nan%                0         -nan%
ZEROS_14_15_COR                                      0         -nan%                0         -nan%
                                                     0         -nan%                0         -nan%
                                                  -nan         -nan              -nan         -nan

ZEROS_16_MIS                                         0         -nan%                0         -nan%
ZEROS_16_COR                                         0         -nan%                0         -nan%
                                                     0         -nan%                0         -nan%
                                                  -nan         -nan              -nan         -nan

GS2BC_GSHARE                                         0         -nan%                0         -nan%
GS2BC_2BC                                            0         -nan%                0         -nan%
                                                     0         -nan%                0         -nan%
                                                  -nan         -nan              -nan         -nan

GSKEW2BC_VOTE                                        0         -nan%                0         -nan%
GSKEW2BC_2BC                                         0         -nan%                0         -nan%
                                                     0         -nan%                0         -nan%
                                                  -nan         -nan              -nan         -nan

FUTGSHARE_INIT_ON_PATH_CORRECT                       0         -nan%                0         -nan%
FUTGSHARE_INIT_ON_PATH_MISPREDICT                    0         -nan%                0         -nan%
                                                     0         -nan%                0         -nan%
                                                  -nan         -nan              -nan         -nan

FUTGSHARE_INIT_OFF_PATH_CORRECT                      0         -nan%                0         -nan%
FUTGSHARE_INIT_OFF_PATH_MISPREDICT                   0         -nan%                0         -nan%
                                                     0         -nan%                0         -nan%
                                                  -nan         -nan              -nan         -nan

FUTGSHARE_CHANGED_CORRECTED_ON_PATH                  0         -nan%                0         -nan%
FUTGSHARE_CHANGED_SCREWED_ON_PATH                    0         -nan%                0         -nan%
                                                     0         -nan%                0         -nan%
                                                  -nan         -nan              -nan         -nan

FUTGSHARE_CHANGED_CORRECTED_OFF_PATH                 0         -nan%                0         -nan%
FUTGSHARE_CHANGED_SCREWED_OFF_PATH                   0         -nan%                0         -nan%
                                                     0         -nan%                0         -nan%
                                                  -nan         -nan              -nan         -nan

FUTGSHARE_ORIG_CORRECT_FUT_CORRECT_ON_PATH             0         -nan%                0         -nan%
FUTGSHARE_ORIG_MISPRED_FUT_CORRECT_ON_PATH             0         -nan%                0         -nan%
FUTGSHARE_ORIG_CORRECT_FUT_MISPRED_ON_PATH             0         -nan%                0         -nan%
FUTGSHARE_ORIG_MISPRED_FUT_MISPRED_ON_PATH             0         -nan%                0         -nan%
                                                     0         -nan%                0         -nan%
                                                  -nan         -nan              -nan         -nan

FUTGSHARE_ORIG_CORRECT_FUT_CORRECT_OFF_PATH             0         -nan%                0         -nan%
FUTGSHARE_ORIG_MISPRED_FUT_CORRECT_OFF_PATH             0         -nan%                0         -nan%
FUTGSHARE_ORIG_CORRECT_FUT_MISPRED_OFF_PATH             0         -nan%                0         -nan%
FUTGSHARE_ORIG_MISPRED_FUT_MISPRED_OFF_PATH             0         -nan%                0         -nan%
                                                     0         -nan%                0         -nan%
                                                  -nan         -nan              -nan         -nan

FUTGSHARE_ON_PATH_CORRECT_0                          0         -nan%                0         -nan%
FUTGSHARE_ON_PATH_MISPREDICT_0                       0         -nan%                0         -nan%
                                                     0         -nan%                0         -nan%
                                                  -nan         -nan              -nan         -nan

FUTGSHARE_OFF_PATH_CORRECT_0                         0         -nan%                0         -nan%
FUTGSHARE_OFF_PATH_MISPREDICT_0                      0         -nan%                0         -nan%
                                                     0         -nan%                0         -nan%
                                                  -nan         -nan              -nan         -nan

FUTGSHARE_ON_PATH_CORRECT_1                          0         -nan%                0         -nan%
FUTGSHARE_ON_PATH_MISPREDICT_1                       0         -nan%                0         -nan%
                                                     0         -nan%                0         -nan%
                                                  -nan         -nan              -nan         -nan

FUTGSHARE_OFF_PATH_CORRECT_1                         0         -nan%                0         -nan%
FUTGSHARE_OFF_PATH_MISPREDICT_1                      0         -nan%                0         -nan%
                                                     0         -nan%                0         -nan%
                                                  -nan         -nan              -nan         -nan

FUTGSHARE_ON_PATH_CORRECT_2                          0         -nan%                0         -nan%
FUTGSHARE_ON_PATH_MISPREDICT_2                       0         -nan%                0         -nan%
                                                     0         -nan%                0         -nan%
                                                  -nan         -nan              -nan         -nan

FUTGSHARE_OFF_PATH_CORRECT_2                         0         -nan%                0         -nan%
FUTGSHARE_OFF_PATH_MISPREDICT_2                      0         -nan%                0         -nan%
                                                     0         -nan%                0         -nan%
                                                  -nan         -nan              -nan         -nan

FUTGSHARE_ON_PATH_CORRECT_3                          0         -nan%                0         -nan%
FUTGSHARE_ON_PATH_MISPREDICT_3                       0         -nan%                0         -nan%
                                                     0         -nan%                0         -nan%
                                                  -nan         -nan              -nan         -nan

FUTGSHARE_OFF_PATH_CORRECT_3                         0         -nan%                0         -nan%
FUTGSHARE_OFF_PATH_MISPREDICT_3                      0         -nan%                0         -nan%
                                                     0         -nan%                0         -nan%
                                                  -nan         -nan              -nan         -nan

FUTGSHARE_ON_PATH_CORRECT_4                          0         -nan%                0         -nan%
FUTGSHARE_ON_PATH_MISPREDICT_4                       0         -nan%                0         -nan%
                                                     0         -nan%                0         -nan%
                                                  -nan         -nan              -nan         -nan

FUTGSHARE_OFF_PATH_CORRECT_4                         0         -nan%                0         -nan%
FUTGSHARE_OFF_PATH_MISPREDICT_4                      0         -nan%                0         -nan%
                                                     0         -nan%                0         -nan%
                                                  -nan         -nan              -nan         -nan

FUTGSHARE_ON_PATH_CORRECT_5                          0         -nan%                0         -nan%
FUTGSHARE_ON_PATH_MISPREDICT_5                       0         -nan%                0         -nan%
                                                     0         -nan%                0         -nan%
                                                  -nan         -nan              -nan         -nan

FUTGSHARE_OFF_PATH_CORRECT_5                         0         -nan%                0         -nan%
FUTGSHARE_OFF_PATH_MISPREDICT_5                      0         -nan%                0         -nan%
                                                     0         -nan%                0         -nan%
                                                  -nan         -nan              -nan         -nan

FUTGSHARE_ON_PATH_CORRECT_6                          0         -nan%                0         -nan%
FUTGSHARE_ON_PATH_MISPREDICT_6                       0         -nan%                0         -nan%
                                                     0         -nan%                0         -nan%
                                                  -nan         -nan              -nan         -nan

FUTGSHARE_OFF_PATH_CORRECT_6                         0         -nan%                0         -nan%
FUTGSHARE_OFF_PATH_MISPREDICT_6                      0         -nan%                0         -nan%
                                                     0         -nan%                0         -nan%
                                                  -nan         -nan              -nan         -nan

FUTGSHARE_ON_PATH_CORRECT_7                          0         -nan%                0         -nan%
FUTGSHARE_ON_PATH_MISPREDICT_7                       0         -nan%                0         -nan%
                                                     0         -nan%                0         -nan%
                                                  -nan         -nan              -nan         -nan

FUTGSHARE_OFF_PATH_CORRECT_7                         0         -nan%                0         -nan%
FUTGSHARE_OFF_PATH_MISPREDICT_7                      0         -nan%                0         -nan%
                                                     0         -nan%                0         -nan%
                                                  -nan         -nan              -nan         -nan

FUTGSHARE_ON_PATH_CORRECT_8                          0         -nan%                0         -nan%
FUTGSHARE_ON_PATH_MISPREDICT_8                       0         -nan%                0         -nan%
                                                     0         -nan%                0         -nan%
                                                  -nan         -nan              -nan         -nan

FUTGSHARE_OFF_PATH_CORRECT_8                         0         -nan%                0         -nan%
FUTGSHARE_OFF_PATH_MISPREDICT_8                      0         -nan%                0         -nan%
                                                     0         -nan%                0         -nan%
                                                  -nan         -nan              -nan         -nan

FUTGSHARE_ON_PATH_CORRECT_9                          0         -nan%                0         -nan%
FUTGSHARE_ON_PATH_MISPREDICT_9                       0         -nan%                0         -nan%
                                                     0         -nan%                0         -nan%
                                                  -nan         -nan              -nan         -nan

FUTGSHARE_OFF_PATH_CORRECT_9                         0         -nan%                0         -nan%
FUTGSHARE_OFF_PATH_MISPREDICT_9                      0         -nan%                0         -nan%
                                                     0         -nan%                0         -nan%
                                                  -nan         -nan              -nan         -nan

FUTGSHARE_ON_PATH_CORRECT_10                         0         -nan%                0         -nan%
FUTGSHARE_ON_PATH_MISPREDICT_10                      0         -nan%                0         -nan%
                                                     0         -nan%                0         -nan%
                                                  -nan         -nan              -nan         -nan

FUTGSHARE_OFF_PATH_CORRECT_10                        0         -nan%                0         -nan%
FUTGSHARE_OFF_PATH_MISPREDICT_10                     0         -nan%                0         -nan%
                                                     0         -nan%                0         -nan%
                                                  -nan         -nan              -nan         -nan

FUTGSHARE_ON_PATH_CORRECT_11                         0         -nan%                0         -nan%
FUTGSHARE_ON_PATH_MISPREDICT_11                      0         -nan%                0         -nan%
                                                     0         -nan%                0         -nan%
                                                  -nan         -nan              -nan         -nan

FUTGSHARE_OFF_PATH_CORRECT_11                        0         -nan%                0         -nan%
FUTGSHARE_OFF_PATH_MISPREDICT_11                     0         -nan%                0         -nan%
                                                     0         -nan%                0         -nan%
                                                  -nan         -nan              -nan         -nan

FUTGSHARE_ON_PATH_CORRECT_12                         0         -nan%                0         -nan%
FUTGSHARE_ON_PATH_MISPREDICT_12                      0         -nan%                0         -nan%
                                                     0         -nan%                0         -nan%
                                                  -nan         -nan              -nan         -nan

FUTGSHARE_OFF_PATH_CORRECT_12                        0         -nan%                0         -nan%
FUTGSHARE_OFF_PATH_MISPREDICT_12                     0         -nan%                0         -nan%
                                                     0         -nan%                0         -nan%
                                                  -nan         -nan              -nan         -nan

FUTGSHARE_ON_PATH_CORRECT_13                         0         -nan%                0         -nan%
FUTGSHARE_ON_PATH_MISPREDICT_13                      0         -nan%                0         -nan%
                                                     0         -nan%                0         -nan%
                                                  -nan         -nan              -nan         -nan

FUTGSHARE_OFF_PATH_CORRECT_13                        0         -nan%                0         -nan%
FUTGSHARE_OFF_PATH_MISPREDICT_13                     0         -nan%                0         -nan%
                                                     0         -nan%                0         -nan%
                                                  -nan         -nan              -nan         -nan

FUTGSHARE_ON_PATH_CORRECT_14                         0         -nan%                0         -nan%
FUTGSHARE_ON_PATH_MISPREDICT_14                      0         -nan%                0         -nan%
                                                     0         -nan%                0         -nan%
                                                  -nan         -nan              -nan         -nan

FUTGSHARE_OFF_PATH_CORRECT_14                        0         -nan%                0         -nan%
FUTGSHARE_OFF_PATH_MISPREDICT_14                     0         -nan%                0         -nan%
                                                     0         -nan%                0         -nan%
                                                  -nan         -nan              -nan         -nan

FUTGSHARE_ON_PATH_CORRECT_15                         0         -nan%                0         -nan%
FUTGSHARE_ON_PATH_MISPREDICT_15                      0         -nan%                0         -nan%
                                                     0         -nan%                0         -nan%
                                                  -nan         -nan              -nan         -nan

FUTGSHARE_OFF_PATH_CORRECT_15                        0         -nan%                0         -nan%
FUTGSHARE_OFF_PATH_MISPREDICT_15                     0         -nan%                0         -nan%
                                                     0         -nan%                0         -nan%
                                                  -nan         -nan              -nan         -nan

FUTGSHARE_CHANGED_CORRECTED_ON_PATH_0                0         -nan%                0         -nan%
FUTGSHARE_CHANGED_SCREWED_ON_PATH_0                  0         -nan%                0         -nan%
                                                     0         -nan%                0         -nan%
                                                  -nan         -nan              -nan         -nan

FUTGSHARE_CHANGED_CORRECTED_OFF_PATH_0               0         -nan%                0         -nan%
FUTGSHARE_CHANGED_SCREWED_OFF_PATH_0                 0         -nan%                0         -nan%
                                                     0         -nan%                0         -nan%
                                                  -nan         -nan              -nan         -nan

FUTGSHARE_CHANGED_CORRECTED_ON_PATH_1                0         -nan%                0         -nan%
FUTGSHARE_CHANGED_SCREWED_ON_PATH_1                  0         -nan%                0         -nan%
                                                     0         -nan%                0         -nan%
                                                  -nan         -nan              -nan         -nan

FUTGSHARE_CHANGED_CORRECTED_OFF_PATH_1               0         -nan%                0         -nan%
FUTGSHARE_CHANGED_SCREWED_OFF_PATH_1                 0         -nan%                0         -nan%
                                                     0         -nan%                0         -nan%
                                                  -nan         -nan              -nan         -nan

FUTGSHARE_CHANGED_CORRECTED_ON_PATH_2                0         -nan%                0         -nan%
FUTGSHARE_CHANGED_SCREWED_ON_PATH_2                  0         -nan%                0         -nan%
                                                     0         -nan%                0         -nan%
                                                  -nan         -nan              -nan         -nan

FUTGSHARE_CHANGED_CORRECTED_OFF_PATH_2               0         -nan%                0         -nan%
FUTGSHARE_CHANGED_SCREWED_OFF_PATH_2                 0         -nan%                0         -nan%
                                                     0         -nan%                0         -nan%
                                                  -nan         -nan              -nan         -nan

FUTGSHARE_CHANGED_CORRECTED_ON_PATH_3                0         -nan%                0         -nan%
FUTGSHARE_CHANGED_SCREWED_ON_PATH_3                  0         -nan%                0         -nan%
                                                     0         -nan%                0         -nan%
                                                  -nan         -nan              -nan         -nan

FUTGSHARE_CHANGED_CORRECTED_OFF_PATH_3               0         -nan%                0         -nan%
FUTGSHARE_CHANGED_SCREWED_OFF_PATH_3                 0         -nan%                0         -nan%
                                                     0         -nan%                0         -nan%
                                                  -nan         -nan              -nan         -nan

FUTGSHARE_CHANGED_CORRECTED_ON_PATH_4                0         -nan%                0         -nan%
FUTGSHARE_CHANGED_SCREWED_ON_PATH_4                  0         -nan%                0         -nan%
                                                     0         -nan%                0         -nan%
                                                  -nan         -nan              -nan         -nan

FUTGSHARE_CHANGED_CORRECTED_OFF_PATH_4               0         -nan%                0         -nan%
FUTGSHARE_CHANGED_SCREWED_OFF_PATH_4                 0         -nan%                0         -nan%
                                                     0         -nan%                0         -nan%
                                                  -nan         -nan              -nan         -nan

FUTGSHARE_CHANGED_CORRECTED_ON_PATH_5                0         -nan%                0         -nan%
FUTGSHARE_CHANGED_SCREWED_ON_PATH_5                  0         -nan%                0         -nan%
                                                     0         -nan%                0         -nan%
                                                  -nan         -nan              -nan         -nan

FUTGSHARE_CHANGED_CORRECTED_OFF_PATH_5               0         -nan%                0         -nan%
FUTGSHARE_CHANGED_SCREWED_OFF_PATH_5                 0         -nan%                0         -nan%
                                                     0         -nan%                0         -nan%
                                                  -nan         -nan              -nan         -nan

FUTGSHARE_CHANGED_CORRECTED_ON_PATH_6                0         -nan%                0         -nan%
FUTGSHARE_CHANGED_SCREWED_ON_PATH_6                  0         -nan%                0         -nan%
                                                     0         -nan%                0         -nan%
                                                  -nan         -nan              -nan         -nan

FUTGSHARE_CHANGED_CORRECTED_OFF_PATH_6               0         -nan%                0         -nan%
FUTGSHARE_CHANGED_SCREWED_OFF_PATH_6                 0         -nan%                0         -nan%
                                                     0         -nan%                0         -nan%
                                                  -nan         -nan              -nan         -nan

FUTGSHARE_CHANGED_CORRECTED_ON_PATH_7                0         -nan%                0         -nan%
FUTGSHARE_CHANGED_SCREWED_ON_PATH_7                  0         -nan%                0         -nan%
                                                     0         -nan%                0         -nan%
                                                  -nan         -nan              -nan         -nan

FUTGSHARE_CHANGED_CORRECTED_OFF_PATH_7               0         -nan%                0         -nan%
FUTGSHARE_CHANGED_SCREWED_OFF_PATH_7                 0         -nan%                0         -nan%
                                                     0         -nan%                0         -nan%
                                                  -nan         -nan              -nan         -nan

FUTGSHARE_CHANGED_CORRECTED_ON_PATH_8                0         -nan%                0         -nan%
FUTGSHARE_CHANGED_SCREWED_ON_PATH_8                  0         -nan%                0         -nan%
                                                     0         -nan%                0         -nan%
                                                  -nan         -nan              -nan         -nan

FUTGSHARE_CHANGED_CORRECTED_OFF_PATH_8               0         -nan%                0         -nan%
FUTGSHARE_CHANGED_SCREWED_OFF_PATH_8                 0         -nan%                0         -nan%
                                                     0         -nan%                0         -nan%
                                                  -nan         -nan              -nan         -nan

FUTGSHARE_CHANGED_CORRECTED_ON_PATH_9                0         -nan%                0         -nan%
FUTGSHARE_CHANGED_SCREWED_ON_PATH_9                  0         -nan%                0         -nan%
                                                     0         -nan%                0         -nan%
                                                  -nan         -nan              -nan         -nan

FUTGSHARE_CHANGED_CORRECTED_OFF_PATH_9               0         -nan%                0         -nan%
FUTGSHARE_CHANGED_SCREWED_OFF_PATH_9                 0         -nan%                0         -nan%
                                                     0         -nan%                0         -nan%
                                                  -nan         -nan              -nan         -nan

FUTGSHARE_CHANGED_CORRECTED_ON_PATH_10               0         -nan%                0         -nan%
FUTGSHARE_CHANGED_SCREWED_ON_PATH_10                 0         -nan%                0         -nan%
                                                     0         -nan%                0         -nan%
                                                  -nan         -nan              -nan         -nan

FUTGSHARE_CHANGED_CORRECTED_OFF_PATH_10              0         -nan%                0         -nan%
FUTGSHARE_CHANGED_SCREWED_OFF_PATH_10                0         -nan%                0         -nan%
                                                     0         -nan%                0         -nan%
                                                  -nan         -nan              -nan         -nan

FUTGSHARE_CHANGED_CORRECTED_ON_PATH_11               0         -nan%                0         -nan%
FUTGSHARE_CHANGED_SCREWED_ON_PATH_11                 0         -nan%                0         -nan%
                                                     0         -nan%                0         -nan%
                                                  -nan         -nan              -nan         -nan

FUTGSHARE_CHANGED_CORRECTED_OFF_PATH_11              0         -nan%                0         -nan%
FUTGSHARE_CHANGED_SCREWED_OFF_PATH_11                0         -nan%                0         -nan%
                                                     0         -nan%                0         -nan%
                                                  -nan         -nan              -nan         -nan

FUTGSHARE_CHANGED_CORRECTED_ON_PATH_12               0         -nan%                0         -nan%
FUTGSHARE_CHANGED_SCREWED_ON_PATH_12                 0         -nan%                0         -nan%
                                                     0         -nan%                0         -nan%
                                                  -nan         -nan              -nan         -nan

FUTGSHARE_CHANGED_CORRECTED_OFF_PATH_12              0         -nan%                0         -nan%
FUTGSHARE_CHANGED_SCREWED_OFF_PATH_12                0         -nan%                0         -nan%
                                                     0         -nan%                0         -nan%
                                                  -nan         -nan              -nan         -nan

FUTGSHARE_CHANGED_CORRECTED_ON_PATH_13               0         -nan%                0         -nan%
FUTGSHARE_CHANGED_SCREWED_ON_PATH_13                 0         -nan%                0         -nan%
                                                     0         -nan%                0         -nan%
                                                  -nan         -nan              -nan         -nan

FUTGSHARE_CHANGED_CORRECTED_OFF_PATH_13              0         -nan%                0         -nan%
FUTGSHARE_CHANGED_SCREWED_OFF_PATH_13                0         -nan%                0         -nan%
                                                     0         -nan%                0         -nan%
                                                  -nan         -nan              -nan         -nan

FUTGSHARE_CHANGED_CORRECTED_ON_PATH_14               0         -nan%                0         -nan%
FUTGSHARE_CHANGED_SCREWED_ON_PATH_14                 0         -nan%                0         -nan%
                                                     0         -nan%                0         -nan%
                                                  -nan         -nan              -nan         -nan

FUTGSHARE_CHANGED_CORRECTED_OFF_PATH_14              0         -nan%                0         -nan%
FUTGSHARE_CHANGED_SCREWED_OFF_PATH_14                0         -nan%                0         -nan%
                                                     0         -nan%                0         -nan%
                                                  -nan         -nan              -nan         -nan

FUTGSHARE_CHANGED_CORRECTED_ON_PATH_15               0         -nan%                0         -nan%
FUTGSHARE_CHANGED_SCREWED_ON_PATH_15                 0         -nan%                0         -nan%
                                                     0         -nan%                0         -nan%
                                                  -nan         -nan              -nan         -nan

FUTGSHARE_CHANGED_CORRECTED_OFF_PATH_15              0         -nan%                0         -nan%
FUTGSHARE_CHANGED_SCREWED_OFF_PATH_15                0         -nan%                0         -nan%
                                                     0         -nan%                0         -nan%
                                                  -nan         -nan              -nan         -nan

FRAGHIST_BIN_0                                       0         -nan%                0         -nan%
FRAGHIST_BIN_1                                       0         -nan%                0         -nan%
FRAGHIST_BIN_2                                       0         -nan%                0         -nan%
FRAGHIST_BIN_3                                       0         -nan%                0         -nan%
FRAGHIST_BIN_4                                       0         -nan%                0         -nan%
FRAGHIST_BIN_5                                       0         -nan%                0         -nan%
FRAGHIST_BIN_6                                       0         -nan%                0         -nan%
FRAGHIST_BIN_7                                       0         -nan%                0         -nan%
FRAGHIST_BIN_8                                       0         -nan%                0         -nan%
FRAGHIST_BIN_9                                       0         -nan%                0         -nan%
FRAGHIST_BIN_10                                      0         -nan%                0         -nan%
FRAGHIST_BIN_11                                      0         -nan%                0         -nan%
FRAGHIST_BIN_12                                      0         -nan%                0         -nan%
FRAGHIST_BIN_13                                      0         -nan%                0         -nan%
FRAGHIST_BIN_14                                      0         -nan%                0         -nan%
FRAGHIST_BIN_15                                      0         -nan%                0         -nan%
FRAGHIST_BIN_16                                      0         -nan%                0         -nan%
FRAGHIST_BIN_17                                      0         -nan%                0         -nan%
FRAGHIST_BIN_18                                      0         -nan%                0         -nan%
FRAGHIST_BIN_19                                      0         -nan%                0         -nan%
FRAGHIST_BIN_20                                      0         -nan%                0         -nan%
FRAGHIST_BIN_21                                      0         -nan%                0         -nan%
FRAGHIST_BIN_22                                      0         -nan%                0         -nan%
FRAGHIST_BIN_23                                      0         -nan%                0         -nan%
FRAGHIST_BIN_24                                      0         -nan%                0         -nan%
FRAGHIST_BIN_25                                      0         -nan%                0         -nan%
FRAGHIST_BIN_26                                      0         -nan%                0         -nan%
FRAGHIST_BIN_27                                      0         -nan%                0         -nan%
FRAGHIST_BIN_28                                      0         -nan%                0         -nan%
FRAGHIST_BIN_29                                      0         -nan%                0         -nan%
FRAGHIST_BIN_30                                      0         -nan%                0         -nan%
FRAGHIST_BIN_31                                      0         -nan%                0         -nan%
FRAGHIST_BIN_32                                      0         -nan%                0         -nan%
                                                     0         -nan%                0         -nan%
                                                  -nan         -nan              -nan         -nan

BTB_UPDATE_BTB_HIT_JITTED_NOT_CF                     0        0.000%                0        0.000%
BTB_UPDATE_BTB_HIT_JITTED_CF_BR                      0        0.000%                0        0.000%
BTB_UPDATE_BTB_HIT_JITTED_CF_CBR                     0        0.000%                0        0.000%
BTB_UPDATE_BTB_HIT_JITTED_CF_CALL                    0        0.000%                0        0.000%
BTB_UPDATE_BTB_HIT_JITTED_CF_IBR                     0        0.000%                0        0.000%
BTB_UPDATE_BTB_HIT_JITTED_CF_ICALL                   0        0.000%                0        0.000%
BTB_UPDATE_BTB_HIT_JITTED_CF_ICO                     4      100.000%                7      100.000%
BTB_UPDATE_BTB_HIT_JITTED_CF_RET                     0        0.000%                0        0.000%
                                                     4      100.000%                7      100.000%
                                                  6.00         0.00              6.00         0.00

RESTEER_BTB_MISS_NOT_CF                          62911       57.000%           130801       56.720%
RESTEER_BTB_MISS_CF_BR                               0        0.000%                0        0.000%
RESTEER_BTB_MISS_CF_CBR                             42        0.038%              256        0.111%
RESTEER_BTB_MISS_CF_REP                             39        0.035%              470        0.204%
RESTEER_BTB_MISS_CF_CALL                             0        0.000%                1        0.000%
RESTEER_BTB_MISS_CF_IBR                             32        0.029%              348        0.151%
RESTEER_BTB_MISS_CF_ICALL                            0        0.000%                0        0.000%
RESTEER_BTB_MISS_CF_ICO                              0        0.000%                0        0.000%
RESTEER_BTB_MISS_CF_RET                              0        0.000%                0        0.000%
RESTEER_MISPRED_NOT_CF                               0        0.000%                0        0.000%
RESTEER_MISPRED_CF_BR                                0        0.000%                0        0.000%
RESTEER_MISPRED_CF_CBR                           46829       42.429%            96888       42.014%
RESTEER_MISPRED_CF_REP                             130        0.118%              248        0.108%
RESTEER_MISPRED_CF_CALL                              0        0.000%                0        0.000%
RESTEER_MISPRED_CF_IBR                               0        0.000%               22        0.010%
RESTEER_MISPRED_CF_ICALL                            14        0.013%              155        0.067%
RESTEER_MISPRED_CF_ICO                               0        0.000%                0        0.000%
RESTEER_MISPRED_CF_RET                               0        0.000%                6        0.003%
RESTEER_MISFETCH_NOT_CF                              0        0.000%                0        0.000%
RESTEER_MISFETCH_CF_BR                               0        0.000%                0        0.000%
RESTEER_MISFETCH_CF_CBR                            164        0.149%              990        0.429%
RESTEER_MISFETCH_CF_REP                              0        0.000%                0        0.000%
RESTEER_MISFETCH_CF_CALL                             0        0.000%                0        0.000%
RESTEER_MISFETCH_CF_IBR                              0        0.000%                0        0.000%
RESTEER_MISFETCH_CF_ICALL                            2        0.002%                4        0.002%
RESTEER_MISFETCH_CF_ICO                              0        0.000%                0        0.000%
RESTEER_MISFETCH_CF_RET                            208        0.188%              418        0.181%
RESTEER_NO_TARGET_CF_IBR                             0        0.000%                0        0.000%
RESTEER_NO_TARGET_CF_ICALL                           0        0.000%                0        0.000%
RESTEER_NO_TARGET_CF_ICO                             0        0.000%                0        0.000%
RESTEER_NO_TARGET_CF_RET                             0        0.000%                0        0.000%
                                                110371      100.000%           230607      100.000%
                                                  4.77         4.22              4.80         4.26

TAGESCL_COMP_TAGE_BASE_CORRECT                       0         -nan%                0         -nan%
TAGESCL_COMP_TAGE_BASE_MISPREDICT                    0         -nan%                0         -nan%
TAGESCL_COMP_TAGE_SHORT_CORRECT                      0         -nan%                0         -nan%
TAGESCL_COMP_TAGE_SHORT_MISPREDICT                   0         -nan%                0         -nan%
TAGESCL_COMP_TAGE_LONG_CORRECT                       0         -nan%                0         -nan%
TAGESCL_COMP_TAGE_LONG_MISPREDICT                    0         -nan%                0         -nan%
TAGESCL_COMP_LOOP_CORRECT                            0         -nan%                0         -nan%
TAGESCL_COMP_LOOP_MISPREDICT                         0         -nan%                0         -nan%
TAGESCL_COMP_SC_CORRECT                              0         -nan%                0         -nan%
TAGESCL_COMP_SC_MISPREDICT                           0         -nan%                0         -nan%
                                                     0         -nan%                0         -nan%
                                                  -nan         -nan              -nan         -nan

TAGESCL_COMP_BTB_MISS_TAGE_BASE_CORRECT              0         -nan%                0         -nan%
TAGESCL_COMP_BTB_MISS_TAGE_BASE_MISPREDICT             0         -nan%                0         -nan%
TAGESCL_COMP_BTB_MISS_TAGE_SHORT_CORRECT             0         -nan%                0         -nan%
TAGESCL_COMP_BTB_MISS_TAGE_SHORT_MISPREDICT             0         -nan%                0         -nan%
TAGESCL_COMP_BTB_MISS_TAGE_LONG_CORRECT              0         -nan%                0         -nan%
TAGESCL_COMP_BTB_MISS_TAGE_LONG_MISPREDICT             0         -nan%                0         -nan%
TAGESCL_COMP_BTB_MISS_LOOP_CORRECT                   0         -nan%                0         -nan%
TAGESCL_COMP_BTB_MISS_LOOP_MISPREDICT                0         -nan%                0         -nan%
TAGESCL_COMP_BTB_MISS_SC_CORRECT                     0         -nan%                0         -nan%
TAGESCL_COMP_BTB_MISS_SC_MISPREDICT                  0         -nan%                0         -nan%
                                                     0         -nan%                0         -nan%
                                                  -nan         -nan              -nan         -nan

TAGESCL_CONF_0_PER_BASE_MISPREDICT                   0         -nan%                0         -nan%
TAGESCL_CONF_1_PER_BASE_MISPREDICT                   0         -nan%                0         -nan%
TAGESCL_CONF_2_PER_BASE_MISPREDICT                   0         -nan%                0         -nan%
TAGESCL_CONF_3_PER_BASE_MISPREDICT                   0         -nan%                0         -nan%
TAGESCL_CONF_0_PER_SHORT_MISPREDICT                  0         -nan%                0         -nan%
TAGESCL_CONF_1_PER_SHORT_MISPREDICT                  0         -nan%                0         -nan%
TAGESCL_CONF_2_PER_SHORT_MISPREDICT                  0         -nan%                0         -nan%
TAGESCL_CONF_3_PER_SHORT_MISPREDICT                  0         -nan%                0         -nan%
TAGESCL_CONF_0_PER_LONG_MISPREDICT                   0         -nan%                0         -nan%
TAGESCL_CONF_1_PER_LONG_MISPREDICT                   0         -nan%                0         -nan%
TAGESCL_CONF_2_PER_LONG_MISPREDICT                   0         -nan%                0         -nan%
TAGESCL_CONF_3_PER_LONG_MISPREDICT                   0         -nan%                0         -nan%
TAGESCL_CONF_0_PER_LOOP_MISPREDICT                   0         -nan%                0         -nan%
TAGESCL_CONF_1_PER_LOOP_MISPREDICT                   0         -nan%                0         -nan%
TAGESCL_CONF_2_PER_LOOP_MISPREDICT                   0         -nan%                0         -nan%
TAGESCL_CONF_3_PER_LOOP_MISPREDICT                   0         -nan%                0         -nan%
TAGESCL_CONF_0_PER_SC_MISPREDICT                     0         -nan%                0         -nan%
TAGESCL_CONF_1_PER_SC_MISPREDICT                     0         -nan%                0         -nan%
TAGESCL_CONF_2_PER_SC_MISPREDICT                     0         -nan%                0         -nan%
TAGESCL_CONF_3_PER_SC_MISPREDICT                     0         -nan%                0         -nan%
                                                     0         -nan%                0         -nan%
                                                  -nan         -nan              -nan         -nan

TAGESCL_SC_SMALLLSUM                                 0         -nan%                0         -nan%
TAGESCL_SC_SMALLLFIRST                               0         -nan%                0         -nan%
TAGESCL_SC_SMALLLSECOND                              0         -nan%                0         -nan%
TAGESCL_SC_IDENTICAL                                 0         -nan%                0         -nan%
                                                     0         -nan%                0         -nan%
                                                  -nan         -nan              -nan         -nan

CRS_UNDERFLOW_ON_PATH                                0        0.000%               12        3.438%
CRS_UNDERFLOW_OFF_PATH                             146      100.000%              337       96.562%
                                                   146      100.000%              349      100.000%
                                                  1.00         1.00              0.97         0.95



