/* -*- Mode: c -*- */
####################################################################################################
Core 0
####################################################################################################
Cumulative:        Cycles: 14013083              Instructions: 11712088              IPC: 0.83580

Periodic:          Cycles: 7073209               Instructions: 5653250               IPC: 0.79925

EXECUTION_TIME                           2210377812500                  4379088437500              

SIM_HOST_WALL_SECONDS                       157.270827                     157.270827              

NODE_CYCLE                                     7073209                       14013083              

NODE_INST_COUNT                               10000000                       20000000              

NODE_INST_COUNT_FETCHED                        5653250                       11712088              

NODE_UOP_COUNT                                24369106                       47618888              

EXEC_STAGE_NO_ISSUE_STALL_CYCLE                6117597                       11968181              

EXEC_STAGE_NO_ISSUE_STALL_CYCLE_ONPATH         5663433                       11015463              

FULL_WINDOW_STALL                               306865        4.338%           652225        4.654%

FULL_WINDOW_MEM_OP                              294207       99.369%           626362       99.389%
FULL_WINDOW_FP_OP                                  758        0.256%             1662        0.264%
FULL_WINDOW_OTHER_OP                              1111        0.375%             2187        0.347%
                                                296076      100.000%           630211      100.000%
                                                  0.01         0.13              0.01         0.13

RET_BLOCKED_DC_MISS                             438869        6.205%           934460        6.668%

RET_BLOCKED_L1_MISS                             343208        4.852%           756153        5.396%

RET_BLOCKED_L1_MISS_BW_PREF                       6485        0.092%            37618        0.268%

RET_BLOCKED_L1_ACCESS                           113982        1.611%           233381        1.665%

RET_BLOCKED_MEM_STALL                           351427        4.968%           773239        5.518%

RET_BLOCKED_OFFCHIP_DEMAND                           0        0.000%                0        0.000%

OP_ISSUED                                     26096718                       51256225              

OP_RETIRED                                    24369106                       47618888              

OP_MACRO_FUSION_ONPATH                          422856                         869306              

OP_MACRO_FUSION_OFFPATH                         268675                         557062              

REPLAY_SIGNALED                                      0                              0              

REPLAY_COUNTED                                       0                              0              

OFF_CRITICAL_PATH                                    0         -nan%                0         -nan%
ON_CRITICAL_PATH                                     0         -nan%                0         -nan%
                                                     0         -nan%                0         -nan%
                                                  -nan         -nan              -nan         -nan

LD_NO_DEPENDENTS                                 17862        0.850%            36078        0.827%
LD_DEPENDENTS                                  2082498       99.150%          4327820       99.173%
                                               2100360      100.000%          4363898      100.000%
                                                  0.99         0.99              0.99         0.99

LD_EXEC_CYCLES_0                                     0        0.000%                0        0.000%
LD_EXEC_CYCLES_1                                     0        0.000%                0        0.000%
LD_EXEC_CYCLES_2                                     0        0.000%                0        0.000%
LD_EXEC_CYCLES_3                               1863142       90.849%          3863801       90.839%
LD_EXEC_CYCLES_4                                187672        9.151%           389680        9.161%
                                               2050814      100.000%          4253481      100.000%
                                                  3.09         0.98              3.09         0.98

ICACHE_STAGE_STARVED                            161918        2.789%           362924        3.201%
ICACHE_STAGE_NOT_STARVED                       5642723       97.211%         10975829       96.799%
                                               5804641      100.000%         11338753      100.000%
                                                  0.97         0.96              0.97         0.95

ICACHE_STAGE_STALLED                             79866        1.129%           170881        1.219%
ICACHE_STAGE_NOT_STALLED                       5724775       80.936%         11167872       79.696%
ICACHE_STAGE_OFF_PATH                          1268568       17.935%          2674330       19.085%
                                               7073209      100.000%         14013083      100.000%
                                                  1.17         0.63              1.18         0.65

DECODE_STAGE_STARVED                           6866891       98.813%         13540028       98.744%
DECODE_STAGE_NOT_STARVED                         82458        1.187%           172225        1.256%
                                               6949349      100.000%         13712253      100.000%
                                                  0.01         0.11              0.01         0.11

DECODE_STAGE_STALLED                              2246        0.032%             4092        0.029%
DECODE_STAGE_NOT_STALLED                       6947103       98.217%         13708161       97.824%
DECODE_STAGE_OFF_PATH                           123860        1.751%           300830        2.147%
                                               7073209      100.000%         14013083      100.000%
                                                  1.02         0.19              1.02         0.21

UOPQ_STAGE_STARVED                             1291049       20.812%          2677801       21.958%
UOPQ_STAGE_NOT_STARVED                         4912417       79.188%          9517034       78.042%
                                               6203466      100.000%         12194835      100.000%
                                                  0.79         0.73              0.78         0.72

UOPQ_STAGE_STALLED                               79598        1.125%           170337        1.216%
UOPQ_STAGE_NOT_STALLED                         6203466       87.704%         12194835       87.025%
UOPQ_STAGE_OFF_PATH                             790145       11.171%          1647911       11.760%
                                               7073209      100.000%         14013083      100.000%
                                                  1.10         0.48              1.11         0.50

RS_OP_READY_NOT_ISSUED_TOTAL                     25774                          52512              

RS_0_OP_READY_NOT_ISSUED                         25774                          52512              

RS_1_OP_READY_NOT_ISSUED                             0                              0              

RS_2_OP_READY_NOT_ISSUED                             0                              0              

RS_3_OP_READY_NOT_ISSUED                             0                              0              

RS_4_OP_READY_NOT_ISSUED                             0                              0              

RS_5_OP_READY_NOT_ISSUED                             0                              0              

RS_6_OP_READY_NOT_ISSUED                             0                              0              

RS_7_OP_READY_NOT_ISSUED                             0                              0              

RS_7_PLUS_OP_READY_NOT_ISSUED                        0                              0              

FU_IDLE_NO_READY_OPS_TOTAL                     6944386                       14908210              

FU_0_IDLE_NO_READY_OPS                          821479                        1765521              

FU_1_IDLE_NO_READY_OPS                          847783                        1821222              

FU_2_IDLE_NO_READY_OPS                          854698                        1835373              

FU_3_IDLE_NO_READY_OPS                          865646                        1857898              

FU_4_IDLE_NO_READY_OPS                          876952                        1882985              

FU_5_IDLE_NO_READY_OPS                          891191                        1912196              

FU_6_IDLE_NO_READY_OPS                          892416                        1914738              

FU_7_IDLE_NO_READY_OPS                          894221                        1918277              

FU_8_IDLE_NO_READY_OPS                               0                              0              

FU_9_IDLE_NO_READY_OPS                               0                              0              

FU_10_IDLE_NO_READY_OPS                              0                              0              

FU_11_IDLE_NO_READY_OPS                              0                              0              

FU_12_IDLE_NO_READY_OPS                              0                              0              

FU_13_IDLE_NO_READY_OPS                              0                              0              

FU_14_IDLE_NO_READY_OPS                              0                              0              

FU_15_IDLE_NO_READY_OPS                              0                              0              

FU_16_IDLE_NO_READY_OPS                              0                              0              

FU_17_IDLE_NO_READY_OPS                              0                              0              

FU_18_IDLE_NO_READY_OPS                              0                              0              

FU_19_IDLE_NO_READY_OPS                              0                              0              

FU_20_IDLE_NO_READY_OPS                              0                              0              

FU_21_IDLE_NO_READY_OPS                              0                              0              

FU_22_IDLE_NO_READY_OPS                              0                              0              

FU_23_IDLE_NO_READY_OPS                              0                              0              

FU_24_IDLE_NO_READY_OPS                              0                              0              

FU_25_IDLE_NO_READY_OPS                              0                              0              

FU_26_IDLE_NO_READY_OPS                              0                              0              

FU_27_IDLE_NO_READY_OPS                              0                              0              

FU_28_IDLE_NO_READY_OPS                              0                              0              

FU_29_IDLE_NO_READY_OPS                              0                              0              

FU_30_IDLE_NO_READY_OPS                              0                              0              

FU_31_IDLE_NO_READY_OPS                              0                              0              

FU_31_PLUS_IDLE_NO_READY_OPS                         0                              0              

MAP_STAGE_STARVED                               423924        6.792%           917861        7.490%
MAP_STAGE_NOT_STARVED                          5817696       93.208%         11337229       92.510%
                                               6241620      100.000%         12255090      100.000%
                                                  0.93         0.90              0.93         0.89

MAP_STAGE_STALLED                               191982        2.714%           400340        2.857%
MAP_STAGE_NOT_STALLED                          6049638       85.529%         11854750       84.598%
MAP_STAGE_OFF_PATH                              831589       11.757%          1757993       12.545%
                                               7073209      100.000%         14013083      100.000%
                                                  1.09         0.49              1.10         0.51

MAP_STAGE_STALL_ITSELF                               0        0.000%                0        0.000%
MAP_STAGE_NOT_STALL_ITSELF                     7073209      100.000%         14013083      100.000%
                                               7073209      100.000%         14013083      100.000%
                                                  1.00         1.00              1.00         1.00

MAP_STAGE_LATE_ALLOCATE_SEND_BACK                    0                              0              

MAP_STAGE_RENAME_OP_ONPATH                    24369208                       47619049              

MAP_STAGE_RENAME_OP_OFFPATH                    3122680                        6542938              

MAP_STAGE_RENAME_INT_REG_ONPATH               15244234                       30156465              

MAP_STAGE_RENAME_INT_REG_OFFPATH               2742385                        5726083              

MAP_STAGE_RENAME_VEC_REG_ONPATH                  81053                         166598              

MAP_STAGE_RENAME_VEC_REG_OFFPATH                 20260                          41266              

MAP_STAGE_RENAME_MOVE_ELIM_ONPATH                    0                              0              

MAP_STAGE_RENAME_MOVE_ELIM_OFFPATH                   0                              0              

MAP_STAGE_ONPATH_INT_REG_NUM_ALLOC                   0                              0              

MAP_STAGE_ONPATH_VEC_REG_NUM_ALLOC                   0                              0              

MAP_STAGE_ONPATH_INT_REG_NUM_SHORTLIVE               0                              0              

MAP_STAGE_ONPATH_VEC_REG_NUM_SHORTLIVE               0                              0              

MAP_STAGE_ONPATH_INT_REG_USE_COUNT_0                 0                              0              

MAP_STAGE_ONPATH_VEC_REG_USE_COUNT_0                 0                              0              

MAP_STAGE_ONPATH_INT_REG_USE_COUNT_1                 0                              0              

MAP_STAGE_ONPATH_VEC_REG_USE_COUNT_1                 0                              0              

MAP_STAGE_ONPATH_INT_REG_USE_COUNT_2                 0                              0              

MAP_STAGE_ONPATH_VEC_REG_USE_COUNT_2                 0                              0              

MAP_STAGE_ONPATH_INT_REG_USE_COUNT_3                 0                              0              

MAP_STAGE_ONPATH_VEC_REG_USE_COUNT_3                 0                              0              

MAP_STAGE_ONPATH_INT_REG_USE_COUNT_4                 0                              0              

MAP_STAGE_ONPATH_VEC_REG_USE_COUNT_4                 0                              0              

MAP_STAGE_ONPATH_INT_REG_USE_COUNT_5                 0                              0              

MAP_STAGE_ONPATH_VEC_REG_USE_COUNT_5                 0                              0              

MAP_STAGE_ONPATH_INT_REG_USE_COUNT_6                 0                              0              

MAP_STAGE_ONPATH_VEC_REG_USE_COUNT_6                 0                              0              

MAP_STAGE_ONPATH_INT_REG_USE_COUNT_7_PLUS             0                              0              

MAP_STAGE_ONPATH_VEC_REG_USE_COUNT_7_PLUS             0                              0              

MAP_STAGE_ONPATH_INT_REG_CONSUME_DIST_0              0          -nan                0          -nan

MAP_STAGE_ONPATH_VEC_REG_CONSUME_DIST_0              0          -nan                0          -nan

MAP_STAGE_ONPATH_INT_REG_CONSUME_DIST_1              0          -nan                0          -nan

MAP_STAGE_ONPATH_VEC_REG_CONSUME_DIST_1              0          -nan                0          -nan

MAP_STAGE_ONPATH_INT_REG_CONSUME_DIST_2              0          -nan                0          -nan

MAP_STAGE_ONPATH_VEC_REG_CONSUME_DIST_2              0          -nan                0          -nan

MAP_STAGE_ONPATH_INT_REG_CONSUME_DIST_3              0          -nan                0          -nan

MAP_STAGE_ONPATH_VEC_REG_CONSUME_DIST_3              0          -nan                0          -nan

MAP_STAGE_ONPATH_INT_REG_CONSUME_DIST_4              0          -nan                0          -nan

MAP_STAGE_ONPATH_VEC_REG_CONSUME_DIST_4              0          -nan                0          -nan

MAP_STAGE_ONPATH_INT_REG_CONSUME_DIST_5              0          -nan                0          -nan

MAP_STAGE_ONPATH_VEC_REG_CONSUME_DIST_5              0          -nan                0          -nan

MAP_STAGE_ONPATH_INT_REG_CONSUME_DIST_6              0          -nan                0          -nan

MAP_STAGE_ONPATH_VEC_REG_CONSUME_DIST_6              0          -nan                0          -nan

MAP_STAGE_ONPATH_INT_REG_CONSUME_DIST_7_PLUS             0          -nan                0          -nan

MAP_STAGE_ONPATH_VEC_REG_CONSUME_DIST_7_PLUS             0          -nan                0          -nan

MAP_STAGE_INT_REG_ISSUE_READ_TOTAL_CONSUMED             0        0.0000                0        0.0000

MAP_STAGE_VEC_REG_ISSUE_READ_TOTAL_CONSUMED             0        0.0000                0        0.0000

MAP_STAGE_INT_REG_ISSUE_READ_MULTI_CONSUMED             0        0.0000                0        0.0000

MAP_STAGE_VEC_REG_ISSUE_READ_MULTI_CONSUMED             0        0.0000                0        0.0000

MAP_STAGE_INT_REG_ISSUE_READ_SAME_CYCLE_CONSUMED             0        0.0000                0        0.0000

MAP_STAGE_VEC_REG_ISSUE_READ_SAME_CYCLE_CONSUMED             0        0.0000                0        0.0000

MAP_STAGE_INT_REG_ISSUE_READ_TOTAL_CONSUMED_ONPATH             0        0.0000                0        0.0000

MAP_STAGE_VEC_REG_ISSUE_READ_TOTAL_CONSUMED_ONPATH             0        0.0000                0        0.0000

MAP_STAGE_INT_REG_ISSUE_READ_MULTI_CONSUMED_ONPATH             0        0.0000                0        0.0000

MAP_STAGE_VEC_REG_ISSUE_READ_MULTI_CONSUMED_ONPATH             0        0.0000                0        0.0000

MAP_STAGE_INT_REG_ISSUE_READ_SAME_CYCLE_CONSUMED_ONPATH             0        0.0000                0        0.0000

MAP_STAGE_VEC_REG_ISSUE_READ_SAME_CYCLE_CONSUMED_ONPATH             0        0.0000                0        0.0000

MAP_STAGE_ONPATH_INT_REG_LIFECYCLE_EMPTY             0                              0              

MAP_STAGE_ONPATH_VEC_REG_LIFECYCLE_EMPTY             0                              0              

MAP_STAGE_ONPATH_INT_REG_LIFECYCLE_IN_USE             0                              0              

MAP_STAGE_ONPATH_VEC_REG_LIFECYCLE_IN_USE             0                              0              

MAP_STAGE_ONPATH_INT_REG_LIFECYCLE_SPEC_RELEASE             0                              0              

MAP_STAGE_ONPATH_VEC_REG_LIFECYCLE_SPEC_RELEASE             0                              0              

MAP_STAGE_ONPATH_INT_REG_LIFECYCLE_NONSPEC_RELEASE             0                              0              

MAP_STAGE_ONPATH_VEC_REG_LIFECYCLE_NONSPEC_RELEASE             0                              0              

MAP_STAGE_ONPATH_INT_REG_LIFECYCLE_TOTAL             0                              0              

MAP_STAGE_ONPATH_VEC_REG_LIFECYCLE_TOTAL             0                              0              

MAP_STAGE_ONPATH_INT_REG_NUM_NONBRANCH               0                              0              

MAP_STAGE_ONPATH_VEC_REG_NUM_NONBRANCH               0                              0              

MAP_STAGE_ONPATH_INT_REG_NUM_NONEXCEPT               0                              0              

MAP_STAGE_ONPATH_VEC_REG_NUM_NONEXCEPT               0                              0              

MAP_STAGE_ONPATH_INT_REG_NUM_ATOMIC                  0                              0              

MAP_STAGE_ONPATH_VEC_REG_NUM_ATOMIC                  0                              0              

MAP_STAGE_ONPATH_INT_REG_ATOMIC_REDEFINED_DIST_TOTAL             0          -nan                0          -nan

MAP_STAGE_ONPATH_VEC_REG_ATOMIC_REDEFINED_DIST_TOTAL             0          -nan                0          -nan

MAP_STAGE_ONPATH_INT_REG_ATOMIC_CONSUMED_DIST_TOTAL             0          -nan                0          -nan

MAP_STAGE_ONPATH_VEC_REG_ATOMIC_CONSUMED_DIST_TOTAL             0          -nan                0          -nan

MAP_STAGE_ONPATH_INT_REG_ATOMIC_RELEASE_DIST_TOTAL             0          -nan                0          -nan

MAP_STAGE_ONPATH_VEC_REG_ATOMIC_RELEASE_DIST_TOTAL             0          -nan                0          -nan

EXEC_STAGE_STARVED                             6318113       89.325%         12404919       88.524%
EXEC_STAGE_NOT_STARVED                          264518        3.740%           563355        4.020%
EXEC_STAGE_OFF_PATH                             490578        6.936%          1044809        7.456%
                                               7073209      100.000%         14013083      100.000%
                                                  0.18         0.51              0.19         0.52

FU_BUSY_0                                      6131200                       11995222              

FU_BUSY_1                                      6027401                       11778115              

FU_BUSY_2                                      5920750                       11559355              

FU_BUSY_3                                      5712723                       11122392              

FU_BUSY_4                                      1128320                        2339149              

FU_BUSY_5                                       694345                        1458657              

FU_BUSY_6                                       453012                         958382              

FU_BUSY_7                                       238753                         480515              

FU_BUSY_8                                            0                              0              

FU_BUSY_9                                            0                              0              

FU_BUSY_10                                           0                              0              

FU_BUSY_11                                           0                              0              

FU_BUSY_12                                           0                              0              

FU_BUSY_13                                           0                              0              

FU_BUSY_14                                           0                              0              

FU_BUSY_15                                           0                              0              

FU_BUSY_16                                           0                              0              

FU_BUSY_17                                           0                              0              

FU_BUSY_18                                           0                              0              

FU_BUSY_19                                           0                              0              

FU_BUSY_20                                           0                              0              

FU_BUSY_21                                           0                              0              

FU_BUSY_22                                           0                              0              

FU_BUSY_23                                           0                              0              

FU_BUSY_24                                           0                              0              

FU_BUSY_25                                           0                              0              

FU_BUSY_26                                           0                              0              

FU_BUSY_27                                           0                              0              

FU_BUSY_28                                           0                              0              

FU_BUSY_29                                           0                              0              

FU_BUSY_30                                           0                              0              

FU_BUSY_31                                           0                              0              

FU_REJECTED_OP_INV_NOT_SIMD                          0        0.000%                0        0.000%
FU_REJECTED_OP_NOP_NOT_SIMD                       5900        3.248%            10685        2.808%
FU_REJECTED_OP_CF_NOT_SIMD                       22045       12.137%            44549       11.709%
FU_REJECTED_OP_MOV_NOT_SIMD                      13304        7.324%            27230        7.157%
FU_REJECTED_OP_CMOV_NOT_SIMD                       102        0.056%              213        0.056%
FU_REJECTED_OP_LDA_NOT_SIMD                       7359        4.051%            15078        3.963%
FU_REJECTED_OP_IMEM_NOT_SIMD                     46412       25.552%           100944       26.531%
FU_REJECTED_OP_IADD_NOT_SIMD                     13623        7.500%            26710        7.020%
FU_REJECTED_OP_IMUL_NOT_SIMD                     35363       19.469%            73728       19.378%
FU_REJECTED_OP_IDIV_NOT_SIMD                       200        0.110%              531        0.140%
FU_REJECTED_OP_ICMP_NOT_SIMD                         0        0.000%                0        0.000%
FU_REJECTED_OP_LOGIC_NOT_SIMD                     5938        3.269%            14006        3.681%
FU_REJECTED_OP_SHIFT_NOT_SIMD                     8503        4.681%            19087        5.017%
FU_REJECTED_OP_FMEM_NOT_SIMD                      4592        2.528%             7986        2.099%
FU_REJECTED_OP_FCVT_NOT_SIMD                         0        0.000%                0        0.000%
FU_REJECTED_OP_FADD_NOT_SIMD                         0        0.000%                0        0.000%
FU_REJECTED_OP_FMUL_NOT_SIMD                         0        0.000%                0        0.000%
FU_REJECTED_OP_FMA_NOT_SIMD                          0        0.000%                0        0.000%
FU_REJECTED_OP_FDIV_NOT_SIMD                         0        0.000%                0        0.000%
FU_REJECTED_OP_FCMP_NOT_SIMD                         0        0.000%                0        0.000%
FU_REJECTED_OP_FCMOV_NOT_SIMD                        0        0.000%                0        0.000%
FU_REJECTED_OP_GATHER_NOT_SIMD                       0        0.000%                0        0.000%
FU_REJECTED_OP_SCATTER_NOT_SIMD                      0        0.000%                0        0.000%
FU_REJECTED_OP_PIPELINED_FAST_NOT_SIMD               0        0.000%                0        0.000%
FU_REJECTED_OP_PIPELINED_MEDIUM_NOT_SIMD             0        0.000%                0        0.000%
FU_REJECTED_OP_PIPELINED_SLOW_NOT_SIMD               0        0.000%                0        0.000%
FU_REJECTED_OP_NOTPIPELINED_MEDIUM_NOT_SIMD             0        0.000%                0        0.000%
FU_REJECTED_OP_NOTPIPELINED_SLOW_NOT_SIMD             0        0.000%                0        0.000%
FU_REJECTED_OP_NOTPIPELINED_VERY_SLOW_NOT_SIMD             0        0.000%                1        0.000%
FU_REJECTED_OP_INV_SIMD                              0        0.000%                0        0.000%
FU_REJECTED_OP_NOP_SIMD                              0        0.000%                0        0.000%
FU_REJECTED_OP_CF_SIMD                               0        0.000%                0        0.000%
FU_REJECTED_OP_MOV_SIMD                            125        0.069%              272        0.071%
FU_REJECTED_OP_CMOV_SIMD                             0        0.000%                1        0.000%
FU_REJECTED_OP_LDA_SIMD                              0        0.000%                0        0.000%
FU_REJECTED_OP_IMEM_SIMD                             0        0.000%                0        0.000%
FU_REJECTED_OP_IADD_SIMD                             0        0.000%                0        0.000%
FU_REJECTED_OP_IMUL_SIMD                             0        0.000%                0        0.000%
FU_REJECTED_OP_IDIV_SIMD                             0        0.000%                0        0.000%
FU_REJECTED_OP_ICMP_SIMD                             0        0.000%                0        0.000%
FU_REJECTED_OP_LOGIC_SIMD                            2        0.001%                3        0.001%
FU_REJECTED_OP_SHIFT_SIMD                            2        0.001%               12        0.003%
FU_REJECTED_OP_FMEM_SIMD                             0        0.000%                0        0.000%
FU_REJECTED_OP_FCVT_SIMD                          6876        3.786%            20166        5.300%
FU_REJECTED_OP_FADD_SIMD                         11105        6.114%            18918        4.972%
FU_REJECTED_OP_FMUL_SIMD                             0        0.000%                0        0.000%
FU_REJECTED_OP_FMA_SIMD                             43        0.024%               73        0.019%
FU_REJECTED_OP_FDIV_SIMD                            78        0.043%              176        0.046%
FU_REJECTED_OP_FCMP_SIMD                            62        0.034%               96        0.025%
FU_REJECTED_OP_FCMOV_SIMD                            1        0.001%                3        0.001%
FU_REJECTED_OP_GATHER_SIMD                           0        0.000%                2        0.001%
FU_REJECTED_OP_SCATTER_SIMD                          0        0.000%                0        0.000%
FU_REJECTED_OP_PIPELINED_FAST_SIMD                   0        0.000%                0        0.000%
FU_REJECTED_OP_PIPELINED_MEDIUM_SIMD                 0        0.000%                0        0.000%
FU_REJECTED_OP_PIPELINED_SLOW_SIMD                   3        0.002%                5        0.001%
FU_REJECTED_OP_NOTPIPELINED_MEDIUM_SIMD              0        0.000%                0        0.000%
FU_REJECTED_OP_NOTPIPELINED_SLOW_SIMD                0        0.000%                0        0.000%
FU_REJECTED_OP_NOTPIPELINED_VERY_SLOW_SIMD             0        0.000%                0        0.000%
                                                181638      100.000%           380475      100.000%
                                                  9.96        11.61             10.14        11.71

LSQ_FULL_TOTAL                                    8608                          16031              

LSQ_FULL_LOAD_QUEUE                                  0                              0              

LSQ_FULL_STORE_QUEUE                              8608                          16031              

OP_WAIT_0                                     18100160                       35339049              

OP_WAIT_1                                      5536148                       10842878              

OP_WAIT_2                                        61585                         127975              

OP_WAIT_3                                        70254                         140611              

OP_WAIT_4                                       169820                         339699              

OP_WAIT_5                                          996                           2043              

OP_WAIT_6                                          654                           1331              

OP_WAIT_7                                        67724                         101791              

OP_WAIT_8                                        33942                          67967              

OP_WAIT_9                                       202184                         303405              

OP_WAIT_10                                       53990                         188843              

OP_WAIT_11                                       67457                         111369              

OP_WAIT_12                                         184                          44067              

OP_WAIT_13                                         175                            365              

OP_WAIT_14                                         243                            484              

OP_WAIT_15                                         178                            382              

OP_WAIT_16                                         165                            357              

OP_WAIT_17                                         150                            346              

OP_WAIT_18                                         188                            351              

OP_WAIT_19                                         135                            275              

OP_WAIT_20                                         109                            208              

OP_WAIT_21                                          94                            185              

OP_WAIT_22                                         107                            200              

OP_WAIT_23                                         140                            263              

OP_WAIT_24                                         116                            217              

OP_WAIT_25                                         130                            256              

OP_WAIT_26                                         130                            269              

OP_WAIT_27                                         104                            190              

OP_WAIT_28                                          93                            179              

OP_WAIT_29                                         101                            202              

OP_WAIT_30                                         126                            225              

OP_WAIT_31                                        1524                           2906              

ROW_SIZE_0                                      866790                        1819068              

ROW_SIZE_1                                      221838                         462657              

ROW_SIZE_2                                      113868                         235506              

ROW_SIZE_3                                       51252                         106915              

ROW_SIZE_4                                     4183734                        7987330              

ROW_SIZE_5                                       32096                          61796              

ROW_SIZE_6                                     1145060                        2351029              

ROW_SIZE_7                                           0                              0              

ROW_SIZE_8                                           0                              0              

ROW_SIZE_9                                           0                              0              

ROW_SIZE_10                                          0                              0              

ROW_SIZE_11                                          0                              0              

ROW_SIZE_12                                          0                              0              

ROW_SIZE_13                                          0                              0              

ROW_SIZE_14                                          0                              0              

ROW_SIZE_15                                          0                              0              

ROW_SIZE_16                                          0                              0              

ROW_SIZE_17                                          0                              0              

ROW_SIZE_18                                          0                              0              

ROW_SIZE_19                                          0                              0              

ROW_SIZE_20                                          0                              0              

ROW_SIZE_21                                          0                              0              

ROW_SIZE_22                                          0                              0              

ROW_SIZE_23                                          0                              0              

ROW_SIZE_24                                          0                              0              

ROW_SIZE_25                                          0                              0              

ROW_SIZE_26                                          0                              0              

ROW_SIZE_27                                          0                              0              

ROW_SIZE_28                                          0                              0              

ROW_SIZE_29                                          0                              0              

ROW_SIZE_30                                          0                              0              

ROW_SIZE_31                                          0                              0              

RET_OP_EXEC_COUNT_0                                  0        0.000%                0        0.000%
RET_OP_EXEC_COUNT_1                           24369106      100.000%         47618888      100.000%
RET_OP_EXEC_COUNT_2                                  0        0.000%                0        0.000%
RET_OP_EXEC_COUNT_3                                  0        0.000%                0        0.000%
RET_OP_EXEC_COUNT_4                                  0        0.000%                0        0.000%
RET_OP_EXEC_COUNT_5                                  0        0.000%                0        0.000%
RET_OP_EXEC_COUNT_6                                  0        0.000%                0        0.000%
RET_OP_EXEC_COUNT_7                                  0        0.000%                0        0.000%
RET_OP_EXEC_COUNT_8                                  0        0.000%                0        0.000%
RET_OP_EXEC_COUNT_9                                  0        0.000%                0        0.000%
RET_OP_EXEC_COUNT_10                                 0        0.000%                0        0.000%
RET_OP_EXEC_COUNT_11                                 0        0.000%                0        0.000%
RET_OP_EXEC_COUNT_12                                 0        0.000%                0        0.000%
RET_OP_EXEC_COUNT_13                                 0        0.000%                0        0.000%
RET_OP_EXEC_COUNT_14                                 0        0.000%                0        0.000%
RET_OP_EXEC_COUNT_15                                 0        0.000%                0        0.000%
RET_OP_EXEC_COUNT_16                                 0        0.000%                0        0.000%
RET_OP_EXEC_COUNT_17                                 0        0.000%                0        0.000%
RET_OP_EXEC_COUNT_18                                 0        0.000%                0        0.000%
RET_OP_EXEC_COUNT_19                                 0        0.000%                0        0.000%
RET_OP_EXEC_COUNT_20                                 0        0.000%                0        0.000%
RET_OP_EXEC_COUNT_21                                 0        0.000%                0        0.000%
RET_OP_EXEC_COUNT_22                                 0        0.000%                0        0.000%
RET_OP_EXEC_COUNT_23                                 0        0.000%                0        0.000%
RET_OP_EXEC_COUNT_24                                 0        0.000%                0        0.000%
RET_OP_EXEC_COUNT_25                                 0        0.000%                0        0.000%
RET_OP_EXEC_COUNT_26                                 0        0.000%                0        0.000%
RET_OP_EXEC_COUNT_27                                 0        0.000%                0        0.000%
RET_OP_EXEC_COUNT_28                                 0        0.000%                0        0.000%
RET_OP_EXEC_COUNT_29                                 0        0.000%                0        0.000%
RET_OP_EXEC_COUNT_30                                 0        0.000%                0        0.000%
RET_OP_EXEC_COUNT_31                                 0        0.000%                0        0.000%
RET_OP_EXEC_COUNT_32                                 0        0.000%                0        0.000%
                                              24369106      100.000%         47618888      100.000%
                                                  1.00         0.00              1.00         0.00

RET_STALL_LENGTH_0                            24367846       99.995%         47616200       99.994%
RET_STALL_LENGTH_100                               947        0.004%             2008        0.004%
RET_STALL_LENGTH_200                                40        0.000%               90        0.000%
RET_STALL_LENGTH_300                                59        0.000%              142        0.000%
RET_STALL_LENGTH_400                                91        0.000%              175        0.000%
RET_STALL_LENGTH_500                                55        0.000%              110        0.000%
RET_STALL_LENGTH_600                                28        0.000%               59        0.000%
RET_STALL_LENGTH_700                                 3        0.000%               16        0.000%
RET_STALL_LENGTH_800                                 5        0.000%               15        0.000%
RET_STALL_LENGTH_900                                 5        0.000%                9        0.000%
RET_STALL_LENGTH_1000                                6        0.000%                8        0.000%
RET_STALL_LENGTH_1100                                6        0.000%               10        0.000%
RET_STALL_LENGTH_1200                                9        0.000%               25        0.000%
RET_STALL_LENGTH_1300                                3        0.000%                6        0.000%
RET_STALL_LENGTH_1400                                0        0.000%                1        0.000%
RET_STALL_LENGTH_1500                                1        0.000%                4        0.000%
RET_STALL_LENGTH_1600                                0        0.000%                3        0.000%
RET_STALL_LENGTH_1700                                1        0.000%                4        0.000%
RET_STALL_LENGTH_1800                                0        0.000%                0        0.000%
RET_STALL_LENGTH_1900                                0        0.000%                0        0.000%
RET_STALL_LENGTH_2000                                0        0.000%                1        0.000%
RET_STALL_LENGTH_2100                                1        0.000%                2        0.000%
RET_STALL_LENGTH_2200                                0        0.000%                0        0.000%
RET_STALL_LENGTH_2300                                0        0.000%                0        0.000%
RET_STALL_LENGTH_2400                                0        0.000%                0        0.000%
RET_STALL_LENGTH_2500                                0        0.000%                0        0.000%
RET_STALL_LENGTH_2600                                0        0.000%                0        0.000%
RET_STALL_LENGTH_2700                                0        0.000%                0        0.000%
RET_STALL_LENGTH_2800                                0        0.000%                0        0.000%
RET_STALL_LENGTH_2900                                0        0.000%                0        0.000%
RET_STALL_LENGTH_3000                                0        0.000%                0        0.000%
RET_STALL_LENGTH_3100                                0        0.000%                0        0.000%
RET_STALL_LENGTH_3200                                0        0.000%                0        0.000%
RET_STALL_LENGTH_3300                                0        0.000%                0        0.000%
RET_STALL_LENGTH_3400                                0        0.000%                0        0.000%
RET_STALL_LENGTH_3500                                0        0.000%                0        0.000%
RET_STALL_LENGTH_3600                                0        0.000%                0        0.000%
RET_STALL_LENGTH_3700                                0        0.000%                0        0.000%
RET_STALL_LENGTH_3800                                0        0.000%                0        0.000%
RET_STALL_LENGTH_3900                                0        0.000%                0        0.000%
RET_STALL_LENGTH_4000                                0        0.000%                0        0.000%
RET_STALL_LENGTH_4100                                0        0.000%                0        0.000%
RET_STALL_LENGTH_4200                                0        0.000%                0        0.000%
RET_STALL_LENGTH_4300                                0        0.000%                0        0.000%
RET_STALL_LENGTH_4400                                0        0.000%                0        0.000%
RET_STALL_LENGTH_4500                                0        0.000%                0        0.000%
RET_STALL_LENGTH_4600                                0        0.000%                0        0.000%
RET_STALL_LENGTH_4700                                0        0.000%                0        0.000%
RET_STALL_LENGTH_4800                                0        0.000%                0        0.000%
RET_STALL_LENGTH_4900                                0        0.000%                0        0.000%
RET_STALL_LENGTH_5000                                0        0.000%                0        0.000%
                                              24369106      100.000%         47618888      100.000%
                                                  0.00         0.02              0.00         0.02

MEM_BLOCK_LENGTH_0                                 215       80.827%              435       79.525%
MEM_BLOCK_LENGTH_100                                17        6.391%               41        7.495%
MEM_BLOCK_LENGTH_200                                11        4.135%               25        4.570%
MEM_BLOCK_LENGTH_300                                 2        0.752%               12        2.194%
MEM_BLOCK_LENGTH_400                                11        4.135%               18        3.291%
MEM_BLOCK_LENGTH_500                                 8        3.008%               11        2.011%
MEM_BLOCK_LENGTH_600                                 1        0.376%                2        0.366%
MEM_BLOCK_LENGTH_700                                 0        0.000%                0        0.000%
MEM_BLOCK_LENGTH_800                                 0        0.000%                0        0.000%
MEM_BLOCK_LENGTH_900                                 0        0.000%                0        0.000%
MEM_BLOCK_LENGTH_1000                                0        0.000%                0        0.000%
MEM_BLOCK_LENGTH_1100                                0        0.000%                1        0.183%
MEM_BLOCK_LENGTH_1200                                1        0.376%                1        0.183%
MEM_BLOCK_LENGTH_1300                                0        0.000%                0        0.000%
MEM_BLOCK_LENGTH_1400                                0        0.000%                1        0.183%
MEM_BLOCK_LENGTH_1500                                0        0.000%                0        0.000%
MEM_BLOCK_LENGTH_1600                                0        0.000%                0        0.000%
MEM_BLOCK_LENGTH_1700                                0        0.000%                0        0.000%
MEM_BLOCK_LENGTH_1800                                0        0.000%                0        0.000%
MEM_BLOCK_LENGTH_1900                                0        0.000%                0        0.000%
MEM_BLOCK_LENGTH_2000                                0        0.000%                0        0.000%
MEM_BLOCK_LENGTH_2100                                0        0.000%                0        0.000%
MEM_BLOCK_LENGTH_2200                                0        0.000%                0        0.000%
MEM_BLOCK_LENGTH_2300                                0        0.000%                0        0.000%
MEM_BLOCK_LENGTH_2400                                0        0.000%                0        0.000%
MEM_BLOCK_LENGTH_2500                                0        0.000%                0        0.000%
MEM_BLOCK_LENGTH_2600                                0        0.000%                0        0.000%
MEM_BLOCK_LENGTH_2700                                0        0.000%                0        0.000%
MEM_BLOCK_LENGTH_2800                                0        0.000%                0        0.000%
MEM_BLOCK_LENGTH_2900                                0        0.000%                0        0.000%
MEM_BLOCK_LENGTH_3000                                0        0.000%                0        0.000%
MEM_BLOCK_LENGTH_3100                                0        0.000%                0        0.000%
MEM_BLOCK_LENGTH_3200                                0        0.000%                0        0.000%
MEM_BLOCK_LENGTH_3300                                0        0.000%                0        0.000%
MEM_BLOCK_LENGTH_3400                                0        0.000%                0        0.000%
MEM_BLOCK_LENGTH_3500                                0        0.000%                0        0.000%
MEM_BLOCK_LENGTH_3600                                0        0.000%                0        0.000%
MEM_BLOCK_LENGTH_3700                                0        0.000%                0        0.000%
MEM_BLOCK_LENGTH_3800                                0        0.000%                0        0.000%
MEM_BLOCK_LENGTH_3900                                0        0.000%                0        0.000%
MEM_BLOCK_LENGTH_4000                                0        0.000%                0        0.000%
MEM_BLOCK_LENGTH_4100                                0        0.000%                0        0.000%
MEM_BLOCK_LENGTH_4200                                0        0.000%                0        0.000%
MEM_BLOCK_LENGTH_4300                                0        0.000%                0        0.000%
MEM_BLOCK_LENGTH_4400                                0        0.000%                0        0.000%
MEM_BLOCK_LENGTH_4500                                0        0.000%                0        0.000%
MEM_BLOCK_LENGTH_4600                                0        0.000%                0        0.000%
MEM_BLOCK_LENGTH_4700                                0        0.000%                0        0.000%
MEM_BLOCK_LENGTH_4800                                0        0.000%                0        0.000%
MEM_BLOCK_LENGTH_4900                                0        0.000%                0        0.000%
MEM_BLOCK_LENGTH_5000                                0        0.000%                0        0.000%
                                                   266      100.000%              547      100.000%
                                                  0.55         1.36              0.55         1.38

FUS_BUSY_ON_PATH                              24539319        3.4693         47976147        3.4237

FUS_BUSY_OFF_PATH                              1767185        0.2498          3715640        0.2652

FU_BUSY_MEM_STALL                               206885        0.0292           429667        0.0307

FUS_EMPTY                                     30279168        4.2808         60412877        4.3112

FU_UNAVAILABLE                                    4080        0.0006             8324        0.0006

FU_MEM_UNAVAILABLE                              177558        0.0251           372151        0.0266

FU_OTHER_UNAVAILABLE                                 0        0.0000                0        0.0000

FU_REPLAY                                            0        0.0000                0        0.0000

FU_STARVED                                    30077116        4.2523         59994300        4.2813

CHIP_UTILIZATION                                     0        0.0000                0        0.0000

CYCLES_UNDER_MEM_REQ                                 0                              0              

CYCLES_UNDER_NO_MEM_REQ                              0                              0              

CYCLES_UNDER_CRITICAL_MEM_REQ                        0                              0              

CYCLES_UNDER_NONCRITICAL_MEM_REQ                     0                              0              

CHIP_UTILIZATION_UNDER_MEM_REQ                       0          -nan                0          -nan

CHIP_UTILIZATION_UNDER_NO_MEM_REQ                    0          -nan                0          -nan

CHIP_UTILIZATION_UNDER_CRITICAL_MEM_REQ              0          -nan                0          -nan

CHIP_UTILIZATION_UNDER_NONCRITICAL_MEM_REQ             0          -nan                0          -nan

CYCLES_NOT_WAITING_FOR_OFF_CHIP                      0        0.0000                0        0.0000

FUS_BUSY_NOT_WAITING_FOR_OFF_CHIP                    0          -nan                0          -nan

CYCLES_WAITING_FOR_OFF_CHIP                          0        0.0000                0        0.0000

FUS_BUSY_WAITING_FOR_OFF_CHIP                        0          -nan                0          -nan

TOTAL_OFF_CHIP_DELAYS_LEFT                           0                              0              

WRONG_IO_SCHED                                       0                              0              

DVFS_CONFIG_SWITCH                                   0                              0              

MAP_STAGE_RECEIVED_OPS_0                             0        0.000%                0        0.000%
MAP_STAGE_RECEIVED_OPS_1                          4126        0.074%             8436        0.078%
MAP_STAGE_RECEIVED_OPS_2                         48952        0.877%           101457        0.936%
MAP_STAGE_RECEIVED_OPS_3                         30985        0.555%            62697        0.578%
MAP_STAGE_RECEIVED_OPS_4                       4418767       79.201%          8437369       77.836%
MAP_STAGE_RECEIVED_OPS_5                         49677        0.890%            99508        0.918%
MAP_STAGE_RECEIVED_OPS_6                       1026664       18.402%          2130502       19.654%
MAP_STAGE_RECEIVED_OPS_7                             0        0.000%                0        0.000%
MAP_STAGE_RECEIVED_OPS_8                             0        0.000%                0        0.000%
MAP_STAGE_RECEIVED_OPS_MAX                           0        0.000%                0        0.000%
                                               5579171      100.000%         10839969      100.000%
                                                  4.35         0.82              4.38         0.84

MAP_STAGE_WAIT_FOR_DECODE                            0         -nan%                0         -nan%
MAP_STAGE_CONSUME_DECODE                             0         -nan%                0         -nan%
                                                     0         -nan%                0         -nan%
                                                  -nan         -nan              -nan         -nan

MAP_STAGE_WAIT_FOR_DECODE2                           0         -nan%                0         -nan%
MAP_STAGE_CONSUME_DECODE2                            0         -nan%                0         -nan%
                                                     0         -nan%                0         -nan%
                                                  -nan         -nan              -nan         -nan

FTQ_RECOVER_EXEC                                 47347                          98731              

FTQ_RECOVER_DECODE                                 113                           1075              

FTQ_OFFPATH_CYCLES                             1867083                        3956016              

FTQ_CYCLES_OFFPATH                             1867108                        3956041              

FTQ_CYCLES_ONPATH                              5206101                       10057042              

FTQ_FETCHED_INS_ONPATH                        24369243                       47619284              

FTQ_FETCHED_INS_OFFPATH                       11320148                       24187981              

FTQ_BREAK_FULL_FT_ONPATH                        717715                        1333981              

FTQ_BREAK_FULL_FT_OFFPATH                       694128                        1491476              

FTQ_BREAK_PRED_BR_ONPATH                             0                              0              

FTQ_BREAK_PRED_BR_OFFPATH                            0                              0              

FTQ_BREAK_BAR_FETCH_ONPATH                           0                              0              

FTQ_BREAK_BAR_FETCH_OFFPATH                          0                              0              

FTQ_BREAK_MAX_CFS_TAKEN_ONPATH                       0                              0              

FTQ_BREAK_MAX_CFS_TAKEN_OFFPATH                      0                              0              

FTQ_BREAK_MAX_FT_ONPATH                        4488385                        8723060              

FTQ_BREAK_MAX_FT_OFFPATH                       1172981                        2464566              

DFE_GEN_ON_PATH_FT                             5166911                        9983206              

DFE_GEN_OFF_PATH_FT                            1368152                        2868024              

DFE_L0_ENABLED_PREDICTIONS                    24369238                       47619279              

DFE_L0_WRONG_MAIN_CORRECT                            0                              0              

DFE_L0_WRONG_MAIN_WRONG                          47295                          98814              

DFE_L0_CORRECT_MAIN_WRONG                            2                              3              

DFE_L0_CORRECT_MAIN_CORRECT                   24321941                       47520462              

DFE_L0_WRONG_MAIN_CORRECT_RECOVERY_SCHEDULED             0                              0              

FTQ_SAW_BAR_FETCH_OFFPATH                            0                              0              

FTQ_SAW_BAR_FETCH_ONPATH                             0                              0              

DFE_CONF_0_MISPRED                                   0         -nan%                0         -nan%
DFE_CONF_1_MISPRED                                   0         -nan%                0         -nan%
DFE_CONF_2_MISPRED                                   0         -nan%                0         -nan%
DFE_CONF_3_MISPRED                                   0         -nan%                0         -nan%
DFE_CONF_0_CORRECT                                   0         -nan%                0         -nan%
DFE_CONF_1_CORRECT                                   0         -nan%                0         -nan%
DFE_CONF_2_CORRECT                                   0         -nan%                0         -nan%
DFE_CONF_3_CORRECT                                   0         -nan%                0         -nan%
                                                     0         -nan%                0         -nan%
                                                  -nan         -nan              -nan         -nan

DFE_ON_CONF_ON_OPS                                   0         -nan%                0         -nan%
DFE_ON_CONF_OFF_OPS                                  0         -nan%                0         -nan%
DFE_OFF_CONF_ON_OPS                                  0         -nan%                0         -nan%
DFE_OFF_CONF_OFF_REALISTIC_OPS                       0         -nan%                0         -nan%
DFE_OFF_CONF_OFF_PERFECT_OPS                         0         -nan%                0         -nan%
                                                     0         -nan%                0         -nan%
                                                  -nan         -nan              -nan         -nan

DFE_ON_CONF_ON_FETCH_TARGETS                         0         -nan%                0         -nan%
DFE_ON_CONF_OFF_FETCH_TARGETS                        0         -nan%                0         -nan%
DFE_OFF_CONF_ON_FETCH_TARGETS                        0         -nan%                0         -nan%
DFE_OFF_CONF_OFF_REALISTIC_FETCH_TARGETS             0         -nan%                0         -nan%
DFE_OFF_CONF_OFF_PERFECT_FETCH_TARGETS               0         -nan%                0         -nan%
                                                     0         -nan%                0         -nan%
                                                  -nan         -nan              -nan         -nan

DFE_ON_CONF_ON_CYCLES                                0         -nan%                0         -nan%
DFE_ON_CONF_OFF_CYCLES                               0         -nan%                0         -nan%
DFE_OFF_CONF_ON_CYCLES                               0         -nan%                0         -nan%
DFE_OFF_CONF_OFF_REALISTIC_CYCLES                    0         -nan%                0         -nan%
DFE_OFF_CONF_OFF_PERFECT_CYCLES                      0         -nan%                0         -nan%
                                                     0         -nan%                0         -nan%
                                                  -nan         -nan              -nan         -nan

DFE_OFF_CONF_ON_NUM_EVENTS                           0                              0              

DFE_OFF_CONF_ON_NOT_IDENTIFIED_EVENTS                0         -nan%                0         -nan%
DFE_OFF_CONF_ON_IBTB_MISS_EVENTS                     0         -nan%                0         -nan%
DFE_OFF_CONF_ON_BTB_MISS_EVENTS                      0         -nan%                0         -nan%
DFE_OFF_CONF_ON_BTB_MISS_MISPRED_EVENTS              0         -nan%                0         -nan%
DFE_OFF_CONF_ON_MISPRED_EVENTS                       0         -nan%                0         -nan%
DFE_OFF_CONF_ON_MISFETCH_EVENTS                      0         -nan%                0         -nan%
                                                     0         -nan%                0         -nan%
                                                  -nan         -nan              -nan         -nan

DFE_OFF_CONF_ON_NOT_IDENTIFIED_CYCLES                0         -nan%                0         -nan%
DFE_OFF_CONF_ON_IBTB_MISS_CYCLES                     0         -nan%                0         -nan%
DFE_OFF_CONF_ON_BTB_MISS_CYCLES                      0         -nan%                0         -nan%
DFE_OFF_CONF_ON_BTB_MISS_MISPRED_CYCLES              0         -nan%                0         -nan%
DFE_OFF_CONF_ON_MISPRED_CYCLES                       0         -nan%                0         -nan%
DFE_OFF_CONF_ON_MISFETCH_CYCLES                      0         -nan%                0         -nan%
                                                     0         -nan%                0         -nan%
                                                  -nan         -nan              -nan         -nan

DFE_OFF_CONF_ON_NOT_IDENTIFIED_FETCH_TARGETS             0         -nan%                0         -nan%
DFE_OFF_CONF_ON_IBTB_MISS_FETCH_TARGETS              0         -nan%                0         -nan%
DFE_OFF_CONF_ON_BTB_MISS_FETCH_TARGETS               0         -nan%                0         -nan%
DFE_OFF_CONF_ON_BTB_MISS_MISPRED_FETCH_TARGETS             0         -nan%                0         -nan%
DFE_OFF_CONF_ON_MISPRED_FETCH_TARGETS                0         -nan%                0         -nan%
DFE_OFF_CONF_ON_MISFETCH_FETCH_TARGETS               0         -nan%                0         -nan%
                                                     0         -nan%                0         -nan%
                                                  -nan         -nan              -nan         -nan

DFE_OFF_CONF_ON_BP_INCORRECT_0_CONF                  0         -nan%                0         -nan%
DFE_OFF_CONF_ON_BP_INCORRECT_1_CONF                  0         -nan%                0         -nan%
DFE_OFF_CONF_ON_BP_INCORRECT_2_CONF                  0         -nan%                0         -nan%
DFE_OFF_CONF_ON_BP_INCORRECT_3_CONF                  0         -nan%                0         -nan%
                                                     0         -nan%                0         -nan%
                                                  -nan         -nan              -nan         -nan

DFE_OFF_CONF_ON_BTB_MISS_CBR_0_CONF                  0         -nan%                0         -nan%
DFE_OFF_CONF_ON_BTB_MISS_CBR_1_CONF                  0         -nan%                0         -nan%
DFE_OFF_CONF_ON_BTB_MISS_CBR_2_CONF                  0         -nan%                0         -nan%
DFE_OFF_CONF_ON_BTB_MISS_CBR_3_CONF                  0         -nan%                0         -nan%
                                                     0         -nan%                0         -nan%
                                                  -nan         -nan              -nan         -nan

DFE_OFF_CONF_ON_BTB_MISS_NOT_CF                      0         -nan%                0         -nan%
DFE_OFF_CONF_ON_BTB_MISS_CF_BR                       0         -nan%                0         -nan%
DFE_OFF_CONF_ON_BTB_MISS_CF_CBR                      0         -nan%                0         -nan%
DFE_OFF_CONF_ON_BTB_MISS_CF_CALL                     0         -nan%                0         -nan%
DFE_OFF_CONF_ON_BTB_MISS_CF_IBR                      0         -nan%                0         -nan%
DFE_OFF_CONF_ON_BTB_MISS_CF_ICALL                    0         -nan%                0         -nan%
DFE_OFF_CONF_ON_BTB_MISS_CF_ICO                      0         -nan%                0         -nan%
DFE_OFF_CONF_ON_BTB_MISS_CF_RET                      0         -nan%                0         -nan%
DFE_OFF_CONF_ON_BTB_MISS_CF_SYS                      0         -nan%                0         -nan%
                                                     0         -nan%                0         -nan%
                                                  -nan         -nan              -nan         -nan

DFE_ON_CONF_OFF_NUM_EVENTS                           0                              0              

CONF_BTB_NUM_CYCLES_OFF_PATH_EVENT                   0                              0              

DFE_ON_CONF_OFF_IBTB_MISS_BP_TAKEN                   0         -nan%                0         -nan%
DFE_ON_CONF_OFF_BTB_MISS_BP_TAKEN_CONF_0             0         -nan%                0         -nan%
DFE_ON_CONF_OFF_BTB_MISS_BP_TAKEN_CONF_1             0         -nan%                0         -nan%
DFE_ON_CONF_OFF_BTB_MISS_BP_TAKEN_CONF_2             0         -nan%                0         -nan%
DFE_ON_CONF_OFF_BTB_MISS_BP_TAKEN_CONF_3             0         -nan%                0         -nan%
DFE_ON_CONF_OFF_BTB_MISS_RATE                        0         -nan%                0         -nan%
DFE_ON_CONF_OFF_IBTB_MISS_RATE                       0         -nan%                0         -nan%
DFE_ON_CONF_OFF_MISFETCH_RATE                        0         -nan%                0         -nan%
DFE_ON_CONF_OFF_MISPRED_RATE                         0         -nan%                0         -nan%
DFE_ON_CONF_OFF_INV_CONF_INC                         0         -nan%                0         -nan%
DFE_ON_CONF_OFF_PERFECT_CONF                         0         -nan%                0         -nan%
                                                     0         -nan%                0         -nan%
                                                  -nan         -nan              -nan         -nan

DFE_ON_CONF_OFF_IBTB_MISS_BP_TAKEN_CYCLES             0         -nan%                0         -nan%
DFE_ON_CONF_OFF_BTB_MISS_BP_TAKEN_CONF_0_CYCLES             0         -nan%                0         -nan%
DFE_ON_CONF_OFF_BTB_MISS_BP_TAKEN_CONF_1_CYCLES             0         -nan%                0         -nan%
DFE_ON_CONF_OFF_BTB_MISS_BP_TAKEN_CONF_2_CYCLES             0         -nan%                0         -nan%
DFE_ON_CONF_OFF_BTB_MISS_BP_TAKEN_CONF_3_CYCLES             0         -nan%                0         -nan%
DFE_ON_CONF_OFF_BTB_MISS_RATE_CYCLES                 0         -nan%                0         -nan%
DFE_ON_CONF_OFF_IBTB_MISS_RATE_CYCLES                0         -nan%                0         -nan%
DFE_ON_CONF_OFF_MISFETCH_RATE_CYCLES                 0         -nan%                0         -nan%
DFE_ON_CONF_OFF_MISPRED_RATE_CYCLES                  0         -nan%                0         -nan%
DFE_ON_CONF_OFF_INV_CONF_INC_CYCLES                  0         -nan%                0         -nan%
DFE_ON_CONF_OFF_PERFECT_CONF_CYCLES                  0         -nan%                0         -nan%
                                                     0         -nan%                0         -nan%
                                                  -nan         -nan              -nan         -nan

DFE_ON_CONF_OFF_IBTB_MISS_BP_TAKEN_FETCH_TARGETS             0         -nan%                0         -nan%
DFE_ON_CONF_OFF_BTB_MISS_BP_TAKEN_CONF_0_FETCH_TARGETS             0         -nan%                0         -nan%
DFE_ON_CONF_OFF_BTB_MISS_BP_TAKEN_CONF_1_FETCH_TARGETS             0         -nan%                0         -nan%
DFE_ON_CONF_OFF_BTB_MISS_BP_TAKEN_CONF_2_FETCH_TARGETS             0         -nan%                0         -nan%
DFE_ON_CONF_OFF_BTB_MISS_BP_TAKEN_CONF_3_FETCH_TARGETS             0         -nan%                0         -nan%
DFE_ON_CONF_OFF_BTB_MISS_RATE_FETCH_TARGETS             0         -nan%                0         -nan%
DFE_ON_CONF_OFF_IBTB_MISS_RATE_FETCH_TARGETS             0         -nan%                0         -nan%
DFE_ON_CONF_OFF_MISFETCH_RATE_FETCH_TARGETS             0         -nan%                0         -nan%
DFE_ON_CONF_OFF_MISPRED_RATE_FETCH_TARGETS             0         -nan%                0         -nan%
DFE_ON_CONF_OFF_INV_CONF_INC_FETCH_TARGETS             0         -nan%                0         -nan%
DFE_ON_CONF_OFF_PERFECT_CONF_FETCH_TARGETS             0         -nan%                0         -nan%
                                                     0         -nan%                0         -nan%
                                                  -nan         -nan              -nan         -nan

CONF_OFF_IBTB_MISS_BP_TAKEN                          0         -nan%                0         -nan%
CONF_OFF_BTB_MISS_BP_TAKEN_CONF_0                    0         -nan%                0         -nan%
CONF_OFF_BTB_MISS_BP_TAKEN_CONF_1                    0         -nan%                0         -nan%
CONF_OFF_BTB_MISS_BP_TAKEN_CONF_2                    0         -nan%                0         -nan%
CONF_OFF_BTB_MISS_BP_TAKEN_CONF_3                    0         -nan%                0         -nan%
CONF_OFF_BTB_MISS_RATE                               0         -nan%                0         -nan%
CONF_OFF_IBTB_MISS_RATE                              0         -nan%                0         -nan%
CONF_OFF_MISFETCH_RATE                               0         -nan%                0         -nan%
CONF_OFF_MISPRED_RATE                                0         -nan%                0         -nan%
CONF_OFF_INV_CONF_INC                                0         -nan%                0         -nan%
CONF_OFF_PERFECT_CONF                                0         -nan%                0         -nan%
                                                     0         -nan%                0         -nan%
                                                  -nan         -nan              -nan         -nan

TOPDOWN_TOTAL_SLOTS                           42439254                       84078498              

TOPDOWN_ISSUED_SLOTS                          28838583                       56969511              

TOPDOWN_RETIRED_SLOTS                         24369209                       47619079              

TOPDOWN_FETCH_BUBBLES_SLOTS                   11147378                       21924723              

TOPDOWN_RECOVERY_BUBBLES_SLOTS                  569229                        1194901              

TOPDOWN_MEM_LOAD_STALLS_CYCLES                  312744                         663062              

TOPDOWN_MEM_STORE_STALLS_CYCLES                    940                           1028              

TOPDOWN_EXEC_STALLS_CYCLES                      413987                         882574              

TOPDOWN_BACKEND_STALLS_CYCLES                   313736                         664284              

TOPDOWN_FETCH_BUBBLES_GT_MIW_CYCLES             290712                         647023              

TOPDOWN_BR_MISPRED_RETIRED_CYCLES                47347                          98731              

TOPDOWN_MACHINE_CLEAR_CYCLES                     47460                          99806              

TOPDOWN_FRONTEND_BOUND                            2626                           2626              

TOPDOWN_BACKEND_BOUND                              445                            445              

TOPDOWN_BAD_SPEC_BOUND                            1187                           1187              

TOPDOWN_RETIRING_BOUND                            5742                           5742              

TOPDOWN_FETCH_LATENCY_BOUND                        411                            411              

TOPDOWN_FETCH_BANDWIDTH_BOUND                     2215                           2215              

TOPDOWN_MEM_BOUND                                  444                            444              

TOPDOWN_CORE_BOUND                                   1                              1              

TOPDOWN_BR_MISPREDICTS_BOUND                       592                            592              

TOPDOWN_MACHINE_CLEARS_BOUND                       595                            595              



