Scarab gitrev: 4a1223f
Warning: Scarab expects the trace file type to include OFFLINE_FILE_TYPE_ARCH_REGDEPS (0x20000), but got type: 0xe40
Scarab started at Tue Jun  2 01:27:00 2026

Initialized Ramulator. 
** Heartbeat:   5% -- { 1000000 } -- 0.00 KIPS (125.00 KIPS)
** Heartbeat:  10% -- { 2000000 } -- 142.86 KIPS (133.33 KIPS)
** Heartbeat:  15% -- { 3000003 } -- 111.11 KIPS (125.00 KIPS)
** Heartbeat:  20% -- { 4000004 } -- 83.33 KIPS (111.11 KIPS)
** Heartbeat:  25% -- { 5000005 } -- 125.00 KIPS (113.64 KIPS)
** Heartbeat:  30% -- { 6000008 } -- 142.86 KIPS (117.65 KIPS)
** Heartbeat:  35% -- { 7000011 } -- 142.86 KIPS (120.69 KIPS)
** Heartbeat:  40% -- { 8000011 } -- 142.86 KIPS (123.08 KIPS)
** Heartbeat:  45% -- { 9000011 } -- 111.11 KIPS (121.62 KIPS)
** Heartbeat:  50% -- { 10000012 } -- 125.00 KIPS (121.95 KIPS)
** Heartbeat:  55% -- { 11000012 } -- 83.33 KIPS (117.02 KIPS)
** Heartbeat:  60% -- { 12000012 } -- 125.00 KIPS (117.65 KIPS)
** Heartbeat:  65% -- { 13000012 } -- 142.86 KIPS (119.27 KIPS)
** Heartbeat:  70% -- { 14000012 } -- 125.00 KIPS (119.66 KIPS)
** Heartbeat:  75% -- { 15000017 } -- 166.67 KIPS (121.95 KIPS)
** Heartbeat:  80% -- { 16000020 } -- 142.86 KIPS (123.08 KIPS)
** Heartbeat:  85% -- { 17000020 } -- 125.00 KIPS (123.19 KIPS)
** Heartbeat:  90% -- { 18000020 } -- 142.86 KIPS (124.14 KIPS)
** Heartbeat:  95% -- { 19000020 } -- 142.86 KIPS (125.00 KIPS)
** Core 0 Finished:    insts:11712088    cycles:14013083    time:4379088437500       -- 0.84 IPC (0.84 IPC) --  N/A  KIPS (125.79 KIPS)
Scarab finished at Tue Jun  2 01:29:39 2026


