               ramulator.active_cycles_0             5631563                                      # Total active cycles for level _0
                 ramulator.busy_cycles_0             5631563                                      # (All-bank refresh only. busy cycles only include refresh time in rank level) The sum of cycles that the DRAM part is active or under refresh for level _0
            ramulator.serving_requests_0            22714874                                      # The sum of read and write requests that are served in this DRAM element per memory cycle for level _0
    ramulator.average_serving_requests_0            3.585281                                      # The average of read and write requests that are served in this DRAM element per memory cycle for level _0
             ramulator.active_cycles_0_0             5631563                                      # Total active cycles for level _0_0
               ramulator.busy_cycles_0_0             5810903                                      # (All-bank refresh only. busy cycles only include refresh time in rank level) The sum of cycles that the DRAM part is active or under refresh for level _0_0
          ramulator.serving_requests_0_0            22714874                                      # The sum of read and write requests that are served in this DRAM element per memory cycle for level _0_0
  ramulator.average_serving_requests_0_0            3.585281                                      # The average of read and write requests that are served in this DRAM element per memory cycle for level _0_0
           ramulator.active_cycles_0_0_0             3389626                                      # Total active cycles for level _0_0_0
             ramulator.busy_cycles_0_0_0             3389626                                      # (All-bank refresh only. busy cycles only include refresh time in rank level) The sum of cycles that the DRAM part is active or under refresh for level _0_0_0
        ramulator.serving_requests_0_0_0             5564661                                      # The sum of read and write requests that are served in this DRAM element per memory cycle for level _0_0_0
ramulator.average_serving_requests_0_0_0            0.878318                                      # The average of read and write requests that are served in this DRAM element per memory cycle for level _0_0_0
         ramulator.active_cycles_0_0_0_0             1191338                                      # Total active cycles for level _0_0_0_0
           ramulator.busy_cycles_0_0_0_0             1191338                                      # (All-bank refresh only. busy cycles only include refresh time in rank level) The sum of cycles that the DRAM part is active or under refresh for level _0_0_0_0
      ramulator.serving_requests_0_0_0_0             1439677                                      # The sum of read and write requests that are served in this DRAM element per memory cycle for level _0_0_0_0
ramulator.average_serving_requests_0_0_0_0            0.227236                                      # The average of read and write requests that are served in this DRAM element per memory cycle for level _0_0_0_0
         ramulator.active_cycles_0_0_0_1             1101568                                      # Total active cycles for level _0_0_0_1
           ramulator.busy_cycles_0_0_0_1             1101568                                      # (All-bank refresh only. busy cycles only include refresh time in rank level) The sum of cycles that the DRAM part is active or under refresh for level _0_0_0_1
      ramulator.serving_requests_0_0_0_1             1346097                                      # The sum of read and write requests that are served in this DRAM element per memory cycle for level _0_0_0_1
ramulator.average_serving_requests_0_0_0_1            0.212466                                      # The average of read and write requests that are served in this DRAM element per memory cycle for level _0_0_0_1
         ramulator.active_cycles_0_0_0_2             1136344                                      # Total active cycles for level _0_0_0_2
           ramulator.busy_cycles_0_0_0_2             1136344                                      # (All-bank refresh only. busy cycles only include refresh time in rank level) The sum of cycles that the DRAM part is active or under refresh for level _0_0_0_2
      ramulator.serving_requests_0_0_0_2             1385082                                      # The sum of read and write requests that are served in this DRAM element per memory cycle for level _0_0_0_2
ramulator.average_serving_requests_0_0_0_2            0.218619                                      # The average of read and write requests that are served in this DRAM element per memory cycle for level _0_0_0_2
         ramulator.active_cycles_0_0_0_3             1137199                                      # Total active cycles for level _0_0_0_3
           ramulator.busy_cycles_0_0_0_3             1137199                                      # (All-bank refresh only. busy cycles only include refresh time in rank level) The sum of cycles that the DRAM part is active or under refresh for level _0_0_0_3
      ramulator.serving_requests_0_0_0_3             1393790                                      # The sum of read and write requests that are served in this DRAM element per memory cycle for level _0_0_0_3
ramulator.average_serving_requests_0_0_0_3            0.219994                                      # The average of read and write requests that are served in this DRAM element per memory cycle for level _0_0_0_3
           ramulator.active_cycles_0_0_1             3380141                                      # Total active cycles for level _0_0_1
             ramulator.busy_cycles_0_0_1             3380141                                      # (All-bank refresh only. busy cycles only include refresh time in rank level) The sum of cycles that the DRAM part is active or under refresh for level _0_0_1
        ramulator.serving_requests_0_0_1             5702672                                      # The sum of read and write requests that are served in this DRAM element per memory cycle for level _0_0_1
ramulator.average_serving_requests_0_0_1            0.900101                                      # The average of read and write requests that are served in this DRAM element per memory cycle for level _0_0_1
         ramulator.active_cycles_0_0_1_0             1180076                                      # Total active cycles for level _0_0_1_0
           ramulator.busy_cycles_0_0_1_0             1180076                                      # (All-bank refresh only. busy cycles only include refresh time in rank level) The sum of cycles that the DRAM part is active or under refresh for level _0_0_1_0
      ramulator.serving_requests_0_0_1_0             1437251                                      # The sum of read and write requests that are served in this DRAM element per memory cycle for level _0_0_1_0
ramulator.average_serving_requests_0_0_1_0            0.226854                                      # The average of read and write requests that are served in this DRAM element per memory cycle for level _0_0_1_0
         ramulator.active_cycles_0_0_1_1             1240574                                      # Total active cycles for level _0_0_1_1
           ramulator.busy_cycles_0_0_1_1             1240574                                      # (All-bank refresh only. busy cycles only include refresh time in rank level) The sum of cycles that the DRAM part is active or under refresh for level _0_0_1_1
      ramulator.serving_requests_0_0_1_1             1530848                                      # The sum of read and write requests that are served in this DRAM element per memory cycle for level _0_0_1_1
ramulator.average_serving_requests_0_0_1_1            0.241627                                      # The average of read and write requests that are served in this DRAM element per memory cycle for level _0_0_1_1
         ramulator.active_cycles_0_0_1_2             1097250                                      # Total active cycles for level _0_0_1_2
           ramulator.busy_cycles_0_0_1_2             1097250                                      # (All-bank refresh only. busy cycles only include refresh time in rank level) The sum of cycles that the DRAM part is active or under refresh for level _0_0_1_2
      ramulator.serving_requests_0_0_1_2             1337948                                      # The sum of read and write requests that are served in this DRAM element per memory cycle for level _0_0_1_2
ramulator.average_serving_requests_0_0_1_2            0.211180                                      # The average of read and write requests that are served in this DRAM element per memory cycle for level _0_0_1_2
         ramulator.active_cycles_0_0_1_3             1147905                                      # Total active cycles for level _0_0_1_3
           ramulator.busy_cycles_0_0_1_3             1147905                                      # (All-bank refresh only. busy cycles only include refresh time in rank level) The sum of cycles that the DRAM part is active or under refresh for level _0_0_1_3
      ramulator.serving_requests_0_0_1_3             1396625                                      # The sum of read and write requests that are served in this DRAM element per memory cycle for level _0_0_1_3
ramulator.average_serving_requests_0_0_1_3            0.220441                                      # The average of read and write requests that are served in this DRAM element per memory cycle for level _0_0_1_3
           ramulator.active_cycles_0_0_2             3429511                                      # Total active cycles for level _0_0_2
             ramulator.busy_cycles_0_0_2             3429511                                      # (All-bank refresh only. busy cycles only include refresh time in rank level) The sum of cycles that the DRAM part is active or under refresh for level _0_0_2
        ramulator.serving_requests_0_0_2             5691752                                      # The sum of read and write requests that are served in this DRAM element per memory cycle for level _0_0_2
ramulator.average_serving_requests_0_0_2            0.898377                                      # The average of read and write requests that are served in this DRAM element per memory cycle for level _0_0_2
         ramulator.active_cycles_0_0_2_0             1170544                                      # Total active cycles for level _0_0_2_0
           ramulator.busy_cycles_0_0_2_0             1170544                                      # (All-bank refresh only. busy cycles only include refresh time in rank level) The sum of cycles that the DRAM part is active or under refresh for level _0_0_2_0
      ramulator.serving_requests_0_0_2_0             1427050                                      # The sum of read and write requests that are served in this DRAM element per memory cycle for level _0_0_2_0
ramulator.average_serving_requests_0_0_2_0            0.225243                                      # The average of read and write requests that are served in this DRAM element per memory cycle for level _0_0_2_0
         ramulator.active_cycles_0_0_2_1             1140302                                      # Total active cycles for level _0_0_2_1
           ramulator.busy_cycles_0_0_2_1             1140302                                      # (All-bank refresh only. busy cycles only include refresh time in rank level) The sum of cycles that the DRAM part is active or under refresh for level _0_0_2_1
      ramulator.serving_requests_0_0_2_1             1379766                                      # The sum of read and write requests that are served in this DRAM element per memory cycle for level _0_0_2_1
ramulator.average_serving_requests_0_0_2_1            0.217780                                      # The average of read and write requests that are served in this DRAM element per memory cycle for level _0_0_2_1
         ramulator.active_cycles_0_0_2_2             1187849                                      # Total active cycles for level _0_0_2_2
           ramulator.busy_cycles_0_0_2_2             1187849                                      # (All-bank refresh only. busy cycles only include refresh time in rank level) The sum of cycles that the DRAM part is active or under refresh for level _0_0_2_2
      ramulator.serving_requests_0_0_2_2             1456254                                      # The sum of read and write requests that are served in this DRAM element per memory cycle for level _0_0_2_2
ramulator.average_serving_requests_0_0_2_2            0.229853                                      # The average of read and write requests that are served in this DRAM element per memory cycle for level _0_0_2_2
         ramulator.active_cycles_0_0_2_3             1178199                                      # Total active cycles for level _0_0_2_3
           ramulator.busy_cycles_0_0_2_3             1178199                                      # (All-bank refresh only. busy cycles only include refresh time in rank level) The sum of cycles that the DRAM part is active or under refresh for level _0_0_2_3
      ramulator.serving_requests_0_0_2_3             1428682                                      # The sum of read and write requests that are served in this DRAM element per memory cycle for level _0_0_2_3
ramulator.average_serving_requests_0_0_2_3            0.225501                                      # The average of read and write requests that are served in this DRAM element per memory cycle for level _0_0_2_3
           ramulator.active_cycles_0_0_3             3456770                                      # Total active cycles for level _0_0_3
             ramulator.busy_cycles_0_0_3             3456770                                      # (All-bank refresh only. busy cycles only include refresh time in rank level) The sum of cycles that the DRAM part is active or under refresh for level _0_0_3
        ramulator.serving_requests_0_0_3             5755755                                      # The sum of read and write requests that are served in this DRAM element per memory cycle for level _0_0_3
ramulator.average_serving_requests_0_0_3            0.908480                                      # The average of read and write requests that are served in this DRAM element per memory cycle for level _0_0_3
         ramulator.active_cycles_0_0_3_0             1148702                                      # Total active cycles for level _0_0_3_0
           ramulator.busy_cycles_0_0_3_0             1148702                                      # (All-bank refresh only. busy cycles only include refresh time in rank level) The sum of cycles that the DRAM part is active or under refresh for level _0_0_3_0
      ramulator.serving_requests_0_0_3_0             1402794                                      # The sum of read and write requests that are served in this DRAM element per memory cycle for level _0_0_3_0
ramulator.average_serving_requests_0_0_3_0            0.221415                                      # The average of read and write requests that are served in this DRAM element per memory cycle for level _0_0_3_0
         ramulator.active_cycles_0_0_3_1             1235497                                      # Total active cycles for level _0_0_3_1
           ramulator.busy_cycles_0_0_3_1             1235497                                      # (All-bank refresh only. busy cycles only include refresh time in rank level) The sum of cycles that the DRAM part is active or under refresh for level _0_0_3_1
      ramulator.serving_requests_0_0_3_1             1522120                                      # The sum of read and write requests that are served in this DRAM element per memory cycle for level _0_0_3_1
ramulator.average_serving_requests_0_0_3_1            0.240249                                      # The average of read and write requests that are served in this DRAM element per memory cycle for level _0_0_3_1
         ramulator.active_cycles_0_0_3_2             1138453                                      # Total active cycles for level _0_0_3_2
           ramulator.busy_cycles_0_0_3_2             1138453                                      # (All-bank refresh only. busy cycles only include refresh time in rank level) The sum of cycles that the DRAM part is active or under refresh for level _0_0_3_2
      ramulator.serving_requests_0_0_3_2             1392271                                      # The sum of read and write requests that are served in this DRAM element per memory cycle for level _0_0_3_2
ramulator.average_serving_requests_0_0_3_2            0.219754                                      # The average of read and write requests that are served in this DRAM element per memory cycle for level _0_0_3_2
         ramulator.active_cycles_0_0_3_3             1175039                                      # Total active cycles for level _0_0_3_3
           ramulator.busy_cycles_0_0_3_3             1175039                                      # (All-bank refresh only. busy cycles only include refresh time in rank level) The sum of cycles that the DRAM part is active or under refresh for level _0_0_3_3
      ramulator.serving_requests_0_0_3_3             1438550                                      # The sum of read and write requests that are served in this DRAM element per memory cycle for level _0_0_3_3
ramulator.average_serving_requests_0_0_3_3            0.227059                                      # The average of read and write requests that are served in this DRAM element per memory cycle for level _0_0_3_3
      ramulator.read_transaction_bytes_0            52155584                                      # The total byte of read transaction per channel
     ramulator.write_transaction_bytes_0             1310336                                      # The total byte of write transaction per channel
       ramulator.row_hits_channel_0_core              663304                                      # Number of row hits per channel per core
     ramulator.row_misses_channel_0_core               20889                                      # Number of row misses per channel per core
  ramulator.row_conflicts_channel_0_core              151212                                      # Number of row conflicts per channel per core
  ramulator.read_row_hits_channel_0_core              644067                                      # Number of row hits for read requests per channel per core
                                     [0]            644067.0                                      # 
ramulator.read_row_misses_channel_0_core               20573                                      # Number of row misses for read requests per channel per core
                                     [0]             20573.0                                      # 
ramulator.read_row_conflicts_channel_0_core              150291                                      # Number of row conflicts for read requests per channel per core
                                     [0]            150291.0                                      # 
 ramulator.write_row_hits_channel_0_core               19237                                      # Number of row hits for write requests per channel per core
                                     [0]             19237.0                                      # 
ramulator.write_row_misses_channel_0_core                 316                                      # Number of row misses for write requests per channel per core
                                     [0]               316.0                                      # 
ramulator.write_row_conflicts_channel_0_core                 921                                      # Number of row conflicts for write requests per channel per core
                                     [0]               921.0                                      # 
      ramulator.useless_activates_0_core                  59                                      # Number of useless activations. E.g, ACT -> PRE w/o RD or WR
            ramulator.read_latency_avg_0           91.839145                                      # The average memory latency cycles (in memory time domain) per request for all read requests in this channel
            ramulator.read_latency_sum_0            74842934                                      # The memory latency cycles (in memory time domain) sum for all read requests in this channel
        ramulator.req_queue_length_avg_0           26.740718                                      # Average of read and write queue length per memory cycle per channel.
        ramulator.req_queue_length_sum_0           169418253                                      # Sum of read and write queue length per memory cycle per channel.
   ramulator.read_req_queue_length_avg_0           11.349859                                      # Read queue length average per memory cycle per channel.
   ramulator.read_req_queue_length_sum_0            71908066                                      # Read queue length sum per memory cycle per channel.
  ramulator.write_req_queue_length_avg_0           15.390859                                      # Write queue length average per memory cycle per channel.
  ramulator.write_req_queue_length_sum_0            97510187                                      # Write queue length sum per memory cycle per channel.
              ramulator.record_read_hits                 0.0                                      # record read hit count for this core when it reaches request limit or to the end
                                     [0]                 0.0                                      # 
            ramulator.record_read_misses                 0.0                                      # record_read_miss count for this core when it reaches request limit or to the end
                                     [0]                 0.0                                      # 
         ramulator.record_read_conflicts                 0.0                                      # record read conflict count for this core when it reaches request limit or to the end
                                     [0]                 0.0                                      # 
             ramulator.record_write_hits                 0.0                                      # record write hit count for this core when it reaches request limit or to the end
                                     [0]                 0.0                                      # 
           ramulator.record_write_misses                 0.0                                      # record write miss count for this core when it reaches request limit or to the end
                                     [0]                 0.0                                      # 
        ramulator.record_write_conflicts                 0.0                                      # record write conflict for this core when it reaches request limit or to the end
                                     [0]                 0.0                                      # 
                 ramulator.dram_capacity          8589934592                                      # Number of bytes in simulated DRAM
                   ramulator.dram_cycles             6335591                                      # Number of DRAM cycles simulated
             ramulator.incoming_requests              835421                                      # Number of incoming requests to DRAM
                 ramulator.read_requests              814935                                      # Number of incoming read requests to DRAM per core
                                     [0]            814935.0                                      # 
                ramulator.write_requests               20486                                      # Number of incoming write requests to DRAM per core
                                     [0]             20486.0                                      # 
       ramulator.ramulator_active_cycles             5631564                                      # The total number of cycles that the DRAM part is active (serving R/W)
 ramulator.incoming_requests_per_channel            835421.0                                      # Number of incoming requests to each DRAM channel
                                     [0]            835421.0                                      # 
ramulator.incoming_read_reqs_per_channel            814935.0                                      # Number of incoming read requests to each DRAM channel
                                     [0]            814935.0                                      # 
     ramulator.physical_page_replacement                   0                                      # The number of times that physical page replacement happens.
             ramulator.maximum_bandwidth         19200000000                                      # The theoretical maximum bandwidth (Bps)
          ramulator.in_queue_req_num_sum           169418253                                      # Sum of read/write queue length
     ramulator.in_queue_read_req_num_sum            71908066                                      # Sum of read queue length
    ramulator.in_queue_write_req_num_sum            97510187                                      # Sum of write queue length
          ramulator.in_queue_req_num_avg           26.740718                                      # Average of read/write queue length per memory cycle
     ramulator.in_queue_read_req_num_avg           11.349859                                      # Average of read queue length per memory cycle
    ramulator.in_queue_write_req_num_avg           15.390859                                      # Average of write queue length per memory cycle
          ramulator.record_read_requests                 0.0                                      # record read requests for this core when it reaches request limit or to the end
                                     [0]                 0.0                                      # 
         ramulator.record_write_requests                 0.0                                      # record write requests for this core when it reaches request limit or to the end
                                     [0]                 0.0                                      # 
