/* -*- Mode: c -*- */
####################################################################################################
Core 0
####################################################################################################
Cumulative:        Cycles: 26841554              Instructions: 19999999              IPC: 0.74511

Periodic:          Cycles: 13391741              Instructions: 9999998               IPC: 0.74673

MISS_WAIT_TIME                            140539788680                   188799307318              

ICACHE_STAGE_MISS                                 7443                          15807              

ICACHE_CYCLE                                  13391741                       26841554              

TCACHE_CYCLE                                         0                              0              

ICACHE_SERVING_CYCLE_ON_PATH                   1446320                        2889659              

ICACHE_SERVING_CYCLE_OFF_PATH                  1910592                        3834333              

UCACHE_SERVING_CYCLE_ON_PATH                   2123506                        4199645              

UCACHE_SERVING_CYCLE_OFF_PATH                  7594009                       15255876              

ICACHE_CYCLE_ONPATH                            3711595       27.716%          7387605       27.523%
ICACHE_CYCLE_OFFPATH                           9680146       72.284%         19453949       72.477%
                                              13391741      100.000%         26841554      100.000%
                                                  0.72         0.66              0.72         0.66

FETCH_ON_PATH                                  3861879       28.838%          7689620       28.648%
FETCH_OFF_PATH                                 9529862       71.162%         19151934       71.352%
                                              13391741      100.000%         26841554      100.000%
                                                  0.71         0.65              0.71         0.65

FETCHED_OPS_ON_PATH                                  0         -nan%                0         -nan%
FETCHED_OPS_OFF_PATH                                 0         -nan%                0         -nan%
                                                     0         -nan%                0         -nan%
                                                  -nan         -nan              -nan         -nan

INST_LOST_FETCH                               12906812       26.008%         25810996       26.020%
INST_LOST_OFF_PATH                            25499758       51.383%         51219807       51.634%
INST_LOST_FULL_WINDOW                            39298        0.079%            77384        0.078%
INST_LOST_ROB_STALL_OTHER                       133740        0.269%           267734        0.270%
INST_LOST_ROB_STALL_WAIT_FOR_RECOVERY                0        0.000%                0        0.000%
INST_LOST_ROB_STALL_WAIT_FOR_REDIRECT                0        0.000%                0        0.000%
INST_LOST_ROB_STALL_WAIT_FOR_GAP_FILL                0        0.000%                0        0.000%
INST_LOST_ROB_STALL_WAIT_FOR_L1_MISS                 0        0.000%                0        0.000%
INST_LOST_ROB_STALL_WAIT_FOR_MEMORY                 12        0.000%               20        0.000%
INST_LOST_ROB_STALL_WAIT_FOR_DC_MISS           3596834        7.248%          6915904        6.972%
INST_LOST_ROB_BLOCK_ISSUE_FULL                       0        0.000%                0        0.000%
INST_LOST_ROB_BLOCK_ISSUE_GAP_TOO_LARGE              0        0.000%                0        0.000%
INST_LOST_BREAK_DONT                                 0        0.000%                0        0.000%
INST_LOST_BREAK_FT_UNAVAILABLE                  601136        1.211%          1208060        1.218%
INST_LOST_BREAK_ICACHE_STAGE_RESTEER              1405        0.003%             1409        0.001%
INST_LOST_BREAK_ICACHE_MISS_REQ_SUCCESS          22949        0.046%            48730        0.049%
INST_LOST_BREAK_ICACHE_MISS_REQ_FAILURE              0        0.000%                0        0.000%
INST_LOST_BREAK_ICACHE_WAIT_FOR_MISS            654587        1.319%          1412901        1.424%
INST_LOST_BREAK_ICACHE_STALLED                  235583        0.475%           463261        0.467%
INST_LOST_BREAK_ICACHE_TO_UOP_CACHE_SWITCH        523728        1.055%          1044776        1.053%
INST_LOST_BREAK_ICACHE_READ_LIMIT               179807        0.362%           364901        0.368%
INST_LOST_BREAK_ICACHE_ISSUE_WIDTH                   0        0.000%                0        0.000%
INST_LOST_BREAK_UOP_CACHE_STALLED              1782093        3.591%          3510972        3.539%
INST_LOST_BREAK_UOP_CACHE_TO_ICACHE_SWITCH        725028        1.461%          1446508        1.458%
INST_LOST_BREAK_UOP_CACHE_READ_LIMIT           2724479        5.490%          5404791        5.448%
INST_LOST_BREAK_UOP_CACHE_ISSUE_WIDTH                0        0.000%                0        0.000%
                                              49627249      100.000%         99198154      100.000%
                                                  4.37         7.20              4.34         7.19

INST_LOST_TOTAL                               73106000                      146518870              

INST_LOST_WAIT_FOR_ICACHE_MISS_NOT_PREFETCHED          3984        0.718%            23468        2.008%
INST_LOST_WAIT_FOR_ICACHE_MISS_PREFETCHED_AND_EVICTED_BY_IFETCH             0        0.000%                0        0.000%
INST_LOST_WAIT_FOR_ICACHE_MISS_PREFETCHED_AND_EVICTED_BY_FDIP             0        0.000%                0        0.000%
INST_LOST_WAIT_FOR_ICACHE_MISS_MSHR_HIT_PREF_OFFPATH         31676        5.709%            51872        4.438%
INST_LOST_WAIT_FOR_ICACHE_MISS_MSHR_HIT_PREF_ONPATH        519156       93.573%          1093456       93.554%
                                                554816      100.000%          1168796      100.000%
                                                  3.91         3.79              3.88         3.75

FETCH_0_OPS                                     317309        2.369%           661989        2.466%
FETCH_1_OPS                                     252608        1.886%           501925        1.870%
FETCH_2_OPS                                     441534        3.297%           881708        3.285%
FETCH_3_OPS                                     690630        5.157%          1374064        5.119%
FETCH_4_OPS                                    3501708       26.148%          6964084       25.945%
FETCH_5_OPS                                     686905        5.129%          1378012        5.134%
FETCH_6_OPS                                    7501047       56.012%         15079772       56.181%
FETCH_7_OPS                                          0        0.000%                0        0.000%
FETCH_8_OPS                                          0        0.000%                0        0.000%
FETCH_9_OPS                                          0        0.000%                0        0.000%
FETCH_10_OPS                                         0        0.000%                0        0.000%
FETCH_11_OPS                                         0        0.000%                0        0.000%
FETCH_12_OPS                                         0        0.000%                0        0.000%
FETCH_13_OPS                                         0        0.000%                0        0.000%
FETCH_14_OPS                                         0        0.000%                0        0.000%
FETCH_15_OPS                                         0        0.000%                0        0.000%
FETCH_16_OPS                                         0        0.000%                0        0.000%
                                              13391741      100.000%         26841554      100.000%
                                                  4.90         1.28              4.90         1.28

ST_BREAK_DONT                                        0        0.000%                0        0.000%
ST_BREAK_FT_UNAVAILABLE                         150284        1.122%           302015        1.125%
ST_BREAK_ICACHE_STAGE_RESTEER                      352        0.003%              353        0.001%
ST_BREAK_ICACHE_MISS_REQ_SUCCESS                  7443        0.056%            15807        0.059%
ST_BREAK_ICACHE_MISS_REQ_FAILURE                     0        0.000%                0        0.000%
ST_BREAK_ICACHE_WAIT_FOR_MISS                   163648        1.222%           353249        1.316%
ST_BREAK_ICACHE_STALLED                         945787        7.062%          1858880        6.925%
ST_BREAK_ICACHE_TO_UOP_CACHE_SWITCH             253139        1.890%           504697        1.880%
ST_BREAK_ICACHE_READ_LIMIT                      102956        0.769%           208482        0.777%
ST_BREAK_ICACHE_ISSUE_WIDTH                    1999343       14.930%          4023228       14.989%
ST_BREAK_UOP_CACHE_STALLED                     4247193       31.715%          8520062       31.742%
ST_BREAK_UOP_CACHE_TO_ICACHE_SWITCH             226358        1.690%           452251        1.685%
ST_BREAK_UOP_CACHE_READ_LIMIT                  1242900        9.281%          2464659        9.182%
ST_BREAK_UOP_CACHE_ISSUE_WIDTH                 4052338       30.260%          8137871       30.318%
                                              13391741      100.000%         26841554      100.000%
                                                 10.44         6.21             10.44         6.22

ORACLE_ON_PATH_INST                           12906812       33.606%         25810996       33.507%
ORACLE_OFF_PATH_INST                          25499758       66.394%         51219807       66.493%
                                              38406570      100.000%         77030803      100.000%
                                                  0.66         0.61              0.66         0.61

ORACLE_ON_PATH_INST_MEM                        4814490       12.536%          9633986       12.507%
ORACLE_ON_PATH_INST_NOTMEM                     8092322       21.070%         16177010       21.001%
ORACLE_OFF_PATH_INST_MEM                       8928093       23.246%         17902600       23.241%
ORACLE_OFF_PATH_INST_NOTMEM                   16571665       43.148%         33317207       43.252%
                                              38406570      100.000%         77030803      100.000%
                                                  1.97         1.53              1.97         1.53

ICACHE_CYCLE_NONRA_ONPATH                            0         -nan%                0         -nan%
ICACHE_CYCLE_NONRA_OFFPATH                           0         -nan%                0         -nan%
ICACHE_CYCLE_RA_ONPATH                               0         -nan%                0         -nan%
ICACHE_CYCLE_RA_OFFPATH                              0         -nan%                0         -nan%
                                                     0         -nan%                0         -nan%
                                                  -nan         -nan              -nan         -nan

ICACHE_CYCLE_ONPATH_NONRA                            0         -nan%                0         -nan%
ICACHE_CYCLE_OFFPATH_NONRA                           0         -nan%                0         -nan%
                                                     0         -nan%                0         -nan%
                                                  -nan         -nan              -nan         -nan

ICACHE_CYCLE_ONPATH_RA                               0         -nan%                0         -nan%
ICACHE_CYCLE_OFFPATH_RA                              0         -nan%                0         -nan%
                                                     0         -nan%                0         -nan%
                                                  -nan         -nan              -nan         -nan

INACCURATE_OFFPATH_CYCLES                            0        0.0000                0        0.0000

FETCH_ALL_INST                                38406570                       77030803              

EXEC_ALL_INST                                 20804830                       41706604              

RET_ALL_INST                                  12906866                       25810996              

EXEC_ON_PATH_INST                             12906819       62.038%         25810996       61.887%
EXEC_OFF_PATH_INST                             7898011       37.962%         15895608       38.113%
                                              20804830      100.000%         41706604      100.000%
                                                  0.38         0.45              0.38         0.45

EXEC_ON_PATH_INST_MEM                          4814491       23.141%          9633986       23.099%
EXEC_ON_PATH_INST_NOTMEM                       8092328       38.896%         16177010       38.788%
EXEC_OFF_PATH_INST_MEM                         2780031       13.362%          5579390       13.378%
EXEC_OFF_PATH_INST_NOTMEM                      5117980       24.600%         10316218       24.735%
                                              20804830      100.000%         41706604      100.000%
                                                  1.39         1.11              1.40         1.11

EXEC_RA_INST                                         0         -nan%                0         -nan%
EXEC_NONRA_INST                                      0         -nan%                0         -nan%
                                                     0         -nan%                0         -nan%
                                                  -nan         -nan              -nan         -nan

EXEC_ON_PATH_INST_RA                                 0         -nan%                0         -nan%
EXEC_OFF_PATH_INST_RA                                0         -nan%                0         -nan%
                                                     0         -nan%                0         -nan%
                                                  -nan         -nan              -nan         -nan

EXEC_ON_PATH_INST_NONRA                              0         -nan%                0         -nan%
EXEC_OFF_PATH_INST_NONRA                             0         -nan%                0         -nan%
                                                     0         -nan%                0         -nan%
                                                  -nan         -nan              -nan         -nan

EXEC_RA_ON_PATH_INST                                 0         -nan%                0         -nan%
EXEC_RA_OFF_PATH_INST                                0         -nan%                0         -nan%
EXEC_NONRA_ON_PATH_INST                              0         -nan%                0         -nan%
EXEC_NONRA_OFF_PATH_INST                             0         -nan%                0         -nan%
                                                     0         -nan%                0         -nan%
                                                  -nan         -nan              -nan         -nan

ICACHE_THROTTLE_CYCLE                                0                              0              

FETCH_ENABLE_THROTTLE_OFF_PATH                       0         -nan%                0         -nan%
FETCH_ENABLE_THROTTLE_ON_PATH                        0         -nan%                0         -nan%
                                                     0         -nan%                0         -nan%
                                                  -nan         -nan              -nan         -nan

FETCH_DISABLE_THROTTLE_OFF_PATH                      0         -nan%                0         -nan%
FETCH_DISABLE_THROTTLE_ON_PATH                       0         -nan%                0         -nan%
                                                     0         -nan%                0         -nan%
                                                  -nan         -nan              -nan         -nan

FETCH_TH_ADJUST__0                                   0         -nan%                0         -nan%
FETCH_TH_ADJUST__1                                   0         -nan%                0         -nan%
FETCH_TH_ADJUST__2                                   0         -nan%                0         -nan%
FETCH_TH_ADJUST__3                                   0         -nan%                0         -nan%
FETCH_TH_ADJUST__4                                   0         -nan%                0         -nan%
FETCH_TH_ADJUST__5                                   0         -nan%                0         -nan%
FETCH_TH_ADJUST__6                                   0         -nan%                0         -nan%
FETCH_TH_ADJUST__7                                   0         -nan%                0         -nan%
FETCH_TH_ADJUST__8                                   0         -nan%                0         -nan%
FETCH_TH_ADJUST__9                                   0         -nan%                0         -nan%
FETCH_TH_ADJUST__MAX                                 0         -nan%                0         -nan%
                                                     0         -nan%                0         -nan%
                                                  -nan         -nan              -nan         -nan

FETCH_TH_ADJUST_UP                                   0         -nan%                0         -nan%
FETCH_TH_ADJUST_DOWN                                 0         -nan%                0         -nan%
FETCH_TH_ADJUST_SAME                                 0         -nan%                0         -nan%
                                                     0         -nan%                0         -nan%
                                                  -nan         -nan              -nan         -nan

THROTTLE_ADJUST_CACHE_MISS_INFO                      0                              0              

LOW_CONF_COUNT_BP_MIS_0                              0         -nan%                0         -nan%
LOW_CONF_COUNT_BP_MIS_1                              0         -nan%                0         -nan%
LOW_CONF_COUNT_BP_MIS_2                              0         -nan%                0         -nan%
LOW_CONF_COUNT_BP_MIS_3                              0         -nan%                0         -nan%
LOW_CONF_COUNT_BP_MIS_4                              0         -nan%                0         -nan%
LOW_CONF_COUNT_BP_MIS_5                              0         -nan%                0         -nan%
LOW_CONF_COUNT_BP_MIS_6                              0         -nan%                0         -nan%
LOW_CONF_COUNT_BP_MIS_7                              0         -nan%                0         -nan%
LOW_CONF_COUNT_BP_MIS_8                              0         -nan%                0         -nan%
LOW_CONF_COUNT_BP_MIS_9                              0         -nan%                0         -nan%
LOW_CONF_COUNT_BP_MIS_10                             0         -nan%                0         -nan%
LOW_CONF_COUNT_BP_MIS_11                             0         -nan%                0         -nan%
LOW_CONF_COUNT_BP_MIS_12                             0         -nan%                0         -nan%
LOW_CONF_COUNT_BP_MIS_13                             0         -nan%                0         -nan%
LOW_CONF_COUNT_BP_MIS_14                             0         -nan%                0         -nan%
LOW_CONF_COUNT_BP_MIS_15                             0         -nan%                0         -nan%
LOW_CONF_COUNT_BP_MIS_16                             0         -nan%                0         -nan%
LOW_CONF_COUNT_BP_MIS_17                             0         -nan%                0         -nan%
LOW_CONF_COUNT_BP_MIS_18                             0         -nan%                0         -nan%
LOW_CONF_COUNT_BP_MIS_19                             0         -nan%                0         -nan%
LOW_CONF_COUNT_BP_MIS_20                             0         -nan%                0         -nan%
                                                     0         -nan%                0         -nan%
                                                  -nan         -nan              -nan         -nan

LOW_CONF_COUNT_RET_0                                 0         -nan%                0         -nan%
LOW_CONF_COUNT_RET_1                                 0         -nan%                0         -nan%
LOW_CONF_COUNT_RET_2                                 0         -nan%                0         -nan%
LOW_CONF_COUNT_RET_3                                 0         -nan%                0         -nan%
LOW_CONF_COUNT_RET_4                                 0         -nan%                0         -nan%
LOW_CONF_COUNT_RET_5                                 0         -nan%                0         -nan%
LOW_CONF_COUNT_RET_6                                 0         -nan%                0         -nan%
LOW_CONF_COUNT_RET_7                                 0         -nan%                0         -nan%
LOW_CONF_COUNT_RET_8                                 0         -nan%                0         -nan%
LOW_CONF_COUNT_RET_9                                 0         -nan%                0         -nan%
LOW_CONF_COUNT_RET_10                                0         -nan%                0         -nan%
LOW_CONF_COUNT_RET_11                                0         -nan%                0         -nan%
LOW_CONF_COUNT_RET_12                                0         -nan%                0         -nan%
LOW_CONF_COUNT_RET_13                                0         -nan%                0         -nan%
LOW_CONF_COUNT_RET_14                                0         -nan%                0         -nan%
LOW_CONF_COUNT_RET_15                                0         -nan%                0         -nan%
LOW_CONF_COUNT_RET_16                                0         -nan%                0         -nan%
LOW_CONF_COUNT_RET_17                                0         -nan%                0         -nan%
LOW_CONF_COUNT_RET_18                                0         -nan%                0         -nan%
LOW_CONF_COUNT_RET_19                                0         -nan%                0         -nan%
LOW_CONF_COUNT_RET_20                                0         -nan%                0         -nan%
                                                     0         -nan%                0         -nan%
                                                  -nan         -nan              -nan         -nan

CYCLES_RESTEER_MISPRED                               0         -nan%                0         -nan%
CYCLES_RESTEER_MISFETCH                              0         -nan%                0         -nan%
CYCLES_RESTEER_BTB_MISS                              0         -nan%                0         -nan%
                                                     0         -nan%                0         -nan%
                                                  -nan         -nan              -nan         -nan

CYCLES_RESTEER_MISPRED_SAVED_UC_FETCH                0         -nan%                0         -nan%
CYCLES_RESTEER_MISPRED_COULD_BE_SAVED_UC_FETCH             0         -nan%                0         -nan%
CYCLES_RESTEER_MISFETCH_SAVED_UC_FETCH               0         -nan%                0         -nan%
CYCLES_RESTEER_MISFETCH_COULD_BE_SAVED_UC_FETCH             0         -nan%                0         -nan%
CYCLES_RESTEER_BTB_MISS_SAVED_UC_FETCH               0         -nan%                0         -nan%
CYCLES_RESTEER_BTB_MISS_COULD_BE_SAVED_UC_FETCH             0         -nan%                0         -nan%
                                                     0         -nan%                0         -nan%
                                                  -nan         -nan              -nan         -nan

CYCLES_UOC_IC_SWITCH                                 0                              0              



