Scarab gitrev: 4a1223f
Warning: Scarab expects the trace file type to include OFFLINE_FILE_TYPE_ARCH_REGDEPS (0x20000), but got type: 0xe40
Scarab started at Tue Jun  2 01:29:30 2026

Initialized Ramulator. 
** Heartbeat:   5% -- { 1000001 } -- 0.00 KIPS (83.33 KIPS)
** Heartbeat:  10% -- { 2000001 } -- 142.86 KIPS (105.26 KIPS)
** Heartbeat:  15% -- { 3000003 } -- 111.11 KIPS (107.14 KIPS)
** Heartbeat:  20% -- { 4000007 } -- 125.00 KIPS (111.11 KIPS)
** Heartbeat:  25% -- { 5000009 } -- 142.86 KIPS (116.28 KIPS)
** Heartbeat:  30% -- { 6000010 } -- 142.86 KIPS (120.00 KIPS)
** Heartbeat:  35% -- { 7000014 } -- 125.00 KIPS (120.69 KIPS)
** Heartbeat:  40% -- { 8000015 } -- 142.86 KIPS (123.08 KIPS)
** Heartbeat:  45% -- { 9000020 } -- 166.67 KIPS (126.76 KIPS)
** Heartbeat:  50% -- { 10000022 } -- 166.67 KIPS (129.87 KIPS)
** Heartbeat:  55% -- { 11000022 } -- 166.67 KIPS (132.53 KIPS)
** Heartbeat:  60% -- { 12000025 } -- 200.00 KIPS (136.36 KIPS)
** Heartbeat:  65% -- { 13000026 } -- 333.33 KIPS (142.86 KIPS)
** Heartbeat:  70% -- { 14000031 } -- 250.00 KIPS (147.37 KIPS)
** Heartbeat:  75% -- { 15000035 } -- 333.33 KIPS (153.06 KIPS)
** Heartbeat:  80% -- { 16000036 } -- 333.33 KIPS (158.42 KIPS)
** Heartbeat:  85% -- { 17000038 } -- 250.00 KIPS (161.91 KIPS)
** Heartbeat:  90% -- { 18000038 } -- 333.33 KIPS (166.67 KIPS)
** Heartbeat:  95% -- { 19000042 } -- 333.33 KIPS (171.17 KIPS)
Reached end of trace (last_inst) pc=0x7ffff13ac618
** Core 0 Finished:    insts:19999999    cycles:26841554    time:8387985625000       -- 0.75 IPC (0.75 IPC) --  N/A  KIPS (173.91 KIPS)
Scarab finished at Tue Jun  2 01:31:25 2026

